LKAP.g-Gut1_A04_032.seq	0	None	None	AJ316187	1468	Vibrionaceae	Vibrio rotiferianus	5580.0	1144	21	7	1131	0.9947229551451188	0.9938811188811189	0.9886363636363636	0.9648751463129146
LKAP.g-Gut1_A04_032.seq	0	None	None	GU018180	1421	Vibrionaceae	Vibrio owensii	5548.0	1140	19	7	1125	0.9929390997352162	0.993859649122807	0.9868421052631579	0.9647041460424141
LKAP.g-Gut1_A04_032.seq	0	None	None	GU078672	1470	Vibrionaceae	Vibrio communis	5571.0	1144	21	7	1130	0.9938434476693052	0.9938811188811189	0.9877622377622378	0.9640220294726733
LKAP.g-Gut1_A04_032.seq	0	None	None	AB428897	1298	Vibrionaceae	Vibrio azureus	5287.0	1091	17	7	1074	0.9907749077490775	0.9935838680109991	0.9844179651695693	0.9630948323500117
LKAP.g-Gut1_A04_032.seq	0	None	None	X74714	1466	Vibrionaceae	Vibrio natriegens	5537.0	1144	21	7	1126	0.990325417766051	0.9938811188811189	0.9842657342657343	0.9606095621117081

LKAP.g-Gut1_B06_046.seq	0	None	None	GU018180	1421	Vibrionaceae	Vibrio owensii	4144.0	893	11	22	854	0.9804822043628014	0.9875283446712018	0.9563269876819709	0.9214168210962352
LKAP.g-Gut1_B06_046.seq	0	None	None	X99762	1376	Vibrionaceae	Vibrio diabolicus	4178.0	893	14	25	858	0.988479262672811	0.9841269841269841	0.9608062709966405	0.9194926606671268
LKAP.g-Gut1_B06_046.seq	0	None	None	AB562589	1400	Vibrionaceae	Vibrio jasicida	4115.0	891	11	22	850	0.9781357882623706	0.9875	0.9539842873176206	0.9190824231474638
LKAP.g-Gut1_B06_046.seq	0	None	None	GU078672	1470	Vibrionaceae	Vibrio communis	4173.0	900	14	22	861	0.9806378132118451	0.984304932735426	0.9566666666666667	0.918986141502553
LKAP.g-Gut1_B06_046.seq	0	None	None	AB428897	1298	Vibrionaceae	Vibrio azureus	3929.0	844	11	24	808	0.9853658536585366	0.98676293622142	0.957345971563981	0.9181563703888473

LKAP.g-Gut1_B07_061.seq	0	None	None	GU018180	1421	Vibrionaceae	Vibrio owensii	5415.0	1117	8	7	1098	0.9891891891891892	0.9937332139659804	0.9829901521933752	0.9698836168307969
LKAP.g-Gut1_B07_061.seq	0	None	None	AJ316187	1468	Vibrionaceae	Vibrio rotiferianus	5454.0	1123	12	7	1106	0.9910394265232975	0.993766696349065	0.9848619768477292	0.968375300583318
LKAP.g-Gut1_B07_061.seq	0	None	None	GU078672	1470	Vibrionaceae	Vibrio communis	5445.0	1123	12	7	1105	0.9901433691756273	0.993766696349065	0.9839715048975958	0.9674997352120854
LKAP.g-Gut1_B07_061.seq	0	None	None	AB562589	1400	Vibrionaceae	Vibrio jasicida	5376.0	1115	8	7	1093	0.9864620938628159	0.9937219730941704	0.9802690582959641	0.9671755267960181
LKAP.g-Gut1_B07_061.seq	0	None	None	AB428897	1298	Vibrionaceae	Vibrio azureus	5164.0	1068	8	9	1048	0.9896128423040604	0.9925023430178069	0.9812734082397003	0.9657700179608203

LKAP.g-Gut1_G10_068.seq	0	None	None	JX966318	1363	Neisseriaceae	Uruburuella testudinis	2433.0	923	582	186	720	0.9769335142469471	0.7984832069339112	0.7800650054171181	0.38199861062619006
LKAP.g-Gut1_G10_068.seq	0	None	None	AB006767	1452	Oceanospirillaceae	Oceanobacter kriegii	2435.0	921	678	162	741	0.9762845849802372	0.8241042345276873	0.8045602605863192	0.381901962342099
LKAP.g-Gut1_G10_068.seq	0	None	None	AM236149	1488	Lactobacillaceae	Lactobacillus amylotrophicus	2395.0	904	728	145	741	0.9762845849802372	0.8396017699115044	0.8196902654867256	0.3812162447943779
LKAP.g-Gut1_G10_068.seq	0	None	None	AF043425	1467	Campylobacteraceae	Campylobacter lanienae	2416.0	916	703	155	742	0.9750328515111695	0.8307860262008734	0.8100436681222707	0.38075554752380975
LKAP.g-Gut1_G10_068.seq	0	None	None	FJ654664	1463	Neisseriaceae	Neisseria shayeganii	2406.0	923	582	186	717	0.9728629579375848	0.7984832069339112	0.7768147345612134	0.38040694974858097

LKAP.g-Gut1_E11_087.seq	0	None	None	AB720724	1501	Pseudoalteromonadaceae	Pseudoalteromonas shioyasakiensis	4361.0	1011	52	55	928	0.9707112970711297	0.9484126984126984	0.9179030662710188	0.8255083079539924
LKAP.g-Gut1_E11_087.seq	0	None	None	AY563031	1371	Pseudoalteromonadaceae	Pseudoalteromonas marina	4084.0	953	52	57	872	0.9732142857142857	0.9451476793248945	0.9150052465897167	0.815765871586454
LKAP.g-Gut1_E11_087.seq	0	None	None	AY257972	1516	Vibrionaceae	Vibrio gallicus	4330.0	1011	64	56	928	0.9717277486910995	0.9446092977250248	0.9179030662710188	0.8154394681756493
LKAP.g-Gut1_E11_087.seq	0	None	None	JX204734	1455	Vibrionaceae	Vibrio hemicentroti	4363.0	1011	67	59	929	0.9758403361344538	0.9416419386745796	0.9188921859545005	0.8114892031805979
LKAP.g-Gut1_E11_087.seq	0	None	None	AJ507251	1483	Pseudoalteromonadaceae	Pseudoalteromonas mariniglutinosa	4284.0	1010	52	62	918	0.9683544303797469	0.948	0.9089108910891089	0.8113441852659843

LKAP.g-Gut1_F08_054.seq	0	None	None	U46579	1497	Vibrionaceae	Vibrio scophthalmi	5457.0	1126	22	9	1108	0.9919427036705462	0.9920071047957372	0.9840142095914742	0.9574423973115651
LKAP.g-Gut1_F08_054.seq	0	None	None	AJ421445	1367	Vibrionaceae	Vibrio ichthyoenteri	5456.0	1126	25	12	1108	0.9946140035906643	0.9893428063943162	0.9840142095914742	0.9523821281363182
LKAP.g-Gut1_F08_054.seq	0	None	None	HF955040	1416	Vibrionaceae	Vibrio cortegadensis	5290.0	1119	26	15	1086	0.9836956521739131	0.9865951742627346	0.9705093833780161	0.9357575189950478
LKAP.g-Gut1_F08_054.seq	0	None	None	AB428897	1298	Vibrionaceae	Vibrio azureus	5098.0	1080	28	18	1047	0.9858757062146892	0.9833333333333333	0.9694444444444444	0.9291967509025271
LKAP.g-Gut1_F08_054.seq	0	None	None	AJ515230	1321	Vibrionaceae	Vibrio splendidus	5054.0	1070	29	18	1038	0.9866920152091255	0.983177570093458	0.9700934579439252	0.9286062945923651

LKAP.g-Gut1_D01_009.seq	0	None	None	X74702	1467	Vibrionaceae	Aliivibrio fischeri	5623.0	1161	21	17	1140	0.9965034965034965	0.9853574504737296	0.9819121447028424	0.9503447491878609
LKAP.g-Gut1_D01_009.seq	0	None	None	AJ310647	1542	Vibrionaceae	Vibrio agarivorans	5344.0	1161	43	39	1108	0.9875222816399287	0.9664082687338501	0.954349698535745	0.8893524599311512
LKAP.g-Gut1_D01_009.seq	0	None	None	AB464964	1401	Vibrionaceae	Aliivibrio sifiae	5310.0	1149	36	45	1095	0.9918478260869565	0.968421052631579	0.9530026109660574	0.8878606603430611
LKAP.g-Gut1_D01_009.seq	0	None	None	EU541604	1524	Vibrionaceae	Aliivibrio finisterrensis	5417.0	1160	64	35	1119	0.9946666666666667	0.9698275862068966	0.9646551724137931	0.8866315922920892
LKAP.g-Gut1_D01_009.seq	0	None	None	EU082035	1475	Vibrionaceae	Vibrio hangzhouensis	5289.0	1161	42	38	1102	0.981300089047195	0.967269595176572	0.9491817398794143	0.8860607596713069

LKAP.g-Gut1_B08_062.seq	0	None	None	GU018180	1421	Vibrionaceae	Vibrio owensii	5572.0	1145	10	8	1128	0.9920844327176781	0.9930131004366812	0.9851528384279477	0.9697998071797198
LKAP.g-Gut1_B08_062.seq	0	None	None	AJ316187	1468	Vibrionaceae	Vibrio rotiferianus	5616.0	1152	14	8	1137	0.9938811188811189	0.9930555555555556	0.9869791666666666	0.9683569182389936
LKAP.g-Gut1_B08_062.seq	0	None	None	GU078672	1470	Vibrionaceae	Vibrio communis	5607.0	1152	14	8	1136	0.993006993006993	0.9930555555555556	0.9861111111111112	0.9675052410901467
LKAP.g-Gut1_B08_062.seq	0	None	None	AB562589	1400	Vibrionaceae	Vibrio jasicida	5533.0	1143	10	8	1123	0.9894273127753304	0.9930008748906387	0.9825021872265967	0.9671639050322526
LKAP.g-Gut1_B08_062.seq	0	None	None	AB428897	1298	Vibrionaceae	Vibrio azureus	5321.0	1096	10	10	1078	0.992633517495396	0.9908759124087592	0.9835766423357665	0.9657904462718285

LKAP.g-Gut1_E08_056.seq	0	None	None	U46579	1497	Vibrionaceae	Vibrio scophthalmi	5330.0	1095	15	9	1079	0.9935543278084714	0.9917808219178083	0.9853881278538813	0.9640824386029867
LKAP.g-Gut1_E08_056.seq	0	None	None	AJ421445	1367	Vibrionaceae	Vibrio ichthyoenteri	5338.0	1095	18	12	1080	0.997229916897507	0.989041095890411	0.9863013698630136	0.9597164272791049
LKAP.g-Gut1_E08_056.seq	0	None	None	HF955040	1416	Vibrionaceae	Vibrio cortegadensis	5179.0	1089	18	15	1059	0.9860335195530726	0.9862258953168044	0.9724517906336089	0.9434627128640434
LKAP.g-Gut1_E08_056.seq	0	None	None	AB428897	1298	Vibrionaceae	Vibrio azureus	4982.0	1049	21	18	1019	0.988360814742968	0.982840800762631	0.9714013346043852	0.9359951177356272
LKAP.g-Gut1_E08_056.seq	0	None	None	AJ515230	1321	Vibrionaceae	Vibrio splendidus	4927.0	1039	22	18	1009	0.9882468168462292	0.9826756496631376	0.971126082771896	0.9345143548634363

LKAP.g-Gut1_C04_028.seq	0	None	None	GU018180	1421	Vibrionaceae	Vibrio owensii	5518.0	1131	6	8	1115	0.9928762243989314	0.9946855624446412	0.9858532272325375	0.9737143132648545
LKAP.g-Gut1_C04_028.seq	0	None	None	AJ316187	1468	Vibrionaceae	Vibrio rotiferianus	5566.0	1139	11	8	1125	0.9946949602122016	0.9929762949956101	0.9877085162423178	0.9713898538000534
LKAP.g-Gut1_C04_028.seq	0	None	None	GU078672	1470	Vibrionaceae	Vibrio communis	5557.0	1139	11	8	1124	0.9938107869142352	0.9929762949956101	0.9868305531167691	0.9705263961522312
LKAP.g-Gut1_C04_028.seq	0	None	None	AB428897	1298	Vibrionaceae	Vibrio azureus	5230.0	1082	4	8	1061	0.9878957169459963	0.9962894248608535	0.9805914972273567	0.9697562320646236
LKAP.g-Gut1_C04_028.seq	0	None	None	AB562589	1400	Vibrionaceae	Vibrio jasicida	5461.0	1129	6	8	1108	0.9884032114183765	0.9946761313220941	0.9813994685562445	0.9692941006621586

LKAP.g-Gut1_C05_043.seq	0	None	None	GU018180	1421	Vibrionaceae	Vibrio owensii	5507.0	1125	11	8	1112	0.9955237242614146	0.9928888888888889	0.9884444444444445	0.9719123630672927
LKAP.g-Gut1_C05_043.seq	0	None	None	AJ316187	1468	Vibrionaceae	Vibrio rotiferianus	5525.0	1128	13	8	1116	0.9964285714285714	0.9929078014184397	0.9893617021276596	0.9711525910455554
LKAP.g-Gut1_C05_043.seq	0	None	None	X74714	1466	Vibrionaceae	Vibrio natriegens	5518.0	1128	13	8	1115	0.9955357142857143	0.9929078014184397	0.9884751773049646	0.97028238263064
LKAP.g-Gut1_C05_043.seq	0	None	None	GU078672	1470	Vibrionaceae	Vibrio communis	5516.0	1128	13	8	1115	0.9955357142857143	0.9929078014184397	0.9884751773049646	0.97028238263064
LKAP.g-Gut1_C05_043.seq	0	None	None	AB562589	1400	Vibrionaceae	Vibrio jasicida	5477.0	1123	11	8	1108	0.9937219730941704	0.9928762243989314	0.9866429207479964	0.9701118665202962

LKAP.g-Gut1_H12_082.seq 	0	None	None	AB255401	1387	Rhodobacteraceae	Ruegeria mobilis	1941.0	603	187	86	491	0.9497098646034816	0.857379767827529	0.814262023217247	0.5328778050674895
LKAP.g-Gut1_H12_082.seq 	0	None	None	GU057915	1417	Rhodobacteraceae	Ruegeria faecimaris	1866.0	603	198	97	481	0.950592885375494	0.8391376451077943	0.7976782752902156	0.5039016320809602
LKAP.g-Gut1_H12_082.seq 	0	None	None	AM905330	1398	Rhodobacteraceae	Ruegeria scottomollicae	1878.0	603	199	98	482	0.9544554455445544	0.8374792703150912	0.7993366500829188	0.5033229529823865
LKAP.g-Gut1_H12_082.seq 	0	None	None	DQ675021	1421	Rhodobacteraceae	Pseudoruegeria aquimaris	1866.0	603	204	96	482	0.9506903353057199	0.8407960199004975	0.7993366500829188	0.5021854790483764
LKAP.g-Gut1_H12_082.seq 	0	None	None	AM904562	1426	Rhodobacteraceae	Nautella italica	1845.0	603	205	97	480	0.9486166007905138	0.8391376451077943	0.7960199004975125	0.49849761095512535

LKAP.g-Gut1_A12_096.seq	0	None	None	GU078672	1470	Vibrionaceae	Vibrio communis	5581.0	1147	27	9	1133	0.9956063268892794	0.992153443766347	0.987794245858762	0.9575041326978458
LKAP.g-Gut1_A12_096.seq	0	None	None	GU018180	1421	Vibrionaceae	Vibrio owensii	5566.0	1145	26	9	1130	0.9947183098591549	0.9921397379912664	0.9868995633187773	0.9574021382836302
LKAP.g-Gut1_A12_096.seq	0	None	None	AJ316187	1468	Vibrionaceae	Vibrio rotiferianus	5572.0	1147	27	9	1132	0.9947275922671354	0.992153443766347	0.986922406277245	0.9566590275498338
LKAP.g-Gut1_A12_096.seq	0	None	None	X74714	1466	Vibrionaceae	Vibrio natriegens	5565.0	1147	27	9	1131	0.9938488576449912	0.992153443766347	0.986050566695728	0.9558139224018216
LKAP.g-Gut1_A12_096.seq	0	None	None	AB562589	1400	Vibrionaceae	Vibrio jasicida	5527.0	1143	26	9	1125	0.9920634920634921	0.9921259842519685	0.984251968503937	0.9547833466924419

LKAP.g-Gut1_C02_012.seq	0	None	None	X74689	1427	Vibrionaceae	Vibrio aestuarianus	5564.0	1134	10	3	1123	0.9929266136162688	0.9973544973544973	0.9902998236331569	0.9790464165464166
LKAP.g-Gut1_C02_012.seq	0	None	None	AJ421445	1367	Vibrionaceae	Vibrio ichthyoenteri	5400.0	1134	15	8	1105	0.9813499111900533	0.9929453262786596	0.9744268077601411	0.9549213103028016
LKAP.g-Gut1_C02_012.seq	0	None	None	U46579	1497	Vibrionaceae	Vibrio scophthalmi	5385.0	1134	16	9	1103	0.9804444444444445	0.9920634920634921	0.972663139329806	0.9515182884748102
LKAP.g-Gut1_C02_012.seq	0	None	None	AJ515230	1321	Vibrionaceae	Vibrio splendidus	5123.0	1078	16	13	1048	0.984037558685446	0.9879406307977736	0.9721706864564007	0.9464001655174286
LKAP.g-Gut1_C02_012.seq	0	None	None	HF955040	1416	Vibrionaceae	Vibrio cortegadensis	5396.0	1127	19	16	1100	0.9900990099009901	0.9858030168589175	0.9760425909494232	0.9462332622555055

LKAP.g-Gut1_D09_073.seq	0	None	None	GU018180	1421	Vibrionaceae	Vibrio owensii	5479.0	1111	13	3	1104	0.9963898916967509	0.9972997299729973	0.9936993699369937	0.9795541831763247
LKAP.g-Gut1_D09_073.seq	0	None	None	AB562589	1400	Vibrionaceae	Vibrio jasicida	5449.0	1109	13	3	1100	0.9945750452079566	0.9972948602344455	0.9918845807033363	0.9777400590533778
LKAP.g-Gut1_D09_073.seq	0	None	None	GU078672	1470	Vibrionaceae	Vibrio communis	5496.0	1116	16	3	1109	0.9964061096136568	0.9973118279569892	0.9937275985663082	0.9770484250921387
LKAP.g-Gut1_D09_073.seq	0	None	None	AJ316187	1468	Vibrionaceae	Vibrio rotiferianus	5487.0	1116	16	3	1108	0.995507637017071	0.9973118279569892	0.992831541218638	0.9761674075762756
LKAP.g-Gut1_D09_073.seq	0	None	None	X74714	1466	Vibrionaceae	Vibrio natriegens	5480.0	1116	16	3	1107	0.9946091644204852	0.9973118279569892	0.9919354838709677	0.9752863900604126

LKAP.g-Gut1_G11_083.seq	0	None	None	AM411030	1512	Flavobacteriaceae	Tenacibaculum discolor	3644.0	888	60	48	797	0.9488095238095238	0.9459459459459459	0.8975225225225225	0.7952731212224884
LKAP.g-Gut1_G11_083.seq	0	None	None	AY962294	1446	Flavobacteriaceae	Tenacibaculum litoreum	3625.0	888	52	52	793	0.9485645933014354	0.9414414414414415	0.8930180180180181	0.7942160245351735
LKAP.g-Gut1_G11_083.seq	0	None	None	EF416572	1434	Flavobacteriaceae	Tenacibaculum aiptasiae	3483.0	867	54	56	767	0.9457459926017263	0.9375722543352601	0.8846597462514417	0.7790000588598471
LKAP.g-Gut1_G11_083.seq	0	None	None	AM746477	1518	Flavobacteriaceae	Tenacibaculum gallaicum	3567.0	888	67	58	787	0.9481927710843373	0.9346846846846847	0.8862612612612613	0.7702584783736616
LKAP.g-Gut1_G11_083.seq	0	None	None	EU428783	1396	Flavobacteriaceae	Tenacibaculum crassostreae	3489.0	880	66	66	773	0.9496314496314496	0.925	0.8784090909090909	0.7558403805496828

LKAP.g-Gut1_H04_018.seq	0	None	None	FJ232451	1429	Rhodobacteraceae	Sedimentitalea nanhaiensis	5235.0	1064	23	2	1059	0.9971751412429378	0.9981203007518797	0.9953007518796992	0.9724097502265324
LKAP.g-Gut1_H04_018.seq	0	None	None	AY005463	1431	Rhodobacteraceae	Leisingera methylohalidivorans	5026.0	1064	35	13	1035	0.9847764034253093	0.9877819548872181	0.9727443609022557	0.930258710926543
LKAP.g-Gut1_H04_018.seq	0	None	None	AM900415	1396	Rhodobacteraceae	Leisingera aquimarina	5013.0	1064	39	16	1033	0.9856870229007634	0.9849624060150376	0.9708646616541353	0.922453459123784
LKAP.g-Gut1_H04_018.seq	0	None	None	AJ968651	1275	Rhodobacteraceae	Tateyamaria pelophila	4910.0	1064	32	18	1020	0.9751434034416826	0.9830827067669173	0.9586466165413534	0.9149127380495033
LKAP.g-Gut1_H04_018.seq	0	None	None	GQ232737	1386	Rhodobacteraceae	Litorimicrobium taeanense	4967.0	1064	40	19	1028	0.9837320574162679	0.9821428571428571	0.9661654135338346	0.9145315734989647

LKAP.g-Gut1_H09_065.seq	0	None	None	FJ232451	1429	Rhodobacteraceae	Sedimentitalea nanhaiensis	5419.0	1095	13	2	1091	0.9981701738334858	0.9981735159817352	0.9963470319634703	0.9828585793646868
LKAP.g-Gut1_H09_065.seq	0	None	None	AY005463	1431	Rhodobacteraceae	Leisingera methylohalidivorans	5175.0	1095	27	15	1063	0.9842592592592593	0.9863013698630136	0.9707762557077626	0.9344370375796645
LKAP.g-Gut1_H09_065.seq	0	None	None	AM900415	1396	Rhodobacteraceae	Leisingera aquimarina	5159.0	1095	31	18	1061	0.9851439182915506	0.9835616438356164	0.9689497716894977	0.926784106669262
LKAP.g-Gut1_H09_065.seq	0	None	None	AJ968651	1275	Rhodobacteraceae	Tateyamaria pelophila	5069.0	1095	24	21	1049	0.9767225325884544	0.9808219178082191	0.9579908675799087	0.9194657656665076
LKAP.g-Gut1_H09_065.seq	0	None	None	AY177712	1386	Rhodobacteraceae	Phaeobacter inhibens	5113.0	1095	33	23	1055	0.9841417910447762	0.9789954337899544	0.9634703196347032	0.9156384597946825

LKAP.g-Gut1_E12_088.seq	0	None	None	HE978310	1507	Vibrionaceae	Vibrio toranzoniae	5579.0	1137	15	2	1128	0.9938325991189427	0.9982409850483729	0.9920844327176781	0.9774442978598652
LKAP.g-Gut1_E12_088.seq	0	None	None	EF094888	1498	Vibrionaceae	Vibrio gigantis	5599.0	1140	18	4	1131	0.9955985915492958	0.9964912280701754	0.9921052631578947	0.9732569766384874
LKAP.g-Gut1_E12_088.seq	0	None	None	EF094887	1496	Vibrionaceae	Vibrio crassostreae	5593.0	1140	18	4	1130	0.9947183098591549	0.9964912280701754	0.9912280701754386	0.972396448807684
LKAP.g-Gut1_E12_088.seq	0	None	None	EF599164	1544	Vibrionaceae	Vibrio artabrorum	5579.0	1140	19	4	1129	0.9938380281690141	0.9964912280701754	0.9903508771929824	0.9706976673781087
LKAP.g-Gut1_E12_088.seq	0	None	None	AJ491290	1507	Vibrionaceae	Vibrio pomeroyi	5575.0	1140	18	4	1126	0.9911971830985915	0.9964912280701754	0.987719298245614	0.9689543374844711

LKAP.g-Gut1_B04_030.seq	0	None	None	X74723	1465	Vibrionaceae	Vibrio proteolyticus	3481.0	1064	206	175	847	0.952755905511811	0.8355263157894737	0.7960526315789473	0.5572368421052631
LKAP.g-Gut1_B04_030.seq	0	None	None	AY426980	1520	Vibrionaceae	Vibrio ezurae	3466.0	1064	212	180	845	0.9558823529411765	0.8308270676691729	0.7941729323308271	0.5501950408937705
LKAP.g-Gut1_B04_030.seq	0	None	None	AY426979	1406	Vibrionaceae	Vibrio neonatus	3442.0	1060	208	179	839	0.9523269012485811	0.8311320754716981	0.7915094339622641	0.5499367597166835
LKAP.g-Gut1_B04_030.seq	0	None	None	AB428897	1298	Vibrionaceae	Vibrio azureus	3273.0	1012	202	174	800	0.954653937947494	0.8280632411067194	0.7905138339920948	0.5456759414212319
LKAP.g-Gut1_B04_030.seq	0	None	None	AB428909	1298	Vibrionaceae	Vibrio sagamiensis	3260.0	1012	202	174	799	0.9534606205250596	0.8280632411067194	0.7895256916996047	0.5449938464944554

LKAP.g-Gut1_E04_024.seq	0	None	None	AB720724	1501	Pseudoalteromonadaceae	Pseudoalteromonas shioyasakiensis	5382.0	1130	48	23	1102	0.995483288166215	0.9796460176991151	0.9752212389380531	0.9164430488153013
LKAP.g-Gut1_E04_024.seq	0	None	None	FJ404721	1503	Pseudoalteromonadaceae	Pseudoalteromonas lipolytica	5316.0	1130	49	24	1095	0.9900542495479204	0.9787610619469026	0.9690265486725663	0.9090274493908892
LKAP.g-Gut1_E04_024.seq	0	None	None	DQ011289	1461	Pseudoalteromonadaceae	Pseudoalteromonas byunsanensis	5269.0	1126	44	31	1086	0.9917808219178083	0.9724689165186501	0.9644760213143873	0.9026506353326958
LKAP.g-Gut1_E04_024.seq	0	None	None	AB576636	1501	Pseudoalteromonadaceae	Pseudoalteromonas arabiensis	5275.0	1130	51	26	1090	0.9873188405797102	0.9769911504424779	0.9646017699115044	0.9017107146336163
LKAP.g-Gut1_E04_024.seq	0	None	None	U85855	1449	Pseudoalteromonadaceae	Pseudoalteromonas prydzensis	5260.0	1131	29	38	1082	0.989935956084172	0.9741532976827094	0.9566755083996463	0.9014192505869081

LKAP.g-Gut1_D12_090.seq	0	None	None	AB720724	1501	Pseudoalteromonadaceae	Pseudoalteromonas shioyasakiensis	5060.0	1054	35	20	1031	0.9970986460348162	0.9810246679316889	0.9781783681214421	0.9287754202365207
LKAP.g-Gut1_D12_090.seq	0	None	None	U85855	1449	Pseudoalteromonadaceae	Pseudoalteromonas prydzensis	4996.0	1055	18	26	1020	0.9912536443148688	0.9828080229226361	0.966824644549763	0.9271785267863059
LKAP.g-Gut1_D12_090.seq	0	None	None	AJ507251	1483	Pseudoalteromonadaceae	Pseudoalteromonas mariniglutinosa	5000.0	1053	14	30	1017	0.9941348973607038	0.9864995178399228	0.9658119658119658	0.9259846682527094
LKAP.g-Gut1_D12_090.seq	0	None	None	AB576636	1501	Pseudoalteromonadaceae	Pseudoalteromonas arabiensis	4956.0	1055	19	27	1015	0.9873540856031129	0.9818529130850048	0.9620853080568721	0.9208786747508981
LKAP.g-Gut1_D12_090.seq	0	None	None	FJ404721	1503	Pseudoalteromonadaceae	Pseudoalteromonas lipolytica	5013.0	1054	37	22	1026	0.9941860465116279	0.9791271347248577	0.9734345351043643	0.9207923375139357

LKAP.g-Gut1_F11_085.seq	0	None	None	JF316656	1497	Vibrionaceae	Vibrio alfacsensis	5586.0	1150	23	14	1133	0.9973591549295775	0.9878260869565217	0.9852173913043478	0.9541406278957708
LKAP.g-Gut1_F11_085.seq	0	None	None	AJ630103	1529	Vibrionaceae	Vibrio ponticus	5501.0	1150	26	17	1123	0.9911738746690203	0.9852173913043478	0.9765217391304348	0.9408155871044069
LKAP.g-Gut1_F11_085.seq	0	None	None	X76336	1546	Vibrionaceae	Vibrio furnissii	5399.0	1150	34	25	1111	0.9875555555555555	0.9782608695652174	0.9660869565217391	0.9179457990599295
LKAP.g-Gut1_F11_085.seq	0	None	None	AB428909	1298	Vibrionaceae	Vibrio sagamiensis	5181.0	1097	36	30	1062	0.9953139643861293	0.9726526891522334	0.968094804010939	0.9117009319326317
LKAP.g-Gut1_F11_085.seq	0	None	None	KC751062	1481	Vibrionaceae	Vibrio madracius	5381.0	1150	38	27	1109	0.98753339269813	0.9765217391304348	0.9643478260869566	0.9115846874542528

LKAP.g-Gut1_A02_016.seq	0	None	None	GU018180	1421	Vibrionaceae	Vibrio owensii	5336.0	1082	6	4	1074	0.9962894248608535	0.9963031423290203	0.9926062846580407	0.9834830651299337
LKAP.g-Gut1_A02_016.seq	0	None	None	AJ316187	1468	Vibrionaceae	Vibrio rotiferianus	5362.0	1087	9	4	1080	0.997229916897507	0.9963201471941122	0.9935602575896965	0.9817753275270449
LKAP.g-Gut1_A02_016.seq	0	None	None	AB562589	1400	Vibrionaceae	Vibrio jasicida	5306.0	1080	6	4	1070	0.9944237918215614	0.9962962962962963	0.9907407407407407	0.9816178978241592
LKAP.g-Gut1_A02_016.seq	0	None	None	GU078672	1470	Vibrionaceae	Vibrio communis	5353.0	1087	9	4	1079	0.9963065558633426	0.9963201471941122	0.9926402943882244	0.9808662762978531
LKAP.g-Gut1_A02_016.seq	0	None	None	X74714	1466	Vibrionaceae	Vibrio natriegens	5337.0	1087	9	4	1077	0.9944598337950139	0.9963201471941122	0.9908003679852806	0.9790481738394697

LKAP.g-Gut1_D10_074.seq	0	None	None	GU018180	1421	Vibrionaceae	Vibrio owensii	5364.0	1091	20	2	1084	0.9954086317722681	0.998166819431714	0.9935838680109991	0.9739089399315733
LKAP.g-Gut1_D10_074.seq	0	None	None	AJ316187	1468	Vibrionaceae	Vibrio rotiferianus	5387.0	1095	22	2	1089	0.9963403476669717	0.9981735159817352	0.9945205479452055	0.9731521565838045
LKAP.g-Gut1_D10_074.seq	0	None	None	X74714	1466	Vibrionaceae	Vibrio natriegens	5380.0	1095	22	2	1088	0.9954254345837146	0.9981735159817352	0.993607305936073	0.972258536605307
LKAP.g-Gut1_D10_074.seq	0	None	None	GU078672	1470	Vibrionaceae	Vibrio communis	5378.0	1095	22	2	1088	0.9954254345837146	0.9981735159817352	0.993607305936073	0.972258536605307
LKAP.g-Gut1_D10_074.seq	0	None	None	AB562589	1400	Vibrionaceae	Vibrio jasicida	5334.0	1089	20	2	1080	0.9935602575896965	0.9981634527089073	0.9917355371900827	0.9720617934405951

LKAP.g-Gut1_F07_053.seq	0	None	None	AB720724	1501	Pseudoalteromonadaceae	Pseudoalteromonas shioyasakiensis	5545.0	1162	24	31	1128	0.9973474801061007	0.9792207792207792	0.9707401032702238	0.9257226448555
LKAP.g-Gut1_F07_053.seq	0	None	None	FJ404721	1503	Pseudoalteromonadaceae	Pseudoalteromonas lipolytica	5473.0	1162	27	34	1120	0.9929078014184397	0.9766233766233766	0.963855421686747	0.9144061527860813
LKAP.g-Gut1_F07_053.seq	0	None	None	AB576636	1501	Pseudoalteromonadaceae	Pseudoalteromonas arabiensis	5445.0	1162	27	34	1117	0.9902482269503546	0.9766233766233766	0.9612736660929432	0.9119568505911184
LKAP.g-Gut1_F07_053.seq	0	None	None	AJ507251	1483	Pseudoalteromonadaceae	Pseudoalteromonas mariniglutinosa	5385.0	1149	22	38	1102	0.991899189918992	0.9805825242718447	0.959094865100087	0.9099525150522602
LKAP.g-Gut1_F07_053.seq	0	None	None	U85855	1449	Pseudoalteromonadaceae	Pseudoalteromonas prydzensis	5443.0	1162	30	36	1117	0.9920071047957372	0.9740484429065744	0.9612736660929432	0.9080487818965218

LKAP.g-Gut1_B11_093.seq	0	None	None	GU018180	1421	Vibrionaceae	Vibrio owensii	5593.0	1144	14	7	1131	0.9947229551451188	0.9938811188811189	0.9886363636363636	0.9707077249175695
LKAP.g-Gut1_B11_093.seq	0	None	None	AJ316187	1468	Vibrionaceae	Vibrio rotiferianus	5632.0	1150	18	7	1139	0.9965004374453194	0.9939130434782608	0.9904347826086957	0.969235407980941
LKAP.g-Gut1_B11_093.seq	0	None	None	X74714	1466	Vibrionaceae	Vibrio natriegens	5625.0	1150	18	7	1138	0.9956255468066492	0.9939130434782608	0.9895652173913043	0.9683844550327576
LKAP.g-Gut1_B11_093.seq	0	None	None	GU078672	1470	Vibrionaceae	Vibrio communis	5623.0	1150	18	7	1138	0.9956255468066492	0.9939130434782608	0.9895652173913043	0.9683844550327576
LKAP.g-Gut1_B11_093.seq	0	None	None	AB562589	1400	Vibrionaceae	Vibrio jasicida	5554.0	1142	14	7	1126	0.9920704845814978	0.9938704028021016	0.9859894921190894	0.968077918300317

LKAP.g-Gut1_C10_076.seq	0	None	None	FN687911	1484	Vibrionaceae	Vibrio inhibens	2776.0	1066	638	222	820	0.9715639810426541	0.7917448405253283	0.7692307692307693	0.38100397255326834
LKAP.g-Gut1_C10_076.seq	0	None	None	AY426979	1406	Vibrionaceae	Vibrio neonatus	2711.0	1054	574	233	794	0.9671132764920828	0.7789373814041746	0.7533206831119544	0.3798994354022817
LKAP.g-Gut1_C10_076.seq	0	None	None	X74723	1465	Vibrionaceae	Vibrio proteolyticus	2743.0	1067	614	228	812	0.9678188319427891	0.7863167760074976	0.761012183692596	0.3798270208911886
LKAP.g-Gut1_C10_076.seq	0	None	None	AB562589	1400	Vibrionaceae	Vibrio jasicida	2722.0	1054	576	235	796	0.9719169719169719	0.7770398481973435	0.7552182163187856	0.3794624043957579
LKAP.g-Gut1_C10_076.seq	0	None	None	DQ914239	1403	Vibrionaceae	Vibrio rarus	2704.0	1052	581	231	794	0.9671132764920828	0.7804182509505704	0.7547528517110266	0.379456271435856

LKAP.g-Gut1_E01_007.seq	0	None	None	AB204519	1515	Shewanellaceae	Shewanella pneumatophori	3958.0	1030	111	91	892	0.9499467518636848	0.9116504854368932	0.8660194174757282	0.7127013435667912
LKAP.g-Gut1_E01_007.seq	0	None	None	AB081760	1440	Shewanellaceae	Shewanella schlegeliana	3918.0	1030	112	96	886	0.9486081370449678	0.9067961165048544	0.8601941747572815	0.703521330318127
LKAP.g-Gut1_E01_007.seq	0	None	None	AB081762	1440	Shewanellaceae	Shewanella sairae	3912.0	1030	117	101	885	0.9526372443487621	0.9019417475728155	0.8592233009708737	0.6959184364445873
LKAP.g-Gut1_E01_007.seq	0	None	None	AB081757	1440	Shewanellaceae	Shewanella marinintestina	3912.0	1030	117	101	885	0.9526372443487621	0.9019417475728155	0.8592233009708737	0.6959184364445873
LKAP.g-Gut1_E01_007.seq	0	None	None	AB094598	1492	Shewanellaceae	Shewanella kaireitica	3874.0	1030	119	99	882	0.9473684210526315	0.903883495145631	0.8563106796116505	0.693842682957743

LKAP.g-Gut1_B02_014.seq	0	None	None	AB428909	1298	Vibrionaceae	Vibrio sagamiensis	5045.0	1036	10	3	1022	0.989351403678606	0.997104247104247	0.9864864864864865	0.9742261381840731
LKAP.g-Gut1_B02_014.seq	0	None	None	FN687911	1484	Vibrionaceae	Vibrio inhibens	5303.0	1090	14	2	1076	0.9889705882352942	0.998165137614679	0.9871559633027523	0.9728493551389443
LKAP.g-Gut1_B02_014.seq	0	None	None	GU018180	1421	Vibrionaceae	Vibrio owensii	5297.0	1085	13	4	1072	0.9916743755781684	0.9963133640552996	0.9880184331797235	0.9727212443235711
LKAP.g-Gut1_B02_014.seq	0	None	None	X74714	1466	Vibrionaceae	Vibrio natriegens	5316.0	1090	16	4	1077	0.9917127071823204	0.9963302752293578	0.9880733944954129	0.9702058828408846
LKAP.g-Gut1_B02_014.seq	0	None	None	GU078672	1470	Vibrionaceae	Vibrio communis	5314.0	1090	16	4	1077	0.9917127071823204	0.9963302752293578	0.9880733944954129	0.9702058828408846

LKAP.g-Gut1_C01_011.seq	0	None	None	GU018180	1421	Vibrionaceae	Vibrio owensii	5598.0	1151	7	8	1133	0.9912510936132983	0.9939130434782608	0.9843614248479583	0.9716106291893061
LKAP.g-Gut1_C01_011.seq	0	None	None	AJ316187	1468	Vibrionaceae	Vibrio rotiferianus	5644.0	1158	10	8	1142	0.9930434782608696	0.9930915371329879	0.9861830742659758	0.9709850474365345
LKAP.g-Gut1_C01_011.seq	0	None	None	X74714	1466	Vibrionaceae	Vibrio natriegens	5637.0	1158	10	8	1141	0.9921739130434782	0.9930915371329879	0.9853195164075993	0.9701347978328246
LKAP.g-Gut1_C01_011.seq	0	None	None	GU078672	1470	Vibrionaceae	Vibrio communis	5635.0	1158	10	8	1141	0.9921739130434782	0.9930915371329879	0.9853195164075993	0.9701347978328246
LKAP.g-Gut1_C01_011.seq	0	None	None	AB562589	1400	Vibrionaceae	Vibrio jasicida	5559.0	1149	7	8	1128	0.9886064855390009	0.9939024390243902	0.9817232375979112	0.9689846142726788

LKAP.g-Gut1_F02_006.seq	0	None	None	EF094888	1498	Vibrionaceae	Vibrio gigantis	5001.0	1031	13	8	1014	0.9912023460410557	0.9922405431619786	0.9835111542192047	0.963727883875715
LKAP.g-Gut1_F02_006.seq	0	None	None	EF094887	1496	Vibrionaceae	Vibrio crassostreae	4995.0	1031	13	8	1013	0.9902248289345064	0.9922405431619786	0.9825412221144519	0.9627774618995061
LKAP.g-Gut1_F02_006.seq	0	None	None	HE978310	1507	Vibrionaceae	Vibrio toranzoniae	4977.0	1029	13	8	1011	0.990205680705191	0.9922254616132167	0.9825072886297376	0.9627062780143589
LKAP.g-Gut1_F02_006.seq	0	None	None	EF599164	1544	Vibrionaceae	Vibrio artabrorum	4977.0	1031	14	8	1011	0.9882697947214076	0.9922405431619786	0.9806013579049466	0.9599571187911583
LKAP.g-Gut1_F02_006.seq	0	None	None	AJ491290	1507	Vibrionaceae	Vibrio pomeroyi	4977.0	1031	13	8	1009	0.9863147605083089	0.9922405431619786	0.9786614936954413	0.9589757739946709

LKAP.g-Gut1_F03_021.seq	0	None	None	JF714703	1393	Rhodobacteraceae	Roseovarius lutimaris	5448.0	1107	19	1	1101	0.9954792043399638	0.999096657633243	0.994579945799458	0.9769142274015992
LKAP.g-Gut1_F03_021.seq	0	None	None	KF208688	1391	Rhodobacteraceae	Roseovarius gaetbuli	5377.0	1107	25	9	1092	0.994535519125683	0.991869918699187	0.986449864498645	0.9568215116780144
LKAP.g-Gut1_F03_021.seq	0	None	None	KC900366	1438	Rhodobacteraceae	Roseovarius marisflavi	5368.0	1107	25	9	1091	0.9936247723132969	0.991869918699187	0.985546522131888	0.9559453015024849
LKAP.g-Gut1_F03_021.seq	0	None	None	KC708867	1390	Rhodobacteraceae	Pelagicola litorisediminis	5248.0	1107	32	17	1077	0.9880733944954129	0.9846431797651309	0.9728997289972899	0.9310453947384073
LKAP.g-Gut1_F03_021.seq	0	None	None	AJ534215	1323	Rhodobacteraceae	Roseovarius mucosus	5124.0	1090	31	21	1054	0.9859681945743686	0.9807339449541285	0.9669724770642202	0.9221173755411698

LKAP.g-Gut1_F06_038.seq	0	None	None	AM411030	1512	Flavobacteriaceae	Tenacibaculum discolor	3005.0	881	243	99	737	0.9424552429667519	0.887627695800227	0.8365493757094211	0.58201211014659
LKAP.g-Gut1_F06_038.seq	0	None	None	AY962294	1446	Flavobacteriaceae	Tenacibaculum litoreum	3006.0	881	246	102	737	0.9460847240051348	0.8842224744608399	0.8365493757094211	0.5782359926154739
LKAP.g-Gut1_F06_038.seq	0	None	None	AB032501	1444	Flavobacteriaceae	Tenacibaculum mesophilum	2879.0	876	181	133	703	0.946164199192463	0.8481735159817352	0.8025114155251142	0.5641116194277765
LKAP.g-Gut1_F06_038.seq	0	None	None	EF416572	1434	Flavobacteriaceae	Tenacibaculum aiptasiae	2872.0	866	246	112	713	0.9456233421750663	0.8706697459584296	0.8233256351039261	0.5582621662485254
LKAP.g-Gut1_F06_038.seq	0	None	None	AB078058	1473	Flavobacteriaceae	Tenacibaculum ovolyticum	2898.0	881	224	125	716	0.9470899470899471	0.8581157775255391	0.8127128263337117	0.5560279608219784

LKAP.g-Gut1_A01_015.seq	0	None	None	JF316656	1497	Vibrionaceae	Vibrio alfacsensis	5429.0	1099	13	6	1093	1.0	0.9945404913557779	0.9945404913557779	0.9775474433919652
LKAP.g-Gut1_A01_015.seq	0	None	None	AJ630103	1529	Vibrionaceae	Vibrio ponticus	5301.0	1099	19	12	1078	0.9917203311867525	0.989080982711556	0.9808917197452229	0.9536934699132893
LKAP.g-Gut1_A01_015.seq	0	None	None	X76336	1546	Vibrionaceae	Vibrio furnissii	5199.0	1099	27	20	1066	0.9879518072289156	0.9818016378525932	0.9699727024567789	0.9294853871677304
LKAP.g-Gut1_A01_015.seq	0	None	None	AB428909	1298	Vibrionaceae	Vibrio sagamiensis	4990.0	1044	27	24	1017	0.9970588235294118	0.9770114942528736	0.9741379310344828	0.9277504105090312
LKAP.g-Gut1_A01_015.seq	0	None	None	AB428897	1298	Vibrionaceae	Vibrio azureus	4989.0	1044	28	25	1017	0.9980372914622179	0.9760536398467433	0.9741379310344828	0.9259762609366958

LKAP.g-Gut1_E07_055.seq	0	None	None	EF094888	1498	Vibrionaceae	Vibrio gigantis	5314.0	1086	12	9	1073	0.9962859795728877	0.9917127071823204	0.9880294659300184	0.9691327275105919
LKAP.g-Gut1_E07_055.seq	0	None	None	EF094887	1496	Vibrionaceae	Vibrio crassostreae	5308.0	1086	12	9	1072	0.9953574744661096	0.9917127071823204	0.9871086556169429	0.9682295283237227
LKAP.g-Gut1_E07_055.seq	0	None	None	EF599164	1544	Vibrionaceae	Vibrio artabrorum	5299.0	1086	13	9	1071	0.9944289693593314	0.9917127071823204	0.9861878453038674	0.9664461413942358
LKAP.g-Gut1_E07_055.seq	0	None	None	AJ491290	1507	Vibrionaceae	Vibrio pomeroyi	5294.0	1086	12	9	1069	0.9925719591457753	0.9917127071823204	0.9843462246777164	0.9655199307631153
LKAP.g-Gut1_E07_055.seq	0	None	None	EF599162	1542	Vibrionaceae	Vibrio celticus	5286.0	1086	12	13	1069	0.9962721342031687	0.9889400921658986	0.9843462246777164	0.9619339700174769

LKAP.g-Gut1_F10_070.seq	0	None	None	U46579	1497	Vibrionaceae	Vibrio scophthalmi	5335.0	1096	16	9	1080	0.9935602575896965	0.9917883211678832	0.9854014598540146	0.9632476500551383
LKAP.g-Gut1_F10_070.seq	0	None	None	AJ421445	1367	Vibrionaceae	Vibrio ichthyoenteri	5343.0	1096	19	12	1081	0.9972324723247232	0.9890510948905109	0.9863138686131386	0.9588916893064057
LKAP.g-Gut1_F10_070.seq	0	None	None	HF955040	1416	Vibrionaceae	Vibrio cortegadensis	5177.0	1088	17	15	1058	0.9860205032618826	0.9862132352941176	0.9724264705882353	0.9442657040191641
LKAP.g-Gut1_F10_070.seq	0	None	None	AB428897	1298	Vibrionaceae	Vibrio azureus	4985.0	1049	19	18	1019	0.988360814742968	0.982840800762631	0.9714013346043852	0.937747917581574
LKAP.g-Gut1_F10_070.seq	0	None	None	AJ515230	1321	Vibrionaceae	Vibrio splendidus	4932.0	1039	20	18	1009	0.9882468168462292	0.9826756496631376	0.971126082771896	0.9362792544949065

LKAP.g-Gut1_A11_095.seq	0	None	None	AB720724	1501	Pseudoalteromonadaceae	Pseudoalteromonas shioyasakiensis	3828.0	1161	221	204	923	0.9644723092998955	0.8242894056847545	0.7950043066322137	0.5505203483697746
LKAP.g-Gut1_A11_095.seq	0	None	None	AB576636	1501	Pseudoalteromonadaceae	Pseudoalteromonas arabiensis	3770.0	1161	227	210	917	0.964248159831756	0.8191214470284238	0.7898363479758829	0.5411630885627267
LKAP.g-Gut1_A11_095.seq	0	None	None	FJ404721	1503	Pseudoalteromonadaceae	Pseudoalteromonas lipolytica	3774.0	1161	232	215	917	0.9693446088794926	0.8148148148148148	0.7898363479758829	0.5363856318630188
LKAP.g-Gut1_A11_095.seq	0	None	None	FJ754319	1506	Pseudoalteromonadaceae	Pseudoalteromonas donghaensis	3764.0	1161	233	215	915	0.96723044397463	0.8148148148148148	0.7881136950904393	0.5348318189064244
LKAP.g-Gut1_A11_095.seq	0	None	None	X82146	1436	Pseudoalteromonadaceae	Pseudoalteromonas nigrifaciens	3741.0	1161	227	216	912	0.9650793650793651	0.813953488372093	0.7855297157622739	0.534816701293479

LKAP.g-Gut1_H05_033.seq	0	None	None	HE978310	1507	Vibrionaceae	Vibrio toranzoniae	5569.0	1135	23	6	1126	0.9973427812223207	0.9947136563876652	0.9920704845814978	0.9672258869538093
LKAP.g-Gut1_H05_033.seq	0	None	None	EF094888	1498	Vibrionaceae	Vibrio gigantis	5575.0	1135	24	7	1126	0.99822695035461	0.9938325991189427	0.9920704845814978	0.9655353810249608
LKAP.g-Gut1_H05_033.seq	0	None	None	EF094887	1496	Vibrionaceae	Vibrio crassostreae	5569.0	1135	24	7	1125	0.9973404255319149	0.9938325991189427	0.9911894273127754	0.9646778895675673
LKAP.g-Gut1_H05_033.seq	0	None	None	EF599164	1544	Vibrionaceae	Vibrio artabrorum	5555.0	1135	25	7	1124	0.9964539007092199	0.9938325991189427	0.9903083700440528	0.9629895184566306
LKAP.g-Gut1_H05_033.seq	0	None	None	AJ491290	1507	Vibrionaceae	Vibrio pomeroyi	5551.0	1135	24	7	1121	0.9937943262411347	0.9938325991189427	0.9876651982378855	0.9612479237379937

LKAP.g-Gut1_G03_019.seq	0	None	None	AM162656	1365	Vibrionaceae	Vibrio cyclitrophicus	2359.0	763	154	133	590	0.9365079365079365	0.8256880733944955	0.7732634338138925	0.5312496873530559
LKAP.g-Gut1_G03_019.seq	0	None	None	AM162657	1392	Vibrionaceae	Vibrio kanaloae	2346.0	760	157	137	587	0.942215088282504	0.8197368421052632	0.7723684210526316	0.5247388509441543
LKAP.g-Gut1_G03_019.seq	0	None	None	AJ278881	1559	Vibrionaceae	Vibrio lentus	2483.0	813	177	148	627	0.9428571428571428	0.8179581795817958	0.7712177121771218	0.518040180401804
LKAP.g-Gut1_G03_019.seq	0	None	None	EF094888	1498	Vibrionaceae	Vibrio gigantis	2493.0	813	176	149	627	0.9442771084337349	0.8167281672816729	0.7712177121771218	0.5177841869419706
LKAP.g-Gut1_G03_019.seq	0	None	None	EF094887	1496	Vibrionaceae	Vibrio crassostreae	2494.0	813	176	149	627	0.9442771084337349	0.8167281672816729	0.7712177121771218	0.5177841869419706

LKAP.g-Gut1_A07_063.seq	0	None	None	AY594266	1519	Unclassified Bacillales	Exiguobacterium marinum	3294.0	927	234	85	792	0.9406175771971497	0.9083063646170443	0.8543689320388349	0.6196198456302316
LKAP.g-Gut1_A07_063.seq	0	None	None	AY594264	1517	Unclassified Bacillales	Exiguobacterium aestuarii	3262.0	927	237	90	788	0.9414575866188769	0.9029126213592233	0.8500539374325782	0.6112501251126012
LKAP.g-Gut1_A07_063.seq	0	None	None	AY818050	1510	Unclassified Bacillales	Exiguobacterium profundum	3251.0	927	237	89	787	0.9391408114558473	0.9039913700107874	0.8489751887810141	0.6112037871121047
LKAP.g-Gut1_A07_063.seq	0	None	None	AM072764	1408	Unclassified Bacillales	Exiguobacterium mexicanum	3192.0	927	248	101	779	0.9430992736077481	0.8910463861920173	0.8403451995685005	0.5907447956115587
LKAP.g-Gut1_A07_063.seq	0	None	None	DQ019166	1552	Unclassified Bacillales	Exiguobacterium aurantiacum	3176.0	927	249	102	777	0.9418181818181818	0.889967637540453	0.8381877022653722	0.5880143319463709

LKAP.g-Gut1_D08_058.seq	0	None	None	GU018180	1421	Vibrionaceae	Vibrio owensii	5491.0	1140	17	16	1116	0.9928825622775801	0.9859649122807017	0.9789473684210527	0.951025792657963
LKAP.g-Gut1_D08_058.seq	0	None	None	GU078672	1470	Vibrionaceae	Vibrio communis	5509.0	1143	19	16	1120	0.9937888198757764	0.9860017497812773	0.9798775153105862	0.9503631323193034
LKAP.g-Gut1_D08_058.seq	0	None	None	AJ316187	1468	Vibrionaceae	Vibrio rotiferianus	5500.0	1143	19	16	1119	0.9929015084294588	0.9860017497812773	0.979002624671916	0.949514593808304
LKAP.g-Gut1_D08_058.seq	0	None	None	X74714	1466	Vibrionaceae	Vibrio natriegens	5493.0	1143	19	16	1118	0.9920141969831411	0.9860017497812773	0.9781277340332458	0.9486660552973046
LKAP.g-Gut1_D08_058.seq	0	None	None	AB562589	1400	Vibrionaceae	Vibrio jasicida	5452.0	1138	17	16	1111	0.9901960784313726	0.9859402460456942	0.976274165202109	0.9483806176249058

LKAP.g-Gut1_H01_001.seq	0	None	None	AM411030	1512	Flavobacteriaceae	Tenacibaculum discolor	5547.0	1123	6	3	1116	0.9964285714285714	0.9973285841495992	0.993766696349065	0.9858447297705517
LKAP.g-Gut1_H01_001.seq	0	None	None	AY962294	1446	Flavobacteriaceae	Tenacibaculum litoreum	5511.0	1123	7	4	1112	0.9937444146559428	0.9964381121994658	0.9902048085485308	0.9805656466954035
LKAP.g-Gut1_H01_001.seq	0	None	None	AM746477	1518	Flavobacteriaceae	Tenacibaculum gallaicum	5382.0	1123	20	20	1095	0.9927470534904805	0.9821905609973286	0.97506678539626	0.940943713291404
LKAP.g-Gut1_H01_001.seq	0	None	None	EU428783	1396	Flavobacteriaceae	Tenacibaculum crassostreae	5345.0	1122	22	19	1092	0.9900271985494107	0.9830659536541889	0.9732620320855615	0.9383811375789985
LKAP.g-Gut1_H01_001.seq	0	None	None	EF416572	1434	Flavobacteriaceae	Tenacibaculum aiptasiae	5294.0	1110	33	21	1082	0.9935720844811754	0.981081081081081	0.9747747747747748	0.9287224232106122

LKAP.g-Gut1_E06_040.seq	0	None	None	EF094888	1498	Vibrionaceae	Vibrio gigantis	5320.0	1082	18	4	1074	0.9962894248608535	0.9963031423290203	0.9926062846580407	0.9727541589648798
LKAP.g-Gut1_E06_040.seq	0	None	None	EF094887	1496	Vibrionaceae	Vibrio crassostreae	5314.0	1082	18	4	1073	0.9953617810760668	0.9963031423290203	0.9916820702402958	0.9718484288354898
LKAP.g-Gut1_E06_040.seq	0	None	None	EF599164	1544	Vibrionaceae	Vibrio artabrorum	5305.0	1082	19	4	1072	0.9944341372912802	0.9963031423290203	0.9907578558225508	0.9700608252286193
LKAP.g-Gut1_E06_040.seq	0	None	None	AJ491290	1507	Vibrionaceae	Vibrio pomeroyi	5291.0	1082	18	4	1069	0.9916512059369202	0.9963031423290203	0.987985212569316	0.9682255083179299
LKAP.g-Gut1_E06_040.seq	0	None	None	EF599162	1542	Vibrionaceae	Vibrio celticus	5292.0	1082	18	8	1070	0.9962756052141527	0.9926062846580407	0.988909426987061	0.9655352041673667

LKAP.g-Gut1_F05_037.seq	0	None	None	HE978310	1507	Vibrionaceae	Vibrio toranzoniae	5430.0	1101	12	1	1095	0.9954545454545455	0.9990917347865577	0.9945504087193461	0.982933916973298
LKAP.g-Gut1_F05_037.seq	0	None	None	EF094888	1498	Vibrionaceae	Vibrio gigantis	5451.0	1103	14	1	1098	0.9963702359346642	0.99909338168631	0.9954669084315503	0.9820989553192198
LKAP.g-Gut1_F05_037.seq	0	None	None	EF094887	1496	Vibrionaceae	Vibrio crassostreae	5445.0	1103	14	1	1097	0.9954627949183303	0.99909338168631	0.9945602901178604	0.981204511826215
LKAP.g-Gut1_F05_037.seq	0	None	None	EF599164	1544	Vibrionaceae	Vibrio artabrorum	5431.0	1103	15	1	1096	0.9945553539019963	0.99909338168631	0.9936536718041704	0.9794332256960607
LKAP.g-Gut1_F05_037.seq	0	None	None	AJ491290	1507	Vibrionaceae	Vibrio pomeroyi	5427.0	1103	14	1	1093	0.9918330308529946	0.99909338168631	0.9909338168631007	0.977626737854196

LKAP.g-Gut1_D06_042.seq	0	None	None	AJ316187	1468	Vibrionaceae	Vibrio rotiferianus	5365.0	1091	4	4	1081	0.9944802207911684	0.9963336388634281	0.9908340971585701	0.983595126585722
LKAP.g-Gut1_D06_042.seq	0	None	None	GU078672	1470	Vibrionaceae	Vibrio communis	5356.0	1091	4	4	1080	0.9935602575896965	0.9963336388634281	0.9899175068744271	0.9826852328516004
LKAP.g-Gut1_D06_042.seq	0	None	None	GU018180	1421	Vibrionaceae	Vibrio owensii	5331.0	1087	3	4	1075	0.9926131117266851	0.9972375690607734	0.9889604415823368	0.9826093194804318
LKAP.g-Gut1_D06_042.seq	0	None	None	AY750575	1436	Vibrionaceae	Vibrio harveyi	5334.0	1091	4	4	1077	0.9908003679852806	0.9963336388634281	0.9871677360219981	0.9799555516492346
LKAP.g-Gut1_D06_042.seq	0	None	None	AB562589	1400	Vibrionaceae	Vibrio jasicida	5292.0	1085	3	4	1070	0.9898242368177613	0.9972324723247232	0.9861751152073732	0.9798302385470317

LKAP.g-Gut1_A08_064.seq	0	None	None	GU018180	1421	Vibrionaceae	Vibrio owensii	5717.0	1188	22	17	1163	0.9931682322801024	0.9856902356902357	0.9789562289562289	0.9474030943039208
LKAP.g-Gut1_A08_064.seq	0	None	None	AJ316187	1468	Vibrionaceae	Vibrio rotiferianus	5744.0	1193	27	19	1169	0.995741056218058	0.9840737636211232	0.9798826487845766	0.9429362538304041
LKAP.g-Gut1_A08_064.seq	0	None	None	AB428909	1298	Vibrionaceae	Vibrio sagamiensis	5448.0	1139	21	18	1111	0.9910793933987511	0.9841966637401229	0.9754170324846356	0.9426228391511003
LKAP.g-Gut1_A08_064.seq	0	None	None	AB562589	1400	Vibrionaceae	Vibrio jasicida	5672.0	1186	23	18	1157	0.990582191780822	0.984822934232715	0.975548060708263	0.9424649585667917
LKAP.g-Gut1_A08_064.seq	0	None	None	GU078672	1470	Vibrionaceae	Vibrio communis	5735.0	1193	27	19	1168	0.9948892674616695	0.9840737636211232	0.9790444258172674	0.9421296359913703

LKAP.g-Gut1_B05_045.seq	0	None	None	AY960847	1474	Vibrionaceae	Photobacterium ganghwense	5141.0	1107	19	35	1057	0.9860074626865671	0.9825847846012832	0.95483288166215	0.9090416066978905
LKAP.g-Gut1_B05_045.seq	0	None	None	AY551089	1546	Vibrionaceae	Photobacterium halotolerans	5032.0	1107	31	46	1044	0.9839773798303487	0.9716117216117216	0.943089430894309	0.8792775801220226
LKAP.g-Gut1_B05_045.seq	0	None	None	DQ534014	1508	Vibrionaceae	Photobacterium lutimaris	4965.0	1107	29	45	1037	0.9764595103578154	0.9734188817598534	0.9367660343270099	0.87574430321768
LKAP.g-Gut1_B05_045.seq	0	None	None	GU929924	1328	Vibrionaceae	Vibrio variabilis	4207.0	943	28	33	879	0.9659340659340659	0.9701492537313433	0.9321314952279958	0.8735732859500269
LKAP.g-Gut1_B05_045.seq	0	None	None	JF751050	1407	Vibrionaceae	Photobacterium aestuarii	4845.0	1088	28	44	1015	0.9722222222222222	0.9738805970149254	0.9329044117647058	0.8727170303605313

LKAP.g-Gut1_C12_092.seq	0	None	None	X74723	1465	Vibrionaceae	Vibrio proteolyticus	1798.0	598	246	99	477	0.9559118236472945	0.8344481605351171	0.7976588628762542	0.4716016262739939
LKAP.g-Gut1_C12_092.seq	0	None	None	AJ316187	1468	Vibrionaceae	Vibrio rotiferianus	1795.0	598	248	101	476	0.9577464788732394	0.8311036789297659	0.7959866220735786	0.46761861840492736
LKAP.g-Gut1_C12_092.seq	0	None	None	GU078672	1470	Vibrionaceae	Vibrio communis	1795.0	598	249	102	476	0.9596774193548387	0.8294314381270903	0.7959866220735786	0.46612675861687725
LKAP.g-Gut1_C12_092.seq	0	None	None	JQ434120	1507	Vibrionaceae	Vibrio crosai	1790.0	598	249	102	475	0.9576612903225806	0.8294314381270903	0.794314381270903	0.4651475007206232
LKAP.g-Gut1_C12_092.seq	0	None	None	X74714	1466	Vibrionaceae	Vibrio natriegens	1795.0	598	250	103	476	0.9616161616161616	0.8277591973244147	0.7959866220735786	0.464638417366063

LKAP.g-Gut1_G01_003.seq	0	None	None	AJ421445	1367	Vibrionaceae	Vibrio ichthyoenteri	5321.0	1105	19	13	1083	0.9917582417582418	0.9882352941176471	0.9800904977375565	0.9521875654176262
LKAP.g-Gut1_G01_003.seq	0	None	None	U46579	1497	Vibrionaceae	Vibrio scophthalmi	5272.0	1105	19	13	1077	0.9862637362637363	0.9882352941176471	0.9746606334841629	0.9469122880468913
LKAP.g-Gut1_G01_003.seq	0	None	None	X74689	1427	Vibrionaceae	Vibrio aestuarianus	5195.0	1105	23	17	1068	0.9816176470588235	0.9846153846153847	0.9665158371040724	0.9322422258592471
LKAP.g-Gut1_G01_003.seq	0	None	None	AJ515230	1321	Vibrionaceae	Vibrio splendidus	4886.0	1047	24	23	1007	0.9833984375	0.9780324737344794	0.9617956064947469	0.9195879561630447
LKAP.g-Gut1_G01_003.seq	0	None	None	HF955040	1416	Vibrionaceae	Vibrio cortegadensis	5107.0	1096	26	25	1053	0.9831932773109243	0.9771897810218978	0.9607664233576643	0.9170952222959522

LKAP.g-Gut1_A09_079.seq	0	None	None	GU018180	1421	Vibrionaceae	Vibrio owensii	5816.0	1197	40	12	1182	0.9974683544303797	0.9899749373433584	0.9874686716791979	0.9459582667258282
LKAP.g-Gut1_A09_079.seq	0	None	None	GU078672	1470	Vibrionaceae	Vibrio communis	5825.0	1200	42	12	1185	0.9974747474747475	0.99	0.9875	0.9445652173913044
LKAP.g-Gut1_A09_079.seq	0	None	None	AB562589	1400	Vibrionaceae	Vibrio jasicida	5786.0	1195	40	12	1178	0.9957734573119188	0.9899581589958159	0.9857740585774059	0.9442677824267783
LKAP.g-Gut1_A09_079.seq	0	None	None	AJ316187	1468	Vibrionaceae	Vibrio rotiferianus	5814.0	1201	42	13	1184	0.9966329966329966	0.9891756869275604	0.9858451290591174	0.9422236631715458
LKAP.g-Gut1_A09_079.seq	0	None	None	X74714	1466	Vibrionaceae	Vibrio natriegens	5804.0	1200	51	11	1184	0.9957947855340622	0.9908333333333333	0.9866666666666667	0.9377671196376233

LKAP.g-Gut1_G05_035.seq	0	None	None	AB204519	1515	Shewanellaceae	Shewanella pneumatophori	5574.0	1132	15	6	1124	0.9982238010657194	0.9946996466431095	0.9929328621908127	0.9747536205988274
LKAP.g-Gut1_G05_035.seq	0	None	None	AB081760	1440	Shewanellaceae	Shewanella schlegeliana	5516.0	1132	20	11	1117	0.9964317573595004	0.9902826855123675	0.9867491166077739	0.9601959719768356
LKAP.g-Gut1_G05_035.seq	0	None	None	AB081762	1440	Shewanellaceae	Shewanella sairae	5516.0	1132	20	11	1117	0.9964317573595004	0.9902826855123675	0.9867491166077739	0.9601959719768356
LKAP.g-Gut1_G05_035.seq	0	None	None	AB081757	1440	Shewanellaceae	Shewanella marinintestina	5516.0	1132	20	11	1117	0.9964317573595004	0.9902826855123675	0.9867491166077739	0.9601959719768356
LKAP.g-Gut1_G05_035.seq	0	None	None	AB094598	1492	Shewanellaceae	Shewanella kaireitica	5458.0	1132	19	10	1111	0.9901960784313726	0.991166077738516	0.9814487632508834	0.9567206884165865

LKAP.g-Gut1_E02_008.seq	0	None	None	AJ440005	1465	Vibrionaceae	Vibrio coralliilyticus	1765.0	651	182	156	473	0.9555555555555556	0.7603686635944701	0.7265745007680492	0.4317579566388768
LKAP.g-Gut1_E02_008.seq	0	None	None	GU223601	1470	Vibrionaceae	Vibrio caribbeanicus	1774.0	651	186	160	474	0.9653767820773931	0.7542242703533026	0.728110599078341	0.42712342192050823
LKAP.g-Gut1_E02_008.seq	0	None	None	AF388386	1514	Vibrionaceae	Vibrio parahaemolyticus	1759.0	651	191	165	472	0.9711934156378601	0.7465437788018433	0.7250384024577573	0.4184900992808433
LKAP.g-Gut1_E02_008.seq	0	None	None	JQ434120	1507	Vibrionaceae	Vibrio crosai	1803.0	652	294	137	500	0.970873786407767	0.7898773006134969	0.7668711656441718	0.41748271702616113
LKAP.g-Gut1_E02_008.seq	0	None	None	AJ316199	1435	Vibrionaceae	Vibrio chagasii	1788.0	652	292	135	497	0.9613152804642167	0.7929447852760736	0.7622699386503068	0.41747198970572946

LKAP.g-Gut1_H02_002.seq	0	None	None	U46579	1497	Vibrionaceae	Vibrio scophthalmi	5549.0	1140	18	8	1124	0.9929328621908127	0.9929824561403509	0.9859649122807017	0.9638275308305305
LKAP.g-Gut1_H02_002.seq	0	None	None	AJ421445	1367	Vibrionaceae	Vibrio ichthyoenteri	5557.0	1140	21	11	1125	0.9964570416297609	0.9903508771929824	0.9868421052631579	0.959642322861417
LKAP.g-Gut1_H02_002.seq	0	None	None	HF955040	1416	Vibrionaceae	Vibrio cortegadensis	5391.0	1132	19	14	1102	0.9856887298747764	0.9876325088339223	0.9734982332155477	0.9455873368679255
LKAP.g-Gut1_H02_002.seq	0	None	None	AJ515230	1321	Vibrionaceae	Vibrio splendidus	5139.0	1082	23	17	1052	0.9877934272300469	0.9842883548983364	0.9722735674676525	0.9370781442109049
LKAP.g-Gut1_H02_002.seq	0	None	None	AB428897	1298	Vibrionaceae	Vibrio azureus	5185.0	1092	23	18	1061	0.9878957169459963	0.9835164835164835	0.9716117216117216	0.9358842950771202

LKAP.g-Gut1_E09_071.seq	0	None	None	X74702	1467	Vibrionaceae	Aliivibrio fischeri	5480.0	1120	7	8	1106	0.9946043165467626	0.9937444146559428	0.9875	0.9743566992014199
LKAP.g-Gut1_E09_071.seq	0	None	None	AB464964	1401	Vibrionaceae	Aliivibrio sifiae	5186.0	1108	23	37	1063	0.992530345471522	0.9789762340036563	0.9593862815884476	0.9084904576315008
LKAP.g-Gut1_E09_071.seq	0	None	None	EU541604	1524	Vibrionaceae	Aliivibrio finisterrensis	5294.0	1119	52	28	1087	0.9963336388634281	0.9749776586237712	0.9714030384271671	0.9050390392177962
LKAP.g-Gut1_E09_071.seq	0	None	None	AJ310647	1542	Vibrionaceae	Vibrio agarivorans	5203.0	1120	32	33	1074	0.9880404783808647	0.9714030384271671	0.9589285714285715	0.9048223586309524
LKAP.g-Gut1_E09_071.seq	0	None	None	FN796493	1529	Vibrionaceae	Photobacterium aphoticum	5078.0	1120	28	28	1060	0.9706959706959707	0.975	0.9464285714285714	0.9002613240418118

LKAP.g-Gut1_G07_051.seq	0	None	None	X74689	1427	Vibrionaceae	Vibrio aestuarianus	2827.0	995	452	205	770	0.9746835443037974	0.7939698492462312	0.7738693467336684	0.4224995051275729
LKAP.g-Gut1_G07_051.seq	0	None	None	AF462458	1460	Vibrionaceae	Vibrio ruber	2785.0	995	452	204	767	0.9696586599241467	0.7949748743718593	0.770854271356784	0.42138612898632766
LKAP.g-Gut1_G07_051.seq	0	None	None	AJ440005	1465	Vibrionaceae	Vibrio coralliilyticus	2786.0	995	461	202	768	0.9684741488020177	0.7969849246231155	0.771859296482412	0.42038765254845656
LKAP.g-Gut1_G07_051.seq	0	None	None	AJ421445	1367	Vibrionaceae	Vibrio ichthyoenteri	2800.0	995	454	207	767	0.9733502538071066	0.7919597989949749	0.770854271356784	0.4192085340435789
LKAP.g-Gut1_G07_051.seq	0	None	None	U46579	1497	Vibrionaceae	Vibrio scophthalmi	2788.0	995	454	207	766	0.9720812182741116	0.7919597989949749	0.7698492462311558	0.418661977936612

LKAP.g-Gut1_C08_060.seq	0	None	None	JQ434120	1507	Vibrionaceae	Vibrio crosai	2290.0	800	391	149	631	0.9692780337941628	0.81375	0.78875	0.43113035264483623
LKAP.g-Gut1_C08_060.seq	0	None	None	GU018180	1421	Vibrionaceae	Vibrio owensii	2264.0	791	381	149	622	0.9688473520249221	0.8116308470290771	0.786346396965866	0.4307460638669675
LKAP.g-Gut1_C08_060.seq	0	None	None	AB562589	1400	Vibrionaceae	Vibrio jasicida	2257.0	789	381	149	621	0.9703125	0.8111533586818758	0.7870722433460076	0.4305352442234571
LKAP.g-Gut1_C08_060.seq	0	None	None	X74714	1466	Vibrionaceae	Vibrio natriegens	2290.0	800	392	150	631	0.9707692307692307	0.8125	0.78875	0.43010696308724833
LKAP.g-Gut1_C08_060.seq	0	None	None	AJ316187	1468	Vibrionaceae	Vibrio rotiferianus	2294.0	800	393	151	631	0.9722650231124808	0.81125	0.78875	0.4290852891869237

LKAP.g-Gut1_A10_080.seq	0	None	None	X74714	1466	Vibrionaceae	Vibrio natriegens	4634.0	958	13	9	941	0.9915700737618546	0.9906054279749478	0.9822546972860126	0.9599996989952894
LKAP.g-Gut1_A10_080.seq	0	None	None	GU018180	1421	Vibrionaceae	Vibrio owensii	4569.0	953	10	9	931	0.986228813559322	0.9905561385099685	0.9769150052465897	0.957640462048578
LKAP.g-Gut1_A10_080.seq	0	None	None	AB562589	1400	Vibrionaceae	Vibrio jasicida	4548.0	951	10	9	928	0.9851380042462845	0.9905362776025236	0.9758149316508938	0.9565220245735089
LKAP.g-Gut1_A10_080.seq	0	None	None	GU078672	1470	Vibrionaceae	Vibrio communis	4595.0	958	13	9	937	0.9873551106427819	0.9906054279749478	0.9780793319415448	0.9559189351313347
LKAP.g-Gut1_A10_080.seq	0	None	None	AJ316187	1468	Vibrionaceae	Vibrio rotiferianus	4586.0	958	13	9	936	0.9863013698630136	0.9906054279749478	0.9770354906054279	0.9548987441653461

LKAP.g-Gut1_B01_013.seq	0	None	None	AB428909	1298	Vibrionaceae	Vibrio sagamiensis	5000.0	1032	5	9	1013	0.9902248289345064	0.995136186770428	0.9815891472868217	0.9683372205153505
LKAP.g-Gut1_B01_013.seq	0	None	None	FN687911	1484	Vibrionaceae	Vibrio inhibens	5255.0	1087	12	10	1067	0.9907149489322191	0.9908003679852806	0.9816007359705612	0.9619508577254727
LKAP.g-Gut1_B01_013.seq	0	None	None	GU018180	1421	Vibrionaceae	Vibrio owensii	5236.0	1081	10	12	1061	0.9925163704396632	0.9907321594068582	0.9814986123959297	0.9617067063714472
LKAP.g-Gut1_B01_013.seq	0	None	None	AJ316187	1468	Vibrionaceae	Vibrio rotiferianus	5267.0	1087	15	13	1068	0.994413407821229	0.9880404783808647	0.9825206991720331	0.9575564708809108
LKAP.g-Gut1_B01_013.seq	0	None	None	GU078672	1470	Vibrionaceae	Vibrio communis	5258.0	1087	15	13	1067	0.9934823091247672	0.9880404783808647	0.9816007359705612	0.9566598824250296

LKAP.g-Gut1_E05_039.seq	0	None	None	AM162656	1365	Vibrionaceae	Vibrio cyclitrophicus	2391.0	739	146	127	583	0.9526143790849673	0.8281461434370772	0.7889039242219216	0.5455471204788882
LKAP.g-Gut1_E05_039.seq	0	None	None	EF094888	1498	Vibrionaceae	Vibrio gigantis	2546.0	785	170	133	624	0.9570552147239264	0.8305732484076433	0.7949044585987262	0.5426991696401775
LKAP.g-Gut1_E05_039.seq	0	None	None	EF094887	1496	Vibrionaceae	Vibrio crassostreae	2545.0	785	170	133	624	0.9570552147239264	0.8305732484076433	0.7949044585987262	0.5426991696401775
LKAP.g-Gut1_E05_039.seq	0	None	None	HE978310	1507	Vibrionaceae	Vibrio toranzoniae	2527.0	781	162	135	618	0.9566563467492261	0.8271446862996159	0.7912932138284251	0.5420736120182
LKAP.g-Gut1_E05_039.seq	0	None	None	AM162657	1392	Vibrionaceae	Vibrio kanaloae	2356.0	733	148	127	577	0.9521452145214522	0.8267394270122783	0.7871759890859482	0.5414627121294945

LKAP.g-Gut1_H10_066.seq	0	None	None	FJ232451	1429	Rhodobacteraceae	Sedimentitalea nanhaiensis	5255.0	1058	7	3	1055	1.0	0.997164461247637	0.997164461247637	0.9878014146631522
LKAP.g-Gut1_H10_066.seq	0	None	None	AY005463	1431	Rhodobacteraceae	Leisingera methylohalidivorans	5012.0	1058	21	16	1027	0.9856046065259118	0.9848771266540642	0.9706994328922496	0.937413168743025
LKAP.g-Gut1_H10_066.seq	0	None	None	AM900415	1396	Rhodobacteraceae	Leisingera aquimarina	4996.0	1058	25	19	1025	0.9865255052935515	0.9820415879017014	0.9688090737240076	0.9294484096022566
LKAP.g-Gut1_H10_066.seq	0	None	None	AJ968651	1275	Rhodobacteraceae	Tateyamaria pelophila	4895.0	1058	19	22	1012	0.9768339768339769	0.9819905213270143	0.9565217391304348	0.9201081910298333
LKAP.g-Gut1_H10_066.seq	0	None	None	AY177712	1386	Rhodobacteraceae	Phaeobacter inhibens	4949.0	1058	28	24	1019	0.9854932301740812	0.9773156899810964	0.9631379962192816	0.9170208914279349

LKAP.g-Gut1_B09_077.seq	0	None	None	AB255401	1387	Rhodobacteraceae	Ruegeria mobilis	5461.0	1115	16	9	1103	0.9972875226039783	0.9919282511210762	0.989237668161435	0.9673712298731628
LKAP.g-Gut1_B09_077.seq	0	None	None	JQ807219	1384	Rhodobacteraceae	Ruegeria arenilitoris	5250.0	1115	22	15	1079	0.980909090909091	0.9865470852017937	0.967713004484305	0.9362219040745255
LKAP.g-Gut1_B09_077.seq	0	None	None	D88526	1384	Rhodobacteraceae	Ruegeria atlantica	5243.0	1115	24	18	1077	0.9817684594348223	0.9838565022421525	0.9659192825112107	0.930301538994555
LKAP.g-Gut1_B09_077.seq	0	None	None	GU057915	1417	Rhodobacteraceae	Ruegeria faecimaris	5280.0	1115	28	20	1082	0.9881278538812786	0.9820627802690582	0.9704035874439462	0.9296517307533868
LKAP.g-Gut1_B09_077.seq	0	None	None	U77644	1339	Rhodobacteraceae	Silicibacter lacuscaerulensis	5201.0	1115	25	18	1073	0.9781221513217867	0.9838565022421525	0.9623318385650225	0.9260333569349384

LKAP.g-Gut1_C03_027.seq	0	None	None	AY960847	1474	Vibrionaceae	Photobacterium ganghwense	5412.0	1147	37	30	1109	0.9928379588182632	0.97384481255449	0.966870095902354	0.9121570077051768
LKAP.g-Gut1_C03_027.seq	0	None	None	GU929924	1328	Vibrionaceae	Vibrio variabilis	4442.0	980	40	22	925	0.965553235908142	0.9775510204081632	0.9438775510204082	0.8865046018407362
LKAP.g-Gut1_C03_027.seq	0	None	None	JF751050	1407	Vibrionaceae	Photobacterium aestuarii	5094.0	1126	45	38	1064	0.9779411764705882	0.9662522202486679	0.9449378330373002	0.8779610267673634
LKAP.g-Gut1_C03_027.seq	0	None	None	GQ260188	1474	Vibrionaceae	Photobacterium gaetbulicola	5235.0	1147	50	43	1088	0.9855072463768116	0.962510897994769	0.948561464690497	0.8748637067822127
LKAP.g-Gut1_C03_027.seq	0	None	None	AB016982	1408	Vibrionaceae	Photobacterium indicum	4917.0	1099	44	41	1031	0.9744801512287334	0.9626933575978162	0.9381255686988171	0.8683612000729208

LKAP.g-Gut1_G06_036.seq	0	None	None	AM411030	1512	Flavobacteriaceae	Tenacibaculum discolor	5535.0	1119	15	2	1115	0.9982094897045658	0.998212689901698	0.9964253798033958	0.9814877859262726
LKAP.g-Gut1_G06_036.seq	0	None	None	AY962294	1446	Flavobacteriaceae	Tenacibaculum litoreum	5499.0	1119	16	3	1111	0.9955197132616488	0.9973190348525469	0.9928507596067918	0.9762303504151362
LKAP.g-Gut1_G06_036.seq	0	None	None	AM746477	1518	Flavobacteriaceae	Tenacibaculum gallaicum	5369.0	1119	27	17	1094	0.9927404718693285	0.9848078641644326	0.9776586237712243	0.94012199249205
LKAP.g-Gut1_G06_036.seq	0	None	None	EU428783	1396	Flavobacteriaceae	Tenacibaculum crassostreae	5330.0	1117	30	18	1090	0.991810737033667	0.9838854073410922	0.9758281110116384	0.9349913635586665
LKAP.g-Gut1_G06_036.seq	0	None	None	EF416572	1434	Flavobacteriaceae	Tenacibaculum aiptasiae	5274.0	1106	28	20	1078	0.992633517495396	0.9819168173598554	0.9746835443037974	0.93342709798406

LKAP.g-Gut1_H03_017.seq	0	None	None	HE978310	1507	Vibrionaceae	Vibrio toranzoniae	5546.0	1133	11	9	1120	0.99644128113879	0.9920564872021183	0.9885260370697264	0.9712441133447312
LKAP.g-Gut1_H03_017.seq	0	None	None	EF094888	1498	Vibrionaceae	Vibrio gigantis	5559.0	1135	14	10	1122	0.9973333333333333	0.9911894273127754	0.9885462555066079	0.9678977697519007
LKAP.g-Gut1_H03_017.seq	0	None	None	EF094887	1496	Vibrionaceae	Vibrio crassostreae	5553.0	1135	14	10	1121	0.9964444444444445	0.9911894273127754	0.9876651982378855	0.9670351157681646
LKAP.g-Gut1_H03_017.seq	0	None	None	EF599164	1544	Vibrionaceae	Vibrio artabrorum	5539.0	1135	15	10	1120	0.9955555555555555	0.9911894273127754	0.986784140969163	0.9653323118176594
LKAP.g-Gut1_H03_017.seq	0	None	None	AJ491290	1507	Vibrionaceae	Vibrio pomeroyi	5535.0	1135	14	10	1117	0.9928888888888889	0.9911894273127754	0.9841409691629956	0.9635844998332203

LKAP.g-Gut1_D07_057.seq	0	None	None	GU018180	1421	Vibrionaceae	Vibrio owensii	5449.0	1110	18	4	1101	0.9954792043399638	0.9963963963963964	0.9918918918918919	0.9725464826528656
LKAP.g-Gut1_D07_057.seq	0	None	None	GU078672	1470	Vibrionaceae	Vibrio communis	5458.0	1113	20	4	1104	0.9954914337240758	0.9964061096136568	0.9919137466307277	0.970902334522045
LKAP.g-Gut1_D07_057.seq	0	None	None	AB562589	1400	Vibrionaceae	Vibrio jasicida	5419.0	1108	18	4	1097	0.9936594202898551	0.9963898916967509	0.990072202166065	0.9707279850722342
LKAP.g-Gut1_D07_057.seq	0	None	None	AJ316187	1468	Vibrionaceae	Vibrio rotiferianus	5449.0	1113	20	4	1103	0.9945897204688909	0.9964061096136568	0.9910152740341419	0.9700228940016445
LKAP.g-Gut1_D07_057.seq	0	None	None	X74714	1466	Vibrionaceae	Vibrio natriegens	5442.0	1113	20	4	1102	0.9936880072137061	0.9964061096136568	0.9901168014375562	0.9691434534812444

LKAP.g-Gut1_E10_072.seq	0	None	None	AB720724	1501	Pseudoalteromonadaceae	Pseudoalteromonas shioyasakiensis	5144.0	1072	43	15	1050	0.9933774834437086	0.9860074626865671	0.9794776119402985	0.928527207014256
LKAP.g-Gut1_E10_072.seq	0	None	None	U85855	1449	Pseudoalteromonadaceae	Pseudoalteromonas prydzensis	5061.0	1072	18	25	1035	0.9885386819484241	0.9830985915492958	0.9654850746268657	0.9273971313158976
LKAP.g-Gut1_E10_072.seq	0	None	None	AJ507251	1483	Pseudoalteromonadaceae	Pseudoalteromonas mariniglutinosa	5068.0	1071	15	29	1033	0.991362763915547	0.9858088930936613	0.9645191409897292	0.9254410174137182
LKAP.g-Gut1_E10_072.seq	0	None	None	AY563031	1371	Pseudoalteromonadaceae	Pseudoalteromonas marina	4720.0	1012	17	24	971	0.9827935222672065	0.9830845771144279	0.9594861660079052	0.9212559106081732
LKAP.g-Gut1_E10_072.seq	0	None	None	FJ404721	1503	Pseudoalteromonadaceae	Pseudoalteromonas lipolytica	5075.0	1072	47	19	1043	0.9905033238366572	0.9822761194029851	0.9729477611940298	0.9155621023568485

LKAP.g-Gut1_C09_075.seq	0	None	None	AJ293802	1544	Vibrionaceae	Vibrio pelagius	2399.0	731	126	111	583	0.9403225806451613	0.8481532147742818	0.7975376196990424	0.5769817085337297
LKAP.g-Gut1_C09_075.seq	0	None	None	AB428897	1298	Vibrionaceae	Vibrio azureus	2216.0	673	114	105	536	0.9436619718309859	0.8439821693907875	0.7964338781575037	0.5748086947820357
LKAP.g-Gut1_C09_075.seq	0	None	None	AJ514916	1505	Vibrionaceae	Vibrio fortis	2390.0	731	127	112	582	0.9402261712439418	0.8467852257181943	0.7961696306429549	0.5743927754871667
LKAP.g-Gut1_C09_075.seq	0	None	None	AB562589	1400	Vibrionaceae	Vibrio jasicida	2356.0	721	123	113	572	0.9407894736842105	0.8432732316227461	0.7933425797503467	0.5715074508154157
LKAP.g-Gut1_C09_075.seq	0	None	None	AJ316187	1468	Vibrionaceae	Vibrio rotiferianus	2395.0	731	129	114	582	0.9432739059967585	0.8440492476060192	0.7961696306429549	0.5712054210543059

LKAP.g-Gut1_C11_091.seq	0	None	None	AY960847	1474	Vibrionaceae	Photobacterium ganghwense	5432.0	1148	41	33	1112	0.9973094170403587	0.9712543554006968	0.9686411149825784	0.9083556292729815
LKAP.g-Gut1_C11_091.seq	0	None	None	GU929924	1328	Vibrionaceae	Vibrio variabilis	4435.0	970	35	22	919	0.9694092827004219	0.977319587628866	0.9474226804123711	0.8936882597322665
LKAP.g-Gut1_C11_091.seq	0	None	None	JF751050	1407	Vibrionaceae	Photobacterium aestuarii	5082.0	1116	39	37	1058	0.9805375347544022	0.9668458781362007	0.9480286738351255	0.8856475662927276
LKAP.g-Gut1_C11_091.seq	0	None	None	AB016982	1408	Vibrionaceae	Photobacterium indicum	4921.0	1089	39	41	1027	0.9799618320610687	0.9641214351425943	0.9430670339761249	0.8761828471693075
LKAP.g-Gut1_C11_091.seq	0	None	None	GQ260188	1474	Vibrionaceae	Photobacterium gaetbulicola	5262.0	1148	53	45	1092	0.9900271985494107	0.960801393728223	0.9512195121951219	0.8736012672366524

LKAP.g-Gut1_F01_005.seq	0	None	None	EF094888	1498	Vibrionaceae	Vibrio gigantis	5515.0	1115	9	3	1109	0.9973021582733813	0.9973094170403587	0.9946188340807175	0.9840001276670444
LKAP.g-Gut1_F01_005.seq	0	None	None	EF094887	1496	Vibrionaceae	Vibrio crassostreae	5509.0	1115	9	3	1108	0.9964028776978417	0.9973094170403587	0.9937219730941704	0.9831128417088235
LKAP.g-Gut1_F01_005.seq	0	None	None	HE978310	1507	Vibrionaceae	Vibrio toranzoniae	5472.0	1112	8	4	1103	0.9954873646209387	0.9964028776978417	0.9919064748201439	0.9812789054470709
LKAP.g-Gut1_F01_005.seq	0	None	None	EF599164	1544	Vibrionaceae	Vibrio artabrorum	5491.0	1115	10	3	1106	0.9946043165467626	0.9973094170403587	0.9919282511210762	0.9804659691081214
LKAP.g-Gut1_F01_005.seq	0	None	None	AJ491290	1507	Vibrionaceae	Vibrio pomeroyi	5491.0	1115	9	3	1104	0.9928057553956835	0.9973094170403587	0.9901345291479821	0.9795636978759394

LKAP.g-Gut1_H06_034.seq	0	None	None	X76333	1536	Vibrionaceae	Vibrio vulnificus	5321.0	1080	14	5	1073	0.998139534883721	0.9953703703703703	0.9935185185185185	0.9762636265149977
LKAP.g-Gut1_H06_034.seq	0	None	None	X74715	1352	Vibrionaceae	Vibrio navarrensis	5202.0	1080	20	11	1059	0.990645463049579	0.9898148148148148	0.9805555555555555	0.952921717171717
LKAP.g-Gut1_H06_034.seq	0	None	None	GQ352641	1338	Vibrionaceae	Vibrio plantisponsor	5026.0	1040	18	14	1021	0.9951267056530214	0.9865384615384616	0.9817307692307692	0.9520375890649992
LKAP.g-Gut1_H06_034.seq	0	None	None	X74701	1456	Vibrionaceae	Vibrio diazotrophicus	5203.0	1080	23	14	1059	0.9934333958724203	0.987037037037037	0.9805555555555555	0.9476629394580436
LKAP.g-Gut1_H06_034.seq	0	None	None	X76335	1537	Vibrionaceae	Vibrio fluvialis	5161.0	1080	23	13	1055	0.9887535145267105	0.9879629629629629	0.9768518518518519	0.9449691078204223

LKAP.g-Gut1_G04_020.seq	0	None	None	AB428909	1298	Vibrionaceae	Vibrio sagamiensis	5198.0	1090	28	20	1062	0.9925233644859813	0.981651376146789	0.9743119266055046	0.9324810031018693
LKAP.g-Gut1_G04_020.seq	0	None	None	AB428897	1298	Vibrionaceae	Vibrio azureus	5183.0	1090	30	22	1060	0.9925093632958801	0.9798165137614679	0.9724770642201835	0.9273263433813893
LKAP.g-Gut1_G04_020.seq	0	None	None	HF955040	1416	Vibrionaceae	Vibrio cortegadensis	5393.0	1128	34	24	1100	0.9963768115942029	0.9787234042553191	0.975177304964539	0.9265023620317135
LKAP.g-Gut1_G04_020.seq	0	None	None	AJ421445	1367	Vibrionaceae	Vibrio ichthyoenteri	5347.0	1136	37	22	1100	0.9874326750448833	0.9806338028169014	0.9683098591549296	0.9196054416867787
LKAP.g-Gut1_G04_020.seq	0	None	None	X74689	1427	Vibrionaceae	Vibrio aestuarianus	5383.0	1136	39	24	1103	0.9919064748201439	0.9788732394366197	0.9709507042253521	0.9188912196583757

LKAP.g-Gut1_A06_048.seq	0	None	None	AB428909	1298	Vibrionaceae	Vibrio sagamiensis	5322.0	1096	21	6	1081	0.9917431192660551	0.9945255474452555	0.9863138686131386	0.9624727992733404
LKAP.g-Gut1_A06_048.seq	0	None	None	FN687911	1484	Vibrionaceae	Vibrio inhibens	5577.0	1151	28	7	1135	0.9921328671328671	0.9939183318853171	0.9860990443092963	0.9568255357844233
LKAP.g-Gut1_A06_048.seq	0	None	None	GU018180	1421	Vibrionaceae	Vibrio owensii	5566.0	1145	27	10	1130	0.9955947136563876	0.9912663755458515	0.9868995633187773	0.9557431777873825
LKAP.g-Gut1_A06_048.seq	0	None	None	X74714	1466	Vibrionaceae	Vibrio natriegens	5591.0	1151	31	10	1136	0.9956178790534619	0.9913119026933102	0.9869678540399652	0.9527329284768192
LKAP.g-Gut1_A06_048.seq	0	None	None	GU078672	1470	Vibrionaceae	Vibrio communis	5589.0	1151	31	10	1136	0.9956178790534619	0.9913119026933102	0.9869678540399652	0.9527329284768192

LKAP.g-Gut1_H07_049.seq	0	None	None	X74689	1427	Vibrionaceae	Vibrio aestuarianus	5609.0	1137	16	0	1131	0.9947229551451188	1.0	0.9947229551451188	0.9809193408499567
LKAP.g-Gut1_H07_049.seq	0	None	None	AJ421445	1367	Vibrionaceae	Vibrio ichthyoenteri	5437.0	1137	22	6	1112	0.9832007073386384	0.9947229551451188	0.9780123131046614	0.9543847507518309
LKAP.g-Gut1_H07_049.seq	0	None	None	U46579	1497	Vibrionaceae	Vibrio scophthalmi	5422.0	1137	23	7	1110	0.9823008849557522	0.9938434476693052	0.9762532981530343	0.9510053680283869
LKAP.g-Gut1_H07_049.seq	0	None	None	AJ515230	1321	Vibrionaceae	Vibrio splendidus	5146.0	1078	22	11	1052	0.985941893158388	0.9897959183673469	0.9758812615955473	0.9466048237476808
LKAP.g-Gut1_H07_049.seq	0	None	None	HF955040	1416	Vibrionaceae	Vibrio cortegadensis	5419.0	1127	25	14	1104	0.9919137466307277	0.9875776397515528	0.9795918367346939	0.9464285714285714

LKAP.g-Gut1_H11_081.seq	0	None	None	AB205570	1413	Shewanellaceae	Shewanella algidipiscicola	5415.0	1102	3	5	1091	0.9945305378304466	0.9972727272727273	0.9900181488203267	0.9828505966116728
LKAP.g-Gut1_H11_081.seq	0	None	None	AY653177	1498	Shewanellaceae	Shewanella colwelliana	5480.0	1113	11	3	1105	0.9954954954954955	0.9973045822102425	0.9928122192273136	0.9804462307315998
LKAP.g-Gut1_H11_081.seq	0	None	None	AY485224	1500	Shewanellaceae	Shewanella marisflavi	5316.0	1113	22	12	1086	0.9863760217983651	0.9892183288409704	0.9757412398921833	0.9465119868910078
LKAP.g-Gut1_H11_081.seq	0	None	None	AB081760	1440	Shewanellaceae	Shewanella schlegeliana	5221.0	1102	20	15	1069	0.983440662373505	0.9863883847549909	0.97005444646098	0.9397942810187927
LKAP.g-Gut1_H11_081.seq	0	None	None	AY579752	1295	Shewanellaceae	Shewanella atlantica	5046.0	1068	16	16	1034	0.9828897338403042	0.9850187265917603	0.9681647940074907	0.9395842834832844

LKAP.g-Gut1_D02_010.seq	0	None	None	GU018180	1421	Vibrionaceae	Vibrio owensii	5207.0	1053	4	1	1047	0.9952471482889734	0.9990503323836657	0.9943019943019943	0.9895985790025524
LKAP.g-Gut1_D02_010.seq	0	None	None	AJ316187	1468	Vibrionaceae	Vibrio rotiferianus	5238.0	1059	7	1	1054	0.996219281663516	0.9990557129367328	0.9952785646836638	0.9878093071625856
LKAP.g-Gut1_D02_010.seq	0	None	None	GU078672	1470	Vibrionaceae	Vibrio communis	5229.0	1059	7	1	1053	0.995274102079395	0.9990557129367328	0.9943342776203966	0.9868721066814069
LKAP.g-Gut1_D02_010.seq	0	None	None	AB562589	1400	Vibrionaceae	Vibrio jasicida	5187.0	1051	6	3	1044	0.9961832061068703	0.9971455756422455	0.9933396764985728	0.9848817227724733
LKAP.g-Gut1_D02_010.seq	0	None	None	AY750575	1436	Vibrionaceae	Vibrio harveyi	5202.0	1058	7	1	1049	0.9924314096499527	0.999054820415879	0.9914933837429112	0.9840455461185513

LKAP.g-Gut1_B10_078.seq	0	None	None	GU018180	1421	Vibrionaceae	Vibrio owensii	5557.0	1136	10	5	1123	0.9929266136162688	0.9955985915492958	0.988556338028169	0.9756171189440306
LKAP.g-Gut1_B10_078.seq	0	None	None	GU078672	1470	Vibrionaceae	Vibrio communis	5571.0	1140	12	5	1127	0.9929515418502203	0.9956140350877193	0.9885964912280701	0.9740078277290447
LKAP.g-Gut1_B10_078.seq	0	None	None	AB562589	1400	Vibrionaceae	Vibrio jasicida	5527.0	1134	10	5	1119	0.9911426040744021	0.9955908289241623	0.9867724867724867	0.9738340363340363
LKAP.g-Gut1_B10_078.seq	0	None	None	AJ316187	1468	Vibrionaceae	Vibrio rotiferianus	5562.0	1140	12	5	1126	0.9920704845814978	0.9956140350877193	0.987719298245614	0.9731435794346979
LKAP.g-Gut1_B10_078.seq	0	None	None	X74714	1466	Vibrionaceae	Vibrio natriegens	5555.0	1140	12	5	1125	0.9911894273127754	0.9956140350877193	0.9868421052631579	0.9722793311403508

LKAP.g-Gut1_C06_044.seq	0	None	None	GU018180	1421	Vibrionaceae	Vibrio owensii	5324.0	1103	23	14	1082	0.9935720844811754	0.9873073436083409	0.9809610154125114	0.9487269500748001
LKAP.g-Gut1_C06_044.seq	0	None	None	AJ316187	1468	Vibrionaceae	Vibrio rotiferianus	5359.0	1108	26	14	1089	0.9954296160877514	0.9873646209386282	0.9828519855595668	0.9481834851870952
LKAP.g-Gut1_C06_044.seq	0	None	None	GU078672	1470	Vibrionaceae	Vibrio communis	5350.0	1108	26	14	1088	0.9945155393053017	0.9873646209386282	0.9819494584837545	0.9473127932815057
LKAP.g-Gut1_C06_044.seq	0	None	None	AB562589	1400	Vibrionaceae	Vibrio jasicida	5285.0	1101	23	14	1077	0.9908003679852806	0.9872842870118075	0.9782016348773842	0.946001047252417
LKAP.g-Gut1_C06_044.seq	0	None	None	X74714	1466	Vibrionaceae	Vibrio natriegens	5334.0	1108	26	14	1086	0.9926873857404022	0.9873646209386282	0.98014440433213	0.9455714094703265

LKAP.g-Gut1_B12_094.seq	0	None	None	GU018180	1421	Vibrionaceae	Vibrio owensii	4380.0	888	6	1	882	0.9943630214205186	0.9988738738738738	0.9932432432432432	0.9854661708688555
LKAP.g-Gut1_B12_094.seq	0	None	None	AB562589	1400	Vibrionaceae	Vibrio jasicida	4341.0	886	6	1	877	0.9909604519774011	0.9988713318284425	0.989841986455982	0.9820741681766189
LKAP.g-Gut1_B12_094.seq	0	None	None	GU078672	1470	Vibrionaceae	Vibrio communis	4418.0	897	10	2	891	0.9955307262569832	0.9977703455964325	0.9933110367892977	0.980169104659781
LKAP.g-Gut1_B12_094.seq	0	None	None	AB428897	1298	Vibrionaceae	Vibrio azureus	4120.0	839	6	3	831	0.9940191387559809	0.9964243146603099	0.9904648390941597	0.979915509447003
LKAP.g-Gut1_B12_094.seq	0	None	None	X74714	1466	Vibrionaceae	Vibrio natriegens	4409.0	897	10	2	890	0.994413407821229	0.9977703455964325	0.992196209587514	0.9790690271012403

LKAP.g-Gut1_F04_022.seq	0	None	None	AB720724	1501	Pseudoalteromonadaceae	Pseudoalteromonas shioyasakiensis	5442.0	1149	50	29	1116	0.9964285714285714	0.9747606614447345	0.9712793733681462	0.9072834847141982
LKAP.g-Gut1_F04_022.seq	0	None	None	AB576636	1501	Pseudoalteromonadaceae	Pseudoalteromonas arabiensis	5338.0	1149	26	39	1098	0.9891891891891892	0.977112676056338	0.9556135770234987	0.9027498472307094
LKAP.g-Gut1_F04_022.seq	0	None	None	AJ507251	1483	Pseudoalteromonadaceae	Pseudoalteromonas mariniglutinosa	5320.0	1144	26	43	1092	0.9918256130790191	0.976929902395741	0.9545454545454546	0.8982517482517482
LKAP.g-Gut1_F04_022.seq	0	None	None	U85855	1449	Pseudoalteromonadaceae	Pseudoalteromonas prydzensis	5328.0	1149	29	41	1097	0.990072202166065	0.9744942832014072	0.9547432550043516	0.8980097848428028
LKAP.g-Gut1_F04_022.seq	0	None	None	FJ404721	1503	Pseudoalteromonadaceae	Pseudoalteromonas lipolytica	5368.0	1149	52	31	1108	0.9910554561717353	0.9730200174064404	0.9643167972149695	0.8976737546097717

LKAP.g-Gut1_G02_004.seq	0	None	None	EF094888	1498	Vibrionaceae	Vibrio gigantis	5615.0	1157	12	8	1138	0.9904264577893821	0.993085566119274	0.9835782195332757	0.9667505339980613
LKAP.g-Gut1_G02_004.seq	0	None	None	EF094887	1496	Vibrionaceae	Vibrio crassostreae	5609.0	1157	12	8	1137	0.9895561357702349	0.993085566119274	0.982713915298185	0.9659010168328611
LKAP.g-Gut1_G02_004.seq	0	None	None	HE978310	1507	Vibrionaceae	Vibrio toranzoniae	5567.0	1153	11	9	1131	0.9886363636363636	0.9921942758022549	0.9809193408499567	0.9640650566429128
LKAP.g-Gut1_G02_004.seq	0	None	None	EF599164	1544	Vibrionaceae	Vibrio artabrorum	5591.0	1157	13	8	1135	0.9878154917319408	0.993085566119274	0.9809853068280034	0.963377878243911
LKAP.g-Gut1_G02_004.seq	0	None	None	AJ491290	1507	Vibrionaceae	Vibrio pomeroyi	5591.0	1157	12	8	1133	0.9860748476936466	0.993085566119274	0.9792566983578219	0.9625029481720593

LKAP.g-Gut1_B03_029.seq	0	None	None	GU018180	1421	Vibrionaceae	Vibrio owensii	5301.0	1106	11	10	1080	0.9854014598540146	0.9909584086799277	0.976491862567812	0.9581334658677905
LKAP.g-Gut1_B03_029.seq	0	None	None	AB428897	1298	Vibrionaceae	Vibrio azureus	5086.0	1057	11	12	1034	0.9894736842105263	0.9895833333333334	0.978240302743614	0.9571733299317197
LKAP.g-Gut1_B03_029.seq	0	None	None	AB562589	1400	Vibrionaceae	Vibrio jasicida	5273.0	1104	13	12	1076	0.9853479853479854	0.9891304347826086	0.9746376811594203	0.9528239461289946
LKAP.g-Gut1_B03_029.seq	0	None	None	GU078672	1470	Vibrionaceae	Vibrio communis	5320.0	1111	16	12	1085	0.9872611464968153	0.9891989198919892	0.9765976597659766	0.9523343638711698
LKAP.g-Gut1_B03_029.seq	0	None	None	X99762	1376	Vibrionaceae	Vibrio diabolicus	5327.0	1106	16	15	1083	0.9926672777268561	0.9864376130198915	0.9792043399638336	0.9521496745994139

LKAP.g-Gut1_G08_052.seq	0	None	None	AM411030	1512	Flavobacteriaceae	Tenacibaculum discolor	5726.0	1165	21	5	1157	0.9974137931034482	0.9957081545064378	0.9931330472103004	0.9713611591601589
LKAP.g-Gut1_G08_052.seq	0	None	None	AY962294	1446	Flavobacteriaceae	Tenacibaculum litoreum	5691.0	1165	24	8	1153	0.996542783059637	0.9931330472103004	0.9896995708154507	0.9630634175218473
LKAP.g-Gut1_G08_052.seq	0	None	None	AM746477	1518	Flavobacteriaceae	Tenacibaculum gallaicum	5560.0	1165	33	20	1136	0.9921397379912664	0.9828326180257511	0.975107296137339	0.9319681586621479
LKAP.g-Gut1_G08_052.seq	0	None	None	EU428783	1396	Flavobacteriaceae	Tenacibaculum crassostreae	5521.0	1163	39	23	1132	0.9929824561403509	0.9802235597592434	0.9733447979363714	0.9231389930511342
LKAP.g-Gut1_G08_052.seq	0	None	None	EF416572	1434	Flavobacteriaceae	Tenacibaculum aiptasiae	5465.0	1152	36	24	1120	0.9929078014184397	0.9791666666666666	0.9722222222222222	0.9231200897867565

LKAP.g-Gut1_G09_067.seq	0	None	None	AM411030	1512	Flavobacteriaceae	Tenacibaculum discolor	5711.0	1157	17	2	1152	0.9974025974025974	0.9982713915298185	0.9956784788245462	0.9795644318929734
LKAP.g-Gut1_G09_067.seq	0	None	None	AY962294	1446	Flavobacteriaceae	Tenacibaculum litoreum	5675.0	1157	18	3	1148	0.9948006932409013	0.9974070872947277	0.9922212618841832	0.9744879457143382
LKAP.g-Gut1_G09_067.seq	0	None	None	AM746477	1518	Flavobacteriaceae	Tenacibaculum gallaicum	5545.0	1157	29	17	1131	0.9921052631578947	0.9853068280034573	0.9775280898876404	0.9396138469409022
LKAP.g-Gut1_G09_067.seq	0	None	None	EU428783	1396	Flavobacteriaceae	Tenacibaculum crassostreae	5509.0	1156	33	18	1128	0.9912126537785588	0.9844290657439446	0.9757785467128027	0.933924294498881
LKAP.g-Gut1_G09_067.seq	0	None	None	EF416572	1434	Flavobacteriaceae	Tenacibaculum aiptasiae	5447.0	1144	32	20	1115	0.9919928825622776	0.9825174825174825	0.9746503496503497	0.931553565482137

LKAP.g-Gut1_A05_047.seq	0	None	None	X99761	1441	Vibrionaceae	Vibrio mytili	5550.0	1163	30	23	1134	0.9947368421052631	0.9802235597592434	0.9750644883920895	0.9317464516068584
LKAP.g-Gut1_A05_047.seq	0	None	None	X99762	1376	Vibrionaceae	Vibrio diabolicus	5441.0	1157	32	29	1118	0.9911347517730497	0.9749351771823682	0.9662921348314607	0.9167178537341361
LKAP.g-Gut1_A05_047.seq	0	None	None	X74714	1466	Vibrionaceae	Vibrio natriegens	5472.0	1163	37	30	1125	0.9929390997352162	0.9742046431642304	0.9673258813413586	0.913316852966466
LKAP.g-Gut1_A05_047.seq	0	None	None	GU018180	1421	Vibrionaceae	Vibrio owensii	5411.0	1157	33	30	1115	0.9893522626441881	0.9740708729472775	0.9636992221261884	0.9126798515430372
LKAP.g-Gut1_A05_047.seq	0	None	None	AB562589	1400	Vibrionaceae	Vibrio jasicida	5401.0	1155	33	30	1113	0.9893333333333333	0.974025974025974	0.9636363636363636	0.912534435261708

LKAP.g-Gut1_D03_025.seq	0	None	None	AJ316187	1468	Vibrionaceae	Vibrio rotiferianus	5508.0	1132	14	9	1116	0.993766696349065	0.9920494699646644	0.9858657243816255	0.9660795885519767
LKAP.g-Gut1_D03_025.seq	0	None	None	GU018180	1421	Vibrionaceae	Vibrio owensii	5481.0	1129	12	9	1111	0.9919642857142857	0.9920283436669619	0.9840566873339238	0.9659452145609068
LKAP.g-Gut1_D03_025.seq	0	None	None	GU078672	1470	Vibrionaceae	Vibrio communis	5499.0	1132	14	9	1115	0.9928762243989314	0.9920494699646644	0.984982332155477	0.9652139258382205
LKAP.g-Gut1_D03_025.seq	0	None	None	AB562589	1400	Vibrionaceae	Vibrio jasicida	5442.0	1127	12	9	1106	0.9892665474060823	0.9920141969831411	0.9813664596273292	0.9632727847790642
LKAP.g-Gut1_D03_025.seq	0	None	None	X74714	1466	Vibrionaceae	Vibrio natriegens	5503.0	1132	16	11	1115	0.9946476360392507	0.9902826855123675	0.984982332155477	0.9618163713817856

LKAP.g-Gut1_G12_084.seq	0	None	None	AJ316187	1468	Vibrionaceae	Vibrio rotiferianus	2607.0	897	391	169	704	0.967032967032967	0.8115942028985508	0.7848383500557413	0.4436042848141146
LKAP.g-Gut1_G12_084.seq	0	None	None	GU078672	1470	Vibrionaceae	Vibrio communis	2601.0	897	393	171	703	0.9683195592286501	0.8093645484949833	0.7837235228539576	0.44107230821083193
LKAP.g-Gut1_G12_084.seq	0	None	None	FN687911	1484	Vibrionaceae	Vibrio inhibens	2582.0	897	393	171	701	0.9655647382920111	0.8093645484949833	0.7814938684503902	0.43981747945347544
LKAP.g-Gut1_G12_084.seq	0	None	None	GU018180	1421	Vibrionaceae	Vibrio owensii	2570.0	890	392	171	696	0.9680111265646731	0.8078651685393259	0.7820224719101123	0.4385913863520833
LKAP.g-Gut1_G12_084.seq	0	None	None	AY254040	1517	Vibrionaceae	Vibrio hispanicus	2564.0	897	394	172	699	0.9641379310344828	0.8082497212931996	0.7792642140468228	0.437619330119246

LKAP.g-Gut1_C07_059.seq	0	None	None	AJ316187	1468	Vibrionaceae	Vibrio rotiferianus	5588.0	1140	13	6	1129	0.9955908289241623	0.9947368421052631	0.9903508771929824	0.9740311316017711
LKAP.g-Gut1_C07_059.seq	0	None	None	GU018180	1421	Vibrionaceae	Vibrio owensii	5556.0	1136	11	6	1123	0.9938053097345133	0.9947183098591549	0.988556338028169	0.9739046747792772
LKAP.g-Gut1_C07_059.seq	0	None	None	X74714	1466	Vibrionaceae	Vibrio natriegens	5581.0	1140	13	6	1128	0.9947089947089947	0.9947368421052631	0.9894736842105263	0.9731683936641257
LKAP.g-Gut1_C07_059.seq	0	None	None	GU078672	1470	Vibrionaceae	Vibrio communis	5579.0	1140	13	6	1128	0.9947089947089947	0.9947368421052631	0.9894736842105263	0.9731683936641257
LKAP.g-Gut1_C07_059.seq	0	None	None	AB562589	1400	Vibrionaceae	Vibrio jasicida	5517.0	1134	11	6	1118	0.9911347517730497	0.9947089947089947	0.9858906525573192	0.9712529747464245

LKAP.g-Gut1_E03_023.seq	0	None	None	AB720724	1501	Pseudoalteromonadaceae	Pseudoalteromonas shioyasakiensis	4984.0	1040	48	18	1019	0.99706457925636	0.9826923076923076	0.9798076923076923	0.9203708286199095
LKAP.g-Gut1_E03_023.seq	0	None	None	U85855	1449	Pseudoalteromonadaceae	Pseudoalteromonas prydzensis	4911.0	1041	23	28	1005	0.9921026653504442	0.9777992277992278	0.9654178674351584	0.9191431388268942
LKAP.g-Gut1_E03_023.seq	0	None	None	AJ507251	1483	Pseudoalteromonadaceae	Pseudoalteromonas mariniglutinosa	4913.0	1041	20	31	1003	0.9930693069306931	0.9805825242718447	0.9634966378482228	0.9171834158592884
LKAP.g-Gut1_E03_023.seq	0	None	None	AY563031	1371	Pseudoalteromonadaceae	Pseudoalteromonas marina	4574.0	982	22	26	942	0.9853556485355649	0.9775051124744376	0.9592668024439919	0.9134054413709723
LKAP.g-Gut1_E03_023.seq	0	None	None	FJ404721	1503	Pseudoalteromonadaceae	Pseudoalteromonas lipolytica	4928.0	1040	50	20	1013	0.9931372549019608	0.9807692307692307	0.9740384615384615	0.911485532815808

LKAP.g-Gut1_A03_031.seq	0	None	None	AF388386	1514	Vibrionaceae	Vibrio parahaemolyticus	2988.0	1142	595	258	861	0.9739819004524887	0.7740805604203153	0.7539404553415061	0.3836979634553203
LKAP.g-Gut1_A03_031.seq	0	None	None	AJ316187	1468	Vibrionaceae	Vibrio rotiferianus	2947.0	1135	580	262	850	0.9736540664375716	0.7691629955947137	0.748898678414097	0.38121781122770065
LKAP.g-Gut1_A03_031.seq	0	None	None	AB500096	1506	Arenicellaceae	Arenicella xantha	2915.0	1141	611	255	857	0.9672686230248307	0.7765118317265557	0.7510955302366346	0.37983484006259033
LKAP.g-Gut1_A03_031.seq	0	None	None	GU078672	1470	Vibrionaceae	Vibrio communis	2940.0	1135	582	264	849	0.9747416762342136	0.7674008810572687	0.7480176211453744	0.37945448341154403
LKAP.g-Gut1_A03_031.seq	0	None	None	JF316656	1497	Vibrionaceae	Vibrio alfacsensis	2947.0	1141	594	264	854	0.9737742303306728	0.768624014022787	0.7484662576687117	0.3783313590636658

LKAP.g-Gut1_F09_069.seq	0	None	None	HQ686140	1501	Oceanospirillaceae	Sinobacterium caligoides	2555.0	1003	447	248	734	0.9721854304635762	0.752741774675972	0.7318045862412762	0.38104307766356105
LKAP.g-Gut1_F09_069.seq	0	None	None	AY362927	1362	Pasteurellaceae	Bibersteinia trehalosi	2528.0	1003	435	248	725	0.9602649006622517	0.752741774675972	0.7228315054835494	0.3795116736022808
LKAP.g-Gut1_F09_069.seq	0	None	None	AM942722	1493	Vibrionaceae	Enterovibrio nigricans	2552.0	1003	452	248	732	0.9695364238410596	0.752741774675972	0.7298105682951147	0.37869895468234477
LKAP.g-Gut1_F09_069.seq	0	None	None	KF871284	1253	Pasteurellaceae	Bisgaardia miroungae	2526.0	1003	447	250	729	0.9681274900398407	0.7507477567298105	0.7268195413758723	0.3774449066593323
LKAP.g-Gut1_F09_069.seq	0	None	None	FJ943235	1503	Vibrionaceae	Grimontia marina	2544.0	1003	459	247	732	0.9682539682539683	0.7537387836490529	0.7298105682951147	0.37738494502811676

LKAP.g-Gut1_F12_086.seq	0	None	None	AJ293802	1544	Vibrionaceae	Vibrio pelagius	2938.0	1129	630	250	856	0.9738339021615472	0.7785651018600531	0.7581930912311781	0.37888102739750174
LKAP.g-Gut1_F12_086.seq	0	None	None	AY426980	1520	Vibrionaceae	Vibrio ezurae	2913.0	1128	620	254	851	0.9736842105263158	0.774822695035461	0.7544326241134752	0.37721631205673756
LKAP.g-Gut1_F12_086.seq	0	None	None	FN687911	1484	Vibrionaceae	Vibrio inhibens	2901.0	1129	585	264	842	0.9734104046242774	0.7661647475642162	0.745792736935341	0.3763773147310793
LKAP.g-Gut1_F12_086.seq	0	None	None	AY750575	1436	Vibrionaceae	Vibrio harveyi	2909.0	1125	578	268	840	0.9801633605600933	0.7617777777777778	0.7466666666666667	0.3757447641417107
LKAP.g-Gut1_F12_086.seq	0	None	None	EF599164	1544	Vibrionaceae	Vibrio artabrorum	2908.0	1128	635	252	853	0.973744292237443	0.776595744680851	0.7562056737588653	0.3757437153787669

LKAP.g-Gut1_H08_050.seq	0	None	None	FJ009624	1401	Vibrionaceae	Vibrio atypicus	5413.0	1098	11	3	1091	0.9963470319634703	0.9972677595628415	0.9936247723132969	0.9810812675230479
LKAP.g-Gut1_H08_050.seq	0	None	None	AB428897	1298	Vibrionaceae	Vibrio azureus	5150.0	1066	17	9	1047	0.9905392620624409	0.9915572232645403	0.9821763602251408	0.9585968723526996
LKAP.g-Gut1_H08_050.seq	0	None	None	GU078672	1470	Vibrionaceae	Vibrio communis	5418.0	1120	22	9	1102	0.991899189918992	0.9919642857142857	0.9839285714285714	0.9572194771078308
LKAP.g-Gut1_H08_050.seq	0	None	None	AJ316181	1435	Vibrionaceae	Vibrio xuii	5420.0	1120	22	9	1102	0.991899189918992	0.9919642857142857	0.9839285714285714	0.9572194771078308
LKAP.g-Gut1_H08_050.seq	0	None	None	GU018180	1421	Vibrionaceae	Vibrio owensii	5393.0	1115	20	10	1096	0.9918552036199095	0.9910313901345291	0.9829596412556054	0.9569783291519331

