LKAP-Gut2_D10_074.seq	0	None	None	KJ418107	1408	Kiloniellaceae	Kiloniella spongiae	5204.0	1055	3	3	1047	0.9952471482889734	0.9971563981042654	0.9924170616113744	0.986788987537964
LKAP-Gut2_D10_074.seq	0	None	None	AM749667	1450	Kiloniellaceae	Kiloniella laminariae	4962.0	1056	25	24	1019	0.9874031007751938	0.9772727272727273	0.9649621212121212	0.9212219325540325
LKAP-Gut2_D10_074.seq	0	None	None	KF876014	1417	Rhodospirillaceae	Aestuariispira insulae	4591.0	1056	44	45	977	0.9663699307616221	0.9582938388625593	0.9251893939393939	0.8503331611570247
LKAP-Gut2_D10_074.seq	0	None	None	EU861390	1417	Rhodospirillaceae	Magnetospira thiophila	4500.0	1056	42	41	967	0.9527093596059113	0.9611742424242424	0.915719696969697	0.8464986269801844
LKAP-Gut2_D10_074.seq	0	None	None	D88524	1407	Rhodobacteraceae	Ahrensia kielensis	4509.0	1056	52	63	963	0.9697885196374623	0.9502392344497608	0.9119318181818182	0.8172818551033804

LKAP-Gut2_H01_001.seq	0	None	None	FJ232451	1429	Rhodobacteraceae	Sedimentitalea nanhaiensis	4912.0	984	4	0	984	1.0	1.0	1.0	0.9959514170040485
LKAP-Gut2_H01_001.seq	0	None	None	AY005463	1431	Rhodobacteraceae	Leisingera methylohalidivorans	4693.0	984	16	11	959	0.9856115107913669	0.9888211382113821	0.9745934959349594	0.9482794715447154
LKAP-Gut2_H01_001.seq	0	None	None	AM900415	1396	Rhodobacteraceae	Leisingera aquimarina	4677.0	984	20	14	957	0.98659793814433	0.9857723577235772	0.9725609756097561	0.9396256437663978
LKAP-Gut2_H01_001.seq	0	None	None	AY177712	1386	Rhodobacteraceae	Phaeobacter inhibens	4630.0	984	23	19	951	0.9854922279792746	0.9806910569105691	0.9664634146341463	0.9261541163077966
LKAP-Gut2_H01_001.seq	0	None	None	EU156066	1421	Rhodobacteraceae	Roseovarius aestuarii	4554.0	984	20	14	943	0.9721649484536082	0.9857723577235772	0.9583333333333334	0.9258798140770252

LKAP-Gut2_E12_088.seq	0	None	None	FJ232451	1429	Rhodobacteraceae	Sedimentitalea nanhaiensis	4962.0	1003	5	5	997	0.998997995991984	0.9950149551345963	0.9940179461615155	0.9841566570130877
LKAP-Gut2_E12_088.seq	0	None	None	AY005463	1431	Rhodobacteraceae	Leisingera methylohalidivorans	4743.0	1003	17	16	972	0.9848024316109423	0.9840478564307079	0.9690927218344965	0.9377397220104392
LKAP-Gut2_E12_088.seq	0	None	None	AM900415	1396	Rhodobacteraceae	Leisingera aquimarina	4727.0	1003	21	19	970	0.9857723577235772	0.9810568295114656	0.967098703888335	0.9293214107676969
LKAP-Gut2_E12_088.seq	0	None	None	AY177712	1386	Rhodobacteraceae	Phaeobacter inhibens	4680.0	1003	24	24	964	0.9846782431052093	0.9760717846460618	0.9611166500498505	0.9161959108070142
LKAP-Gut2_E12_088.seq	0	None	None	EU156066	1421	Rhodobacteraceae	Roseovarius aestuarii	4603.0	1003	21	19	956	0.9715447154471545	0.9810568295114656	0.9531405782652044	0.9159085244267199

LKAP-Gut2_A05_047.seq	0	None	None	EF094888	1498	Vibrionaceae	Vibrio gigantis	5204.0	1059	4	9	1047	0.9971428571428571	0.9962049335863378	0.9886685552407932	0.9765775945464091
LKAP-Gut2_A05_047.seq	0	None	None	HE978310	1507	Vibrionaceae	Vibrio toranzoniae	5199.0	1059	4	9	1047	0.9971428571428571	0.9962049335863378	0.9886685552407932	0.9765775945464091
LKAP-Gut2_A05_047.seq	0	None	None	EF094887	1496	Vibrionaceae	Vibrio crassostreae	5198.0	1059	4	9	1046	0.9961904761904762	0.9962049335863378	0.987724268177526	0.9756448556786476
LKAP-Gut2_A05_047.seq	0	None	None	EF599164	1544	Vibrionaceae	Vibrio artabrorum	5184.0	1059	5	9	1045	0.9952380952380953	0.995260663507109	0.9867799811142587	0.9737960339943342
LKAP-Gut2_A05_047.seq	0	None	None	AJ491290	1507	Vibrionaceae	Vibrio pomeroyi	5180.0	1059	4	9	1042	0.9923809523809524	0.9962049335863378	0.983947119924457	0.971913900207601

LKAP-Gut2_H02_002.seq	0	None	None	GQ352641	1338	Vibrionaceae	Vibrio plantisponsor	5008.0	1013	0	7	1005	0.9990059642147118	1.0	0.9921026653504442	0.9852470694398291
LKAP-Gut2_H02_002.seq	0	None	None	X74701	1456	Vibrionaceae	Vibrio diazotrophicus	5181.0	1054	5	7	1043	0.9961795606494747	0.9952471482889734	0.9895635673624289	0.978350382463138
LKAP-Gut2_H02_002.seq	0	None	None	X76333	1536	Vibrionaceae	Vibrio vulnificus	5109.0	1054	13	15	1035	0.9961501443695862	0.9876425855513308	0.9819734345351043	0.9562046846129085
LKAP-Gut2_H02_002.seq	0	None	None	AM235737	1455	Vibrionaceae	Vibrio anguillarum	5067.0	1054	15	17	1030	0.9932497589199615	0.9857414448669202	0.9772296015180265	0.9479767041854009
LKAP-Gut2_H02_002.seq	0	None	None	X74715	1352	Vibrionaceae	Vibrio navarrensis	5036.0	1054	15	17	1026	0.9893924783027965	0.9857414448669202	0.9734345351043643	0.9442952412565255

LKAP-Gut2_B12_094.seq	0	None	None	AF172987	1355	Pseudoalteromonadaceae	Pseudoalteromonas ulvae	4702.0	967	5	7	951	0.990625	0.9948186528497409	0.983453981385729	0.9713125742081274
LKAP-Gut2_B12_094.seq	0	None	None	AB090232	1431	Pseudoalteromonadaceae	Pseudoalteromonas piscicida	4774.0	1002	15	12	976	0.9858585858585859	0.9880239520958084	0.9740518962075848	0.9481921113525162
LKAP-Gut2_B12_094.seq	0	None	None	AF144036	1450	Pseudoalteromonadaceae	Pseudoalteromonas maricaloris	4763.0	1001	14	13	974	0.9858299595141701	0.987012987012987	0.973026973026973	0.9471434968971916
LKAP-Gut2_B12_094.seq	0	None	None	AF297958	1483	Pseudoalteromonadaceae	Pseudoalteromonas flavipulchra	4769.0	1002	11	15	974	0.9868287740628167	0.9889779559118237	0.9720558882235529	0.947106773619592
LKAP-Gut2_B12_094.seq	0	None	None	X82147	1426	Pseudoalteromonadaceae	Pseudoalteromonas rubra	4781.0	1002	16	13	976	0.9868554095045501	0.9870259481037924	0.9740518962075848	0.9463038559423393

LKAP-Gut2_H10_066.seq	0	None	None	FJ232451	1429	Rhodobacteraceae	Sedimentitalea nanhaiensis	5142.0	1035	4	1	1032	0.9980657640232108	0.9990338164251208	0.9971014492753624	0.9923030784896292
LKAP-Gut2_H10_066.seq	0	None	None	AY005463	1431	Rhodobacteraceae	Leisingera methylohalidivorans	4914.0	1035	16	12	1006	0.9833822091886608	0.9884057971014493	0.9719806763285024	0.946085853362567
LKAP-Gut2_H10_066.seq	0	None	None	AM900415	1396	Rhodobacteraceae	Leisingera aquimarina	4898.0	1035	20	15	1004	0.984313725490196	0.9855072463768116	0.970048309178744	0.9378666117178378
LKAP-Gut2_H10_066.seq	0	None	None	AY177712	1386	Rhodobacteraceae	Phaeobacter inhibens	4851.0	1035	23	20	998	0.9832512315270936	0.9806763285024155	0.9642512077294686	0.9250614138425431
LKAP-Gut2_H10_066.seq	0	None	None	AJ968651	1275	Rhodobacteraceae	Tateyamaria pelophila	4791.0	1035	16	20	990	0.9753694581280788	0.9844810863239574	0.9565217391304348	0.9237579117196874

LKAP-Gut2_B08_062.seq	0	None	None	AF420312	1500	Shewanellaceae	Shewanella fidelis	5300.0	1068	5	3	1064	0.9990610328638497	0.9971910112359551	0.9962546816479401	0.9888268741426433
LKAP-Gut2_B08_062.seq	0	None	None	AB204519	1515	Shewanellaceae	Shewanella pneumatophori	5178.0	1068	20	18	1049	0.9990476190476191	0.9831460674157303	0.9822097378277154	0.9479046183079973
LKAP-Gut2_B08_062.seq	0	None	None	AB094598	1492	Shewanellaceae	Shewanella kaireitica	5095.0	1068	17	15	1040	0.9876543209876543	0.9859550561797753	0.9737827715355806	0.9450629109925958
LKAP-Gut2_B08_062.seq	0	None	None	AB081760	1440	Shewanellaceae	Shewanella schlegeliana	5153.0	1068	21	19	1046	0.9971401334604385	0.9822097378277154	0.9794007490636704	0.9434264332119284
LKAP-Gut2_B08_062.seq	0	None	None	AB081762	1440	Shewanellaceae	Shewanella sairae	5153.0	1068	21	19	1046	0.9971401334604385	0.9822097378277154	0.9794007490636704	0.9434264332119284

LKAP-Gut2_H04_018.seq	0	None	None	EF416572	1434	Flavobacteriaceae	Tenacibaculum aiptasiae	1719.0	585	135	114	442	0.9384288747346072	0.8051282051282052	0.7555555555555555	0.4942592592592593
LKAP-Gut2_H04_018.seq	0	None	None	AY962294	1446	Flavobacteriaceae	Tenacibaculum litoreum	1767.0	599	142	117	454	0.941908713692946	0.8046744574290484	0.7579298831385642	0.4930124206110499
LKAP-Gut2_H04_018.seq	0	None	None	AM411030	1512	Flavobacteriaceae	Tenacibaculum discolor	1779.0	599	160	111	459	0.9405737704918032	0.8146911519198664	0.7662771285475793	0.4926788389080616
LKAP-Gut2_H04_018.seq	0	None	None	AB032501	1444	Flavobacteriaceae	Tenacibaculum mesophilum	1747.0	599	142	119	451	0.9395833333333333	0.8013355592654424	0.7529215358931552	0.4877224524004245
LKAP-Gut2_H04_018.seq	0	None	None	DQ314760	1473	Flavobacteriaceae	Tenacibaculum aestuarii	1740.0	599	142	123	449	0.9432773109243697	0.7946577629382304	0.7495826377295493	0.4815132733593326

LKAP-Gut2_F08_054.seq	0	None	None	AF420312	1500	Shewanellaceae	Shewanella fidelis	5277.0	1061	4	3	1058	1.0	0.9971724787935909	0.9971724787935909	0.9906182934869665
LKAP-Gut2_F08_054.seq	0	None	None	AB204519	1515	Shewanellaceae	Shewanella pneumatophori	5145.0	1061	19	18	1042	0.9990412272291467	0.9830348727615457	0.9820923656927427	0.9484466087199358
LKAP-Gut2_F08_054.seq	0	None	None	AB081760	1440	Shewanellaceae	Shewanella schlegeliana	5117.0	1060	20	19	1038	0.9971181556195965	0.9820754716981132	0.9792452830188679	0.9438836477987421
LKAP-Gut2_F08_054.seq	0	None	None	AB081762	1440	Shewanellaceae	Shewanella sairae	5117.0	1060	20	19	1038	0.9971181556195965	0.9820754716981132	0.9792452830188679	0.9438836477987421
LKAP-Gut2_F08_054.seq	0	None	None	AB081757	1440	Shewanellaceae	Shewanella marinintestina	5117.0	1060	20	19	1038	0.9971181556195965	0.9820754716981132	0.9792452830188679	0.9438836477987421

LKAP-Gut2_A03_031.seq	0	None	None	FJ232451	1429	Rhodobacteraceae	Sedimentitalea nanhaiensis	4173.0	863	7	14	845	0.9952885747938751	0.991822429906542	0.9791425260718424	0.955508051304591
LKAP-Gut2_A03_031.seq	0	None	None	EF192392	1382	Rhodobacteraceae	Pelagicola litoralis	4006.0	863	13	20	826	0.9798339264531435	0.9848130841121495	0.9571263035921205	0.9210701757170748
LKAP-Gut2_A03_031.seq	0	None	None	AJ968651	1275	Rhodobacteraceae	Tateyamaria pelophila	3949.0	863	11	21	819	0.9726840855106889	0.9871043376318874	0.9490150637311703	0.9142685167753379
LKAP-Gut2_A03_031.seq	0	None	None	AM900415	1396	Rhodobacteraceae	Leisingera aquimarina	3988.0	863	17	22	824	0.9797859690844233	0.9801864801864801	0.9548088064889919	0.9124934162014117
LKAP-Gut2_A03_031.seq	0	None	None	AY005463	1431	Rhodobacteraceae	Leisingera methylohalidivorans	3988.0	863	17	22	824	0.9797859690844233	0.9801864801864801	0.9548088064889919	0.9124934162014117

LKAP-Gut2_B03_029.seq	0	None	None	EU017546	1456	Rhodospirillaceae	Thalassospira xianhensis	5293.0	1078	13	4	1069	0.9953445065176909	0.9962894248608535	0.9916512059369202	0.9761992623063723
LKAP-Gut2_B03_029.seq	0	None	None	AY189753	1439	Rhodospirillaceae	Thalassospira xiamenensis	5291.0	1078	14	4	1069	0.9953445065176909	0.9962894248608535	0.9916512059369202	0.9753053069379599
LKAP-Gut2_B03_029.seq	0	None	None	AB786710	1422	Rhodospirillaceae	Thalassospira alkalitolerans	5197.0	1078	17	8	1058	0.9887850467289719	0.9925788497217068	0.9814471243042672	0.9590396557128457
LKAP-Gut2_B03_029.seq	0	None	None	AB548215	1452	Rhodospirillaceae	Thalassospira povalilytica	5200.0	1078	20	11	1058	0.9915651358950328	0.9897959183673469	0.9814471243042672	0.9537377792647113
LKAP-Gut2_B03_029.seq	0	None	None	AY186195	1457	Rhodospirillaceae	Thalassospira profundimaris	5179.0	1078	19	10	1056	0.9887640449438202	0.9907235621521335	0.9795918367346939	0.9536956076870128

LKAP-Gut2_C01_011.seq	0	None	None	DQ514304	1425	Rhodobacteraceae	Pseudophaeobacter arcticus	5077.0	1051	9	9	1031	0.989443378119002	0.9914367269267365	0.9809705042816366	0.964312514586288
LKAP-Gut2_C01_011.seq	0	None	None	HE661585	1355	Rhodobacteraceae	Pseudophaeobacter leonis	5014.0	1049	11	14	1022	0.9874396135265701	0.9894837476099426	0.9742612011439467	0.9512833426264008
LKAP-Gut2_C01_011.seq	0	None	None	AY005463	1431	Rhodobacteraceae	Leisingera methylohalidivorans	5027.0	1051	14	13	1025	0.98747591522158	0.9876308277830638	0.9752616555661275	0.9505367121855778
LKAP-Gut2_C01_011.seq	0	None	None	AM900415	1396	Rhodobacteraceae	Leisingera aquimarina	5009.0	1051	18	16	1023	0.9884057971014493	0.9847764034253093	0.9733587059942912	0.9424006180580836
LKAP-Gut2_C01_011.seq	0	None	None	AY177712	1386	Rhodobacteraceae	Phaeobacter inhibens	5004.0	1051	18	18	1022	0.989351403678606	0.9828734538534729	0.972407231208373	0.9396601214576701

LKAP-Gut2_B01_013.seq	0	None	None	AY962294	1446	Flavobacteriaceae	Tenacibaculum litoreum	5254.0	1063	7	7	1056	1.0	0.993414863593603	0.993414863593603	0.9804169121073315
LKAP-Gut2_B01_013.seq	0	None	None	AM411030	1512	Flavobacteriaceae	Tenacibaculum discolor	5209.0	1063	8	8	1051	0.9962085308056872	0.9924741298212606	0.9887111947318908	0.9739405326257188
LKAP-Gut2_B01_013.seq	0	None	None	AM746477	1518	Flavobacteriaceae	Tenacibaculum gallaicum	5096.0	1063	18	21	1036	0.9942418426103646	0.9830188679245283	0.9746001881467544	0.9394388492589437
LKAP-Gut2_B01_013.seq	0	None	None	EF416572	1434	Flavobacteriaceae	Tenacibaculum aiptasiae	5019.0	1052	18	22	1023	0.9932038834951457	0.982824427480916	0.9724334600760456	0.9360808073629224
LKAP-Gut2_B01_013.seq	0	None	None	EU428783	1396	Flavobacteriaceae	Tenacibaculum crassostreae	5039.0	1063	26	26	1030	0.9932497589199615	0.9755409219190969	0.9689557855126999	0.9226879243128281

LKAP-Gut2_E06_040.seq	0	None	None	JX546142	1479	Flavobacteriaceae	Hwangdonia seohaensis	5406.0	1095	6	7	1087	0.9990808823529411	0.9945155393053017	0.9926940639269406	0.9809728806108187
LKAP-Gut2_E06_040.seq	0	None	None	JQ259859	1457	Flavobacteriaceae	Algibacter aquimarinus	4929.0	1095	37	40	1031	0.9772511848341232	0.9661172161172161	0.9415525114155251	0.8775069783952111
LKAP-Gut2_E06_040.seq	0	None	None	JX412960	1486	Flavobacteriaceae	Flavirhabdus iliipiscaria	4859.0	1095	41	42	1024	0.9724596391263058	0.9625228519195612	0.9351598173515981	0.8668338799922825
LKAP-Gut2_E06_040.seq	0	None	None	JQ807811	1483	Flavobacteriaceae	Arenitalea lutea	4812.0	1095	42	45	1017	0.9685714285714285	0.9615384615384616	0.9287671232876712	0.8577005096324141
LKAP-Gut2_E06_040.seq	0	None	None	JQ327134	1441	Flavobacteriaceae	Olleya namhaensis	4846.0	1095	59	43	1025	0.9743346007604563	0.960730593607306	0.9360730593607306	0.8533352326234737

LKAP-Gut2_E02_008.seq	0	None	None	AJ505788	1434	Rhodobacteraceae	Pontibaca methylaminivorans	4909.0	1076	22	23	1022	0.9705603038936372	0.9795348837209302	0.949814126394052	0.9108873179352794
LKAP-Gut2_E02_008.seq	0	None	None	FJ875966	1385	Rhodobacteraceae	Roseivivax lentus	4911.0	1076	23	24	1022	0.9714828897338403	0.9786046511627907	0.949814126394052	0.9091942319986741
LKAP-Gut2_E02_008.seq	0	None	None	JX090308	1417	Rhodobacteraceae	Thalassococcus lentus	4982.0	1076	30	32	1029	0.985632183908046	0.9720670391061452	0.9563197026022305	0.9027104606842031
LKAP-Gut2_E02_008.seq	0	None	None	DQ097527	1400	Rhodobacteraceae	Sulfitobacter litoralis	4901.0	1076	28	30	1020	0.9751434034416826	0.9739292364990689	0.9479553903345725	0.8981533861322127
LKAP-Gut2_E02_008.seq	0	None	None	KC577450	1389	Rhodobacteraceae	Aestuariihabitans beolgyonensis	4880.0	1076	28	29	1018	0.9723018147086915	0.9739534883720931	0.9460966542750929	0.8972492726684984

LKAP-Gut2_A02_016.seq	0	None	None	FJ232451	1429	Rhodobacteraceae	Sedimentitalea nanhaiensis	5109.0	1029	4	4	1025	1.0	0.9961127308066083	0.9961127308066083	0.9883984018168186
LKAP-Gut2_A02_016.seq	0	None	None	AY005463	1431	Rhodobacteraceae	Leisingera methylohalidivorans	4882.0	1029	16	15	999	0.985207100591716	0.9854227405247813	0.9708454810495627	0.9420452801763222
LKAP-Gut2_A02_016.seq	0	None	None	AM900415	1396	Rhodobacteraceae	Leisingera aquimarina	4866.0	1029	20	18	997	0.9861523244312562	0.9825072886297376	0.9689018464528668	0.9338034001561948
LKAP-Gut2_A02_016.seq	0	None	None	AY177712	1386	Rhodobacteraceae	Phaeobacter inhibens	4819.0	1029	23	23	991	0.9850894632206759	0.9776482021379981	0.9630709426627794	0.9209594755881712
LKAP-Gut2_A02_016.seq	0	None	None	Y13244	1382	Rhodobacteraceae	Phaeobacter gallaeciensis	4785.0	1029	21	23	987	0.9811133200795229	0.9795520934761441	0.9591836734693877	0.9189893100097181

LKAP-Gut2_B05_045.seq	0	None	None	FJ232451	1429	Rhodobacteraceae	Sedimentitalea nanhaiensis	5335.0	1084	9	10	1074	1.0	0.9916897506925207	0.9907749077490775	0.9735519221614907
LKAP-Gut2_B05_045.seq	0	None	None	AY005463	1431	Rhodobacteraceae	Leisingera methylohalidivorans	5093.0	1084	23	23	1046	0.9858623939679547	0.9787822878228782	0.9649446494464945	0.9248475818091514
LKAP-Gut2_B05_045.seq	0	None	None	AM900415	1396	Rhodobacteraceae	Leisingera aquimarina	5077.0	1084	27	26	1044	0.9867674858223062	0.9760147601476015	0.9630996309963099	0.9171551841531016
LKAP-Gut2_B05_045.seq	0	None	None	AJ968651	1275	Rhodobacteraceae	Tateyamaria pelophila	4976.0	1084	22	30	1031	0.9781783681214421	0.9795539033457249	0.9511070110701108	0.9063895024122032
LKAP-Gut2_B05_045.seq	0	None	None	AY177712	1386	Rhodobacteraceae	Phaeobacter inhibens	5030.0	1084	30	31	1038	0.9857549857549858	0.9722991689750693	0.9575645756457565	0.9051306087567159

LKAP-Gut2_D07_057.seq	0	None	None	DQ514304	1425	Rhodobacteraceae	Pseudophaeobacter arcticus	5241.0	1084	13	8	1065	0.9897769516728625	0.992619926199262	0.9824723247232472	0.9636647414787729
LKAP-Gut2_D07_057.seq	0	None	None	HE661585	1355	Rhodobacteraceae	Pseudophaeobacter leonis	5186.0	1084	15	12	1058	0.9869402985074627	0.988929889298893	0.9760147601476015	0.952036235557988
LKAP-Gut2_D07_057.seq	0	None	None	AY005463	1431	Rhodobacteraceae	Leisingera methylohalidivorans	5192.0	1084	18	12	1059	0.9878731343283582	0.988929889298893	0.9769372693726938	0.9503418809142721
LKAP-Gut2_D07_057.seq	0	None	None	AM900415	1396	Rhodobacteraceae	Leisingera aquimarina	5174.0	1084	22	15	1057	0.9887745556594949	0.9861623616236163	0.9750922509225092	0.9424716240833293
LKAP-Gut2_D07_057.seq	0	None	None	AY177712	1386	Rhodobacteraceae	Phaeobacter inhibens	5169.0	1084	22	17	1056	0.9896907216494846	0.9843173431734318	0.974169741697417	0.9398183674422639

LKAP-Gut2_C10_076.seq	0	None	None	AB204519	1515	Shewanellaceae	Shewanella pneumatophori	5181.0	1064	10	13	1047	0.9961941008563273	0.9905749293119699	0.9840225563909775	0.96294944764145
LKAP-Gut2_C10_076.seq	0	None	None	AB081760	1440	Shewanellaceae	Shewanella schlegeliana	5123.0	1064	15	18	1040	0.994263862332696	0.9858623939679547	0.9774436090225563	0.9475495968837756
LKAP-Gut2_C10_076.seq	0	None	None	AB081762	1440	Shewanellaceae	Shewanella sairae	5123.0	1064	15	18	1040	0.994263862332696	0.9858623939679547	0.9774436090225563	0.9475495968837756
LKAP-Gut2_C10_076.seq	0	None	None	AB081757	1440	Shewanellaceae	Shewanella marinintestina	5123.0	1064	15	18	1040	0.994263862332696	0.9858623939679547	0.9774436090225563	0.9475495968837756
LKAP-Gut2_C10_076.seq	0	None	None	AY579751	1293	Shewanellaceae	Shewanella halifaxensis	4960.0	1034	12	19	1008	0.993103448275862	0.9883154819863681	0.9748549323017408	0.9459634381321863

LKAP-Gut2_C03_027.seq	0	None	None	JQ948040	1366	Vibrionaceae	Photobacterium aquae	4994.0	1057	24	28	1021	0.9922254616132167	0.9772079772079773	0.9659413434247871	0.9194760799112913
LKAP-Gut2_C03_027.seq	0	None	None	AB016982	1408	Vibrionaceae	Photobacterium indicum	4778.0	1036	26	25	989	0.9782393669634025	0.9758687258687259	0.9546332046332047	0.9087892371790677
LKAP-Gut2_C03_027.seq	0	None	None	AY554009	1498	Vibrionaceae	Photobacterium lipolyticum	4979.0	1077	29	27	1030	0.9809523809523809	0.9749303621169917	0.9563602599814299	0.9079369556785727
LKAP-Gut2_C03_027.seq	0	None	None	KC951111	1443	Vibrionaceae	Photobacterium piscicola	4930.0	1077	34	30	1024	0.9780324737344794	0.9721448467966574	0.9507892293407614	0.8960182926370631
LKAP-Gut2_C03_027.seq	0	None	None	FN796493	1529	Vibrionaceae	Photobacterium aphoticum	5019.0	1077	45	32	1036	0.9913875598086125	0.9702878365831012	0.9619312906220984	0.8959163981284249

LKAP-Gut2_B09_077.seq	0	None	None	AM749667	1450	Kiloniellaceae	Kiloniella laminariae	5228.0	1057	6	3	1051	0.9971537001897534	0.9971617786187322	0.9943235572374646	0.9859050134791041
LKAP-Gut2_B09_077.seq	0	None	None	KJ418107	1408	Kiloniellaceae	Kiloniella spongiae	5000.0	1057	17	14	1025	0.9827420901246404	0.9867549668874173	0.9697256385998108	0.9417354199810081
LKAP-Gut2_B09_077.seq	0	None	None	KF876014	1417	Rhodospirillaceae	Aestuariispira insulae	4595.0	1057	53	53	977	0.9731075697211156	0.9498580889309366	0.924314096499527	0.8360462638608334
LKAP-Gut2_B09_077.seq	0	None	None	EU861390	1417	Rhodospirillaceae	Magnetospira thiophila	4474.0	1057	57	55	963	0.9610778443113772	0.9479659413434248	0.9110690633869442	0.8194714555778438
LKAP-Gut2_B09_077.seq	0	None	None	D88524	1407	Rhodobacteraceae	Ahrensia kielensis	4489.0	1057	51	60	962	0.9648946840521565	0.9513358778625954	0.9101229895931883	0.818946408505784

LKAP-Gut2_E07_055.seq	0	None	None	FJ232451	1429	Rhodobacteraceae	Sedimentitalea nanhaiensis	5160.0	1037	6	2	1035	1.0	0.9980713596914176	0.9980713596914176	0.9904159705470923
LKAP-Gut2_E07_055.seq	0	None	None	AY005463	1431	Rhodobacteraceae	Leisingera methylohalidivorans	4932.0	1037	18	13	1009	0.9853515625	0.9874638379942141	0.9729990356798457	0.9444085426883052
LKAP-Gut2_E07_055.seq	0	None	None	AM900415	1396	Rhodobacteraceae	Leisingera aquimarina	4916.0	1037	22	16	1007	0.9862879529872673	0.9845708775313404	0.9710703953712633	0.9362255653201698
LKAP-Gut2_E07_055.seq	0	None	None	AY177712	1386	Rhodobacteraceae	Phaeobacter inhibens	4869.0	1037	25	21	1001	0.985236220472441	0.9797492767598843	0.9652844744455159	0.9234736591682149
LKAP-Gut2_E07_055.seq	0	None	None	Y13244	1382	Rhodobacteraceae	Phaeobacter gallaeciensis	4833.0	1037	24	21	997	0.9812992125984252	0.9797492767598843	0.9614271938283511	0.9206503571438309

LKAP-Gut2_C04_028.seq	0	None	None	AF420312	1500	Shewanellaceae	Shewanella fidelis	5386.0	1092	7	9	1083	1.0	0.9935779816513761	0.9917582417582418	0.9773195412412883
LKAP-Gut2_C04_028.seq	0	None	None	AB204519	1515	Shewanellaceae	Shewanella pneumatophori	5254.0	1092	22	24	1067	0.9990636704119851	0.9798165137614679	0.9771062271062271	0.9367589322706019
LKAP-Gut2_C04_028.seq	0	None	None	AB081760	1440	Shewanellaceae	Shewanella schlegeliana	5231.0	1092	23	25	1064	0.9971883786316776	0.9788990825688073	0.9743589743589743	0.9324134759112338
LKAP-Gut2_C04_028.seq	0	None	None	AB081762	1440	Shewanellaceae	Shewanella sairae	5231.0	1092	23	25	1064	0.9971883786316776	0.9788990825688073	0.9743589743589743	0.9324134759112338
LKAP-Gut2_C04_028.seq	0	None	None	AB081757	1440	Shewanellaceae	Shewanella marinintestina	5231.0	1092	23	25	1064	0.9971883786316776	0.9788990825688073	0.9743589743589743	0.9324134759112338

LKAP-Gut2_B07_061.seq	0	None	None	X74689	1427	Vibrionaceae	Vibrio aestuarianus	5306.0	1077	5	7	1067	0.997196261682243	0.9953488372093023	0.9907149489322191	0.9797273524560761
LKAP-Gut2_B07_061.seq	0	None	None	AJ421445	1367	Vibrionaceae	Vibrio ichthyoenteri	5135.0	1077	12	14	1048	0.9858889934148636	0.9888372093023255	0.9730733519034355	0.9498411139332891
LKAP-Gut2_B07_061.seq	0	None	None	U46579	1497	Vibrionaceae	Vibrio scophthalmi	5120.0	1077	13	15	1046	0.9849340866290018	0.987906976744186	0.9712163416898792	0.9462676650226163
LKAP-Gut2_B07_061.seq	0	None	None	HF955040	1416	Vibrionaceae	Vibrio cortegadensis	5134.0	1071	17	22	1044	0.9952335557673975	0.9840525328330206	0.9747899159663865	0.9398479980227384
LKAP-Gut2_B07_061.seq	0	None	None	AJ515230	1321	Vibrionaceae	Vibrio splendidus	4854.0	1021	15	19	991	0.9890219560878244	0.9852507374631269	0.970617042115573	0.9387628148646758

LKAP-Gut2_E05_039.seq	0	None	None	X74715	1352	Vibrionaceae	Vibrio navarrensis	5282.0	1091	15	16	1070	0.9953488372093023	0.9862385321100917	0.9807516040329972	0.9532621829434647
LKAP-Gut2_E05_039.seq	0	None	None	X76333	1536	Vibrionaceae	Vibrio vulnificus	5243.0	1091	14	14	1067	0.9907149489322191	0.9871677360219981	0.9780018331805683	0.9532198862764454
LKAP-Gut2_E05_039.seq	0	None	None	X76335	1537	Vibrionaceae	Vibrio fluvialis	5155.0	1091	18	17	1057	0.984171322160149	0.9844179651695693	0.9688359303391384	0.9382595033221233
LKAP-Gut2_E05_039.seq	0	None	None	GQ352641	1338	Vibrionaceae	Vibrio plantisponsor	5012.0	1051	17	22	1022	0.9931972789115646	0.9837476099426387	0.972407231208373	0.9368979783833482
LKAP-Gut2_E05_039.seq	0	None	None	X74701	1456	Vibrionaceae	Vibrio diazotrophicus	5180.0	1091	22	22	1059	0.990645463049579	0.9798350137488543	0.9706691109074244	0.9322958486613088

LKAP-Gut2_A04_032.seq	0	None	None	U85855	1449	Pseudoalteromonadaceae	Pseudoalteromonas prydzensis	5024.0	1072	18	34	1029	0.9913294797687862	0.9829545454545454	0.9598880597014925	0.9140952348349992
LKAP-Gut2_A04_032.seq	0	None	None	AJ507251	1483	Pseudoalteromonadaceae	Pseudoalteromonas mariniglutinosa	5024.0	1069	14	38	1025	0.9941804073714839	0.9866028708133971	0.9588400374181478	0.91280154993362
LKAP-Gut2_A04_032.seq	0	None	None	AB720724	1501	Pseudoalteromonadaceae	Pseudoalteromonas shioyasakiensis	5088.0	1071	44	26	1041	0.9961722488038277	0.9757236227824463	0.9719887955182073	0.9109670774139251
LKAP-Gut2_A04_032.seq	0	None	None	AY563031	1371	Pseudoalteromonadaceae	Pseudoalteromonas marina	4669.0	1010	18	35	962	0.9866666666666667	0.9818731117824774	0.9524752475247524	0.9033690334013946
LKAP-Gut2_A04_032.seq	0	None	None	FJ404721	1503	Pseudoalteromonadaceae	Pseudoalteromonas lipolytica	5038.0	1071	47	29	1036	0.9942418426103646	0.972922502334267	0.9673202614379085	0.9015632490324692

LKAP-Gut2_F07_053.seq	0	None	None	FJ232451	1429	Rhodobacteraceae	Sedimentitalea nanhaiensis	4885.0	983	5	3	980	1.0	0.9969481180061037	0.9969481180061037	0.9888756636092931
LKAP-Gut2_F07_053.seq	0	None	None	AY005463	1431	Rhodobacteraceae	Leisingera methylohalidivorans	4666.0	983	16	13	955	0.9845360824742269	0.9867751780264497	0.9715157680569685	0.9433136086238834
LKAP-Gut2_F07_053.seq	0	None	None	AM900415	1396	Rhodobacteraceae	Leisingera aquimarina	4650.0	983	20	16	953	0.9855222337125129	0.9837232960325534	0.9694811800610377	0.9346842483739017
LKAP-Gut2_F07_053.seq	0	None	None	AY177712	1386	Rhodobacteraceae	Phaeobacter inhibens	4604.0	983	24	22	947	0.9854318418314256	0.9776195320447609	0.9633774160732451	0.9193701061036629
LKAP-Gut2_F07_053.seq	0	None	None	KF554505	1386	Rhodobacteraceae	Leisingera aquaemixtae	4567.0	983	23	21	943	0.9802494802494802	0.9786368260427264	0.9593082400813835	0.9173504244118199

LKAP-Gut2_G04_020.seq	0	None	None	JX546142	1479	Flavobacteriaceae	Hwangdonia seohaensis	5329.0	1075	10	4	1071	1.0	0.9962790697674418	0.9962790697674418	0.983423855963991
LKAP-Gut2_G04_020.seq	0	None	None	JQ259859	1457	Flavobacteriaceae	Algibacter aquimarinus	4852.0	1075	41	37	1015	0.9778420038535646	0.9655813953488372	0.9441860465116279	0.8781945486371592
LKAP-Gut2_G04_020.seq	0	None	None	JX412960	1486	Flavobacteriaceae	Flavirhabdus iliipiscaria	4782.0	1075	45	39	1008	0.972972972972973	0.9637209302325581	0.9376744186046512	0.8673488372093023
LKAP-Gut2_G04_020.seq	0	None	None	JQ327134	1441	Flavobacteriaceae	Olleya namhaensis	4782.0	1075	45	43	1007	0.9757751937984496	0.96	0.9367441860465117	0.8631428571428572
LKAP-Gut2_G04_020.seq	0	None	None	JN864027	1452	Flavobacteriaceae	Algibacter agarilyticus	4787.0	1075	46	44	1007	0.976721629485936	0.9590697674418605	0.9367441860465117	0.8615372487189594

LKAP-Gut2_F12_086.seq	0	None	None	AJ505788	1434	Rhodobacteraceae	Pontibaca methylaminivorans	4675.0	1012	17	14	969	0.9709418837675351	0.9861660079051383	0.9575098814229249	0.9286636167736435
LKAP-Gut2_F12_086.seq	0	None	None	FJ875966	1385	Rhodobacteraceae	Roseivivax lentus	4636.0	1012	25	21	964	0.9727547931382442	0.9792490118577075	0.9525691699604744	0.9103144141088043
LKAP-Gut2_F12_086.seq	0	None	None	JX090308	1417	Rhodobacteraceae	Thalassococcus lentus	4714.0	1012	29	26	972	0.9858012170385395	0.974308300395257	0.9604743083003953	0.909728787688943
LKAP-Gut2_F12_086.seq	0	None	None	AB187584	1386	Rhodobacteraceae	Paracoccus koreensis	4583.0	1012	24	21	958	0.9667003027245207	0.9792490118577075	0.9466403162055336	0.9055217696522044
LKAP-Gut2_F12_086.seq	0	None	None	KC577450	1389	Rhodobacteraceae	Aestuariihabitans beolgyonensis	4628.0	1012	28	23	963	0.9737108190091001	0.9772727272727273	0.9515810276679841	0.9049169580419579

LKAP-Gut2_A01_015.seq	0	None	None	FJ232451	1429	Rhodobacteraceae	Sedimentitalea nanhaiensis	5193.0	1049	5	6	1043	1.0	0.9952290076335878	0.994280266920877	0.983903527892291
LKAP-Gut2_A01_015.seq	0	None	None	AY005463	1431	Rhodobacteraceae	Leisingera methylohalidivorans	4965.0	1049	17	17	1017	0.9854651162790697	0.9837940896091516	0.9694947569113441	0.9385727853025395
LKAP-Gut2_A01_015.seq	0	None	None	AM900415	1396	Rhodobacteraceae	Leisingera aquimarina	4949.0	1049	21	20	1015	0.9863945578231292	0.9809342230695901	0.9675881792183031	0.9305123704819008
LKAP-Gut2_A01_015.seq	0	None	None	AY177712	1386	Rhodobacteraceae	Phaeobacter inhibens	4902.0	1049	24	25	1009	0.9853515625	0.9770992366412213	0.9618684461391802	0.9179434192418644
LKAP-Gut2_A01_015.seq	0	None	None	Y13244	1382	Rhodobacteraceae	Phaeobacter gallaeciensis	4868.0	1049	22	25	1005	0.9814453125	0.9789674952198852	0.9580552907530981	0.916011781261599

LKAP-Gut2_A09_079.seq	0	None	None	AY190533	1497	Shewanellaceae	Shewanella gaetbuli	5106.0	1043	5	8	1030	0.9951690821256038	0.9951923076923077	0.987535953978907	0.9752859850841304
LKAP-Gut2_A09_079.seq	0	None	None	AM980877	1495	Shewanellaceae	Shewanella vesiculosa	4890.0	1043	24	27	1004	0.9881889763779528	0.9769230769230769	0.962607861936721	0.9165975517598018
LKAP-Gut2_A09_079.seq	0	None	None	AJ300834	1495	Shewanellaceae	Shewanella livingstonensis	4890.0	1043	24	27	1004	0.9881889763779528	0.9769230769230769	0.962607861936721	0.9165975517598018
LKAP-Gut2_A09_079.seq	0	None	None	AF005251	1389	Shewanellaceae	Shewanella oneidensis	4481.0	965	20	23	924	0.9808917197452229	0.9792099792099792	0.9575129533678757	0.9157128955051156
LKAP-Gut2_A09_079.seq	0	None	None	AF145921	1462	Shewanellaceae	Shewanella japonica	4854.0	1043	23	26	1000	0.983284169124877	0.9778846153846154	0.9587727708533078	0.914701602211833

LKAP-Gut2_C12_092.seq	0	None	None	AJ505788	1434	Rhodobacteraceae	Pontibaca methylaminivorans	4628.0	1009	15	18	961	0.9697275479313825	0.9850894632206759	0.9524281466798811	0.9217346614841427
LKAP-Gut2_C12_092.seq	0	None	None	FJ875966	1385	Rhodobacteraceae	Roseivivax lentus	4588.0	1009	23	25	956	0.9715447154471545	0.9771598808341608	0.9474727452923687	0.9034042455113284
LKAP-Gut2_C12_092.seq	0	None	None	JX090308	1417	Rhodobacteraceae	Thalassococcus lentus	4667.0	1009	27	30	964	0.9846782431052093	0.9731610337972167	0.9554013875123885	0.9028358671569772
LKAP-Gut2_C12_092.seq	0	None	None	AB187584	1386	Rhodobacteraceae	Paracoccus koreensis	4535.0	1009	22	25	950	0.9654471544715447	0.9781312127236581	0.9415262636273538	0.8986050857510341
LKAP-Gut2_C12_092.seq	0	None	None	KC577450	1389	Rhodobacteraceae	Aestuariihabitans beolgyonensis	4581.0	1009	27	28	955	0.9734964322120285	0.9732142857142857	0.9464816650148662	0.8962340862737295

LKAP-Gut2_E08_56.seq	0	None	None	AJ505788	1434	Rhodobacteraceae	Pontibaca methylaminivorans	4906.0	1074	26	21	1022	0.9705603038936372	0.9804469273743017	0.9515828677839852	0.9109243270695785
LKAP-Gut2_E08_56.seq	0	None	None	FJ875966	1385	Rhodobacteraceae	Roseivivax lentus	4909.0	1074	28	23	1022	0.972407231208373	0.978584729981378	0.9515828677839852	0.9075440962259241
LKAP-Gut2_E08_56.seq	0	None	None	JX090308	1417	Rhodobacteraceae	Thalassococcus lentus	4980.0	1074	35	31	1029	0.9865771812080537	0.9711359404096834	0.9581005586592178	0.9010810484053781
LKAP-Gut2_E08_56.seq	0	None	None	DQ097527	1400	Rhodobacteraceae	Sulfitobacter litoralis	4896.0	1073	33	30	1019	0.9769894534995206	0.9720410065237651	0.9496738117427772	0.8955784680359101
LKAP-Gut2_E08_56.seq	0	None	None	KC577450	1389	Rhodobacteraceae	Aestuariihabitans beolgyonensis	4880.0	1074	34	29	1018	0.9741626794258373	0.972998137802607	0.9478584729981379	0.8939639930352474

LKAP-Gut2_G11_083.seq	0	None	None	AB204519	1515	Shewanellaceae	Shewanella pneumatophori	5145.0	1038	5	4	1033	0.9990328820116054	0.9961464354527938	0.9951830443159922	0.9865956546718466
LKAP-Gut2_G11_083.seq	0	None	None	AB081760	1440	Shewanellaceae	Shewanella schlegeliana	5087.0	1038	10	9	1026	0.9970845481049563	0.9913294797687862	0.9884393063583815	0.9705191280942506
LKAP-Gut2_G11_083.seq	0	None	None	AB081762	1440	Shewanellaceae	Shewanella sairae	5087.0	1038	10	9	1026	0.9970845481049563	0.9913294797687862	0.9884393063583815	0.9705191280942506
LKAP-Gut2_G11_083.seq	0	None	None	AB081757	1440	Shewanellaceae	Shewanella marinintestina	5087.0	1038	10	9	1026	0.9970845481049563	0.9913294797687862	0.9884393063583815	0.9705191280942506
LKAP-Gut2_G11_083.seq	0	None	None	AB094598	1492	Shewanellaceae	Shewanella kaireitica	5029.0	1038	9	8	1020	0.9902912621359223	0.9922928709055877	0.9826589595375722	0.966703656469627

LKAP-Gut2_B06_046.seq	0	None	None	FJ232451	1429	Rhodobacteraceae	Sedimentitalea nanhaiensis	5348.0	1081	8	6	1075	1.0	0.9944495837187789	0.9944495837187789	0.9816651078950297
LKAP-Gut2_B06_046.seq	0	None	None	AY005463	1431	Rhodobacteraceae	Leisingera methylohalidivorans	5104.0	1081	22	19	1047	0.9858757062146892	0.9824236817761333	0.9685476410730804	0.9325454168808808
LKAP-Gut2_B06_046.seq	0	None	None	AM900415	1396	Rhodobacteraceae	Leisingera aquimarina	5088.0	1081	26	22	1045	0.9867799811142587	0.9796484736355227	0.9666975023126735	0.9247810794481672
LKAP-Gut2_B06_046.seq	0	None	None	AJ968651	1275	Rhodobacteraceae	Tateyamaria pelophila	4988.0	1081	20	25	1032	0.9772727272727273	0.9814126394052045	0.9546716003700277	0.9156523251505443
LKAP-Gut2_B06_046.seq	0	None	None	KF554505	1386	Rhodobacteraceae	Leisingera aquaemixtae	5012.0	1081	27	25	1036	0.9810606060606061	0.9768732654949122	0.9583718778908418	0.9133941363291777

LKAP-Gut2_G02_004.seq	0	None	None	JX546142	1479	Flavobacteriaceae	Hwangdonia seohaensis	5242.0	1057	4	5	1052	1.0	0.9962121212121212	0.9952696310312205	0.9868271930677134
LKAP-Gut2_G02_004.seq	0	None	None	JQ259859	1457	Flavobacteriaceae	Algibacter aquimarinus	4765.0	1057	35	38	996	0.9774288518155054	0.9667931688804554	0.9422894985808893	0.8792976181812511
LKAP-Gut2_G02_004.seq	0	None	None	JX412960	1486	Flavobacteriaceae	Flavirhabdus iliipiscaria	4695.0	1057	39	40	989	0.9724680432645034	0.9630681818181818	0.935666982024598	0.8682238327728249
LKAP-Gut2_G02_004.seq	0	None	None	JQ327134	1441	Flavobacteriaceae	Olleya namhaensis	4698.0	1057	38	44	988	0.9753208292201382	0.9638439581351094	0.934720908230842	0.8647235434135552
LKAP-Gut2_G02_004.seq	0	None	None	JN864027	1452	Flavobacteriaceae	Algibacter agarilyticus	4704.0	1057	38	45	988	0.9762845849802372	0.9638095238095238	0.934720908230842	0.8638699170133444

LKAP-Gut2_A08_064.seq	0	None	None	EU017546	1456	Rhodospirillaceae	Thalassospira xianhensis	5207.0	1055	2	4	1047	0.9961941008563273	0.9981006647673314	0.9924170616113744	0.9867836629645738
LKAP-Gut2_A08_064.seq	0	None	None	AY189753	1439	Rhodospirillaceae	Thalassospira xiamenensis	5205.0	1055	3	4	1047	0.9961941008563273	0.9971537001897534	0.9924170616113744	0.9858509751923955
LKAP-Gut2_A08_064.seq	0	None	None	AB548215	1452	Rhodospirillaceae	Thalassospira povalilytica	5127.0	1055	5	7	1038	0.9904580152671756	0.9952516619183286	0.9838862559241706	0.972747920951444
LKAP-Gut2_A08_064.seq	0	None	None	AY186195	1457	Rhodospirillaceae	Thalassospira profundimaris	5101.0	1055	7	9	1035	0.9894837476099426	0.99335232668566	0.981042654028436	0.9662623503895895
LKAP-Gut2_A08_064.seq	0	None	None	AB786710	1422	Rhodospirillaceae	Thalassospira alkalitolerans	5104.0	1055	8	10	1035	0.9904306220095693	0.9924026590693258	0.981042654028436	0.964430454806882

LKAP-Gut2_C02_012.seq	0	None	None	AF420312	1500	Shewanellaceae	Shewanella fidelis	5315.0	1079	11	6	1071	0.9981360671015843	0.9944392956441149	0.9925857275254866	0.9771050326925201
LKAP-Gut2_C02_012.seq	0	None	None	AB204519	1515	Shewanellaceae	Shewanella pneumatophori	5195.0	1079	26	21	1056	0.998109640831758	0.9805375347544022	0.9786839666357738	0.9370566847969671
LKAP-Gut2_C02_012.seq	0	None	None	AB094598	1492	Shewanellaceae	Shewanella kaireitica	5113.0	1079	25	20	1047	0.9886685552407932	0.9814643188137164	0.9703429101019463	0.9307908893097474
LKAP-Gut2_C02_012.seq	0	None	None	AB081762	1440	Shewanellaceae	Shewanella sairae	5135.0	1075	21	26	1045	0.996186844613918	0.9803738317757009	0.9720930232558139	0.9304065523680191
LKAP-Gut2_C02_012.seq	0	None	None	AB081757	1440	Shewanellaceae	Shewanella marinintestina	5135.0	1075	21	26	1045	0.996186844613918	0.9803738317757009	0.9720930232558139	0.9304065523680191

LKAP-Gut2_B11_093.seq	0	None	None	U46579	1497	Vibrionaceae	Vibrio scophthalmi	4980.0	1024	9	10	1007	0.9930966469428008	0.9912023460410557	0.9833984375	0.9653107605275896
LKAP-Gut2_B11_093.seq	0	None	None	AJ421445	1367	Vibrionaceae	Vibrio ichthyoenteri	4988.0	1024	12	13	1008	0.9970326409495549	0.9882697947214076	0.984375	0.960620777027027
LKAP-Gut2_B11_093.seq	0	None	None	HF955040	1416	Vibrionaceae	Vibrio cortegadensis	4829.0	1018	12	16	987	0.9850299401197605	0.9881656804733728	0.9695481335952849	0.9431914853033743
LKAP-Gut2_B11_093.seq	0	None	None	AJ515230	1321	Vibrionaceae	Vibrio splendidus	4584.0	969	15	19	938	0.9873684210526316	0.9844559585492227	0.9680082559339526	0.9345608161963973
LKAP-Gut2_B11_093.seq	0	None	None	AB428897	1298	Vibrionaceae	Vibrio azureus	4639.0	979	15	20	948	0.9885297184567258	0.9845995893223819	0.9683350357507661	0.9342387316750349

LKAP-Gut2_D09_073.seq	0	None	None	GQ352641	1338	Vibrionaceae	Vibrio plantisponsor	5094.0	1033	4	8	1024	0.9990243902439024	0.9961127308066083	0.9912875121006777	0.979816489781287
LKAP-Gut2_D09_073.seq	0	None	None	X74701	1456	Vibrionaceae	Vibrio diazotrophicus	5250.0	1070	7	8	1058	0.9962335216572504	0.9934518241347053	0.9887850467289719	0.9750136672480672
LKAP-Gut2_D09_073.seq	0	None	None	X76333	1536	Vibrionaceae	Vibrio vulnificus	5185.0	1070	14	15	1051	0.9962085308056872	0.9869036482694107	0.9822429906542056	0.9559652722695452
LKAP-Gut2_D09_073.seq	0	None	None	X74715	1352	Vibrionaceae	Vibrio navarrensis	5132.0	1070	14	15	1044	0.9895734597156398	0.9869036482694107	0.9757009345794393	0.9495982343001
LKAP-Gut2_D09_073.seq	0	None	None	AM235737	1455	Vibrionaceae	Vibrio anguillarum	5136.0	1070	17	18	1045	0.9933460076045627	0.9840972871842844	0.9766355140186916	0.9451891083235175

LKAP-Gut2_D04_026.seq	0	None	None	AB011364	1504	Colwelliaceae	Colwellia psychrerythraea	5183.0	1095	17	16	1062	0.9842446709916589	0.9853881278538813	0.9698630136986301	0.9410811077165665
LKAP-Gut2_D04_026.seq	0	None	None	EU599214	1507	Colwelliaceae	Colwellia asteriadis	5148.0	1095	29	26	1057	0.9887745556594949	0.9762557077625571	0.965296803652968	0.9180625294528674
LKAP-Gut2_D04_026.seq	0	None	None	AB094412	1474	Colwelliaceae	Colwellia piezophila	5116.0	1095	36	31	1053	0.9896616541353384	0.971689497716895	0.9616438356164384	0.9046764289088334
LKAP-Gut2_D04_026.seq	0	None	None	AB002630	1514	Colwelliaceae	Colwellia maris	5104.0	1095	34	31	1051	0.9877819548872181	0.971689497716895	0.9598173515981735	0.9045577166523088
LKAP-Gut2_D04_026.seq	0	None	None	AB369381	1465	Colwelliaceae	Thalassomonas haliotis	5003.0	1095	29	26	1039	0.9719363891487371	0.9762557077625571	0.9488584474885845	0.9024285412502641

LKAP-Gut2_C07_059.seq	0	None	None	AM411030	1512	Flavobacteriaceae	Tenacibaculum discolor	5362.0	1079	9	1	1077	0.9990723562152134	0.9990732159406858	0.9981464318813716	0.9889722918824619
LKAP-Gut2_C07_059.seq	0	None	None	AY962294	1446	Flavobacteriaceae	Tenacibaculum litoreum	5326.0	1079	10	2	1073	0.9962859795728877	0.9981464318813716	0.9944392956441149	0.9834812868766866
LKAP-Gut2_C07_059.seq	0	None	None	AM746477	1518	Flavobacteriaceae	Tenacibaculum gallaicum	5196.0	1079	21	16	1056	0.993414863593603	0.9851714550509731	0.9786839666357738	0.9457645968489342
LKAP-Gut2_C07_059.seq	0	None	None	EU428783	1396	Flavobacteriaceae	Tenacibaculum crassostreae	5165.0	1079	25	17	1054	0.992467043314501	0.9842446709916589	0.9768303985171455	0.939668372486602
LKAP-Gut2_C07_059.seq	0	None	None	EF416572	1434	Flavobacteriaceae	Tenacibaculum aiptasiae	5117.0	1068	24	19	1043	0.994280266920877	0.9822097378277154	0.9765917602996255	0.9381362239508306

LKAP-Gut2_H06_034.seq	0	None	None	AB204519	1515	Shewanellaceae	Shewanella pneumatophori	5287.0	1063	4	3	1060	1.0	0.9971777986829727	0.9971777986829727	0.9906358637337873
LKAP-Gut2_H06_034.seq	0	None	None	AB081760	1440	Shewanellaceae	Shewanella schlegeliana	5229.0	1063	9	8	1053	0.9981042654028436	0.9924741298212606	0.9905926622765757	0.9748836368486822
LKAP-Gut2_H06_034.seq	0	None	None	AB081762	1440	Shewanellaceae	Shewanella sairae	5229.0	1063	9	8	1053	0.9981042654028436	0.9924741298212606	0.9905926622765757	0.9748836368486822
LKAP-Gut2_H06_034.seq	0	None	None	AB081757	1440	Shewanellaceae	Shewanella marinintestina	5229.0	1063	9	8	1053	0.9981042654028436	0.9924741298212606	0.9905926622765757	0.9748836368486822
LKAP-Gut2_H06_034.seq	0	None	None	AB094598	1492	Shewanellaceae	Shewanella kaireitica	5171.0	1063	8	7	1047	0.9914772727272727	0.993414863593603	0.9849482596425212	0.971153466090105

LKAP-Gut2_C11_091.seq	0	None	None	U62913	1484	Flavobacteriaceae	Psychroserpens burtonensis	2727.0	1104	611	260	820	0.9715639810426541	0.7644927536231884	0.7427536231884058	0.36553006295685975
LKAP-Gut2_C11_091.seq	0	None	None	JN642271	1486	Flavobacteriaceae	Litoribaculum gwangyangense	2746.0	1094	643	252	823	0.9774346793349169	0.7696526508226691	0.7522851919561243	0.36466559103457497
LKAP-Gut2_C11_091.seq	0	None	None	M62792	1464	Cytophagaceae	Flexibacter aurantiacus	2688.0	1101	617	256	811	0.9597633136094674	0.7674841053587648	0.7366030881017257	0.36229895776831095
LKAP-Gut2_C11_091.seq	0	None	None	HQ336490	1444	Flavobacteriaceae	Psychroserpens damuponensis	2689.0	1106	600	267	813	0.9690107270560191	0.7585895117540687	0.7350813743218807	0.3615083663869038
LKAP-Gut2_C11_091.seq	0	None	None	JX488684	1522	Hahellaceae	Endozoicomonas euniceicola	2727.0	1104	634	260	821	0.9727488151658767	0.7644927536231884	0.7436594202898551	0.3611326528910459

LKAP-Gut2_B04_030.seq	0	None	None	HE978310	1507	Vibrionaceae	Vibrio toranzoniae	5344.0	1085	5	5	1076	0.9962962962962963	0.9953917050691244	0.9917050691244239	0.9826068574810807
LKAP-Gut2_B04_030.seq	0	None	None	EF094888	1498	Vibrionaceae	Vibrio gigantis	5353.0	1086	8	7	1077	0.9981464318813716	0.9935543278084714	0.9917127071823204	0.9781151837748846
LKAP-Gut2_B04_030.seq	0	None	None	EF094887	1496	Vibrionaceae	Vibrio crassostreae	5347.0	1086	8	7	1076	0.9972196478220574	0.9935543278084714	0.990791896869245	0.9772069988317325
LKAP-Gut2_B04_030.seq	0	None	None	EF599164	1544	Vibrionaceae	Vibrio artabrorum	5333.0	1086	9	7	1075	0.9962928637627433	0.9935543278084714	0.9898710865561694	0.975407216798271
LKAP-Gut2_B04_030.seq	0	None	None	AJ491290	1507	Vibrionaceae	Vibrio pomeroyi	5329.0	1086	8	7	1072	0.9935125115848007	0.9935543278084714	0.9871086556169429	0.9735742590591239

LKAP-Gut2_H07_049.seq	0	None	None	AB204519	1515	Shewanellaceae	Shewanella pneumatophori	5280.0	1068	7	7	1061	1.0	0.9934456928838952	0.9934456928838952	0.9805077954881979
LKAP-Gut2_H07_049.seq	0	None	None	AB081760	1440	Shewanellaceae	Shewanella schlegeliana	5219.0	1068	8	12	1053	0.9971590909090909	0.9924812030075187	0.9859550561797753	0.9676287540202998
LKAP-Gut2_H07_049.seq	0	None	None	AB081762	1440	Shewanellaceae	Shewanella sairae	5219.0	1068	8	12	1053	0.9971590909090909	0.9924812030075187	0.9859550561797753	0.9676287540202998
LKAP-Gut2_H07_049.seq	0	None	None	AB081757	1440	Shewanellaceae	Shewanella marinintestina	5219.0	1068	8	12	1053	0.9971590909090909	0.9924812030075187	0.9859550561797753	0.9676287540202998
LKAP-Gut2_H07_049.seq	0	None	None	AB094598	1492	Shewanellaceae	Shewanella kaireitica	5164.0	1068	11	11	1048	0.9914853358561968	0.9897003745318352	0.9812734082397003	0.9612659800828205

LKAP-Gut2_G12_084.seq	0	None	None	GU018180	1421	Vibrionaceae	Vibrio owensii	4887.0	998	4	2	987	0.9909638554216867	0.9979959919839679	0.9889779559118237	0.9830559322237289
LKAP-Gut2_G12_084.seq	0	None	None	GU078672	1470	Vibrionaceae	Vibrio communis	4898.0	1001	6	2	990	0.990990990990991	0.998001998001998	0.989010989010989	0.9811539007169593
LKAP-Gut2_G12_084.seq	0	None	None	AJ316187	1468	Vibrionaceae	Vibrio rotiferianus	4889.0	1001	6	2	989	0.98998998998999	0.998001998001998	0.988011988011988	0.9801628361707805
LKAP-Gut2_G12_084.seq	0	None	None	FJ009624	1401	Vibrionaceae	Vibrio atypicus	4838.0	981	6	6	973	0.997948717948718	0.9938837920489296	0.9918450560652395	0.9797861496085193
LKAP-Gut2_G12_084.seq	0	None	None	AY750575	1436	Vibrionaceae	Vibrio harveyi	4885.0	1001	6	2	988	0.988988988988989	0.998001998001998	0.987012987012987	0.9791717716246018

LKAP-Gut2_E11_087.seq	0	None	None	EU017546	1456	Rhodospirillaceae	Thalassospira xianhensis	5074.0	1031	6	5	1022	0.9961013645224172	0.9951503394762367	0.991270611057226	0.9807556865426363
LKAP-Gut2_E11_087.seq	0	None	None	AY189753	1439	Rhodospirillaceae	Thalassospira xiamenensis	5072.0	1031	7	5	1022	0.9961013645224172	0.9951503394762367	0.991270611057226	0.9798108352068535
LKAP-Gut2_E11_087.seq	0	None	None	AB548215	1452	Rhodospirillaceae	Thalassospira povalilytica	5003.0	1031	9	8	1014	0.9912023460410557	0.9922405431619786	0.9835111542192047	0.9674345295829292
LKAP-Gut2_E11_087.seq	0	None	None	AY186195	1457	Rhodospirillaceae	Thalassospira profundimaris	4968.0	1031	11	10	1010	0.9892262487757101	0.9903006789524733	0.979631425800194	0.9598883740326277
LKAP-Gut2_E11_087.seq	0	None	None	AB786710	1422	Rhodospirillaceae	Thalassospira alkalitolerans	4984.0	1031	17	8	1013	0.9902248289345064	0.9922405431619786	0.9825412221144519	0.959102738762485

LKAP-Gut2_H03_017.seq	0	None	None	AM411030	1512	Flavobacteriaceae	Tenacibaculum discolor	2131.0	714	229	132	555	0.9536082474226805	0.8151260504201681	0.7773109243697479	0.4797401463236408
LKAP-Gut2_H03_017.seq	0	None	None	AM746477	1518	Flavobacteriaceae	Tenacibaculum gallaicum	2111.0	714	229	135	552	0.9533678756476683	0.8109243697478992	0.773109243697479	0.4746874359499898
LKAP-Gut2_H03_017.seq	0	None	None	AY962294	1446	Flavobacteriaceae	Tenacibaculum litoreum	2115.0	714	232	135	553	0.9550949913644214	0.8109243697478992	0.7745098039215687	0.4740392985947022
LKAP-Gut2_H03_017.seq	0	None	None	EF416572	1434	Flavobacteriaceae	Tenacibaculum aiptasiae	2087.0	713	223	140	547	0.9546247818499127	0.8036465638148668	0.7671809256661991	0.469652425648218
LKAP-Gut2_H03_017.seq	0	None	None	KC832834	1446	Flavobacteriaceae	Tenacibaculum caenipelagi	2098.0	714	229	140	549	0.9564459930313589	0.803921568627451	0.7689075630252101	0.4680306905370844

LKAP-Gut2_B10_078.seq	0	None	None	GQ352641	1338	Vibrionaceae	Vibrio plantisponsor	5011.0	1007	4	1	1005	0.9990059642147118	0.9990069513406157	0.9980139026812314	0.9930781267035794
LKAP-Gut2_B10_078.seq	0	None	None	X74701	1456	Vibrionaceae	Vibrio diazotrophicus	5186.0	1047	9	1	1043	0.997131931166348	0.9990448901623686	0.9961795606494747	0.9867460420827182
LKAP-Gut2_B10_078.seq	0	None	None	X76333	1536	Vibrionaceae	Vibrio vulnificus	5116.0	1047	17	9	1035	0.9971098265895953	0.9914040114613181	0.9885386819484241	0.9643826615248725
LKAP-Gut2_B10_078.seq	0	None	None	X74715	1352	Vibrionaceae	Vibrio navarrensis	5058.0	1047	17	9	1028	0.9903660886319846	0.9914040114613181	0.9818529130850048	0.9578602667126269
LKAP-Gut2_B10_078.seq	0	None	None	AM235737	1455	Vibrionaceae	Vibrio anguillarum	5065.0	1047	19	11	1029	0.9932432432432432	0.9894937917860553	0.9828080229226361	0.955149260551455

LKAP-Gut2_F09_069.seq	0	None	None	AB204519	1515	Shewanellaceae	Shewanella pneumatophori	5326.0	1080	5	8	1071	0.9990671641791045	0.9953574744661096	0.9916666666666667	0.9797849462365591
LKAP-Gut2_F09_069.seq	0	None	None	AB081760	1440	Shewanellaceae	Shewanella schlegeliana	5268.0	1080	10	13	1064	0.9971883786316776	0.9907149489322191	0.9851851851851852	0.9643968739381583
LKAP-Gut2_F09_069.seq	0	None	None	AB081762	1440	Shewanellaceae	Shewanella sairae	5268.0	1080	10	13	1064	0.9971883786316776	0.9907149489322191	0.9851851851851852	0.9643968739381583
LKAP-Gut2_F09_069.seq	0	None	None	AB081757	1440	Shewanellaceae	Shewanella marinintestina	5268.0	1080	10	13	1064	0.9971883786316776	0.9907149489322191	0.9851851851851852	0.9643968739381583
LKAP-Gut2_F09_069.seq	0	None	None	AB094598	1492	Shewanellaceae	Shewanella kaireitica	5210.0	1080	9	12	1058	0.9906367041198502	0.9916434540389972	0.9796296296296296	0.9607387001326396

LKAP-Gut2_E04_024.seq	0	None	None	EF076757	1492	Chromatiaceae	Rheinheimera aquimaris	5320.0	1105	17	15	1082	0.9926605504587156	0.9864253393665159	0.9791855203619909	0.9512586606012212
LKAP-Gut2_E04_024.seq	0	None	None	AJ441080	1481	Chromatiaceae	Rheinheimera baltica	5248.0	1105	18	16	1070	0.9825528007346189	0.9855203619909503	0.9683257918552036	0.9390087153431137
LKAP-Gut2_E04_024.seq	0	None	None	JQ922423	1412	Chromatiaceae	Rheinheimera hassiensis	5227.0	1103	26	25	1069	0.9916512059369202	0.9773345421577516	0.9691749773345422	0.9253947082078268
LKAP-Gut2_E04_024.seq	0	None	None	JQ922424	1416	Chromatiaceae	Rheinheimera muenzenbergensis	5210.0	1105	25	35	1065	0.9953271028037384	0.9771689497716894	0.9638009049773756	0.9126256356865414
LKAP-Gut2_E04_024.seq	0	None	None	AM183347	1476	Chromatiaceae	Rheinheimera perlucida	5154.0	1105	33	31	1062	0.9888268156424581	0.971945701357466	0.9610859728506788	0.9070354436218182

LKAP-Gut2_F04_021.seq	0	None	None	FJ232451	1429	Rhodobacteraceae	Sedimentitalea nanhaiensis	5306.0	1067	4	3	1064	1.0	0.9971883786316776	0.9971883786316776	0.9906708075295099
LKAP-Gut2_F04_021.seq	0	None	None	AY005463	1431	Rhodobacteraceae	Leisingera methylohalidivorans	5070.0	1067	17	15	1037	0.9857414448669202	0.985941893158388	0.971883786316776	0.9431934900417419
LKAP-Gut2_F04_021.seq	0	None	None	AM900415	1396	Rhodobacteraceae	Leisingera aquimarina	5054.0	1067	21	18	1035	0.9866539561487131	0.9831302717900656	0.9700093720712277	0.9352388155355863
LKAP-Gut2_F04_021.seq	0	None	None	AY177712	1386	Rhodobacteraceae	Phaeobacter inhibens	5007.0	1067	24	23	1029	0.985632183908046	0.9784442361761949	0.9643861293345829	0.9228406223879968
LKAP-Gut2_F04_021.seq	0	None	None	KF554505	1386	Rhodobacteraceae	Leisingera aquaemixtae	4979.0	1067	23	22	1026	0.9818181818181818	0.979381443298969	0.9615745079662605	0.9218764778208645

LKAP-Gut2_G03_019.seq	0	None	None	AM411030	1512	Flavobacteriaceae	Tenacibaculum discolor	5318.0	1074	8	4	1069	0.9990654205607477	0.9962756052141527	0.9953445065176909	0.9843055655951288
LKAP-Gut2_G03_019.seq	0	None	None	AY962294	1446	Flavobacteriaceae	Tenacibaculum litoreum	5291.0	1074	9	5	1066	0.9971936389148737	0.9953445065176909	0.9925512104283054	0.9797204468585952
LKAP-Gut2_G03_019.seq	0	None	None	AM746477	1518	Flavobacteriaceae	Tenacibaculum gallaicum	5159.0	1074	17	20	1048	0.9943074003795066	0.9841269841269841	0.9757914338919925	0.9426985988287444
LKAP-Gut2_G03_019.seq	0	None	None	EF416572	1434	Flavobacteriaceae	Tenacibaculum aiptasiae	5082.0	1061	18	22	1034	0.9951876804619827	0.9829706717123936	0.9745523091423186	0.9384243273390817
LKAP-Gut2_G03_019.seq	0	None	None	EU428783	1396	Flavobacteriaceae	Tenacibaculum crassostreae	5128.0	1073	23	20	1046	0.99335232668566	0.9813606710158435	0.9748369058713886	0.9365905674111059

LKAP-Gut2_C05_043.seq	0	None	None	AF420312	1500	Shewanellaceae	Shewanella fidelis	5372.0	1082	5	4	1078	1.0	0.9963031423290203	0.9963031423290203	0.9880540822729381
LKAP-Gut2_C05_043.seq	0	None	None	AB204519	1515	Shewanellaceae	Shewanella pneumatophori	5240.0	1082	20	19	1062	0.9990592662276576	0.9824399260628466	0.9815157116451017	0.9467796746631061
LKAP-Gut2_C05_043.seq	0	None	None	AB081760	1440	Shewanellaceae	Shewanella schlegeliana	5217.0	1082	21	20	1059	0.9971751412429378	0.9815157116451017	0.9787430683918669	0.9423618663936197
LKAP-Gut2_C05_043.seq	0	None	None	AB081762	1440	Shewanellaceae	Shewanella sairae	5217.0	1082	21	20	1059	0.9971751412429378	0.9815157116451017	0.9787430683918669	0.9423618663936197
LKAP-Gut2_C05_043.seq	0	None	None	AB081757	1440	Shewanellaceae	Shewanella marinintestina	5217.0	1082	21	20	1059	0.9971751412429378	0.9815157116451017	0.9787430683918669	0.9423618663936197

LKAP-Gut2_D03_025.seq	0	None	None	U46579	1497	Vibrionaceae	Vibrio scophthalmi	5319.0	1086	6	6	1073	0.9935185185185185	0.994475138121547	0.9880294659300184	0.9771719992714467
LKAP-Gut2_D03_025.seq	0	None	None	AJ421445	1367	Vibrionaceae	Vibrio ichthyoenteri	5327.0	1086	9	9	1074	0.9972144846796658	0.9917127071823204	0.988950276243094	0.9726935593733446
LKAP-Gut2_D03_025.seq	0	None	None	X74689	1427	Vibrionaceae	Vibrio aestuarianus	5147.0	1086	14	14	1053	0.9822761194029851	0.9871086556169429	0.9696132596685083	0.9449321948769461
LKAP-Gut2_D03_025.seq	0	None	None	HF955040	1416	Vibrionaceae	Vibrio cortegadensis	5136.0	1081	15	18	1049	0.9868297271872061	0.9860853432282004	0.9703977798334875	0.9411795985063844
LKAP-Gut2_D03_025.seq	0	None	None	AB428897	1298	Vibrionaceae	Vibrio azureus	4959.0	1042	15	19	1012	0.989247311827957	0.9855491329479769	0.9712092130518234	0.9399688031712539

LKAP-Gut2_E10_072.seq	0	None	None	FJ214355	1426	Micrococcaceae	Micrococcus yunnanensis	5188.0	1048	3	4	1042	0.9980842911877394	0.997134670487106	0.9942748091603053	0.987652617281978
LKAP-Gut2_E10_072.seq	0	None	None	KF524364	1411	Micrococcaceae	Micrococcus aloeverae	5230.0	1056	7	4	1051	0.9990494296577946	0.9962121212121212	0.9952651515151515	0.9849660765700275
LKAP-Gut2_E10_072.seq	0	None	None	AJ536198	1418	Micrococcaceae	Micrococcus luteus	5203.0	1056	7	4	1048	0.9961977186311787	0.9962121212121212	0.9924242424242424	0.9821545654095042
LKAP-Gut2_E10_072.seq	0	None	None	EU005372	1438	Micrococcaceae	Micrococcus endophyticus	5177.0	1055	6	9	1043	0.997131931166348	0.9942965779467681	0.9886255924170616	0.9746487932782718
LKAP-Gut2_E10_072.seq	0	None	None	AJ005932	1497	Micrococcaceae	Micrococcus antarcticus	5109.0	1056	9	7	1037	0.988560533841754	0.9933712121212122	0.9820075757575758	0.967254410300185

LKAP-Gut2_D05_041.seq	0	None	None	GU018180	1421	Vibrionaceae	Vibrio owensii	5344.0	1089	9	11	1077	0.9990723562152134	0.9917203311867525	0.9889807162534435	0.9709664955566594
LKAP-Gut2_D05_041.seq	0	None	None	FN687911	1484	Vibrionaceae	Vibrio inhibens	5312.0	1093	8	8	1076	0.9917050691244239	0.9926806953339433	0.9844464775846294	0.9701402617432542
LKAP-Gut2_D05_041.seq	0	None	None	AB428909	1298	Vibrionaceae	Vibrio sagamiensis	5068.0	1040	6	10	1024	0.9941747572815534	0.9942084942084942	0.9846153846153847	0.9695543462273865
LKAP-Gut2_D05_041.seq	0	None	None	GU078672	1470	Vibrionaceae	Vibrio communis	5360.0	1093	11	11	1081	0.9990757855822551	0.989935956084172	0.9890210430009149	0.9693122903324184
LKAP-Gut2_D05_041.seq	0	None	None	AJ316187	1468	Vibrionaceae	Vibrio rotiferianus	5351.0	1093	11	11	1080	0.9981515711645101	0.989935956084172	0.9881061299176578	0.968415609212777

LKAP-Gut2_G01_003.seq	0	None	None	X74702	1467	Vibrionaceae	Aliivibrio fischeri	5148.0	1051	19	10	1040	0.9990393852065321	0.9904852521408183	0.9895337773549001	0.962714637594814
LKAP-Gut2_G01_003.seq	0	None	None	AJ310647	1542	Vibrionaceae	Vibrio agarivorans	4896.0	1051	39	30	1011	0.990205680705191	0.9714557564224549	0.961941008563273	0.9010474951771577
LKAP-Gut2_G01_003.seq	0	None	None	EU541604	1524	Vibrionaceae	Aliivibrio finisterrensis	4957.0	1051	36	37	1014	1.0	0.9657142857142857	0.9647954329210275	0.9000023633688334
LKAP-Gut2_G01_003.seq	0	None	None	EU082035	1475	Vibrionaceae	Vibrio hangzhouensis	4841.0	1051	39	30	1005	0.9843290891283056	0.9714557564224549	0.956232159847764	0.895700032297768
LKAP-Gut2_G01_003.seq	0	None	None	GU929925	1504	Vibrionaceae	Vibrio maritimus	4817.0	1051	36	27	998	0.974609375	0.9743101807802094	0.9495718363463368	0.8945368541109925

LKAP-Gut2_E09_071.seq	0	None	None	GU018180	1421	Vibrionaceae	Vibrio owensii	5174.0	1074	4	13	1050	0.9896324222431668	0.996244131455399	0.9776536312849162	0.962236087934412
LKAP-Gut2_E09_071.seq	0	None	None	GU078672	1470	Vibrionaceae	Vibrio communis	5197.0	1080	8	13	1056	0.9896907216494846	0.9925581395348837	0.9777777777777777	0.9589052287581699
LKAP-Gut2_E09_071.seq	0	None	None	AJ316187	1468	Vibrionaceae	Vibrio rotiferianus	5188.0	1080	8	13	1055	0.9887535145267105	0.9925581395348837	0.9768518518518519	0.9579971745642701
LKAP-Gut2_E09_071.seq	0	None	None	AY750575	1436	Vibrionaceae	Vibrio harveyi	5180.0	1079	7	13	1053	0.9878048780487805	0.9934762348555451	0.9759036144578314	0.9579311722026228
LKAP-Gut2_E09_071.seq	0	None	None	FJ009624	1401	Vibrionaceae	Vibrio atypicus	5126.0	1057	7	18	1036	0.9971126082771896	0.9933078393881453	0.9801324503311258	0.9571030224568043

LKAP-Gut2_E03_023.seq	0	None	None	JX546142	1479	Flavobacteriaceae	Hwangdonia seohaensis	5358.0	1081	5	4	1076	0.9990714948932219	0.996299722479186	0.9953746530989824	0.9871256918854551
LKAP-Gut2_E03_023.seq	0	None	None	JQ259859	1457	Flavobacteriaceae	Algibacter aquimarinus	4881.0	1081	36	37	1020	0.9770114942528736	0.9666666666666667	0.9435707678075855	0.881904996948182
LKAP-Gut2_E03_023.seq	0	None	None	JX412960	1486	Flavobacteriaceae	Flavirhabdus iliipiscaria	4811.0	1081	40	39	1013	0.972168905950096	0.9639222941720629	0.937095282146161	0.8710555611028544
LKAP-Gut2_E03_023.seq	0	None	None	JQ327134	1441	Flavobacteriaceae	Olleya namhaensis	4805.0	1080	43	43	1011	0.9749276759884281	0.9601851851851851	0.9361111111111111	0.864423172058969
LKAP-Gut2_E03_023.seq	0	None	None	JN864027	1452	Flavobacteriaceae	Algibacter agarilyticus	4809.0	1080	44	44	1011	0.9758687258687259	0.9592592592592593	0.9361111111111111	0.8628212732305259

LKAP-Gut2_G07_051.seq	0	None	None	FN377705	1536	Aeromonadaceae	Oceanisphaera arctica	2742.0	1006	419	229	757	0.9742599742599742	0.7723658051689861	0.7524850894632207	0.4103023961494192
LKAP-Gut2_G07_051.seq	0	None	None	X74715	1352	Vibrionaceae	Vibrio navarrensis	2705.0	1006	406	230	751	0.9677835051546392	0.7713717693836978	0.7465208747514911	0.4102692626113011
LKAP-Gut2_G07_051.seq	0	None	None	KJ647312	1411	Vibrionaceae	Vibrio metoecus	2712.0	1006	428	226	757	0.9705128205128205	0.7753479125248509	0.7524850894632207	0.4093015130971493
LKAP-Gut2_G07_051.seq	0	None	None	Y13830	1474	Vibrionaceae	Vibrio pectenicida	2716.0	1006	432	225	758	0.970550576184379	0.7763419483101391	0.7534791252485089	0.40922614521494116
LKAP-Gut2_G07_051.seq	0	None	None	AJ421445	1367	Vibrionaceae	Vibrio ichthyoenteri	2743.0	1006	424	230	758	0.9768041237113402	0.7713717693836978	0.7534791252485089	0.4088809798551349

LKAP-Gut2_D02_010.seq	0	None	None	U46579	1497	Vibrionaceae	Vibrio scophthalmi	5309.0	1085	12	7	1072	0.9944341372912802	0.9935483870967742	0.9880184331797235	0.970905989943247
LKAP-Gut2_D02_010.seq	0	None	None	AJ421445	1367	Vibrionaceae	Vibrio ichthyoenteri	5316.0	1085	14	9	1073	0.9972118959107806	0.9917050691244239	0.9889400921658986	0.9682434387356751
LKAP-Gut2_D02_010.seq	0	None	None	X74689	1427	Vibrionaceae	Vibrio aestuarianus	5136.0	1085	19	14	1052	0.9822595704948646	0.9870967741935484	0.9695852534562212	0.9406030855539971
LKAP-Gut2_D02_010.seq	0	None	None	AJ515230	1321	Vibrionaceae	Vibrio splendidus	4875.0	1028	20	20	997	0.9890873015873016	0.980544747081712	0.9698443579766537	0.9328273977485372
LKAP-Gut2_D02_010.seq	0	None	None	HF955040	1416	Vibrionaceae	Vibrio cortegadensis	5088.0	1077	20	20	1042	0.9858088930936613	0.9814298978644382	0.9675023212627669	0.9322242056287553

LKAP-Gut2_F06_038.seq	0	None	None	GU018180	1421	Vibrionaceae	Vibrio owensii	5288.0	1086	2	6	1069	0.9898148148148148	0.9981515711645101	0.9843462246777164	0.9771083847903803
LKAP-Gut2_F06_038.seq	0	None	None	AB562589	1400	Vibrionaceae	Vibrio jasicida	5258.0	1084	2	6	1065	0.9879406307977736	0.9981481481481481	0.9824723247232472	0.9752349595319157
LKAP-Gut2_F06_038.seq	0	None	None	FJ009624	1401	Vibrionaceae	Vibrio atypicus	5247.0	1069	6	12	1056	0.9990539262062441	0.9943555973659455	0.9878391019644528	0.9712985402571411
LKAP-Gut2_F06_038.seq	0	None	None	GU078672	1470	Vibrionaceae	Vibrio communis	5306.0	1091	7	8	1074	0.9916897506925207	0.9935779816513761	0.9844179651695693	0.9709696323120615
LKAP-Gut2_F06_038.seq	0	None	None	AJ316187	1468	Vibrionaceae	Vibrio rotiferianus	5297.0	1091	7	8	1073	0.9907663896583564	0.9935779816513761	0.9835013748854262	0.9700655637531116

LKAP-Gut2_F05_037.seq	0	None	None	AJ505788	1434	Rhodobacteraceae	Pontibaca methylaminivorans	4741.0	1030	17	15	984	0.9694581280788177	0.9854368932038835	0.9553398058252427	0.9261412635268589
LKAP-Gut2_F05_037.seq	0	None	None	FJ875966	1385	Rhodobacteraceae	Roseivivax lentus	4710.0	1030	24	21	980	0.9712586719524281	0.9796116504854369	0.9514563106796117	0.910834361931431
LKAP-Gut2_F05_037.seq	0	None	None	JX090308	1417	Rhodobacteraceae	Thalassococcus lentus	4780.0	1030	29	27	987	0.9840478564307079	0.9737864077669903	0.958252427184466	0.9075799664457219
LKAP-Gut2_F05_037.seq	0	None	None	KC577450	1389	Rhodobacteraceae	Aestuariihabitans beolgyonensis	4704.0	1030	28	24	979	0.9731610337972167	0.9766990291262136	0.9504854368932039	0.9037697065355039
LKAP-Gut2_F05_037.seq	0	None	None	AY014177	1456	Rhodobacteraceae	Paracoccus alcaliphilus	4662.0	1030	26	24	974	0.9681908548707754	0.9766990291262136	0.945631067961165	0.9008568696675493

LKAP-Gut2_A12_096.seq	0	None	None	FJ232451	1429	Rhodobacteraceae	Sedimentitalea nanhaiensis	4930.0	999	5	8	991	1.0	0.9949799196787149	0.991991991991992	0.9791474741673944
LKAP-Gut2_A12_096.seq	0	None	None	AY005463	1431	Rhodobacteraceae	Leisingera methylohalidivorans	4711.0	999	16	18	966	0.9847094801223242	0.9839518555667001	0.9669669669669669	0.9345759552656104
LKAP-Gut2_A12_096.seq	0	None	None	AM900415	1396	Rhodobacteraceae	Leisingera aquimarina	4695.0	999	20	21	964	0.9856850715746421	0.9799599198396793	0.964964964964965	0.9261390929693186
LKAP-Gut2_A12_096.seq	0	None	None	AY177712	1386	Rhodobacteraceae	Phaeobacter inhibens	4649.0	999	24	27	958	0.98559670781893	0.9759036144578314	0.958958958958959	0.9111516208290402
LKAP-Gut2_A12_096.seq	0	None	None	KF554505	1386	Rhodobacteraceae	Leisingera aquaemixtae	4612.0	999	23	26	954	0.9804727646454265	0.9769076305220884	0.954954954954955	0.9091694434160188

LKAP-Gut2_D08_058.seq	0	None	None	GU018180	1421	Vibrionaceae	Vibrio owensii	5293.0	1076	9	9	1066	0.9990627928772259	0.991635687732342	0.9907063197026023	0.9742706388227435
LKAP-Gut2_D08_058.seq	0	None	None	FN687911	1484	Vibrionaceae	Vibrio inhibens	5256.0	1079	8	6	1064	0.9916123019571296	0.9944392956441149	0.9860982391102873	0.9733978018080388
LKAP-Gut2_D08_058.seq	0	None	None	AB428909	1298	Vibrionaceae	Vibrio sagamiensis	5017.0	1027	6	8	1013	0.9941118743866536	0.9941463414634146	0.9863680623174295	0.9730000537284227
LKAP-Gut2_D08_058.seq	0	None	None	GU078672	1470	Vibrionaceae	Vibrio communis	5304.0	1079	11	9	1069	0.9990654205607477	0.9916589434661723	0.9907321594068582	0.9725535876746222
LKAP-Gut2_D08_058.seq	0	None	None	AJ316187	1468	Vibrionaceae	Vibrio rotiferianus	5295.0	1079	11	9	1068	0.9981308411214953	0.9916589434661723	0.989805375347544	0.9716438088274056

LKAP-Gut2_G08_052.seq	0	None	None	FJ232451	1429	Rhodobacteraceae	Sedimentitalea nanhaiensis	5085.0	1025	5	3	1021	0.9990215264187867	0.9970731707317073	0.9960975609756098	0.9883608808903623
LKAP-Gut2_G08_052.seq	0	None	None	AY005463	1431	Rhodobacteraceae	Leisingera methylohalidivorans	4857.0	1025	17	14	995	0.9841740850642928	0.9863414634146341	0.9707317073170731	0.9418519732222274
LKAP-Gut2_G08_052.seq	0	None	None	AM900415	1396	Rhodobacteraceae	Leisingera aquimarina	4843.0	1025	21	17	993	0.9851190476190477	0.9834146341463414	0.968780487804878	0.9335857855710488
LKAP-Gut2_G08_052.seq	0	None	None	AY177712	1386	Rhodobacteraceae	Phaeobacter inhibens	4803.0	1025	24	22	988	0.9850448654037887	0.9785365853658536	0.9639024390243902	0.921634076588621
LKAP-Gut2_G08_052.seq	0	None	None	AJ968651	1275	Rhodobacteraceae	Tateyamaria pelophila	4735.0	1025	17	22	979	0.9760717846460618	0.9833333333333333	0.9551219512195122	0.9193736248302982

LKAP-Gut2_F10_070.seq	0	None	None	GQ352641	1338	Vibrionaceae	Vibrio plantisponsor	5053.0	1022	0	7	1014	0.9990147783251232	1.0	0.9921722113502935	0.9853765112725518
LKAP-Gut2_F10_070.seq	0	None	None	X74701	1456	Vibrionaceae	Vibrio diazotrophicus	5221.0	1062	5	7	1051	0.9962085308056872	0.9952830188679245	0.9896421845574388	0.978512188105059
LKAP-Gut2_F10_070.seq	0	None	None	X76333	1536	Vibrionaceae	Vibrio vulnificus	5149.0	1062	13	15	1043	0.9961795606494747	0.9877358490566037	0.9821092278719398	0.9565287084482986
LKAP-Gut2_F10_070.seq	0	None	None	AM235737	1455	Vibrionaceae	Vibrio anguillarum	5107.0	1062	15	17	1038	0.9933014354066986	0.9858490566037735	0.9774011299435028	0.9483604278467599
LKAP-Gut2_F10_070.seq	0	None	None	X74715	1352	Vibrionaceae	Vibrio navarrensis	5076.0	1062	15	17	1034	0.9894736842105263	0.9858490566037735	0.9736346516007532	0.9447058597240363

LKAP-Gut2_H08_050.seq	0	None	None	GQ352641	1338	Vibrionaceae	Vibrio plantisponsor	5008.0	1018	4	10	1007	0.9990079365079365	0.9960474308300395	0.9891944990176817	0.975643889442097
LKAP-Gut2_H08_050.seq	0	None	None	X74701	1456	Vibrionaceae	Vibrio diazotrophicus	5181.0	1059	9	10	1045	0.996186844613918	0.9914933837429112	0.9867799811142587	0.9692249065438738
LKAP-Gut2_H08_050.seq	0	None	None	X76333	1536	Vibrionaceae	Vibrio vulnificus	5132.0	1059	14	15	1040	0.9961685823754789	0.9867674858223062	0.9820585457979226	0.9555164229385193
LKAP-Gut2_H08_050.seq	0	None	None	X74715	1352	Vibrionaceae	Vibrio navarrensis	5077.0	1059	15	16	1033	0.9904122722914669	0.9858223062381852	0.9754485363550519	0.9472931316744126
LKAP-Gut2_H08_050.seq	0	None	None	AM235737	1455	Vibrionaceae	Vibrio anguillarum	5067.0	1059	19	20	1032	0.9932627526467758	0.9820415879017014	0.9745042492917847	0.9392485296977405

LKAP-Gut2_C09_075.seq	0	None	None	AF420312	1500	Shewanellaceae	Shewanella fidelis	5284.0	1065	3	5	1060	1.0	0.9971777986829727	0.9953051643192489	0.9878496949235991
LKAP-Gut2_C09_075.seq	0	None	None	AB204519	1515	Shewanellaceae	Shewanella pneumatophori	5154.0	1065	19	21	1044	1.0	0.9821260583254939	0.9802816901408451	0.944108934047087
LKAP-Gut2_C09_075.seq	0	None	None	AB081760	1440	Shewanellaceae	Shewanella schlegeliana	5131.0	1065	20	22	1041	0.9980824544582934	0.9811853245531514	0.9774647887323944	0.9396274420717856
LKAP-Gut2_C09_075.seq	0	None	None	AB081762	1440	Shewanellaceae	Shewanella sairae	5131.0	1065	20	22	1041	0.9980824544582934	0.9811853245531514	0.9774647887323944	0.9396274420717856
LKAP-Gut2_C09_075.seq	0	None	None	AB081757	1440	Shewanellaceae	Shewanella marinintestina	5131.0	1065	20	22	1041	0.9980824544582934	0.9811853245531514	0.9774647887323944	0.9396274420717856

LKAP-Gut2_D12_090.seq	0	None	None	FJ232451	1429	Rhodobacteraceae	Sedimentitalea nanhaiensis	4964.0	1007	4	9	998	1.0	0.9960079840319361	0.9910625620655412	0.9783189287254304
LKAP-Gut2_D12_090.seq	0	None	None	AY005463	1431	Rhodobacteraceae	Leisingera methylohalidivorans	4745.0	1007	16	20	973	0.9858156028368794	0.9840478564307079	0.9662363455809335	0.9322338935370297
LKAP-Gut2_D12_090.seq	0	None	None	AM900415	1396	Rhodobacteraceae	Leisingera aquimarina	4729.0	1007	20	23	971	0.9867886178861789	0.9800796812749004	0.9642502482621649	0.9238775504284034
LKAP-Gut2_D12_090.seq	0	None	None	AY177712	1386	Rhodobacteraceae	Phaeobacter inhibens	4682.0	1007	23	28	965	0.9856996935648621	0.9770459081836327	0.958291956305859	0.9108425487606174
LKAP-Gut2_D12_090.seq	0	None	None	EU156066	1421	Rhodobacteraceae	Roseovarius aestuarii	4605.0	1007	20	23	957	0.9725609756097561	0.9800796812749004	0.9503475670307845	0.9105569678269639

LKAP-Gut2_H05_033.seq	0	None	None	GU929924	1328	Vibrionaceae	Vibrio variabilis	2178.0	629	70	97	506	0.9511278195488722	0.8837209302325582	0.8044515103338633	0.6122578018563881
LKAP-Gut2_H05_033.seq	0	None	None	EU541605	1544	Vibrionaceae	Vibrio gallaecicus	2637.0	766	139	117	624	0.9614791987673343	0.8472584856396866	0.814621409921671	0.5841870663416182
LKAP-Gut2_H05_033.seq	0	None	None	HE978310	1507	Vibrionaceae	Vibrio toranzoniae	2605.0	764	121	123	614	0.9578783151326054	0.8412073490813649	0.8036649214659686	0.5820895080900406
LKAP-Gut2_H05_033.seq	0	None	None	AJ316199	1435	Vibrionaceae	Vibrio chagasii	2607.0	765	133	117	617	0.9521604938271605	0.8470588235294118	0.8065359477124183	0.5819992139394733
LKAP-Gut2_H05_033.seq	0	None	None	EF094888	1498	Vibrionaceae	Vibrio gigantis	2627.0	766	140	118	621	0.9583333333333334	0.8459530026109661	0.8107049608355091	0.579841958743278

LKAP-Gut2_F11_085.seq	0	None	None	AJ505788	1434	Rhodobacteraceae	Pontibaca methylaminivorans	4729.0	1027	35	14	984	0.9713721618953604	0.9863680623174295	0.9581304771178188	0.9139229503958102
LKAP-Gut2_F11_085.seq	0	None	None	FJ875966	1385	Rhodobacteraceae	Roseivivax lentus	4695.0	1027	24	21	977	0.9711729622266402	0.9795520934761441	0.9513145082765336	0.9105826787118866
LKAP-Gut2_F11_085.seq	0	None	None	KC577450	1389	Rhodobacteraceae	Aestuariihabitans beolgyonensis	4687.0	1027	27	23	976	0.9721115537848606	0.9776046738072055	0.9503407984420643	0.905258217870809
LKAP-Gut2_F11_085.seq	0	None	None	AY014177	1456	Rhodobacteraceae	Paracoccus alcaliphilus	4646.0	1027	25	23	971	0.9671314741035857	0.9776046738072055	0.9454722492697176	0.902332831052088
LKAP-Gut2_F11_085.seq	0	None	None	JX090308	1417	Rhodobacteraceae	Thalassococcus lentus	4771.0	1026	40	26	986	0.986	0.9746588693957114	0.9610136452241715	0.9015137384842135

LKAP-Gut2_D06_042.seq	0	None	None	FJ232451	1429	Rhodobacteraceae	Sedimentitalea nanhaiensis	5362.0	1087	10	8	1079	1.0	0.9926402943882244	0.9926402943882244	0.9763526687738324
LKAP-Gut2_D06_042.seq	0	None	None	AY005463	1431	Rhodobacteraceae	Leisingera methylohalidivorans	5127.0	1087	24	21	1052	0.9868667917448405	0.9806807727690893	0.9678012879484821	0.9286014157993537
LKAP-Gut2_D06_042.seq	0	None	None	AM900415	1396	Rhodobacteraceae	Leisingera aquimarina	5111.0	1087	28	24	1050	0.9877704609595485	0.9779208831646734	0.9659613615455381	0.9209120424420691
LKAP-Gut2_D06_042.seq	0	None	None	AJ968651	1275	Rhodobacteraceae	Tateyamaria pelophila	5002.0	1087	22	27	1036	0.9773584905660377	0.9796672828096118	0.953081876724931	0.9109709552104842
LKAP-Gut2_D06_042.seq	0	None	None	KF554505	1386	Rhodobacteraceae	Leisingera aquaemixtae	5036.0	1087	29	27	1041	0.9820754716981132	0.9751609935602575	0.9576816927322908	0.9096259805521758

LKAP-Gut2_A11_095.seq	0	None	None	FJ232451	1429	Rhodobacteraceae	Sedimentitalea nanhaiensis	5003.0	1017	2	6	1007	0.9960435212660732	0.998025666337611	0.9901671583087512	0.9823935201669749
LKAP-Gut2_A11_095.seq	0	None	None	AY005463	1431	Rhodobacteraceae	Leisingera methylohalidivorans	4790.0	1018	15	18	983	0.983	0.9852216748768473	0.9656188605108055	0.9347714041730933
LKAP-Gut2_A11_095.seq	0	None	None	AM900415	1396	Rhodobacteraceae	Leisingera aquimarina	4790.0	1018	17	19	983	0.983983983983984	0.9832677165354331	0.9656188605108055	0.9320321175365166
LKAP-Gut2_A11_095.seq	0	None	None	EF192392	1382	Rhodobacteraceae	Pelagicola litoralis	4741.0	1018	23	25	977	0.9838872104733132	0.9773622047244095	0.9597249508840865	0.9154725035810739
LKAP-Gut2_A11_095.seq	0	None	None	AY177712	1386	Rhodobacteraceae	Phaeobacter inhibens	4727.0	1018	22	26	975	0.9828629032258065	0.9783037475345168	0.9577603143418467	0.9135559921414538

LKAP-Gut2_F01_055.seq	0	None	None	FJ232451	1429	Rhodobacteraceae	Sedimentitalea nanhaiensis	5069.0	1017	5	1	1016	1.0	0.9990167158308751	0.9990167158308751	0.9931516470490892
LKAP-Gut2_F01_055.seq	0	None	None	AY005463	1431	Rhodobacteraceae	Leisingera methylohalidivorans	4841.0	1017	17	12	990	0.9850746268656716	0.9882005899705014	0.9734513274336283	0.9461495010355865
LKAP-Gut2_F01_055.seq	0	None	None	AM900415	1396	Rhodobacteraceae	Leisingera aquimarina	4825.0	1017	21	15	988	0.9860279441117764	0.9852507374631269	0.9714847590953786	0.9377916460631689
LKAP-Gut2_F01_055.seq	0	None	None	AY177712	1386	Rhodobacteraceae	Phaeobacter inhibens	4778.0	1017	24	20	982	0.9849548645937813	0.9803343166175025	0.9655850540806293	0.9247726214393731
LKAP-Gut2_F01_055.seq	0	None	None	AJ968651	1275	Rhodobacteraceae	Tateyamaria pelophila	4713.0	1016	17	20	973	0.9769076305220884	0.983218163869694	0.9576771653543307	0.9233750790831687

LKAP-Gut2_E01_007.seq	0	None	None	U46579	1497	Vibrionaceae	Vibrio scophthalmi	5137.0	1051	7	8	1037	0.9942473633748802	0.9933333333333333	0.9866793529971456	0.9726905152892467
LKAP-Gut2_E01_007.seq	0	None	None	AJ421445	1367	Vibrionaceae	Vibrio ichthyoenteri	5144.0	1051	9	10	1038	0.9971181556195965	0.9914285714285714	0.9876308277830638	0.9699280110586505
LKAP-Gut2_E01_007.seq	0	None	None	X74689	1427	Vibrionaceae	Vibrio aestuarianus	4964.0	1051	14	15	1017	0.9816602316602316	0.9866666666666667	0.9676498572787822	0.9413007062355102
LKAP-Gut2_E01_007.seq	0	None	None	HF955040	1416	Vibrionaceae	Vibrio cortegadensis	4931.0	1045	16	20	1010	0.9853658536585366	0.9846301633045149	0.9665071770334929	0.9337133425629879
LKAP-Gut2_E01_007.seq	0	None	None	AJ515230	1321	Vibrionaceae	Vibrio splendidus	4710.0	996	17	21	964	0.9887179487179487	0.9828629032258065	0.9678714859437751	0.9315643620880363

LKAP-Gut2_G09_067.seq	0	None	None	FJ232451	1429	Rhodobacteraceae	Sedimentitalea nanhaiensis	5220.0	1054	4	6	1048	1.0	0.9961977186311787	0.9943074003795066	0.9849094098277155
LKAP-Gut2_G09_067.seq	0	None	None	AY005463	1431	Rhodobacteraceae	Leisingera methylohalidivorans	4977.0	1054	19	20	1020	0.9864603481624759	0.9819563152896487	0.967741935483871	0.9325677178847368
LKAP-Gut2_G09_067.seq	0	None	None	AM900415	1396	Rhodobacteraceae	Leisingera aquimarina	4961.0	1054	23	23	1018	0.9873908826382153	0.9781783681214421	0.9658444022770398	0.9245919951231458
LKAP-Gut2_G09_067.seq	0	None	None	AJ968651	1275	Rhodobacteraceae	Tateyamaria pelophila	4860.0	1054	16	25	1005	0.9766763848396501	0.9846889952153111	0.9535104364326376	0.9169740552235365
LKAP-Gut2_G09_067.seq	0	None	None	GQ232737	1386	Rhodobacteraceae	Litorimicrobium taeanense	4912.0	1054	25	27	1012	0.98539435248296	0.9762357414448669	0.9601518026565465	0.9138794266249057

LKAP-Gut2_D01_009.seq	0	None	None	FJ232451	1429	Rhodobacteraceae	Sedimentitalea nanhaiensis	4917.0	995	5	7	988	1.0	0.9949647532729103	0.992964824120603	0.9810492462311559
LKAP-Gut2_D01_009.seq	0	None	None	AY005463	1431	Rhodobacteraceae	Leisingera methylohalidivorans	4699.0	995	16	17	963	0.9846625766871165	0.9839034205231388	0.9678391959798995	0.9362480056066684
LKAP-Gut2_D01_009.seq	0	None	None	AM900415	1396	Rhodobacteraceae	Leisingera aquimarina	4692.0	995	19	19	962	0.985655737704918	0.9809045226130654	0.9668341708542714	0.9306017265816261
LKAP-Gut2_D01_009.seq	0	None	None	EF192392	1382	Rhodobacteraceae	Pelagicola litoralis	4641.0	995	25	25	956	0.9855670103092784	0.9748743718592965	0.9608040201005025	0.913705783821066
LKAP-Gut2_D01_009.seq	0	None	None	AJ968651	1275	Rhodobacteraceae	Tateyamaria pelophila	4576.0	995	17	26	947	0.977296181630547	0.9827586206896551	0.9517587939698492	0.9113184499572963

LKAP-Gut2_G06_036.seq	0	None	None	AJ505788	1434	Rhodobacteraceae	Pontibaca methylaminivorans	4697.0	1017	19	14	974	0.9710867397806581	0.9862340216322517	0.9577187807276303	0.9272122944689316
LKAP-Gut2_G06_036.seq	0	None	None	FJ875966	1385	Rhodobacteraceae	Roseivivax lentus	4666.0	1017	25	19	970	0.9719438877755511	0.9813176007866273	0.9537856440511308	0.9135106264520427
LKAP-Gut2_G06_036.seq	0	None	None	JX090308	1417	Rhodobacteraceae	Thalassococcus lentus	4736.0	1017	31	26	977	0.9858728557013118	0.9744346116027532	0.960668633235005	0.9084185262747041
LKAP-Gut2_G06_036.seq	0	None	None	KC577450	1389	Rhodobacteraceae	Aestuariihabitans beolgyonensis	4657.0	1017	28	21	969	0.9728915662650602	0.9793510324483776	0.9528023598820059	0.9081255028157683
LKAP-Gut2_G06_036.seq	0	None	None	AB187584	1386	Rhodobacteraceae	Paracoccus koreensis	4603.0	1017	24	19	963	0.9649298597194389	0.9813176007866273	0.9469026548672567	0.9077894808429607

LKAP-Gut2_H09	0	None	None	EF204450	1480	Flavobacteriaceae	Chryseobacterium haifense	1443.0	535	397	90	436	0.9797752808988764	0.8317757009345794	0.8149532710280374	0.3891139545144599
LKAP-Gut2_H09	0	None	None	AM982786	1456	Flavobacteriaceae	Chryseobacterium anthropi	1437.0	535	397	90	435	0.9775280898876404	0.8317757009345794	0.8130841121495327	0.38822149131603223
LKAP-Gut2_H09	0	None	None	FM883672	1502	Cyclobacteriaceae	Indibacter alkaliphilus	1420.0	534	383	92	430	0.9728506787330317	0.8277153558052435	0.8052434456928839	0.38813260959242607
LKAP-Gut2_H09	0	None	None	FN356023	1504	Porphyromonadaceae	Dysgonomonas hofstadii	1441.0	533	450	78	446	0.9802197802197802	0.8536585365853658	0.8367729831144465	0.3873160806887824
LKAP-Gut2_H09	0	None	None	HM777012	1458	Caulobacteraceae	Brevundimonas viscosa	1438.0	533	435	80	441	0.9735099337748344	0.849906191369606	0.8273921200750469	0.38719899834090526

LKAP-Gut2_C08_060.seq	0	None	None	AB011364	1504	Colwelliaceae	Colwellia psychrerythraea	3916.0	1061	112	99	902	0.9376299376299376	0.9066918001885014	0.8501413760603205	0.6972173945183532
LKAP-Gut2_C08_060.seq	0	None	None	AB002630	1514	Colwelliaceae	Colwellia maris	3859.0	1061	119	104	895	0.93521421107628	0.9019792648444863	0.8435438265786993	0.684128340708318
LKAP-Gut2_C08_060.seq	0	None	None	EU599214	1507	Colwelliaceae	Colwellia asteriadis	3873.0	1061	123	108	896	0.9401888772298006	0.8982092365692743	0.8444863336475024	0.6797259087551264
LKAP-Gut2_C08_060.seq	0	None	None	AB094412	1474	Colwelliaceae	Colwellia piezophila	3848.0	1061	123	106	894	0.9361256544502617	0.9000942507068803	0.8426013195098964	0.6796319764627965
LKAP-Gut2_C08_060.seq	0	None	None	U14581	1467	Colwelliaceae	Colwellia rossensis	3812.0	1061	124	107	888	0.9308176100628931	0.8991517436380773	0.8369462770970783	0.6737947243465086

LKAP-Gut2_C06_044.seq	0	None	None	JX546142	1479	Flavobacteriaceae	Hwangdonia seohaensis	5346.0	1083	13	7	1076	1.0	0.9935364727608494	0.9935364727608494	0.9754062451557245
LKAP-Gut2_C06_044.seq	0	None	None	JQ259859	1457	Flavobacteriaceae	Algibacter aquimarinus	4876.0	1083	48	38	1022	0.9779904306220095	0.9649122807017544	0.9436749769159741	0.8719189662928319
LKAP-Gut2_C06_044.seq	0	None	None	JX412960	1486	Flavobacteriaceae	Flavirhabdus iliipiscaria	4806.0	1083	52	40	1015	0.9731543624161074	0.9630655586334257	0.9372114496768237	0.8612436493505965
LKAP-Gut2_C06_044.seq	0	None	None	DQ167239	1454	Flavobacteriaceae	Lacinutrix mariniflava	4642.0	1056	39	44	981	0.9693675889328063	0.9628924833491912	0.9289772727272727	0.8585616438356164
LKAP-Gut2_C06_044.seq	0	None	None	JQ327134	1441	Flavobacteriaceae	Olleya namhaensis	4803.0	1083	46	46	1012	0.9758919961427194	0.9575253924284395	0.9344413665743305	0.8582955687666792

LKAP-Gut2_A06_048.seq	0	None	None	DQ514304	1425	Rhodobacteraceae	Pseudophaeobacter arcticus	5091.0	1059	17	8	1038	0.9876308277830638	0.9924457034938622	0.9801699716713881	0.9573965057868299
LKAP-Gut2_A06_048.seq	0	None	None	HE661585	1355	Rhodobacteraceae	Pseudophaeobacter leonis	5045.0	1059	19	12	1032	0.9856733524355301	0.9886685552407932	0.9745042492917847	0.9464804721785701
LKAP-Gut2_A06_048.seq	0	None	None	AY005463	1431	Rhodobacteraceae	Leisingera methylohalidivorans	5037.0	1058	22	12	1031	0.98565965583174	0.9886578449905482	0.9744801512287334	0.9438020723937548
LKAP-Gut2_A06_048.seq	0	None	None	AM900415	1396	Rhodobacteraceae	Leisingera aquimarina	5019.0	1058	26	15	1029	0.9865771812080537	0.9858223062381852	0.9725897920604915	0.9358036467888308
LKAP-Gut2_A06_048.seq	0	None	None	AY177712	1386	Rhodobacteraceae	Phaeobacter inhibens	5014.0	1058	26	17	1028	0.9875120076849183	0.9839319470699432	0.9716446124763705	0.9331015143799831

LKAP-Gut2_H12_082.seq	0	None	None	DQ913890	1493	Celerinatantimonadaceae	Celerinatantimonas diazotrophica	1092.0	398	197	74	310	0.9567901234567902	0.8140703517587939	0.7788944723618091	0.42413749419365737
LKAP-Gut2_H12_082.seq	0	None	None	D25310	1465	Vibrionaceae	Photobacterium phosphoreum	1097.0	398	201	75	312	0.9659442724458205	0.8115577889447236	0.7839195979899497	0.4227145745421598
LKAP-Gut2_H12_082.seq	0	None	None	KC951111	1443	Vibrionaceae	Photobacterium piscicola	1079.0	386	197	74	304	0.9743589743589743	0.8082901554404145	0.7875647668393783	0.4214754841404563
LKAP-Gut2_H12_082.seq	0	None	None	EU541604	1524	Vibrionaceae	Aliivibrio finisterrensis	1107.0	397	208	75	314	0.9751552795031055	0.8110831234256927	0.7909319899244333	0.4209588442242438
LKAP-Gut2_H12_082.seq	0	None	None	AJ132227	1521	Vibrionaceae	Aliivibrio wodanis	1109.0	398	217	73	317	0.9753846153846154	0.8165829145728644	0.7964824120603015	0.42090533970666344

LKAP-Gut2_A10_080.seq	0	None	None	GQ352641	1338	Vibrionaceae	Vibrio plantisponsor	1485.0	522	168	117	393	0.9703703703703703	0.7758620689655172	0.7528735632183908	0.44190404797601207
LKAP-Gut2_A10_080.seq	0	None	None	EU143360	1420	Vibrionaceae	Vibrio areninigrae	1543.0	553	184	121	415	0.9606481481481481	0.7811934900542495	0.7504520795660036	0.43988507241860725
LKAP-Gut2_A10_080.seq	0	None	None	HF955040	1416	Vibrionaceae	Vibrio cortegadensis	1532.0	553	174	127	410	0.9624413145539906	0.7703435804701627	0.7414104882459313	0.434444110031316
LKAP-Gut2_A10_080.seq	0	None	None	X74701	1456	Vibrionaceae	Vibrio diazotrophicus	1575.0	556	205	122	422	0.9723502304147466	0.7805755395683454	0.7589928057553957	0.4328552926384254
LKAP-Gut2_A10_080.seq	0	None	None	X74689	1427	Vibrionaceae	Vibrio aestuarianus	1526.0	556	189	124	414	0.9583333333333334	0.7769784172661871	0.7446043165467626	0.4317705567089952

LKAP-Gut2_G10_068.seq	0	None	None	AB204519	1515	Shewanellaceae	Shewanella pneumatophori	5212.0	1058	5	10	1048	1.0	0.9952516619183286	0.9905482041587902	0.9765705719270105
LKAP-Gut2_G10_068.seq	0	None	None	AB081760	1440	Shewanellaceae	Shewanella schlegeliana	5154.0	1058	10	15	1041	0.9980824544582934	0.9905033238366572	0.9839319470699432	0.9608998322040738
LKAP-Gut2_G10_068.seq	0	None	None	AB081762	1440	Shewanellaceae	Shewanella sairae	5154.0	1058	10	15	1041	0.9980824544582934	0.9905033238366572	0.9839319470699432	0.9608998322040738
LKAP-Gut2_G10_068.seq	0	None	None	AB081757	1440	Shewanellaceae	Shewanella marinintestina	5154.0	1058	10	15	1041	0.9980824544582934	0.9905033238366572	0.9839319470699432	0.9608998322040738
LKAP-Gut2_G10_068.seq	0	None	None	AB094598	1492	Shewanellaceae	Shewanella kaireitica	5096.0	1058	9	14	1035	0.9913793103448276	0.9914529914529915	0.9782608695652174	0.9571737093027994

LKAP-Gut2_H11_081.seq	0	None	None	AY653177	1498	Shewanellaceae	Shewanella colwelliana	1642.0	464	188	54	403	0.9829268292682927	0.8836206896551724	0.8685344827586207	0.5461643219801142
LKAP-Gut2_H11_081.seq	0	None	None	AB205570	1413	Shewanellaceae	Shewanella algidipiscicola	1613.0	461	184	57	397	0.9826732673267327	0.8763557483731019	0.8611713665943601	0.5394003598513512
LKAP-Gut2_H11_081.seq	0	None	None	AB094597	1499	Shewanellaceae	Shewanella surugensis	1569.0	464	158	68	388	0.9797979797979798	0.853448275862069	0.8362068965517241	0.5323760949107439
LKAP-Gut2_H11_081.seq	0	None	None	AY485224	1500	Shewanellaceae	Shewanella marisflavi	1581.0	464	160	68	389	0.9823232323232324	0.853448275862069	0.8383620689655172	0.5320374668435013
LKAP-Gut2_H11_081.seq	0	None	None	AJ551090	1481	Shewanellaceae	Shewanella piezotolerans	1552.0	464	192	57	393	0.9656019656019657	0.8771551724137931	0.8469827586206896	0.5254908273759462

LKAP-Gut2_G05_035.seq	0	None	None	JX546142	1479	Flavobacteriaceae	Hwangdonia seohaensis	5294.0	1067	9	2	1064	0.9990610328638497	0.9981255857544518	0.9971883786316776	0.986994073645666
LKAP-Gut2_G05_035.seq	0	None	None	JQ259859	1457	Flavobacteriaceae	Algibacter aquimarinus	4817.0	1067	40	35	1008	0.9767441860465116	0.9671977507029054	0.9447047797563262	0.8807003908839464
LKAP-Gut2_G05_035.seq	0	None	None	JX412960	1486	Flavobacteriaceae	Flavirhabdus iliipiscaria	4747.0	1067	44	37	1001	0.9718446601941747	0.9653233364573571	0.9381443298969072	0.8697467684912821
LKAP-Gut2_G05_035.seq	0	None	None	JQ327134	1441	Flavobacteriaceae	Olleya namhaensis	4752.0	1067	42	41	1000	0.9746588693957114	0.9615745079662605	0.9372071227741331	0.8670644796810284
LKAP-Gut2_G05_035.seq	0	None	None	JN864027	1452	Flavobacteriaceae	Algibacter agarilyticus	4756.0	1067	43	42	1000	0.975609756097561	0.9606373008434864	0.9372071227741331	0.8654390097689066

LKAP-Gut2_A07_063.seq	0	None	None	HE978310	1507	Vibrionaceae	Vibrio toranzoniae	5234.0	1058	4	3	1052	0.9971563981042654	0.997164461247637	0.994328922495274	0.9877749653790151
LKAP-Gut2_A07_063.seq	0	None	None	EF094888	1498	Vibrionaceae	Vibrio gigantis	5240.0	1058	5	4	1052	0.9981024667931688	0.996219281663516	0.994328922495274	0.9859103333114005
LKAP-Gut2_A07_063.seq	0	None	None	EF094887	1496	Vibrionaceae	Vibrio crassostreae	5234.0	1058	5	4	1051	0.9971537001897534	0.996219281663516	0.9933837429111532	0.9849731561884811
LKAP-Gut2_A07_063.seq	0	None	None	EF599164	1544	Vibrionaceae	Vibrio artabrorum	5220.0	1058	6	4	1050	0.9962049335863378	0.996219281663516	0.9924385633270322	0.9831111332205751
LKAP-Gut2_A07_063.seq	0	None	None	AJ491290	1507	Vibrionaceae	Vibrio pomeroyi	5216.0	1058	5	4	1047	0.9933586337760911	0.996219281663516	0.9896030245746692	0.9812244476968028

LKAP-Gut2_F03_021.seq	0	None	None	DQ514304	1425	Rhodobacteraceae	Pseudophaeobacter arcticus	5195.0	1076	20	7	1058	0.9897100093545369	0.9934944237918215	0.983271375464684	0.9590484492442949
LKAP-Gut2_F03_021.seq	0	None	None	HE661585	1355	Rhodobacteraceae	Pseudophaeobacter leonis	5122.0	1072	21	11	1047	0.9868049010367578	0.9897388059701493	0.976679104477612	0.9480846567710397
LKAP-Gut2_F03_021.seq	0	None	None	AY005463	1431	Rhodobacteraceae	Leisingera methylohalidivorans	5138.0	1076	25	11	1051	0.9868544600938968	0.9897769516728625	0.9767657992565055	0.94482795295929
LKAP-Gut2_F03_021.seq	0	None	None	AM900415	1396	Rhodobacteraceae	Leisingera aquimarina	5120.0	1076	29	14	1049	0.987758945386064	0.9869888475836431	0.974907063197026	0.9369695032717118
LKAP-Gut2_F03_021.seq	0	None	None	AY177712	1386	Rhodobacteraceae	Phaeobacter inhibens	5115.0	1076	29	16	1048	0.9886792452830189	0.9851301115241635	0.9739776951672863	0.9343134451378494

LKAP-Gut2_D11_089.seq	0	None	None	X74689	1427	Vibrionaceae	Vibrio aestuarianus	5141.0	1045	8	7	1035	0.9971098265895953	0.9933014354066986	0.9904306220095693	0.9763219236903448
LKAP-Gut2_D11_089.seq	0	None	None	AJ421445	1367	Vibrionaceae	Vibrio ichthyoenteri	4969.0	1045	14	13	1016	0.9844961240310077	0.9875598086124402	0.9722488038277513	0.9474605906989984
LKAP-Gut2_D11_089.seq	0	None	None	U46579	1497	Vibrionaceae	Vibrio scophthalmi	4954.0	1045	15	14	1014	0.9835111542192047	0.9866028708133971	0.970334928229665	0.9437880292497969
LKAP-Gut2_D11_089.seq	0	None	None	HF955040	1416	Vibrionaceae	Vibrio cortegadensis	4968.0	1039	19	21	1012	0.9941060903732809	0.9816779170684667	0.9740134744947064	0.9371887684646608
LKAP-Gut2_D11_089.seq	0	None	None	AJ515230	1321	Vibrionaceae	Vibrio splendidus	4695.0	990	16	18	960	0.9876543209876543	0.9838056680161943	0.9696969696969697	0.9369239110789808

LKAP-Gut2_B02_014.seq	0	None	None	EF094888	1498	Vibrionaceae	Vibrio gigantis	5132.0	1040	7	6	1032	0.9980657640232108	0.9942307692307693	0.9923076923076923	0.9799867754022482
LKAP-Gut2_B02_014.seq	0	None	None	EF094887	1496	Vibrionaceae	Vibrio crassostreae	5126.0	1040	7	6	1031	0.9970986460348162	0.9942307692307693	0.9913461538461539	0.97903717581368
LKAP-Gut2_B02_014.seq	0	None	None	HE978310	1507	Vibrionaceae	Vibrio toranzoniae	5103.0	1038	6	7	1028	0.997090203685742	0.9942140790742526	0.9903660886319846	0.9780339438501687
LKAP-Gut2_B02_014.seq	0	None	None	EF599164	1544	Vibrionaceae	Vibrio artabrorum	5108.0	1040	8	6	1029	0.995164410058027	0.9942307692307693	0.989423076923077	0.976205593071051
LKAP-Gut2_B02_014.seq	0	None	None	AJ491290	1507	Vibrionaceae	Vibrio pomeroyi	5108.0	1040	7	6	1027	0.9932301740812379	0.9942307692307693	0.9875	0.9752387774594079

