LKAP-GutHK_G02_004	976	None	None	AJ842343	1505	Vibrionaceae	Enterovibrio coralii	4660.0	976	19	14	950	0.9875259875259875	0.985655737704918	0.9733606557377049	0.9410783425323338
LKAP-GutHK_G02_004	976	None	None	GU929924	1328	Vibrionaceae	Vibrio variabilis	3841.0	811	14	13	786	0.9849624060150376	0.9839704069050554	0.969173859432799	0.9374554422149983
LKAP-GutHK_G02_004	976	None	None	AJ316208	1505	Vibrionaceae	Enterovibrio norvegicus	4650.0	976	20	15	948	0.9864724245577523	0.9846311475409836	0.9713114754098361	0.9371790440450326
LKAP-GutHK_G02_004	976	None	None	X78105	1434	Vibrionaceae	Photobacterium damselae subsp. piscicida	4504.0	976	19	15	934	0.9719042663891779	0.9846311475409836	0.9569672131147541	0.9242668259329434
LKAP-GutHK_G02_004	976	None	None	AB032015	1550	Vibrionaceae	Photobacterium damselae subsp. damselae	4511.0	976	21	16	935	0.9739583333333334	0.9836065573770492	0.9579918032786885	0.9224394494960291

LKAP-GutHK_C04_028	1019	None	None	AJ842343	1505	Vibrionaceae	Enterovibrio coralii	4830.0	1018	19	15	985	0.9820538384845464	0.9852652259332023	0.9675834970530451	0.9358594479693387
LKAP-GutHK_C04_028	1019	None	None	X78105	1434	Vibrionaceae	Photobacterium damselae subsp. piscicida	4690.0	1018	19	20	972	0.9739478957915831	0.9813176007866273	0.9548133595284872	0.9189042746474737
LKAP-GutHK_C04_028	1019	None	None	AB032015	1550	Vibrionaceae	Photobacterium damselae subsp. damselae	4702.0	1019	32	19	976	0.976	0.9813542688910697	0.957801766437684	0.9113242306733434
LKAP-GutHK_C04_028	1019	None	None	AJ316208	1505	Vibrionaceae	Enterovibrio norvegicus	4784.0	1018	30	26	980	0.9879032258064516	0.9744597249508841	0.962671905697446	0.9112314221868955
LKAP-GutHK_C04_028	1019	None	None	AY792622	1528	Vibrionaceae	Vibrio tubiashii subsp. europaeus	4658.0	1019	29	22	970	0.9729187562688064	0.9784102060843964	0.9519136408243376	0.9055895991430006

LKAP-GutHK_B02_014	1004	None	None	GU018180	1421	Vibrionaceae	Vibrio owensii	4867.0	985	5	2	979	0.9959308240081384	0.9979695431472081	0.9939086294416244	0.9868809926677947
LKAP-GutHK_B02_014	1004	None	None	AB428909	1298	Vibrionaceae	Vibrio sagamiensis	4581.0	936	3	2	925	0.9903640256959315	0.9978632478632479	0.9882478632478633	0.9829856275543176
LKAP-GutHK_B02_014	1004	None	None	LC004912	1390	Vibrionaceae	Vibrio hyugaensis	4779.0	969	4	3	959	0.9927536231884058	0.9969040247678018	0.9896800825593395	0.9825600819653874
LKAP-GutHK_B02_014	1004	None	None	AY750575	1436	Vibrionaceae	Vibrio harveyi	4877.0	992	7	3	983	0.993933265925177	0.9969758064516129	0.9909274193548387	0.9810082259679034
LKAP-GutHK_B02_014	1004	None	None	AB562589	1400	Vibrionaceae	Vibrio jasicida	4839.0	983	7	4	975	0.9959141981613892	0.9959308240081384	0.9918616480162767	0.9808409630383181

LKAP-GutHK_H01_001	971	None	None	X99762	1376	Vibrionaceae	Vibrio diabolicus	4655.0	953	4	3	941	0.9905263157894737	0.9968520461699895	0.9874081846799581	0.980185763266416
LKAP-GutHK_H01_001	971	None	None	AJ316172	1504	Vibrionaceae	Vibrio brasiliensis	4767.0	969	9	1	958	0.9896694214876033	0.9989680082559339	0.9886480908152735	0.9785392146310683
LKAP-GutHK_H01_001	971	None	None	GU929924	1328	Vibrionaceae	Vibrio variabilis	3917.0	805	4	5	792	0.99	0.9950248756218906	0.9838509316770186	0.972905742078634
LKAP-GutHK_H01_001	971	None	None	DQ451211	1488	Vibrionaceae	Vibrio sinaloensis	4787.0	970	17	4	964	0.9979296066252588	0.9958762886597938	0.9938144329896907	0.9726694450537399
LKAP-GutHK_H01_001	971	None	None	GU223601	1470	Vibrionaceae	Vibrio caribbeanicus	4763.0	969	15	7	961	0.998960498960499	0.9927760577915377	0.9917440660474717	0.9695709263594184

LKAP-GutHK_E04_024	1015	None	None	AJ630103	1529	Vibrionaceae	Vibrio ponticus	5053.0	1015	16	0	1015	1.0	1.0	1.0	0.9844810863239574
LKAP-GutHK_E04_024	1015	None	None	JF316656	1497	Vibrionaceae	Vibrio alfacsensis	4923.0	1015	17	7	999	0.9910714285714286	0.993103448275862	0.9842364532019704	0.9613472333600641
LKAP-GutHK_E04_024	1015	None	None	KF487035	1422	Vibrionaceae	Vibrio panuliri	4866.0	997	11	14	982	0.9989827060020345	0.9889336016096579	0.9849548645937813	0.9605264205314356
LKAP-GutHK_E04_024	1015	None	None	X76336	1546	Vibrionaceae	Vibrio furnissii	4881.0	1015	26	10	995	0.9900497512437811	0.9901477832512315	0.9802955665024631	0.9463948552689485
LKAP-GutHK_E04_024	1015	None	None	GU929924	1328	Vibrionaceae	Vibrio variabilis	4045.0	848	11	9	821	0.9785458879618594	0.9893867924528302	0.9681603773584906	0.9456188086190613

LKAP-GutHK_A03_031	993	None	None	JF751044	1509	Shewanellaceae	Shewanella aestuarii	4790.0	993	24	9	975	0.9908536585365854	0.9909365558912386	0.9818731117824774	0.9500129223146094
LKAP-GutHK_A03_031	993	None	None	AF145921	1462	Shewanellaceae	Shewanella japonica	4667.0	985	14	17	954	0.9855371900826446	0.9857433808553971	0.9685279187817258	0.9384734988795902
LKAP-GutHK_A03_031	993	None	None	AJ000214	1531	Shewanellaceae	Shewanella baltica	4730.0	993	26	13	968	0.9877551020408163	0.9869083585095669	0.9748237663645518	0.9375145152475572
LKAP-GutHK_A03_031	993	None	None	AF005251	1389	Shewanellaceae	Shewanella oneidensis	4234.0	898	15	15	868	0.9830124575311439	0.9832962138084632	0.9665924276169265	0.9348314497105653
LKAP-GutHK_A03_031	993	None	None	AB205566	1418	Shewanellaceae	Shewanella hafniensis	4628.0	977	19	20	946	0.9885057471264368	0.9805327868852459	0.9682702149437052	0.930356019780247

LKAP-GutHK_B03_029	1007	None	None	GU018180	1421	Vibrionaceae	Vibrio owensii	4886.0	989	2	3	982	0.9959432048681541	0.9979757085020243	0.9929221435793731	0.9879124455794772
LKAP-GutHK_B03_029	1007	None	None	AB428897	1298	Vibrionaceae	Vibrio azureus	4607.0	940	0	3	929	0.991462113127001	1.0	0.9882978723404255	0.9851437301946582
LKAP-GutHK_B03_029	1007	None	None	LC004912	1390	Vibrionaceae	Vibrio hyugaensis	4788.0	973	0	3	961	0.9907216494845361	1.0	0.987667009249743	0.9846217872273904
LKAP-GutHK_B03_029	1007	None	None	AY750575	1436	Vibrionaceae	Vibrio harveyi	4919.0	998	3	5	989	0.9959718026183283	0.9969879518072289	0.9909819639278558	0.9830620281522086
LKAP-GutHK_B03_029	1007	None	None	AB562589	1400	Vibrionaceae	Vibrio jasicida	4829.0	987	2	3	975	0.9908536585365854	0.9979716024340771	0.9878419452887538	0.9828477999637348

LKAP-GutHK_D06_042	1018	None	None	AJ842343	1505	Vibrionaceae	Enterovibrio coralii	4807.0	1018	20	22	982	0.9859437751004017	0.9803149606299213	0.9646365422396856	0.9256050058484845
LKAP-GutHK_D06_042	1018	None	None	GU929924	1328	Vibrionaceae	Vibrio variabilis	3942.0	848	18	20	808	0.9758454106280193	0.9787234042553191	0.9528301886792453	0.9110200880212646
LKAP-GutHK_D06_042	1018	None	None	AJ316208	1505	Vibrionaceae	Enterovibrio norvegicus	4763.0	1018	25	27	976	0.9848637739656912	0.9753937007874016	0.9587426326129665	0.9109433834318791
LKAP-GutHK_D06_042	1018	None	None	X78105	1434	Vibrionaceae	Photobacterium damselae subsp. piscicida	4652.0	1018	21	24	967	0.9728370221327968	0.9793103448275862	0.949901768172888	0.9087606906293076
LKAP-GutHK_D06_042	1018	None	None	AJ514909	1504	Vibrionaceae	Grimontia hollisae	4703.0	1017	27	29	971	0.9827935222672065	0.9733990147783251	0.9547689282202556	0.9035552692352611

LKAP-GutHK_F03_021	1006	None	None	GU018180	1421	Vibrionaceae	Vibrio owensii	4892.0	988	1	3	982	0.9969543147208122	0.9989858012170385	0.9939271255060729	0.9899071977992737
LKAP-GutHK_F03_021	1006	None	None	LC004912	1390	Vibrionaceae	Vibrio hyugaensis	4805.0	971	0	3	962	0.993801652892562	1.0	0.9907312049433573	0.9876702434450771
LKAP-GutHK_F03_021	1006	None	None	AB562589	1400	Vibrionaceae	Vibrio jasicida	4853.0	986	1	3	977	0.9938962360122076	0.9989837398373984	0.9908722109533469	0.9868565181024722
LKAP-GutHK_F03_021	1006	None	None	AB428897	1298	Vibrionaceae	Vibrio azureus	4616.0	938	2	5	929	0.9957127545551983	0.9978609625668449	0.990405117270789	0.9830297600145171
LKAP-GutHK_F03_021	1006	None	None	AJ316187	1468	Vibrionaceae	Vibrio rotiferianus	4956.0	1005	8	4	998	0.997002997002997	0.9960199004975124	0.9930348258706467	0.9812713333628009

LKAP-GutHK_G11_083	940	None	None	GU929924	1328	Vibrionaceae	Vibrio variabilis	3792.0	777	3	3	766	0.9896640826873385	0.9961389961389961	0.9858429858429858	0.9782595782595782
LKAP-GutHK_G11_083	940	None	None	X99762	1376	Vibrionaceae	Vibrio diabolicus	4477.0	925	6	4	909	0.9869706840390879	0.9956756756756757	0.9827027027027027	0.9721473568090109
LKAP-GutHK_G11_083	940	None	None	GU223601	1470	Vibrionaceae	Vibrio caribbeanicus	4592.0	937	16	3	929	0.9946466809421841	0.9967982924226254	0.991462113127001	0.9716952924035877
LKAP-GutHK_G11_083	940	None	None	DQ451211	1488	Vibrionaceae	Vibrio sinaloensis	4606.0	940	25	3	932	0.9946638207043756	0.9968085106382979	0.9914893617021276	0.9627207584610297
LKAP-GutHK_G11_083	940	None	None	AB428909	1298	Vibrionaceae	Vibrio sagamiensis	4249.0	876	10	10	861	0.9942263279445728	0.9885844748858448	0.9828767123287672	0.9606898790933548

LKAP-GutHK_D10_074	984	None	None	AJ842343	1505	Vibrionaceae	Enterovibrio coralii	4567.0	983	24	19	942	0.9771784232365145	0.9806714140386572	0.9582909460834181	0.917370875893163
LKAP-GutHK_D10_074	984	None	None	X78105	1434	Vibrionaceae	Photobacterium damselae subsp. piscicida	4498.0	982	19	19	935	0.9709241952232607	0.9806517311608961	0.9521384928716904	0.9159933752601777
LKAP-GutHK_D10_074	984	None	None	GU929924	1328	Vibrionaceae	Vibrio variabilis	3810.0	815	35	15	787	0.98375	0.9815950920245399	0.9656441717791411	0.9088415734391916
LKAP-GutHK_D10_074	984	None	None	AB032015	1550	Vibrionaceae	Photobacterium damselae subsp. damselae	4509.0	983	32	18	939	0.9730569948186528	0.9816887080366226	0.9552390640895219	0.9081829525580184
LKAP-GutHK_D10_074	984	None	None	AJ316208	1505	Vibrionaceae	Enterovibrio norvegicus	4575.0	982	31	23	942	0.9822732012513035	0.9765784114052953	0.9592668024439919	0.9081311584835026

LKAP-GutHK_G05_035	1010	None	None	X74702	1467	Vibrionaceae	Aliivibrio fischeri	4979.0	1010	15	6	1003	0.999003984063745	0.994059405940594	0.9930693069306931	0.9727234967399179
LKAP-GutHK_G05_035	1010	None	None	AB464964	1401	Vibrionaceae	Aliivibrio sifiae	4618.0	982	19	34	944	0.9957805907172996	0.9803516028955532	0.9613034623217923	0.910405277004055
LKAP-GutHK_G05_035	1010	None	None	EU541604	1524	Vibrionaceae	Aliivibrio finisterrensis	4776.0	1010	31	32	976	0.9979550102249489	0.9692765113974232	0.9663366336633663	0.9078551659200502
LKAP-GutHK_G05_035	1010	None	None	GU929925	1504	Vibrionaceae	Vibrio maritimus	4631.0	1009	23	23	957	0.9705882352941176	0.977205153617443	0.9484638255698712	0.9061873372208266
LKAP-GutHK_G05_035	1010	None	None	EU082035	1475	Vibrionaceae	Vibrio hangzhouensis	4652.0	1009	27	27	964	0.9816700610997964	0.9732408325074331	0.9554013875123885	0.9056024734914724

LKAP-GutHK_C09_075	987	None	None	AJ842343	1505	Vibrionaceae	Enterovibrio coralii	4704.0	987	23	13	960	0.9856262833675564	0.9868287740628167	0.9726443768996961	0.9379758644557465
LKAP-GutHK_C09_075	987	None	None	AJ316208	1505	Vibrionaceae	Enterovibrio norvegicus	4707.0	987	28	16	960	0.9886714727085479	0.983789260385005	0.9726443768996961	0.9304804827286748
LKAP-GutHK_C09_075	987	None	None	GU929924	1328	Vibrionaceae	Vibrio variabilis	3864.0	819	18	14	792	0.9838509316770186	0.9829059829059829	0.967032967032967	0.9300615752228656
LKAP-GutHK_C09_075	987	None	None	X78105	1434	Vibrionaceae	Photobacterium damselae subsp. piscicida	4564.0	984	18	15	944	0.9742002063983488	0.9847560975609756	0.959349593495935	0.9277542476023563
LKAP-GutHK_C09_075	987	None	None	AB032015	1550	Vibrionaceae	Photobacterium damselae subsp. damselae	4578.0	987	26	16	948	0.976313079299691	0.983789260385005	0.9604863221884499	0.9206635921470728

LKAP-GutHK_A06_048	982	None	None	GU018180	1421	Vibrionaceae	Vibrio owensii	4773.0	964	2	0	959	0.9948132780082988	1.0	0.9948132780082988	0.9927536231884058
LKAP-GutHK_A06_048	982	None	None	AB562589	1400	Vibrionaceae	Vibrio jasicida	4743.0	962	2	0	955	0.9927234927234927	1.0	0.9927234927234927	0.9906639004149378
LKAP-GutHK_A06_048	982	None	None	AB428897	1298	Vibrionaceae	Vibrio azureus	4522.0	915	2	2	909	0.9956188389923329	0.9978142076502732	0.9934426229508196	0.9891091763948727
LKAP-GutHK_A06_048	982	None	None	LC004912	1390	Vibrionaceae	Vibrio hyugaensis	4686.0	948	2	2	939	0.992600422832981	0.9978902953586498	0.990506329113924	0.9863357761492338
LKAP-GutHK_A06_048	982	None	None	AJ316187	1468	Vibrionaceae	Vibrio rotiferianus	4851.0	982	7	3	976	0.9969356486210419	0.9969450101832994	0.9938900203665988	0.9838405762779577

LKAP-GutHK_E06_040	1011	None	None	GU018180	1421	Vibrionaceae	Vibrio owensii	4907.0	994	3	2	987	0.9949596774193549	0.9979879275653923	0.9929577464788732	0.9879780185627305
LKAP-GutHK_E06_040	1011	None	None	AB562589	1400	Vibrionaceae	Vibrio jasicida	4877.0	992	3	2	983	0.9929292929292929	0.9979838709677419	0.9909274193548387	0.9859478845842115
LKAP-GutHK_E06_040	1011	None	None	LC004912	1390	Vibrionaceae	Vibrio hyugaensis	4818.0	978	1	2	967	0.9907786885245902	0.9989764585465711	0.9887525562372188	0.985722670978065
LKAP-GutHK_E06_040	1011	None	None	AB428897	1298	Vibrionaceae	Vibrio azureus	4640.0	945	5	6	935	0.9957401490947817	0.9947033898305084	0.9894179894179894	0.9779615705931495
LKAP-GutHK_E06_040	1011	None	None	AY750575	1436	Vibrionaceae	Vibrio harveyi	4905.0	1003	5	5	990	0.9919839679358717	0.9950149551345963	0.9870388833499502	0.9772468309357641

LKAP-GutHK_F10_070	977	None	None	JF316656	1497	Vibrionaceae	Vibrio alfacsensis	4857.0	977	13	1	976	1.0	0.9989764585465711	0.9989764585465711	0.9848495187287408
LKAP-GutHK_F10_070	977	None	None	AJ630103	1529	Vibrionaceae	Vibrio ponticus	4796.0	977	18	0	970	0.9928352098259979	1.0	0.9928352098259979	0.9748743718592965
LKAP-GutHK_F10_070	977	None	None	AB428909	1298	Vibrionaceae	Vibrio sagamiensis	4438.0	911	11	11	897	0.9966666666666667	0.9879253567508233	0.9846322722283205	0.9611377928476014
LKAP-GutHK_F10_070	977	None	None	AB428897	1298	Vibrionaceae	Vibrio azureus	4437.0	911	12	12	897	0.9977753058954394	0.986827661909989	0.9846322722283205	0.9590296996026654
LKAP-GutHK_F10_070	977	None	None	GU929924	1328	Vibrionaceae	Vibrio variabilis	3916.0	812	11	7	796	0.9888198757763975	0.9913793103448276	0.9802955665024631	0.9588553232496754

LKAP-GutHK_H05_033	993	None	None	AJ842343	1505	Vibrionaceae	Enterovibrio coralii	4710.0	993	20	19	962	0.9876796714579056	0.9808660624370594	0.9687814702920443	0.9314838618602677
LKAP-GutHK_H05_033	993	None	None	AJ316208	1505	Vibrionaceae	Enterovibrio norvegicus	4693.0	993	19	18	959	0.9835897435897436	0.9818731117824774	0.9657603222557906	0.9304509033590868
LKAP-GutHK_H05_033	993	None	None	X78105	1434	Vibrionaceae	Photobacterium damselae subsp. piscicida	4551.0	991	20	19	945	0.9722222222222222	0.9808274470232089	0.9535822401614531	0.9167971685825246
LKAP-GutHK_H05_033	993	None	None	AB032015	1550	Vibrionaceae	Photobacterium damselae subsp. damselae	4561.0	993	22	21	947	0.9742798353909465	0.9788519637462235	0.9536757301107754	0.9132737041060824
LKAP-GutHK_H05_033	993	None	None	GU929924	1328	Vibrionaceae	Vibrio variabilis	3865.0	822	40	13	797	0.9851668726823238	0.9841849148418491	0.9695863746958637	0.9099714351844012

LKAP-GutHK_D04_026	1026	None	None	AJ842343	1505	Vibrionaceae	Enterovibrio coralii	4830.0	1026	23	23	988	0.9850448654037887	0.9775828460038987	0.9629629629629629	0.9207357977615366
LKAP-GutHK_D04_026	1026	None	None	X78105	1434	Vibrionaceae	Photobacterium damselae subsp. piscicida	4695.0	1025	20	24	975	0.974025974025974	0.980411361410382	0.9512195121951219	0.911168164313222
LKAP-GutHK_D04_026	1026	None	None	AB032015	1550	Vibrionaceae	Photobacterium damselae subsp. damselae	4703.0	1026	25	25	977	0.9760239760239761	0.9756335282651072	0.9522417153996101	0.9069400162845003
LKAP-GutHK_D04_026	1026	None	None	GU929924	1328	Vibrionaceae	Vibrio variabilis	3972.0	858	18	23	815	0.9760479041916168	0.9788980070339977	0.9498834498834499	0.9054254345350236
LKAP-GutHK_D04_026	1026	None	None	AJ316208	1505	Vibrionaceae	Enterovibrio norvegicus	4795.0	1026	31	31	984	0.9889447236180905	0.969785575048733	0.9590643274853801	0.9028088986262566

LKAP-GutHK_C01_011	990	None	None	JF316656	1497	Vibrionaceae	Vibrio alfacsensis	4905.0	990	9	3	986	0.9989868287740629	0.996969696969697	0.9959595959595959	0.9839961173294507
LKAP-GutHK_C01_011	990	None	None	AJ630103	1529	Vibrionaceae	Vibrio ponticus	4835.0	990	11	5	978	0.9928934010152284	0.9949494949494949	0.9878787878787879	0.972088517543063
LKAP-GutHK_C01_011	990	None	None	GU929924	1328	Vibrionaceae	Vibrio variabilis	3937.0	822	11	10	801	0.9864532019704434	0.9878345498783455	0.9744525547445255	0.9498865239526467
LKAP-GutHK_C01_011	990	None	None	AB428909	1298	Vibrionaceae	Vibrio sagamiensis	4469.0	923	17	14	906	0.9966996699669967	0.9848320693391116	0.9815817984832069	0.9492104838523778
LKAP-GutHK_C01_011	990	None	None	AB428897	1298	Vibrionaceae	Vibrio azureus	4468.0	923	18	15	906	0.9977973568281938	0.9837486457204767	0.9815817984832069	0.9471586323302358

LKAP-GutHK_H06_034	983	None	None	X74702	1467	Vibrionaceae	Aliivibrio fischeri	4700.0	983	20	9	960	0.9856262833675564	0.9908443540183113	0.9766022380467956	0.9483654834073568
LKAP-GutHK_H06_034	983	None	None	GU929924	1328	Vibrionaceae	Vibrio variabilis	3850.0	814	9	12	788	0.9825436408977556	0.9889025893958077	0.9680589680589681	0.9433575849128705
LKAP-GutHK_H06_034	983	None	None	AM162656	1365	Vibrionaceae	Vibrio cyclitrophicus	4343.0	919	12	14	889	0.9823204419889503	0.9869138495092693	0.9673558215451578	0.9403405139617269
LKAP-GutHK_H06_034	983	None	None	AM162657	1392	Vibrionaceae	Vibrio kanaloae	4322.0	918	11	16	886	0.9822616407982262	0.9879518072289156	0.9651416122004357	0.9370912101235661
LKAP-GutHK_H06_034	983	None	None	AJ515230	1321	Vibrionaceae	Vibrio splendidus	4262.0	904	13	16	874	0.9842342342342343	0.9855715871254163	0.9668141592920354	0.9362387932947954

LKAP-GutHK_A01_015	983	None	None	HE978310	1507	Vibrionaceae	Vibrio toranzoniae	4801.0	972	10	1	967	0.995880535530381	0.9989711934156379	0.9948559670781894	0.9837119593003277
LKAP-GutHK_A01_015	983	None	None	EF094888	1498	Vibrionaceae	Vibrio gigantis	4837.0	983	20	1	977	0.994908350305499	0.9989827060020345	0.9938962360122076	0.973086843234285
LKAP-GutHK_A01_015	983	None	None	EF094887	1496	Vibrionaceae	Vibrio crassostreae	4835.0	983	20	1	977	0.994908350305499	0.9989827060020345	0.9938962360122076	0.973086843234285
LKAP-GutHK_A01_015	983	None	None	AJ491290	1507	Vibrionaceae	Vibrio pomeroyi	4821.0	982	17	1	972	0.9908256880733946	0.9989816700610998	0.9898167006109979	0.9719821654648538
LKAP-GutHK_A01_015	983	None	None	AM162657	1392	Vibrionaceae	Vibrio kanaloae	4502.0	922	10	5	910	0.9923664122137404	0.9945770065075922	0.9869848156182213	0.971099866869001

LKAP-GutHK_G08_052	984	None	None	AJ842343	1505	Vibrionaceae	Enterovibrio coralii	4664.0	984	23	15	954	0.9845201238390093	0.9847560975609756	0.9695121951219512	0.9329268292682926
LKAP-GutHK_G08_052	984	None	None	AJ316208	1505	Vibrionaceae	Enterovibrio norvegicus	4663.0	984	28	16	954	0.9855371900826446	0.983739837398374	0.9695121951219512	0.9273594909862142
LKAP-GutHK_G08_052	984	None	None	GU929924	1328	Vibrionaceae	Vibrio variabilis	3855.0	819	19	15	791	0.9838308457711443	0.9816849816849816	0.9658119658119658	0.9266262774615998
LKAP-GutHK_G08_052	984	None	None	X78105	1434	Vibrionaceae	Photobacterium damselae subsp. piscicida	4521.0	983	21	17	939	0.9720496894409938	0.982706002034588	0.9552390640895219	0.9190845975203965
LKAP-GutHK_G08_052	984	None	None	AB032015	1550	Vibrionaceae	Photobacterium damselae subsp. damselae	4529.0	984	26	18	941	0.974120082815735	0.9817073170731707	0.9563008130081301	0.9146401835305481

LKAP-GutHK_C11_091	951	None	None	GU018180	1421	Vibrionaceae	Vibrio owensii	4606.0	931	3	0	926	0.9946294307196563	1.0	0.9946294307196563	0.9914346895074947
LKAP-GutHK_C11_091	951	None	None	LC004912	1390	Vibrionaceae	Vibrio hyugaensis	4526.0	915	1	0	907	0.9912568306010929	1.0	0.9912568306010929	0.990174672489083
LKAP-GutHK_C11_091	951	None	None	AB562589	1400	Vibrionaceae	Vibrio jasicida	4567.0	929	3	0	921	0.9913885898815931	1.0	0.9913885898815931	0.9881974248927039
LKAP-GutHK_C11_091	951	None	None	AB428897	1298	Vibrionaceae	Vibrio azureus	4355.0	882	3	2	876	0.9954545454545455	0.9977324263038548	0.9931972789115646	0.9875859948499174
LKAP-GutHK_C11_091	951	None	None	AJ316187	1468	Vibrionaceae	Vibrio rotiferianus	4695.0	951	6	3	945	0.9968354430379747	0.9968454258675079	0.9936908517350158	0.984345796703025

LKAP-GutHK_B04_030	999	None	None	GU018180	1421	Vibrionaceae	Vibrio owensii	4840.0	983	5	2	975	0.9938837920489296	0.9979654120040692	0.9918616480162767	0.9848342881619104
LKAP-GutHK_B04_030	999	None	None	LC004912	1390	Vibrionaceae	Vibrio hyugaensis	4760.0	967	3	2	956	0.9906735751295337	0.9979317476732161	0.9886246122026887	0.9835286090470048
LKAP-GutHK_B04_030	999	None	None	AB562589	1400	Vibrionaceae	Vibrio jasicida	4801.0	981	5	2	970	0.9908069458631257	0.9979612640163099	0.9887869520897044	0.9817671664257815
LKAP-GutHK_B04_030	999	None	None	AB428897	1298	Vibrionaceae	Vibrio azureus	4589.0	934	5	4	925	0.9946236559139785	0.9957173447537473	0.9903640256959315	0.9808717187403795
LKAP-GutHK_B04_030	999	None	None	AY750575	1436	Vibrionaceae	Vibrio harveyi	4848.0	991	7	4	979	0.9918946301925026	0.9959636730575177	0.987891019172553	0.9770024408049196

LKAP-GutHK_A11_095	938	None	None	X74689	1427	Vibrionaceae	Vibrio aestuarianus	4658.0	938	11	0	936	0.997867803837953	1.0	0.997867803837953	0.9863013698630136
LKAP-GutHK_A11_095	938	None	None	GU929924	1328	Vibrionaceae	Vibrio variabilis	3798.0	780	4	4	768	0.9896907216494846	0.9948717948717949	0.9846153846153847	0.9745682888540032
LKAP-GutHK_A11_095	938	None	None	KC762315	1521	Vibrionaceae	Vibrio salilacus	4599.0	938	27	1	932	0.9946638207043756	0.9989339019189766	0.9936034115138592	0.9647734679673431
LKAP-GutHK_A11_095	938	None	None	AJ421445	1367	Vibrionaceae	Vibrio ichthyoenteri	4505.0	938	16	5	919	0.984994640943194	0.9946695095948828	0.9797441364605544	0.9581774416328063
LKAP-GutHK_A11_095	938	None	None	U46579	1497	Vibrionaceae	Vibrio scophthalmi	4473.0	936	11	7	913	0.9827771797631862	0.9925213675213675	0.9754273504273504	0.9568870206409805

LKAP-GutHK_F01_005	979	None	None	X74702	1467	Vibrionaceae	Aliivibrio fischeri	4691.0	977	22	4	958	0.9845837615621789	0.9959058341862845	0.9805527123848515	0.9550328219724329
LKAP-GutHK_F01_005	979	None	None	GU929924	1328	Vibrionaceae	Vibrio variabilis	3703.0	811	20	15	771	0.9685929648241206	0.9815043156596794	0.9506781750924784	0.9106375780669227
LKAP-GutHK_F01_005	979	None	None	AJ515230	1321	Vibrionaceae	Vibrio splendidus	4127.0	901	24	19	859	0.9739229024943311	0.978912319644839	0.9533851276359601	0.9090656027836939
LKAP-GutHK_F01_005	979	None	None	AM162656	1365	Vibrionaceae	Vibrio cyclitrophicus	4201.0	916	25	19	873	0.9732441471571907	0.9792576419213974	0.9530567685589519	0.9084930089238893
LKAP-GutHK_F01_005	979	None	None	AM162657	1392	Vibrionaceae	Vibrio kanaloae	4189.0	915	24	21	871	0.9742729306487695	0.9770491803278688	0.9519125683060109	0.9062937551284065

LKAP-GutHK_E10_072	945	None	None	AF488779	1436	Burkholderiaceae	Ralstonia insidiosa	3110.0	945	171	167	748	0.961439588688946	0.8232804232804233	0.7915343915343915	0.5518044414101761
LKAP-GutHK_E10_072	945	None	None	AY741342	1491	Burkholderiaceae	Ralstonia pickettii	3042.0	945	188	173	742	0.961139896373057	0.816931216931217	0.7851851851851852	0.5350070282109117
LKAP-GutHK_E10_072	945	None	None	U28237	1445	Burkholderiaceae	Ralstonia syzygii subsp. syzygii	2991.0	944	185	182	732	0.9606299212598425	0.8072033898305084	0.7754237288135594	0.523359505186831
LKAP-GutHK_E10_072	945	None	None	KC757076	1340	Burkholderiaceae	Ralstonia syzygii subsp. celebesensis	2862.0	909	173	176	702	0.9577080491132333	0.8090507726269316	0.7722772277227723	0.5231785655460186
LKAP-GutHK_E10_072	945	None	None	EF016361	1491	Burkholderiaceae	Ralstonia solanacearum	2988.0	945	200	181	735	0.9620418848167539	0.8084656084656084	0.7777777777777778	0.5189713731198448

LKAP-GutHK_D08_058	988	None	None	AJ842343	1505	Vibrionaceae	Enterovibrio coralii	4705.0	986	20	10	960	0.9836065573770492	0.9898580121703854	0.973630831643002	0.9445961149936083
LKAP-GutHK_D08_058	988	None	None	X78105	1434	Vibrionaceae	Photobacterium damselae subsp. piscicida	4557.0	984	20	13	944	0.972193614830072	0.9867886178861789	0.959349593495935	0.9278171865383992
LKAP-GutHK_D08_058	988	None	None	AJ316208	1505	Vibrionaceae	Enterovibrio norvegicus	4675.0	985	34	15	957	0.98659793814433	0.9847715736040609	0.9715736040609138	0.9248541667704478
LKAP-GutHK_D08_058	988	None	None	AB032015	1550	Vibrionaceae	Photobacterium damselae subsp. damselae	4572.0	987	27	14	948	0.9743062692702981	0.9858156028368794	0.9604863221884499	0.921650090226195
LKAP-GutHK_D08_058	988	None	None	AJ514909	1504	Vibrionaceae	Grimontia hollisae	4604.0	986	30	20	949	0.9824016563146998	0.9797160243407708	0.962474645030426	0.9151087668301098

LKAP-GutHK_B08_062	991	None	None	AY485224	1500	Shewanellaceae	Shewanella marisflavi	4671.0	990	28	19	959	0.9876416065911432	0.9808080808080808	0.9686868686868687	0.9239636046119347
LKAP-GutHK_B08_062	991	None	None	AY579752	1295	Shewanellaceae	Shewanella atlantica	4420.0	950	18	25	910	0.9837837837837838	0.9809119830328739	0.9578947368421052	0.9153436276642019
LKAP-GutHK_B08_062	991	None	None	AY653177	1498	Shewanellaceae	Shewanella colwelliana	4636.0	990	33	26	954	0.9896265560165975	0.9737373737373738	0.9636363636363636	0.908060072869457
LKAP-GutHK_B08_062	991	None	None	AB094598	1492	Shewanellaceae	Shewanella kaireitica	4559.0	991	32	22	947	0.977296181630547	0.9778002018163471	0.9556004036326943	0.9051581535875667
LKAP-GutHK_B08_062	991	None	None	AY170366	1540	Shewanellaceae	Shewanella waksmanii	4601.0	991	36	24	951	0.983453981385729	0.9757820383451059	0.9596367305751766	0.903572267250434

LKAP-GutHK_A02_016	989	None	None	HE978310	1507	Vibrionaceae	Vibrio toranzoniae	4842.0	976	3	2	972	0.997946611909651	0.9979508196721312	0.9959016393442623	0.990815318407877
LKAP-GutHK_A02_016	989	None	None	EF094888	1498	Vibrionaceae	Vibrio gigantis	4884.0	989	13	4	983	0.9979695431472081	0.9959555106167847	0.993933265925177	0.9770701266829335
LKAP-GutHK_A02_016	989	None	None	EF094887	1496	Vibrionaceae	Vibrio crassostreae	4882.0	989	13	4	983	0.9979695431472081	0.9959555106167847	0.993933265925177	0.9770701266829335
LKAP-GutHK_A02_016	989	None	None	AJ491290	1507	Vibrionaceae	Vibrio pomeroyi	4868.0	988	10	4	978	0.9939024390243902	0.9959514170040485	0.9898785425101214	0.9759924707715025
LKAP-GutHK_A02_016	989	None	None	AM162657	1392	Vibrionaceae	Vibrio kanaloae	4537.0	925	5	7	914	0.9956427015250545	0.9945828819068255	0.9881081081081081	0.9753583260680035

LKAP-GutHK_F07_053	995	None	None	AJ842343	1505	Vibrionaceae	Enterovibrio coralii	4714.0	994	17	14	963	0.9826530612244898	0.9859154929577465	0.9688128772635815	0.9391064487817109
LKAP-GutHK_F07_053	995	None	None	AJ316208	1505	Vibrionaceae	Enterovibrio norvegicus	4694.0	994	23	20	960	0.9856262833675564	0.9798792756539235	0.96579476861167	0.9249597882278924
LKAP-GutHK_F07_053	995	None	None	X78105	1434	Vibrionaceae	Photobacterium damselae subsp. piscicida	4567.0	993	21	22	947	0.9752832131822863	0.9788306451612904	0.9536757301107754	0.9132338598989773
LKAP-GutHK_F07_053	995	None	None	AB032015	1550	Vibrionaceae	Photobacterium damselae subsp. damselae	4582.0	995	26	20	951	0.9753846153846154	0.9798994974874372	0.9557788944723619	0.9127173576009332
LKAP-GutHK_F07_053	995	None	None	X74686	1466	Vibrionaceae	Photobacterium leiognathi	4582.0	995	26	20	950	0.9743589743589743	0.9798994974874372	0.9547738693467337	0.9117576127454117

LKAP-GutHK_F04_022	1010	None	None	GU018180	1421	Vibrionaceae	Vibrio owensii	4896.0	993	2	7	984	0.9979716024340771	0.9979757085020243	0.9909365558912386	0.9819733106620716
LKAP-GutHK_F04_022	1010	None	None	AB562589	1400	Vibrionaceae	Vibrio jasicida	4848.0	991	2	7	978	0.9939024390243902	0.9979716024340771	0.9868819374369324	0.9779373881550266
LKAP-GutHK_F04_022	1010	None	None	LC004912	1390	Vibrionaceae	Vibrio hyugaensis	4789.0	977	0	7	962	0.9917525773195877	1.0	0.984646878198567	0.977592089920788
LKAP-GutHK_F04_022	1010	None	None	AB428897	1298	Vibrionaceae	Vibrio azureus	4610.0	944	2	9	930	0.9946524064171123	0.9978655282817502	0.9851694915254238	0.9737140323216397
LKAP-GutHK_F04_022	1010	None	None	AY750575	1436	Vibrionaceae	Vibrio harveyi	4895.0	1001	4	9	987	0.9949596774193549	0.9959839357429718	0.986013986013986	0.9732595762446509

LKAP-GutHK_B10_078	950	None	None	HE978310	1507	Vibrionaceae	Vibrio toranzoniae	4645.0	937	3	1	933	0.9967948717948718	0.9989327641408752	0.9957310565635006	0.9914939031313155
LKAP-GutHK_B10_078	950	None	None	EF094888	1498	Vibrionaceae	Vibrio gigantis	4714.0	950	5	2	946	0.9978902953586498	0.9978947368421053	0.9957894736842106	0.988490493248829
LKAP-GutHK_B10_078	950	None	None	EF094887	1496	Vibrionaceae	Vibrio crassostreae	4708.0	950	5	2	945	0.9968354430379747	0.9978947368421053	0.9947368421052631	0.9874455772940204
LKAP-GutHK_B10_078	950	None	None	EF599164	1544	Vibrionaceae	Vibrio artabrorum	4698.0	950	6	2	945	0.9968354430379747	0.9978947368421053	0.9947368421052631	0.986412684430742
LKAP-GutHK_B10_078	950	None	None	AJ491290	1507	Vibrionaceae	Vibrio pomeroyi	4690.0	950	5	2	941	0.9926160337552743	0.9978947368421053	0.9905263157894737	0.9832659134747865

LKAP-GutHK_G09_067	977	None	None	X74689	1427	Vibrionaceae	Vibrio aestuarianus	4788.0	975	11	5	966	0.9958762886597938	0.9948717948717949	0.9907692307692307	0.9746918396005617
LKAP-GutHK_G09_067	977	None	None	HF955040	1416	Vibrionaceae	Vibrio cortegadensis	4699.0	958	8	8	947	0.9968421052631579	0.9916492693110647	0.988517745302714	0.9721447805772032
LKAP-GutHK_G09_067	977	None	None	GU929924	1328	Vibrionaceae	Vibrio variabilis	3963.0	817	9	4	803	0.9876998769987699	0.9951040391676866	0.9828641370869033	0.9673953310552693
LKAP-GutHK_G09_067	977	None	None	AJ515230	1321	Vibrionaceae	Vibrio splendidus	4387.0	909	7	7	891	0.9878048780487805	0.9922992299229924	0.9801980198019802	0.9652168273595919
LKAP-GutHK_G09_067	977	None	None	U46579	1497	Vibrionaceae	Vibrio scophthalmi	4652.0	975	12	8	950	0.9824198552223371	0.9917948717948718	0.9743589743589743	0.9546151248278908

LKAP-GutHK_C02_012	1006	None	None	X99762	1376	Vibrionaceae	Vibrio diabolicus	4828.0	989	4	4	976	0.9908629441624366	0.9959555106167847	0.9868554095045501	0.9789049127512406
LKAP-GutHK_C02_012	1006	None	None	AJ316172	1504	Vibrionaceae	Vibrio brasiliensis	4931.0	1006	9	3	991	0.9880358923230309	0.9970178926441352	0.9850894632206759	0.9734430853303823
LKAP-GutHK_C02_012	1006	None	None	AB428897	1298	Vibrionaceae	Vibrio azureus	4561.0	940	7	9	924	0.9924812030075187	0.9925373134328358	0.9829787234042553	0.9663708463456829
LKAP-GutHK_C02_012	1006	None	None	AY750575	1436	Vibrionaceae	Vibrio harveyi	4827.0	998	7	8	979	0.9888888888888889	0.9929789368104313	0.9809619238476954	0.9663207011037
LKAP-GutHK_C02_012	1006	None	None	GU018180	1421	Vibrionaceae	Vibrio owensii	4785.0	989	8	8	971	0.9898063200815495	0.9919110212335692	0.9817997977755308	0.9660437328162444

LKAP-GutHK_F09_069	993	None	None	AM162656	1365	Vibrionaceae	Vibrio cyclitrophicus	4558.0	936	8	7	921	0.9913885898815931	0.9925213675213675	0.9839743589743589	0.9683391731855715
LKAP-GutHK_F09_069	993	None	None	AM162657	1392	Vibrionaceae	Vibrio kanaloae	4512.0	932	7	6	915	0.9881209503239741	0.9935622317596566	0.9817596566523605	0.968167669925544
LKAP-GutHK_F09_069	993	None	None	AJ491290	1507	Vibrionaceae	Vibrio pomeroyi	4812.0	993	15	4	975	0.9858442871587462	0.9959718026183283	0.9818731117824774	0.963365582889752
LKAP-GutHK_F09_069	993	None	None	AJ515230	1321	Vibrionaceae	Vibrio splendidus	4440.0	920	9	8	902	0.9890350877192983	0.991304347826087	0.9804347826086957	0.9624935648429822
LKAP-GutHK_F09_069	993	None	None	EF094888	1498	Vibrionaceae	Vibrio gigantis	4815.0	993	17	6	978	0.9908814589665653	0.9939577039274925	0.9848942598187311	0.9624659746941462

LKAP-GutHK_D07_057	1004	None	None	AY485224	1500	Shewanellaceae	Shewanella marisflavi	4957.0	1002	9	4	997	0.998997995991984	0.9960079840319361	0.9950099800399201	0.9822155886051833
LKAP-GutHK_D07_057	1004	None	None	AB205570	1413	Shewanellaceae	Shewanella algidipiscicola	4770.0	989	6	10	968	0.9887640449438202	0.9939086294416244	0.9787664307381193	0.9630274730579084
LKAP-GutHK_D07_057	1004	None	None	AY653177	1498	Shewanellaceae	Shewanella colwelliana	4832.0	1002	13	10	982	0.9899193548387096	0.9900199600798403	0.9800399201596807	0.9578321190132052
LKAP-GutHK_D07_057	1004	None	None	AY579752	1295	Shewanellaceae	Shewanella atlantica	4574.0	958	12	17	932	0.9904357066950054	0.9874081846799581	0.9728601252609603	0.9437746163614058
LKAP-GutHK_D07_057	1004	None	None	AY170366	1540	Shewanellaceae	Shewanella waksmanii	4809.0	1003	22	14	980	0.9908998988877654	0.9860418743768694	0.9770687936191426	0.9427522311115435

LKAP-GutHK_A04_032	997	None	None	AJ842343	1505	Vibrionaceae	Enterovibrio coralii	4699.0	997	22	18	962	0.982635342185904	0.9819458375125376	0.9648946840521565	0.9270185433631613
LKAP-GutHK_A04_032	997	None	None	X78105	1434	Vibrionaceae	Photobacterium damselae subsp. piscicida	4561.0	997	23	20	949	0.9713408393039918	0.9799398194583752	0.9518555667001003	0.9117283222215666
LKAP-GutHK_A04_032	997	None	None	AB032015	1550	Vibrionaceae	Photobacterium damselae subsp. damselae	4568.0	997	25	21	950	0.9733606557377049	0.9789368104312939	0.9528585757271816	0.9099706163500286
LKAP-GutHK_A04_032	997	None	None	AJ514909	1504	Vibrionaceae	Grimontia hollisae	4610.0	997	28	27	953	0.9824742268041237	0.9729187562688064	0.9558676028084253	0.9045771460723635
LKAP-GutHK_A04_032	997	None	None	AJ316208	1505	Vibrionaceae	Enterovibrio norvegicus	4674.0	997	38	26	960	0.9886714727085479	0.9739217652958877	0.9628886659979939	0.9033477243324175

LKAP-GutHK_B11_093	949	None	None	AB428897	1298	Vibrionaceae	Vibrio azureus	4354.0	883	4	4	876	0.9965870307167235	0.9954699886749717	0.9920724801812004	0.9831248140690814
LKAP-GutHK_B11_093	949	None	None	GU018180	1421	Vibrionaceae	Vibrio owensii	4560.0	932	4	2	921	0.9903225806451613	0.9978540772532188	0.9881974248927039	0.9818628260151866
LKAP-GutHK_B11_093	949	None	None	X99762	1376	Vibrionaceae	Vibrio diabolicus	4594.0	932	7	5	925	0.9978425026968716	0.9946351931330472	0.9924892703862661	0.9798057014356428
LKAP-GutHK_B11_093	949	None	None	AB562589	1400	Vibrionaceae	Vibrio jasicida	4531.0	930	4	2	917	0.9881465517241379	0.9978494623655914	0.986021505376344	0.9796873201169671
LKAP-GutHK_B11_093	949	None	None	GU929924	1328	Vibrionaceae	Vibrio variabilis	3817.0	784	2	2	772	0.9872122762148338	0.9974489795918368	0.9846938775510204	0.9796827127797684

LKAP-GutHK_C12_092	933	None	None	AJ842343	1505	Vibrionaceae	Enterovibrio coralii	4451.0	933	20	13	908	0.9869565217391304	0.9860664523043944	0.9732047159699893	0.9395050773267473
LKAP-GutHK_C12_092	933	None	None	GU929924	1328	Vibrionaceae	Vibrio variabilis	3629.0	768	12	13	743	0.9841059602649007	0.984354628422425	0.9674479166666666	0.936439970619658
LKAP-GutHK_C12_092	933	None	None	X78105	1434	Vibrionaceae	Photobacterium damselae subsp. piscicida	4310.0	930	16	13	892	0.9727371864776445	0.986021505376344	0.9591397849462365	0.9297369796994703
LKAP-GutHK_C12_092	933	None	None	AJ316208	1505	Vibrionaceae	Enterovibrio norvegicus	4435.0	933	24	17	905	0.9879912663755459	0.9817792068595927	0.969989281886388	0.9284327922757903
LKAP-GutHK_C12_092	933	None	None	AB032015	1550	Vibrionaceae	Photobacterium damselae subsp. damselae	4328.0	933	21	14	896	0.9749727965179543	0.984994640943194	0.9603429796355841	0.9251102707391005

LKAP-GutHK_D03_025	996	None	None	AJ842343	1505	Vibrionaceae	Enterovibrio coralii	4736.0	996	28	14	968	0.9857433808553971	0.9859437751004017	0.9718875502008032	0.9320249748995983
LKAP-GutHK_D03_025	996	None	None	X78105	1434	Vibrionaceae	Photobacterium damselae subsp. piscicida	4577.0	995	27	17	951	0.9723926380368099	0.9829145728643216	0.9557788944723619	0.9146299009725732
LKAP-GutHK_D03_025	996	None	None	AJ316208	1505	Vibrionaceae	Enterovibrio norvegicus	4687.0	996	35	21	961	0.9856410256410256	0.9789156626506024	0.964859437751004	0.9124519416170989
LKAP-GutHK_D03_025	996	None	None	AB032015	1550	Vibrionaceae	Photobacterium damselae subsp. damselae	4585.0	996	32	18	953	0.9744376278118609	0.9819277108433735	0.9568273092369478	0.9102890159861234
LKAP-GutHK_D03_025	996	None	None	AJ514909	1504	Vibrionaceae	Grimontia hollisae	4618.0	996	32	25	954	0.9824922760041195	0.9748995983935743	0.9578313253012049	0.9047220008438424

LKAP-GutHK_H07_049	985	None	None	X74689	1427	Vibrionaceae	Vibrio aestuarianus	4864.0	985	17	3	980	0.9979633401221996	0.9969543147208122	0.9949238578680203	0.975065098229936
LKAP-GutHK_H07_049	985	None	None	AJ421445	1367	Vibrionaceae	Vibrio ichthyoenteri	4698.0	985	15	10	960	0.9846153846153847	0.9898477157360406	0.9746192893401016	0.950253807106599
LKAP-GutHK_H07_049	985	None	None	HF955040	1416	Vibrionaceae	Vibrio cortegadensis	4661.0	967	13	16	946	0.9947423764458465	0.9865145228215768	0.9782833505687694	0.949334149378469
LKAP-GutHK_H07_049	985	None	None	AJ515230	1321	Vibrionaceae	Vibrio splendidus	4379.0	918	10	13	893	0.9867403314917127	0.9890710382513661	0.9727668845315904	0.9486573604537601
LKAP-GutHK_H07_049	985	None	None	U46579	1497	Vibrionaceae	Vibrio scophthalmi	4668.0	983	13	11	955	0.9825102880658436	0.9888097660223805	0.9715157680569685	0.9481057495495717

LKAP-GutHK_E08_056	1003	None	None	GU018180	1421	Vibrionaceae	Vibrio owensii	4875.0	986	4	2	980	0.9959349593495935	0.9979716024340771	0.9939148073022313	0.9878910811973692
LKAP-GutHK_E08_056	1003	None	None	AB562589	1400	Vibrionaceae	Vibrio jasicida	4845.0	984	4	2	976	0.9938900203665988	0.9979674796747967	0.991869918699187	0.9858464171686251
LKAP-GutHK_E08_056	1003	None	None	LC004912	1390	Vibrionaceae	Vibrio hyugaensis	4786.0	970	2	2	960	0.9917355371900827	0.9979381443298969	0.9896907216494846	0.9856179203258241
LKAP-GutHK_E08_056	1003	None	None	AJ316187	1468	Vibrionaceae	Vibrio rotiferianus	4942.0	1002	12	3	996	0.996996996996997	0.9970059880239521	0.9940119760479041	0.9793076568755978
LKAP-GutHK_E08_056	1003	None	None	AY750575	1436	Vibrionaceae	Vibrio harveyi	4874.0	994	6	4	983	0.9929292929292929	0.9959758551307847	0.9889336016096579	0.9790442655935614

LKAP-GutHK_C06_044	1012	None	None	AJ842343	1505	Vibrionaceae	Enterovibrio coralii	4808.0	1011	19	13	982	0.9839679358717435	0.9871414441147379	0.9713155291790306	0.9411387360394878
LKAP-GutHK_C06_044	1012	None	None	AJ316208	1505	Vibrionaceae	Enterovibrio norvegicus	4756.0	1011	27	21	975	0.9848484848484849	0.9792284866468842	0.9643916913946587	0.9197955438157149
LKAP-GutHK_C06_044	1012	None	None	AB032015	1550	Vibrionaceae	Photobacterium damselae subsp. damselae	4660.0	1012	30	15	969	0.9719157472417251	0.9851778656126482	0.9575098814229249	0.916158686927693
LKAP-GutHK_C06_044	1012	None	None	AJ514909	1504	Vibrionaceae	Grimontia hollisae	4708.0	1011	27	21	971	0.9808080808080808	0.9792284866468842	0.960435212660732	0.9160220236359583
LKAP-GutHK_C06_044	1012	None	None	X78105	1434	Vibrionaceae	Photobacterium damselae subsp. piscicida	4633.0	1011	21	20	963	0.9717457114026236	0.9802176063303659	0.9525222551928784	0.9146798012559519

LKAP-GutHK_A07_063	988	None	None	GU018180	1421	Vibrionaceae	Vibrio owensii	4796.0	970	2	1	964	0.9948400412796697	0.9989690721649485	0.9938144329896907	0.990747104492809
LKAP-GutHK_A07_063	988	None	None	LC004912	1390	Vibrionaceae	Vibrio hyugaensis	4716.0	954	0	1	945	0.9916054564533053	1.0	0.9905660377358491	0.9895277085558324
LKAP-GutHK_A07_063	988	None	None	AB428897	1298	Vibrionaceae	Vibrio azureus	4545.0	921	2	3	914	0.9956427015250545	0.9978260869565218	0.992399565689468	0.9870236200465131
LKAP-GutHK_A07_063	988	None	None	AJ316187	1468	Vibrionaceae	Vibrio rotiferianus	4878.0	987	9	2	982	0.9969543147208122	0.9979736575481256	0.9949341438703141	0.9839459153737544
LKAP-GutHK_A07_063	988	None	None	AB562589	1400	Vibrionaceae	Vibrio jasicida	4759.0	968	4	3	959	0.9937823834196892	0.996900826446281	0.9907024793388429	0.983567790701629

LKAP-GutHK_G07_051	990	None	None	X74689	1427	Vibrionaceae	Vibrio aestuarianus	4886.0	990	12	3	984	0.9969604863221885	0.996969696969697	0.9939393939393939	0.9790600616947922
LKAP-GutHK_G07_051	990	None	None	AJ421445	1367	Vibrionaceae	Vibrio ichthyoenteri	4721.0	990	10	10	964	0.9836734693877551	0.98989898989899	0.9737373737373738	0.9542626262626264
LKAP-GutHK_G07_051	990	None	None	U46579	1497	Vibrionaceae	Vibrio scophthalmi	4689.0	987	11	10	959	0.9815762538382804	0.9898682877406282	0.9716312056737588	0.9511860600633892
LKAP-GutHK_G07_051	990	None	None	HF955040	1416	Vibrionaceae	Vibrio cortegadensis	4667.0	970	13	16	948	0.9937106918238994	0.9865563598759048	0.977319587628866	0.9484871684617885
LKAP-GutHK_G07_051	990	None	None	AJ515230	1321	Vibrionaceae	Vibrio splendidus	4385.0	921	10	13	895	0.98568281938326	0.9891067538126361	0.9717698154180239	0.947762612674077

LKAP-GutHK_B01_013	989	None	None	AJ345063	1468	Vibrionaceae	Vibrio hepatarius	4872.0	986	15	1	981	0.9959390862944163	0.9989858012170385	0.9949290060851927	0.9790260449489658
LKAP-GutHK_B01_013	989	None	None	AJ316172	1504	Vibrionaceae	Vibrio brasiliensis	4794.0	986	17	3	970	0.9867751780264497	0.9969574036511156	0.9837728194726166	0.9641562129028736
LKAP-GutHK_B01_013	989	None	None	GU223601	1470	Vibrionaceae	Vibrio caribbeanicus	4794.0	986	20	6	973	0.9928571428571429	0.9939148073022313	0.986815415821501	0.9613112400646828
LKAP-GutHK_B01_013	989	None	None	X74725	1436	Vibrionaceae	Vibrio tubiashii subsp. tubiashii	4823.0	989	25	4	978	0.9928934010152284	0.9959555106167847	0.9888776541961577	0.960596143375952
LKAP-GutHK_B01_013	989	None	None	GU951698	1432	Vibrionaceae	Vibrio tritonius	4681.0	973	9	9	952	0.9875518672199171	0.9907502569373073	0.9784172661870504	0.9604829374789375

LKAP-GutHK_B12_094	922	None	None	GU018180	1421	Vibrionaceae	Vibrio owensii	4481.0	907	2	1	901	0.9944812362030905	0.9988974641675854	0.9933847850055126	0.9901062873652304
LKAP-GutHK_B12_094	922	None	None	LC004912	1390	Vibrionaceae	Vibrio hyugaensis	4401.0	891	0	1	882	0.9910112359550561	1.0	0.98989898989899	0.9887879921549956
LKAP-GutHK_B12_094	922	None	None	AB562589	1400	Vibrionaceae	Vibrio jasicida	4442.0	905	2	1	896	0.9911504424778761	0.9988950276243094	0.9900552486187846	0.9867805344557676
LKAP-GutHK_B12_094	922	None	None	AB428897	1298	Vibrionaceae	Vibrio azureus	4230.0	858	2	3	851	0.9953216374269006	0.9976662777129521	0.9918414918414918	0.9860749715400878
LKAP-GutHK_B12_094	922	None	None	AJ316187	1468	Vibrionaceae	Vibrio rotiferianus	4559.0	922	10	1	918	0.996742671009772	0.9989154013015185	0.9956616052060737	0.983910234329178

LKAP-GutHK_A05_047	1005	None	None	AB428909	1298	Vibrionaceae	Vibrio sagamiensis	4510.0	934	9	11	915	0.991332611050921	0.990343347639485	0.9796573875802997	0.9588799244290739
LKAP-GutHK_A05_047	1005	None	None	AB428897	1298	Vibrionaceae	Vibrio azureus	4509.0	934	10	12	915	0.9924078091106291	0.9892703862660944	0.9796573875802997	0.9568263891409284
LKAP-GutHK_A05_047	1005	None	None	AJ630103	1529	Vibrionaceae	Vibrio ponticus	4846.0	1005	18	13	985	0.9929435483870968	0.9870646766169154	0.9800995024875622	0.9503995175636967
LKAP-GutHK_A05_047	1005	None	None	FJ009624	1401	Vibrionaceae	Vibrio atypicus	4600.0	970	9	15	940	0.9842931937172775	0.9906639004149378	0.9690721649484536	0.9453155439486959
LKAP-GutHK_A05_047	1005	None	None	KF487035	1422	Vibrionaceae	Vibrio panuliri	4726.0	988	11	20	961	0.9927685950413223	0.9887640449438202	0.9726720647773279	0.9424890477522057

LKAP-GutHK_D02_010	1003	None	None	AJ842343	1505	Vibrionaceae	Enterovibrio coralii	4732.0	1002	26	22	968	0.9877551020408163	0.9780439121756487	0.9660678642714571	0.9209596371459415
LKAP-GutHK_D02_010	1003	None	None	X78105	1434	Vibrionaceae	Photobacterium damselae subsp. piscicida	4585.0	1002	22	23	953	0.9734422880490297	0.978021978021978	0.9510978043912176	0.9093015141591817
LKAP-GutHK_D02_010	1003	None	None	AJ316208	1505	Vibrionaceae	Enterovibrio norvegicus	4718.0	1002	49	18	971	0.9867886178861789	0.9820359281437125	0.969061876247505	0.907285334184153
LKAP-GutHK_D02_010	1003	None	None	AJ514909	1504	Vibrionaceae	Grimontia hollisae	4649.0	1002	30	26	960	0.9836065573770492	0.9740518962075848	0.9580838323353293	0.9060947871698464
LKAP-GutHK_D02_010	1003	None	None	AB032015	1550	Vibrionaceae	Photobacterium damselae subsp. damselae	4595.0	1003	30	23	956	0.9755102040816327	0.9770687936191426	0.9531405782652044	0.9042379154887709

LKAP-GutHK_A09_079	976	None	None	HE978310	1507	Vibrionaceae	Vibrio toranzoniae	4756.0	961	6	3	956	0.9979123173277662	0.9968782518210197	0.9947970863683663	0.98553837511985
LKAP-GutHK_A09_079	976	None	None	AJ491290	1507	Vibrionaceae	Vibrio pomeroyi	4807.0	974	9	2	966	0.9938271604938271	0.997946611909651	0.9917864476386037	0.9806881252336956
LKAP-GutHK_A09_079	976	None	None	AM162657	1392	Vibrionaceae	Vibrio kanaloae	4482.0	911	4	5	902	0.9955849889624724	0.9956043956043956	0.9901207464324918	0.9803818538446312
LKAP-GutHK_A09_079	976	None	None	EF094888	1498	Vibrionaceae	Vibrio gigantis	4839.0	975	17	1	973	0.9989733059548255	0.9989743589743589	0.997948717948718	0.9798407775020679
LKAP-GutHK_A09_079	976	None	None	EF599164	1544	Vibrionaceae	Vibrio artabrorum	4832.0	975	18	1	973	0.9989733059548255	0.9989743589743589	0.997948717948718	0.9788540294884706

LKAP-GutHK_G12_084	930	None	None	AJ842343	1505	Vibrionaceae	Enterovibrio coralii	4430.0	928	20	11	904	0.9858233369683751	0.9881465517241379	0.9741379310344828	0.9422832096609923
LKAP-GutHK_G12_084	930	None	None	GU929924	1328	Vibrionaceae	Vibrio variabilis	3614.0	765	12	13	740	0.9840425531914894	0.9842931937172775	0.9673202614379085	0.9361967009025833
LKAP-GutHK_G12_084	930	None	None	AJ316208	1505	Vibrionaceae	Enterovibrio norvegicus	4414.0	928	24	15	901	0.9868565169769989	0.9838362068965517	0.9709051724137931	0.9311306958128079
LKAP-GutHK_G12_084	930	None	None	X78105	1434	Vibrionaceae	Photobacterium damselae subsp. piscicida	4286.0	926	18	12	888	0.9715536105032823	0.9870410367170627	0.958963282937365	0.9284877548779148
LKAP-GutHK_G12_084	930	None	None	AB032015	1550	Vibrionaceae	Photobacterium damselae subsp. damselae	4300.0	929	25	13	892	0.9737991266375546	0.9860064585575888	0.9601722282023681	0.9219263742488146

LKAP-GutHK_C08_060	1000	None	None	AJ316208	1505	Vibrionaceae	Enterovibrio norvegicus	4710.0	1000	40	19	967	0.9857288481141692	0.981	0.967	0.9121413461538461
LKAP-GutHK_C08_060	1000	None	None	AJ842343	1505	Vibrionaceae	Enterovibrio coralii	4695.0	1000	41	20	966	0.9857142857142858	0.98	0.966	0.9093948126801152
LKAP-GutHK_C08_060	1000	None	None	X78105	1434	Vibrionaceae	Photobacterium damselae subsp. piscicida	4577.0	999	37	20	954	0.9744637385086823	0.97997997997998	0.954954954954955	0.9024139970085916
LKAP-GutHK_C08_060	1000	None	None	AJ514909	1504	Vibrionaceae	Grimontia hollisae	4622.0	1000	34	28	956	0.9835390946502057	0.972	0.956	0.8986769825918762
LKAP-GutHK_C08_060	1000	None	None	AB032015	1550	Vibrionaceae	Photobacterium damselae subsp. damselae	4585.0	1000	42	21	956	0.9765066394279878	0.979	0.956	0.8981996161228407

LKAP-GutHK_H10_066	968	None	None	GU929924	1328	Vibrionaceae	Vibrio variabilis	3794.0	801	12	13	776	0.9847715736040609	0.985	0.968789013732834	0.9389984536549485
LKAP-GutHK_H10_066	968	None	None	AJ316208	1505	Vibrionaceae	Enterovibrio norvegicus	4611.0	967	20	14	940	0.9863588667366212	0.9855222337125129	0.9720785935884177	0.9385926035357266
LKAP-GutHK_H10_066	968	None	None	AJ842343	1505	Vibrionaceae	Enterovibrio coralii	4597.0	967	21	15	939	0.9863445378151261	0.984488107549121	0.9710444674250258	0.9356622803528588
LKAP-GutHK_H10_066	968	None	None	X78105	1434	Vibrionaceae	Photobacterium damselae subsp. piscicida	4457.0	967	18	17	924	0.9726315789473684	0.9824198552223371	0.9555325749741469	0.9215796408380097
LKAP-GutHK_H10_066	968	None	None	AB032015	1550	Vibrionaceae	Photobacterium damselae subsp. damselae	4466.0	967	23	17	926	0.9747368421052631	0.9824198552223371	0.9576008273009308	0.9189098847837215

LKAP-GutHK_H09_065	977	None	None	GU929924	1328	Vibrionaceae	Vibrio variabilis	3824.0	808	15	13	783	0.9849056603773585	0.9839108910891089	0.969059405940594	0.9360901916437088
LKAP-GutHK_H09_065	977	None	None	AJ842343	1505	Vibrionaceae	Enterovibrio coralii	4629.0	975	21	15	946	0.9854166666666667	0.9846153846153847	0.9702564102564103	0.9351869014519617
LKAP-GutHK_H09_065	977	None	None	AJ316208	1505	Vibrionaceae	Enterovibrio norvegicus	4612.0	975	23	17	943	0.9843423799582464	0.9825641025641025	0.9671794871794872	0.9284147782744978
LKAP-GutHK_H09_065	977	None	None	X78105	1434	Vibrionaceae	Photobacterium damselae subsp. piscicida	4469.0	975	17	16	929	0.9687174139728885	0.9835897435897436	0.9528205128205128	0.9211238626964434
LKAP-GutHK_H09_065	977	None	None	LC004912	1390	Vibrionaceae	Vibrio hyugaensis	4329.0	942	19	21	896	0.9728555917480999	0.9797872340425532	0.9511677282377919	0.9115769799240442

LKAP-GutHK_F02_006	1009	None	None	AJ842343	1505	Vibrionaceae	Enterovibrio coralii	4761.0	1009	43	16	978	0.9848942598187311	0.9841427155599604	0.9692765113974232	0.914915946594716
LKAP-GutHK_F02_006	1009	None	None	AJ316208	1505	Vibrionaceae	Enterovibrio norvegicus	4763.0	1009	49	18	978	0.9868819374369324	0.9821605550049554	0.9692765113974232	0.907895106611386
LKAP-GutHK_F02_006	1009	None	None	X78105	1434	Vibrionaceae	Photobacterium damselae subsp. piscicida	4630.0	1008	44	17	965	0.9737638748738647	0.9831349206349206	0.9573412698412699	0.9018300365139719
LKAP-GutHK_F02_006	1009	None	None	AB032015	1550	Vibrionaceae	Photobacterium damselae subsp. damselae	4638.0	1009	49	18	967	0.9757820383451059	0.9821605550049554	0.958374628344896	0.8976836074572702
LKAP-GutHK_F02_006	1009	None	None	AY792622	1528	Vibrionaceae	Vibrio tubiashii subsp. europaeus	4614.0	1009	46	19	964	0.9737373737373738	0.981169474727453	0.9554013875123885	0.8965377949168385

LKAP-GutHK_H12_082	880	None	None	GU018180	1421	Vibrionaceae	Vibrio owensii	4291.0	864	2	0	861	0.9965277777777778	1.0	0.9965277777777778	0.9942263279445728
LKAP-GutHK_H12_082	880	None	None	AB428897	1298	Vibrionaceae	Vibrio azureus	4030.0	815	0	0	810	0.9938650306748467	1.0	0.9938650306748467	0.9938650306748467
LKAP-GutHK_H12_082	880	None	None	LC004912	1390	Vibrionaceae	Vibrio hyugaensis	4193.0	848	0	0	840	0.9905660377358491	1.0	0.9905660377358491	0.9905660377358491
LKAP-GutHK_H12_082	880	None	None	AY750575	1436	Vibrionaceae	Vibrio harveyi	4295.0	869	5	0	864	0.9942462600690449	1.0	0.9942462600690449	0.988558352402746
LKAP-GutHK_H12_082	880	None	None	AB562589	1400	Vibrionaceae	Vibrio jasicida	4234.0	862	2	0	854	0.9907192575406032	1.0	0.9907192575406032	0.9884259259259259

LKAP-GutHK_F08_054	1005	None	None	AJ842343	1505	Vibrionaceae	Enterovibrio coralii	4745.0	1005	39	16	974	0.9848331648129424	0.9840796019900497	0.9691542288557214	0.9180972531976135
LKAP-GutHK_F08_054	1005	None	None	AJ316208	1505	Vibrionaceae	Enterovibrio norvegicus	4748.0	1005	42	19	974	0.9878296146044625	0.981094527363184	0.9691542288557214	0.9126896558278332
LKAP-GutHK_F08_054	1005	None	None	AJ514909	1504	Vibrionaceae	Grimontia hollisae	4670.0	1005	26	27	963	0.9846625766871165	0.9741035856573705	0.9582089552238806	0.9089508809010235
LKAP-GutHK_F08_054	1005	None	None	AF118021	1500	Vibrionaceae	Enterovibrio calviensis	4659.0	1005	20	29	958	0.9815573770491803	0.9799196787148594	0.9532338308457712	0.9076646038102173
LKAP-GutHK_F08_054	1005	None	None	AM942722	1493	Vibrionaceae	Enterovibrio nigricans	4689.0	1005	23	32	963	0.9897225077081192	0.9769076305220884	0.9582089552238806	0.9069429118996457

LKAP-GutHK_D05_041	1011	None	None	X99762	1376	Vibrionaceae	Vibrio diabolicus	4784.0	993	5	12	971	0.9898063200815495	0.9949290060851927	0.9778449144008057	0.9611882375021947
LKAP-GutHK_D05_041	1011	None	None	AJ316172	1504	Vibrionaceae	Vibrio brasiliensis	4883.0	1009	11	11	986	0.9879759519038076	0.9890981169474727	0.977205153617443	0.9561281797158904
LKAP-GutHK_D05_041	1011	None	None	GU223601	1470	Vibrionaceae	Vibrio caribbeanicus	4890.0	1009	16	16	991	0.9979859013091642	0.9841427155599604	0.9821605550049554	0.9514979815804104
LKAP-GutHK_D05_041	1011	None	None	GU018180	1421	Vibrionaceae	Vibrio owensii	4741.0	993	9	16	966	0.9887410440122825	0.9908722109533469	0.972809667673716	0.9485379693784636
LKAP-GutHK_D05_041	1011	None	None	AY750575	1436	Vibrionaceae	Vibrio harveyi	4776.0	1001	9	16	973	0.9878172588832488	0.9909456740442656	0.972027972027972	0.947967873710448

LKAP-GutHK_D12_090	929	None	None	GU929924	1328	Vibrionaceae	Vibrio variabilis	3709.0	765	5	6	751	0.9894598155467721	0.993455497382199	0.9816993464052287	0.9676750700280112
LKAP-GutHK_D12_090	929	None	None	X99762	1376	Vibrionaceae	Vibrio diabolicus	4383.0	913	6	5	893	0.9834801762114538	0.9945235487404163	0.9780941949616648	0.9663868650981411
LKAP-GutHK_D12_090	929	None	None	GU223601	1470	Vibrionaceae	Vibrio caribbeanicus	4508.0	929	16	8	915	0.993485342019544	0.9913885898815931	0.984930032292788	0.9599159362345585
LKAP-GutHK_D12_090	929	None	None	DQ451211	1488	Vibrionaceae	Vibrio sinaloensis	4519.0	929	23	4	917	0.9913513513513513	0.9956942949407965	0.9870828848223897	0.9590878870385615
LKAP-GutHK_D12_090	929	None	None	AJ316171	1468	Vibrionaceae	Vibrio neptunius	4484.0	929	18	10	912	0.9923830250272034	0.9892357373519914	0.9817007534983854	0.9526747544509147

LKAP-GutHK_E11_087	936	None	None	AJ842343	1505	Vibrionaceae	Enterovibrio coralii	4447.0	936	18	14	909	0.9859002169197397	0.9850427350427351	0.9711538461538461	0.9385784550878891
LKAP-GutHK_E11_087	936	None	None	GU929924	1328	Vibrionaceae	Vibrio variabilis	3648.0	770	12	13	746	0.9854689564068693	0.9843953185955787	0.9688311688311688	0.9378583053774869
LKAP-GutHK_E11_087	936	None	None	AJ316208	1505	Vibrionaceae	Enterovibrio norvegicus	4436.0	936	22	18	906	0.9869281045751634	0.9807692307692307	0.967948717948718	0.9275333226272684
LKAP-GutHK_E11_087	936	None	None	X78105	1434	Vibrionaceae	Photobacterium damselae subsp. piscicida	4310.0	934	20	16	894	0.9738562091503268	0.9828693790149893	0.9571734475374732	0.9210536948002102
LKAP-GutHK_E11_087	936	None	None	AB032015	1550	Vibrionaceae	Photobacterium damselae subsp. damselae	4332.0	936	33	12	900	0.974025974025974	0.9871794871794872	0.9615384615384616	0.9168849726125268

LKAP-GutHK_A10_080	971	None	None	AY485224	1500	Shewanellaceae	Shewanella marisflavi	4578.0	970	25	20	939	0.988421052631579	0.979381443298969	0.9680412371134021	0.9242604776459618
LKAP-GutHK_A10_080	971	None	None	AY579752	1295	Shewanellaceae	Shewanella atlantica	4316.0	923	18	20	888	0.9833887043189369	0.9804560260586319	0.962080173347779	0.9232289017354351
LKAP-GutHK_A10_080	971	None	None	AF005251	1389	Shewanellaceae	Shewanella oneidensis	4059.0	876	20	18	839	0.9778554778554779	0.9794520547945206	0.9577625570776256	0.9171431629158512
LKAP-GutHK_A10_080	971	None	None	FJ041083	1481	Shewanellaceae	Shewanella corallii	4445.0	959	22	22	918	0.9797225186766275	0.9770594369134515	0.9572471324296142	0.9143125005979088
LKAP-GutHK_A10_080	971	None	None	AY653177	1498	Shewanellaceae	Shewanella colwelliana	4550.0	970	28	25	935	0.9894179894179894	0.9742268041237113	0.9639175257731959	0.912727516889449

LKAP-GutHK_G06_036	987	None	None	AJ316181	1435	Vibrionaceae	Vibrio xuii	4877.0	987	9	4	981	0.9979654120040692	0.9959473150962512	0.993920972644377	0.9809481085435969
LKAP-GutHK_G06_036	987	None	None	AJ345063	1468	Vibrionaceae	Vibrio hepatarius	4803.0	987	11	6	972	0.9908256880733946	0.993920972644377	0.9848024316109423	0.9680272398901145
LKAP-GutHK_G06_036	987	None	None	FJ009624	1401	Vibrionaceae	Vibrio atypicus	4635.0	955	7	9	939	0.992600422832981	0.9926547743966422	0.9832460732984293	0.9668927082539648
LKAP-GutHK_G06_036	987	None	None	AJ316172	1504	Vibrionaceae	Vibrio brasiliensis	4793.0	987	14	9	969	0.99079754601227	0.9908814589665653	0.9817629179331308	0.9592049288097921
LKAP-GutHK_G06_036	987	None	None	GU223601	1470	Vibrionaceae	Vibrio caribbeanicus	4794.0	987	17	12	972	0.9969230769230769	0.9878419452887538	0.9848024316109423	0.9563569430484747

LKAP-GutHK_E09_071	973	None	None	AJ842343	1505	Vibrionaceae	Enterovibrio coralii	4642.0	971	16	11	946	0.9854166666666667	0.9886714727085479	0.9742533470648815	0.9476020396983651
LKAP-GutHK_E09_071	973	None	None	GU929924	1328	Vibrionaceae	Vibrio variabilis	3809.0	804	12	13	779	0.9848293299620733	0.9850560398505604	0.9689054726368159	0.939220868695737
LKAP-GutHK_E09_071	973	None	None	AJ316208	1505	Vibrionaceae	Enterovibrio norvegicus	4617.0	971	20	15	942	0.9853556485355649	0.984552008238929	0.9701338825952626	0.9358708292240877
LKAP-GutHK_E09_071	973	None	None	X78105	1434	Vibrionaceae	Photobacterium damselae subsp. piscicida	4485.0	971	14	14	929	0.9707419017763845	0.9855818743563337	0.956745623069001	0.9295487931746538
LKAP-GutHK_E09_071	973	None	None	AB032015	1550	Vibrionaceae	Photobacterium damselae subsp. damselae	4496.0	972	27	13	933	0.97288842544317	0.9866255144032922	0.9598765432098766	0.9214430479862579

LKAP-GutHK_G03_019	992	None	None	AJ842343	1505	Vibrionaceae	Enterovibrio coralii	4715.0	991	21	16	962	0.9866666666666667	0.9838546922300706	0.970736629667003	0.9352452706772015
LKAP-GutHK_G03_019	992	None	None	AJ316208	1505	Vibrionaceae	Enterovibrio norvegicus	4691.0	990	31	17	960	0.986639260020555	0.9828282828282828	0.9696969696969697	0.9241088653429496
LKAP-GutHK_G03_019	992	None	None	X78105	1434	Vibrionaceae	Photobacterium damselae subsp. piscicida	4555.0	991	23	18	946	0.9722507708119219	0.9818365287588294	0.9545913218970736	0.9159934479347659
LKAP-GutHK_G03_019	992	None	None	GU929924	1328	Vibrionaceae	Vibrio variabilis	3879.0	824	39	12	799	0.9839901477832512	0.9854368932038835	0.9696601941747572	0.9123569845537692
LKAP-GutHK_G03_019	992	None	None	AF118021	1500	Vibrionaceae	Enterovibrio calviensis	4606.0	991	22	25	947	0.9803312629399586	0.9777327935222672	0.9556004036326943	0.9112635635826087

LKAP-GutHK_H04_018	983	None	None	AJ842343	1505	Vibrionaceae	Enterovibrio coralii	4672.0	983	24	15	955	0.9865702479338843	0.9847405900305188	0.9715157680569685	0.9338900332464205
LKAP-GutHK_H04_018	983	None	None	GU929924	1328	Vibrionaceae	Vibrio variabilis	3841.0	815	21	14	788	0.9837702871410736	0.9828220858895705	0.9668711656441717	0.9263921096662459
LKAP-GutHK_H04_018	983	None	None	AJ316208	1505	Vibrionaceae	Enterovibrio norvegicus	4652.0	983	28	17	952	0.9855072463768116	0.982706002034588	0.9684638860630722	0.9253571849029949
LKAP-GutHK_H04_018	983	None	None	X78105	1434	Vibrionaceae	Photobacterium damselae subsp. piscicida	4513.0	982	18	17	937	0.9709844559585492	0.9826883910386965	0.9541751527494908	0.9207790224032586
LKAP-GutHK_H04_018	983	None	None	AB032015	1550	Vibrionaceae	Photobacterium damselae subsp. damselae	4524.0	983	25	17	940	0.9730848861283644	0.982706002034588	0.9562563580874873	0.9164123431671753

LKAP-GutHK_D09_073	983	None	None	X74702	1467	Vibrionaceae	Aliivibrio fischeri	4850.0	983	19	3	978	0.9979591836734694	0.9969481180061037	0.9949135300101729	0.9730691211676341
LKAP-GutHK_D09_073	983	None	None	KC990827	1405	Vibrionaceae	Photobacterium panuliri	4197.0	914	20	19	871	0.9731843575418995	0.9792122538293216	0.9529540481400438	0.9131626050164232
LKAP-GutHK_D09_073	983	None	None	AM162656	1365	Vibrionaceae	Vibrio cyclitrophicus	4342.0	924	38	17	894	0.9856670341786108	0.9816017316017316	0.9675324675324676	0.9122161622161623
LKAP-GutHK_D09_073	983	None	None	AJ515230	1321	Vibrionaceae	Vibrio splendidus	4259.0	909	37	17	879	0.9854260089686099	0.9812981298129813	0.966996699669967	0.9117981565598421
LKAP-GutHK_D09_073	983	None	None	AB464964	1401	Vibrionaceae	Aliivibrio sifiae	4516.0	959	20	32	923	0.9956850053937433	0.9788806758183738	0.9624608967674662	0.9113393782466201

LKAP-GutHK_C07_059	1000	None	None	AJ842343	1505	Vibrionaceae	Enterovibrio coralii	4723.0	998	40	17	969	0.9877675840978594	0.9829659318637275	0.9709418837675351	0.917624265872786
LKAP-GutHK_C07_059	1000	None	None	AJ316208	1505	Vibrionaceae	Enterovibrio norvegicus	4693.0	998	43	20	965	0.9867075664621677	0.9799599198396793	0.966933867735471	0.9084162561434108
LKAP-GutHK_C07_059	1000	None	None	AJ514909	1504	Vibrionaceae	Grimontia hollisae	4626.0	999	35	25	957	0.9825462012320328	0.974974974974975	0.9579579579579579	0.9023704555619448
LKAP-GutHK_C07_059	1000	None	None	X78105	1434	Vibrionaceae	Photobacterium damselae subsp. piscicida	4568.0	999	37	20	953	0.9734422880490297	0.97997997997998	0.953953953953954	0.9014680703869893
LKAP-GutHK_C07_059	1000	None	None	AB032015	1550	Vibrionaceae	Photobacterium damselae subsp. damselae	4587.0	999	44	18	957	0.9755351681957186	0.9819819819819819	0.9579579579579579	0.9010131896037935

LKAP-GutHK_F05_037	1018	None	None	AJ842343	1505	Vibrionaceae	Enterovibrio coralii	4792.0	1017	19	22	979	0.9839195979899498	0.9812623274161736	0.9626352015732547	0.9245386347156258
LKAP-GutHK_F05_037	1018	None	None	X78105	1434	Vibrionaceae	Photobacterium damselae subsp. piscicida	4632.0	1016	19	26	963	0.9727272727272728	0.981169474727453	0.9478346456692913	0.9066244436836699
LKAP-GutHK_F05_037	1018	None	None	AB032015	1550	Vibrionaceae	Photobacterium damselae subsp. damselae	4641.0	1018	27	27	966	0.9747729566094854	0.9734774066797642	0.9489194499017681	0.899884377849428
LKAP-GutHK_F05_037	1018	None	None	AJ514909	1504	Vibrionaceae	Grimontia hollisae	4706.0	1017	29	32	971	0.9857868020304569	0.9714003944773175	0.9547689282202556	0.8990892870907761
LKAP-GutHK_F05_037	1018	None	None	AJ316208	1505	Vibrionaceae	Enterovibrio norvegicus	4755.0	1017	56	19	982	0.9839679358717435	0.9813176007866273	0.9655850540806293	0.8980930885111539

LKAP-GutHK_H02_002	990	None	None	AJ842343	1505	Vibrionaceae	Enterovibrio coralii	4687.0	989	21	16	958	0.9845837615621789	0.9838220424671386	0.9686552072800809	0.9331698184985334
LKAP-GutHK_H02_002	990	None	None	AJ316208	1505	Vibrionaceae	Enterovibrio norvegicus	4673.0	989	28	19	956	0.9855670103092784	0.980788675429727	0.9666329625884732	0.9219606427834994
LKAP-GutHK_H02_002	990	None	None	X78105	1434	Vibrionaceae	Photobacterium damselae subsp. piscicida	4542.0	988	26	16	944	0.9711934156378601	0.9838056680161943	0.9554655870445344	0.9158900893562992
LKAP-GutHK_H02_002	990	None	None	AY792622	1528	Vibrionaceae	Vibrio tubiashii subsp. europaeus	4540.0	989	25	18	944	0.972193614830072	0.9817997977755308	0.9544994944388271	0.9140226914202181
LKAP-GutHK_H02_002	990	None	None	AB032015	1550	Vibrionaceae	Photobacterium damselae subsp. damselae	4556.0	988	35	16	947	0.9742798353909465	0.9838056680161943	0.958502024291498	0.9107174658957341

LKAP-GutHK_H11_081	948	None	None	GU929924	1328	Vibrionaceae	Vibrio variabilis	3680.0	781	12	15	754	0.9843342036553525	0.9845758354755784	0.9654289372599232	0.932558090720178
LKAP-GutHK_H11_081	948	None	None	AJ842343	1505	Vibrionaceae	Enterovibrio coralii	4490.0	948	21	18	918	0.9870967741935484	0.9810126582278481	0.9683544303797469	0.9293804130579615
LKAP-GutHK_H11_081	948	None	None	X78105	1434	Vibrionaceae	Photobacterium damselae subsp. piscicida	4341.0	946	18	17	902	0.9709364908503767	0.9820295983086681	0.9534883720930233	0.9188700183344591
LKAP-GutHK_H11_081	948	None	None	AJ316208	1505	Vibrionaceae	Enterovibrio norvegicus	4457.0	948	26	23	913	0.987027027027027	0.9757383966244726	0.9630801687763713	0.9146295237352602
LKAP-GutHK_H11_081	948	None	None	AB032015	1550	Vibrionaceae	Photobacterium damselae subsp. damselae	4353.0	948	29	17	906	0.9731471535982814	0.9820675105485233	0.9556962025316456	0.910699247243564

LKAP-GutHK_B06_046	1013	None	None	X99762	1376	Vibrionaceae	Vibrio diabolicus	4776.0	995	9	10	972	0.9868020304568528	0.9909456740442656	0.9768844221105528	0.9583975655168272
LKAP-GutHK_B06_046	1013	None	None	AJ316172	1504	Vibrionaceae	Vibrio brasiliensis	4896.0	1010	15	8	989	0.9870259481037924	0.9920792079207921	0.9792079207920792	0.9572354503743057
LKAP-GutHK_B06_046	1013	None	None	GU929924	1328	Vibrionaceae	Vibrio variabilis	4049.0	847	5	8	821	0.9785458879618594	0.9940758293838863	0.9693034238488784	0.9545135828746584
LKAP-GutHK_B06_046	1013	None	None	GU223601	1470	Vibrionaceae	Vibrio caribbeanicus	4886.0	1010	20	13	992	0.9949849548645938	0.9871287128712871	0.9821782178217822	0.9507103720080746
LKAP-GutHK_B06_046	1013	None	None	DQ451211	1488	Vibrionaceae	Vibrio sinaloensis	4923.0	1013	27	11	998	0.9960079840319361	0.9891411648568608	0.9851924975320829	0.949195079353026

LKAP-GutHK_E07_055	1006	None	None	AJ842343	1505	Vibrionaceae	Enterovibrio coralii	4735.0	1006	20	20	969	0.9827586206896551	0.9801192842942346	0.963220675944334	0.9256682129445549
LKAP-GutHK_E07_055	1006	None	None	X78105	1434	Vibrionaceae	Photobacterium damselae subsp. piscicida	4603.0	1005	16	20	956	0.9705583756345177	0.984015984015984	0.9512437810945273	0.9177033539452589
LKAP-GutHK_E07_055	1006	None	None	AB032015	1550	Vibrionaceae	Photobacterium damselae subsp. damselae	4615.0	1006	29	19	960	0.9726443768996961	0.9811133200795229	0.9542743538767395	0.9100181519578182
LKAP-GutHK_E07_055	1006	None	None	GU929924	1328	Vibrionaceae	Vibrio variabilis	3923.0	839	52	12	813	0.9830713422007256	0.9856972586412396	0.9690107270560191	0.8994072629352724
LKAP-GutHK_E07_055	1006	None	None	AJ514909	1504	Vibrionaceae	Grimontia hollisae	4643.0	1006	30	30	960	0.9836065573770492	0.9701789264413518	0.9542743538767395	0.8990074994051137

LKAP-GutHK_C05_043	1020	None	None	AJ842343	1505	Vibrionaceae	Enterovibrio coralii	4786.0	1020	21	25	980	0.9849246231155779	0.9793307086614174	0.9607843137254902	0.9183289069710497
LKAP-GutHK_C05_043	1020	None	None	X78105	1434	Vibrionaceae	Photobacterium damselae subsp. piscicida	4624.0	1018	19	27	963	0.9717457114026236	0.9811881188118812	0.9459724950884086	0.9040103593371388
LKAP-GutHK_C05_043	1020	None	None	AJ316208	1505	Vibrionaceae	Enterovibrio norvegicus	4733.0	1020	27	31	973	0.9838220424671386	0.9734251968503937	0.953921568627451	0.9010777759050135
LKAP-GutHK_C05_043	1020	None	None	AB032015	1550	Vibrionaceae	Photobacterium damselae subsp. damselae	4637.0	1019	32	26	967	0.973816717019134	0.9744847890088322	0.9489695780176644	0.8966001817046059
LKAP-GutHK_C05_043	1020	None	None	AF118021	1500	Vibrionaceae	Enterovibrio calviensis	4678.0	1019	22	34	965	0.9796954314720813	0.9781529294935452	0.9470068694798822	0.896063176212953

LKAP-GutHK_F06_038	1009	None	None	DQ451211	1488	Vibrionaceae	Vibrio sinaloensis	4847.0	1009	20	23	984	0.9979716024340771	0.9801192842942346	0.9752229930624381	0.9344702343630359
LKAP-GutHK_F06_038	1009	None	None	AJ316181	1435	Vibrionaceae	Vibrio xuii	4852.0	1009	38	16	989	0.9959718026183283	0.9841427155599604	0.9801783944499505	0.9296247809826178
LKAP-GutHK_F06_038	1009	None	None	AJ345063	1468	Vibrionaceae	Vibrio hepatarius	4832.0	1009	39	17	986	0.9939516129032258	0.9831516352824579	0.977205153617443	0.924988084340175
LKAP-GutHK_F06_038	1009	None	None	FJ009624	1401	Vibrionaceae	Vibrio atypicus	4650.0	975	35	18	951	0.9937304075235109	0.9815384615384616	0.9753846153846154	0.9242010662604722
LKAP-GutHK_F06_038	1009	None	None	AY792622	1528	Vibrionaceae	Vibrio tubiashii subsp. europaeus	4791.0	1009	22	27	978	0.9959266802443992	0.9780876494023905	0.9692765113974232	0.923210023464859

LKAP-GutHK_G04_020	1006	None	None	AJ842343	1505	Vibrionaceae	Enterovibrio coralii	4744.0	1005	22	20	970	0.9847715736040609	0.9800995024875622	0.9651741293532339	0.925702548600716
LKAP-GutHK_G04_020	1006	None	None	X78105	1434	Vibrionaceae	Photobacterium damselae subsp. piscicida	4586.0	1004	21	22	954	0.9714867617107943	0.9790628115653041	0.950199203187251	0.9103371878340298
LKAP-GutHK_G04_020	1006	None	None	AB032015	1550	Vibrionaceae	Photobacterium damselae subsp. damselae	4596.0	1006	28	23	957	0.9735503560528993	0.9771371769383698	0.9512922465208747	0.9043716424855125
LKAP-GutHK_G04_020	1006	None	None	AJ514909	1504	Vibrionaceae	Grimontia hollisae	4661.0	1005	31	29	962	0.985655737704918	0.9711442786069652	0.9572139303482587	0.9017768301350392
LKAP-GutHK_G04_020	1006	None	None	AF118021	1500	Vibrionaceae	Enterovibrio calviensis	4646.0	1005	25	31	956	0.9815195071868583	0.974974974974975	0.9512437810945273	0.8995256726078347

LKAP-GutHK_E01_007	976	None	None	AJ842343	1505	Vibrionaceae	Enterovibrio coralii	4652.0	975	22	15	949	0.9885416666666667	0.9846153846153847	0.9733333333333334	0.9372116349047143
LKAP-GutHK_E01_007	976	None	None	GU929924	1328	Vibrionaceae	Vibrio variabilis	3827.0	810	15	14	784	0.9849246231155779	0.9827160493827161	0.9679012345679012	0.9338780396558175
LKAP-GutHK_E01_007	976	None	None	AJ316208	1505	Vibrionaceae	Enterovibrio norvegicus	4618.0	975	26	19	944	0.9874476987447699	0.9805128205128205	0.9682051282051282	0.9246794231409615
LKAP-GutHK_E01_007	976	None	None	X78105	1434	Vibrionaceae	Photobacterium damselae subsp. piscicida	4502.0	975	18	16	933	0.97288842544317	0.9835897435897436	0.9569230769230769	0.9241583391432333
LKAP-GutHK_E01_007	976	None	None	AB032015	1550	Vibrionaceae	Photobacterium damselae subsp. damselae	4515.0	976	31	15	937	0.9750260145681582	0.9846311475409836	0.9600409836065574	0.916186082667231

LKAP-GutHK_G01_003	986	None	None	AJ842343	1505	Vibrionaceae	Enterovibrio coralii	4696.0	984	23	13	958	0.9866117404737385	0.9867886178861789	0.9735772357723578	0.9387720912958881
LKAP-GutHK_G01_003	986	None	None	X78105	1434	Vibrionaceae	Photobacterium damselae subsp. piscicida	4568.0	984	19	14	945	0.9742268041237113	0.9857723577235772	0.9603658536585366	0.9287685723317851
LKAP-GutHK_G01_003	986	None	None	AJ316208	1505	Vibrionaceae	Enterovibrio norvegicus	4663.0	984	29	17	954	0.9865563598759048	0.9827235772357723	0.9695121951219512	0.9254869621746563
LKAP-GutHK_G01_003	986	None	None	AB032015	1550	Vibrionaceae	Photobacterium damselae subsp. damselae	4578.0	985	27	14	948	0.976313079299691	0.9857868020304569	0.9624365482233502	0.9234445536807047
LKAP-GutHK_G01_003	986	None	None	GU929924	1328	Vibrionaceae	Vibrio variabilis	3869.0	820	35	13	796	0.9863692688971499	0.9841463414634146	0.9707317073170731	0.916234488660676

LKAP-GutHK_D01_009	989	None	None	AJ316208	1505	Vibrionaceae	Enterovibrio norvegicus	4708.0	988	25	17	960	0.9886714727085479	0.9827935222672065	0.97165991902834	0.9313739204111728
LKAP-GutHK_D01_009	989	None	None	AJ842343	1505	Vibrionaceae	Enterovibrio coralii	4642.0	988	28	22	952	0.9855072463768116	0.9777327935222672	0.9635627530364372	0.916143326213778
LKAP-GutHK_D01_009	989	None	None	GU929924	1328	Vibrionaceae	Vibrio variabilis	3859.0	820	35	13	795	0.9851301115241635	0.9841463414634146	0.9695121951219512	0.9150834403080873
LKAP-GutHK_D01_009	989	None	None	AB428873	1298	Vibrionaceae	Photobacterium aquimaris	4232.0	918	24	20	877	0.9766146993318485	0.9782135076252724	0.9553376906318083	0.9107146987127005
LKAP-GutHK_D01_009	989	None	None	AB016982	1408	Vibrionaceae	Photobacterium indicum	4262.0	924	24	22	883	0.9789356984478935	0.9761904761904762	0.9556277056277056	0.9092575848904962

LKAP-GutHK_B05_045	1003	None	None	HE978310	1507	Vibrionaceae	Vibrio toranzoniae	4882.0	991	6	5	983	0.9969574036511156	0.9949545913218971	0.9919273461150353	0.980983313209052
LKAP-GutHK_B05_045	1003	None	None	EF094888	1498	Vibrionaceae	Vibrio gigantis	4944.0	1002	15	4	996	0.9979959919839679	0.9960079840319361	0.9940119760479041	0.9754414474885038
LKAP-GutHK_B05_045	1003	None	None	EF094887	1496	Vibrionaceae	Vibrio crassostreae	4938.0	1002	15	4	995	0.996993987975952	0.9960079840319361	0.9930139720558883	0.9744620886054832
LKAP-GutHK_B05_045	1003	None	None	AM162657	1392	Vibrionaceae	Vibrio kanaloae	4600.0	941	5	8	928	0.9946409431939979	0.9946695095948828	0.9861849096705633	0.9726326857533145
LKAP-GutHK_B05_045	1003	None	None	EF599164	1544	Vibrionaceae	Vibrio artabrorum	4920.0	1002	16	4	993	0.9949899799599199	0.9960079840319361	0.9910179640718563	0.9715480630095409

LKAP-GutHK_B07_061	1008	None	None	AY485224	1500	Shewanellaceae	Shewanella marisflavi	4732.0	1007	23	25	971	0.9887983706720977	0.9771144278606965	0.9642502482621649	0.9193143143625688
LKAP-GutHK_B07_061	1008	None	None	AY579752	1295	Shewanellaceae	Shewanella atlantica	4471.0	961	18	25	921	0.9839743589743589	0.9811320754716981	0.9583766909469302	0.9162825155529384
LKAP-GutHK_B07_061	1008	None	None	AY653177	1498	Shewanellaceae	Shewanella colwelliana	4704.0	1007	26	30	967	0.9897645854657113	0.9740777666999003	0.9602780536246276	0.908220385664338
LKAP-GutHK_B07_061	1008	None	None	AB205570	1413	Shewanellaceae	Shewanella algidipiscicola	4623.0	993	24	31	951	0.9885654885654885	0.9756592292089249	0.9577039274924471	0.9059106964087847
LKAP-GutHK_B07_061	1008	None	None	AB094598	1492	Shewanellaceae	Shewanella kaireitica	4620.0	1007	24	28	958	0.9785495403472931	0.9760717846460618	0.9513406156901688	0.9033583537930895

LKAP-GutHK_H08_050	982	None	None	AJ316181	1435	Vibrionaceae	Vibrio xuii	4831.0	980	9	2	973	0.9948875255623721	0.9979591836734694	0.9928571428571429	0.9818142423804709
LKAP-GutHK_H08_050	982	None	None	AJ345063	1468	Vibrionaceae	Vibrio hepatarius	4800.0	980	10	3	969	0.9918116683725691	0.996938775510204	0.9887755102040816	0.9757915893630179
LKAP-GutHK_H08_050	982	None	None	FJ009624	1401	Vibrionaceae	Vibrio atypicus	4577.0	947	6	8	929	0.9893503727369543	0.9936507936507937	0.9809926082365364	0.9665813841910889
LKAP-GutHK_H08_050	982	None	None	DQ451211	1488	Vibrionaceae	Vibrio sinaloensis	4804.0	980	19	6	971	0.9969199178644764	0.9938775510204082	0.9908163265306122	0.9660211231639804
LKAP-GutHK_H08_050	982	None	None	X74725	1436	Vibrionaceae	Vibrio tubiashii subsp. tubiashii	4783.0	981	16	6	968	0.9928205128205129	0.9938837920489296	0.9867482161060143	0.9649744340053801

LKAP-GutHK_H03_017	981	None	None	GU929924	1328	Vibrionaceae	Vibrio variabilis	3829.0	809	15	13	784	0.9849246231155779	0.9839307787391842	0.969097651421508	0.9361671487033015
LKAP-GutHK_H03_017	981	None	None	AJ316208	1505	Vibrionaceae	Enterovibrio norvegicus	4676.0	981	17	19	952	0.9896049896049897	0.982635342185904	0.9704383282364933	0.935432536837181
LKAP-GutHK_H03_017	981	None	None	AJ842343	1505	Vibrionaceae	Enterovibrio coralii	4621.0	981	21	23	946	0.9874739039665971	0.9785495403472931	0.9643221202854231	0.9219766379575203
LKAP-GutHK_H03_017	981	None	None	X78105	1434	Vibrionaceae	Photobacterium damselae subsp. piscicida	4500.0	981	20	23	934	0.9749478079331941	0.9795501022494888	0.9520897043832823	0.9111907460531313
LKAP-GutHK_H03_017	981	None	None	AB032015	1550	Vibrionaceae	Photobacterium damselae subsp. damselae	4507.0	981	22	24	935	0.9770114942528736	0.9775280898876404	0.9531090723751274	0.9093971906909242

LKAP-GutHK_C03_027	1004	None	None	X74689	1427	Vibrionaceae	Vibrio aestuarianus	4943.0	1004	7	5	995	0.995995995995996	0.9950199203187251	0.9910358565737052	0.9792728197004268
LKAP-GutHK_C03_027	1004	None	None	AJ515230	1321	Vibrionaceae	Vibrio splendidus	4465.0	937	10	13	911	0.9859307359307359	0.9892933618843683	0.9722518676627535	0.9486385699264881
LKAP-GutHK_C03_027	1004	None	None	AJ421445	1367	Vibrionaceae	Vibrio ichthyoenteri	4785.0	1004	19	9	979	0.9839195979899498	0.9910358565737052	0.9750996015936255	0.9484106584415029
LKAP-GutHK_C03_027	1004	None	None	U46579	1497	Vibrionaceae	Vibrio scophthalmi	4754.0	1002	13	11	973	0.9818365287588294	0.9890219560878244	0.9710578842315369	0.9480969096290178
LKAP-GutHK_C03_027	1004	None	None	HF955040	1416	Vibrionaceae	Vibrio cortegadensis	4745.0	986	20	15	965	0.9938208032955715	0.9847870182555781	0.9787018255578094	0.9446515632372097

LKAP-GutHK_E02_008	981	None	None	AJ316208	1505	Vibrionaceae	Enterovibrio norvegicus	4655.0	979	26	17	951	0.9885654885654885	0.982635342185904	0.9713993871297242	0.929837025292333
LKAP-GutHK_E02_008	981	None	None	GU929924	1328	Vibrionaceae	Vibrio variabilis	3847.0	817	18	15	789	0.983790523690773	0.981640146878825	0.9657282741738066	0.9275617675298119
LKAP-GutHK_E02_008	981	None	None	AJ842343	1505	Vibrionaceae	Enterovibrio coralii	4643.0	981	25	18	950	0.9865005192107996	0.981651376146789	0.9683995922528033	0.9270067667390155
LKAP-GutHK_E02_008	981	None	None	X78105	1434	Vibrionaceae	Photobacterium damselae subsp. piscicida	4506.0	978	22	18	935	0.9739583333333334	0.9815950920245399	0.9560327198364008	0.9177914110429448
LKAP-GutHK_E02_008	981	None	None	AB032015	1550	Vibrionaceae	Photobacterium damselae subsp. damselae	4516.0	979	25	19	937	0.9760416666666667	0.9805924412665986	0.9570990806945863	0.9151544994689271

LKAP-GutHK_E05_039	1006	None	None	HE978310	1507	Vibrionaceae	Vibrio toranzoniae	4898.0	993	4	2	986	0.9949545913218971	0.9979859013091642	0.9929506545820745	0.9869750237621223
LKAP-GutHK_E05_039	1006	None	None	AM162657	1392	Vibrionaceae	Vibrio kanaloae	4619.0	942	5	6	931	0.9946581196581197	0.9946865037194474	0.9883227176220807	0.9768427282938411
LKAP-GutHK_E05_039	1006	None	None	EF094888	1498	Vibrionaceae	Vibrio gigantis	4977.0	1006	18	2	1002	0.99800796812749	0.9980119284294234	0.9960238568588469	0.9765702659045725
LKAP-GutHK_E05_039	1006	None	None	EF094887	1496	Vibrionaceae	Vibrio crassostreae	4971.0	1006	18	2	1001	0.9970119521912351	0.9980119284294234	0.9950298210735586	0.9755956448807157
LKAP-GutHK_E05_039	1006	None	None	AJ491290	1507	Vibrionaceae	Vibrio pomeroyi	4949.0	1006	10	4	995	0.9930139720558883	0.9960238568588469	0.989065606361829	0.9754367495812526

LKAP-GutHK_F11_085	924	None	None	GU018180	1421	Vibrionaceae	Vibrio owensii	4509.0	909	2	1	905	0.9966960352422908	0.9988998899889989	0.9955995599559956	0.992320966454494
LKAP-GutHK_F11_085	924	None	None	AB428897	1298	Vibrionaceae	Vibrio azureus	4239.0	860	0	1	853	0.9930151338766007	1.0	0.9918604651162791	0.9907071389940508
LKAP-GutHK_F11_085	924	None	None	LC004912	1390	Vibrionaceae	Vibrio hyugaensis	4411.0	893	0	1	884	0.9910313901345291	1.0	0.9899216125419933	0.9888130777015208
LKAP-GutHK_F11_085	924	None	None	AY750575	1436	Vibrionaceae	Vibrio harveyi	4513.0	914	5	1	908	0.9945235487404163	0.9989059080962801	0.9934354485776805	0.9869494717643333
LKAP-GutHK_F11_085	924	None	None	AB562589	1400	Vibrionaceae	Vibrio jasicida	4452.0	907	2	1	898	0.9911699779249448	0.9988974641675854	0.9900771775082691	0.9868095960643475

LKAP-GutHK_A08_064	987	None	None	GU018180	1421	Vibrionaceae	Vibrio owensii	4790.0	967	2	1	962	0.9958592132505176	0.9989658738366081	0.9948293691830403	0.9917494020957863
LKAP-GutHK_A08_064	987	None	None	LC004912	1390	Vibrionaceae	Vibrio hyugaensis	4710.0	951	0	1	943	0.9926315789473684	1.0	0.9915878023133544	0.9905451232362635
LKAP-GutHK_A08_064	987	None	None	AB562589	1400	Vibrionaceae	Vibrio jasicida	4751.0	965	2	1	957	0.9927385892116183	0.9989637305699481	0.9917098445595854	0.9886331852693282
LKAP-GutHK_A08_064	987	None	None	AB428897	1298	Vibrionaceae	Vibrio azureus	4523.0	917	3	3	910	0.9956236323851203	0.9967284623773174	0.9923664122137404	0.9858944573514768
LKAP-GutHK_A08_064	987	None	None	AJ316187	1468	Vibrionaceae	Vibrio rotiferianus	4873.0	987	8	3	981	0.9969512195121951	0.9969604863221885	0.993920972644377	0.982932901590017

LKAP-GutHK_G10_068	970	None	None	GU929924	1328	Vibrionaceae	Vibrio variabilis	3805.0	805	12	13	779	0.9835858585858586	0.9850746268656716	0.9677018633540373	0.9380904232269248
LKAP-GutHK_G10_068	970	None	None	AJ842343	1505	Vibrionaceae	Enterovibrio coralii	4613.0	970	21	16	942	0.9874213836477987	0.9835051546391752	0.9711340206185567	0.9348757373058558
LKAP-GutHK_G10_068	970	None	None	AJ316208	1505	Vibrionaceae	Enterovibrio norvegicus	4596.0	970	24	19	939	0.9873817034700315	0.9804123711340206	0.9680412371134021	0.9261642017050759
LKAP-GutHK_G10_068	970	None	None	X78105	1434	Vibrionaceae	Photobacterium damselae subsp. piscicida	4469.0	969	20	16	927	0.9727177334732424	0.9834881320949432	0.9566563467492261	0.9218336688089105
LKAP-GutHK_G10_068	970	None	None	AB032015	1550	Vibrionaceae	Photobacterium damselae subsp. damselae	4481.0	970	22	17	929	0.974816369359916	0.9824742268041237	0.9577319587628866	0.9200791902228135

LKAP-GutHK_C10_076	955	None	None	X76336	1546	Vibrionaceae	Vibrio furnissii	4711.0	955	17	0	951	0.9958115183246073	1.0	0.9958115183246073	0.9783950617283951
LKAP-GutHK_C10_076	955	None	None	GU929924	1328	Vibrionaceae	Vibrio variabilis	3849.0	788	4	4	777	0.9910714285714286	0.9949238578680203	0.9860406091370558	0.9760806029841562
LKAP-GutHK_C10_076	955	None	None	AB428909	1298	Vibrionaceae	Vibrio sagamiensis	4285.0	887	9	9	870	0.9908883826879271	0.9898534385569335	0.9808342728297632	0.9611300128845225
LKAP-GutHK_C10_076	955	None	None	AB428897	1298	Vibrionaceae	Vibrio azureus	4268.0	887	9	9	868	0.9886104783599089	0.9898534385569335	0.9785794813979707	0.9589205186020292
LKAP-GutHK_C10_076	955	None	None	GU951698	1432	Vibrionaceae	Vibrio tritonius	4541.0	937	12	11	920	0.9935205183585313	0.9882604055496265	0.9818569903948773	0.958060667129248

LKAP-GutHK_E03_023	988	None	None	AJ842343	1505	Vibrionaceae	Enterovibrio coralii	4705.0	987	22	13	960	0.9856262833675564	0.9868287740628167	0.9726443768996961	0.9389054738357819
LKAP-GutHK_E03_023	988	None	None	X78105	1434	Vibrionaceae	Photobacterium damselae subsp. piscicida	4562.0	986	20	15	945	0.9732234809474768	0.9847870182555781	0.9584178498985801	0.9250732924965421
LKAP-GutHK_E03_023	988	None	None	AJ316208	1505	Vibrionaceae	Enterovibrio norvegicus	4678.0	987	28	19	956	0.987603305785124	0.9807497467071935	0.9685916919959473	0.9237406481301251
LKAP-GutHK_E03_023	988	None	None	AB032015	1550	Vibrionaceae	Photobacterium damselae subsp. damselae	4575.0	987	33	14	949	0.9753340184994861	0.9858156028368794	0.961499493414387	0.9171951049923515
LKAP-GutHK_E03_023	988	None	None	GU929924	1328	Vibrionaceae	Vibrio variabilis	3861.0	820	35	13	795	0.9851301115241635	0.9841463414634146	0.9695121951219512	0.9150834403080873

LKAP-GutHK_F12_086	924	None	None	JF316656	1497	Vibrionaceae	Vibrio alfacsensis	4579.0	923	6	1	920	0.9978308026030369	0.9989165763813651	0.9967497291440953	0.9892392360289084
LKAP-GutHK_F12_086	924	None	None	AJ630103	1529	Vibrionaceae	Vibrio ponticus	4561.0	923	6	1	918	0.9956616052060737	0.9989165763813651	0.9945828819068255	0.9870887159505847
LKAP-GutHK_F12_086	924	None	None	GU929924	1328	Vibrionaceae	Vibrio variabilis	3665.0	759	6	6	744	0.9880478087649402	0.9920948616600791	0.9802371541501976	0.9648608850654887
LKAP-GutHK_F12_086	924	None	None	AB428909	1298	Vibrionaceae	Vibrio sagamiensis	4173.0	858	11	11	844	0.9964580873671782	0.9871794871794872	0.9836829836829837	0.9587796170074651
LKAP-GutHK_F12_086	924	None	None	AB428897	1298	Vibrionaceae	Vibrio azureus	4172.0	858	12	12	844	0.9976359338061466	0.986013986013986	0.9836829836829837	0.9565469013744875

LKAP-GutHK_E12_088	937	None	None	GU018180	1421	Vibrionaceae	Vibrio owensii	4535.0	921	2	2	913	0.9934711643090316	0.997828447339848	0.991313789359392	0.9870177382679104
LKAP-GutHK_E12_088	937	None	None	LC004912	1390	Vibrionaceae	Vibrio hyugaensis	4446.0	905	0	2	893	0.9889258028792912	1.0	0.9867403314917127	0.9845596898751564
LKAP-GutHK_E12_088	937	None	None	AJ316187	1468	Vibrionaceae	Vibrio rotiferianus	4606.0	937	7	3	929	0.9946466809421841	0.9967982924226254	0.991462113127001	0.980959336504893
LKAP-GutHK_E12_088	937	None	None	AB562589	1400	Vibrionaceae	Vibrio jasicida	4507.0	919	4	4	909	0.9934426229508196	0.9956474428726877	0.9891186071817193	0.9805455314965039
LKAP-GutHK_E12_088	937	None	None	X74714	1466	Vibrionaceae	Vibrio natriegens	4599.0	937	7	3	928	0.9935760171306209	0.9967982924226254	0.9903948772678762	0.9799034061103776

LKAP-GutHK_B09_077	983	None	None	EF094888	1498	Vibrionaceae	Vibrio gigantis	4872.0	983	9	2	979	0.9979612640163099	0.9979654120040692	0.9959308240081384	0.9848872362419191
LKAP-GutHK_B09_077	983	None	None	EF599164	1544	Vibrionaceae	Vibrio artabrorum	4865.0	983	10	2	979	0.9979612640163099	0.9979654120040692	0.9959308240081384	0.9838954061953511
LKAP-GutHK_B09_077	983	None	None	EF094887	1496	Vibrionaceae	Vibrio crassostreae	4866.0	983	9	2	978	0.9969418960244648	0.9979654120040692	0.9949135300101729	0.9838812227217536
LKAP-GutHK_B09_077	983	None	None	AJ491290	1507	Vibrionaceae	Vibrio pomeroyi	4843.0	983	9	2	974	0.9928644240570846	0.9979654120040692	0.9908443540183113	0.9798571686410922
LKAP-GutHK_B09_077	983	None	None	AM162657	1392	Vibrionaceae	Vibrio kanaloae	4518.0	920	4	5	910	0.994535519125683	0.9956474428726877	0.9891304347826086	0.97949604743083

LKAP-GutHK_D11_089	882	None	None	GU018180	1421	Vibrionaceae	Vibrio owensii	4206.0	863	3	10	849	0.9953106682297772	0.9964953271028038	0.9837775202780996	0.969009497456373
LKAP-GutHK_D11_089	882	None	None	LC004912	1390	Vibrionaceae	Vibrio hyugaensis	4108.0	847	1	10	828	0.989247311827957	0.9988066825775657	0.9775678866587958	0.9648871711478917
LKAP-GutHK_D11_089	882	None	None	AB428897	1298	Vibrionaceae	Vibrio azureus	3927.0	814	1	10	796	0.9900497512437811	0.9987577639751553	0.9778869778869779	0.9646885033388101
LKAP-GutHK_D11_089	882	None	None	AJ316187	1468	Vibrionaceae	Vibrio rotiferianus	4288.0	880	9	10	867	0.996551724137931	0.9897610921501706	0.9852272727272727	0.9641706718478372
LKAP-GutHK_D11_089	882	None	None	AB562589	1400	Vibrionaceae	Vibrio jasicida	4149.0	861	3	10	842	0.9894242068155111	0.9964871194379391	0.9779326364692218	0.9632183722630877

LKAP-GutHK_A12_096	927	None	None	AJ514916	1505	Vibrionaceae	Vibrio fortis	4595.0	927	9	1	923	0.9967602591792657	0.9989212513484358	0.9956850053937433	0.9850473450797076
LKAP-GutHK_A12_096	927	None	None	AJ293802	1544	Vibrionaceae	Vibrio pelagius	4584.0	927	9	4	922	0.9989165763813651	0.9956850053937433	0.9946062567421791	0.9807922809540933
LKAP-GutHK_A12_096	927	None	None	GU929924	1328	Vibrionaceae	Vibrio variabilis	3718.0	762	3	3	751	0.9894598155467721	0.9960629921259843	0.9855643044619422	0.9778343883485152
LKAP-GutHK_A12_096	927	None	None	AB562589	1400	Vibrionaceae	Vibrio jasicida	4392.0	908	5	3	892	0.9856353591160221	0.9966960352422908	0.9823788546255506	0.9737709347602664
LKAP-GutHK_A12_096	927	None	None	GU018180	1421	Vibrionaceae	Vibrio owensii	4413.0	910	6	4	895	0.9878587196467992	0.9956043956043956	0.9835164835164835	0.9727794040021114

