LKAP-GUTHK2_E10_072_2017_1	1261	None	None	X74689	1427	Vibrionaceae	Vibrio aestuarianus	6026.0	1261	30	21	1230	0.9919354838709677	0.9833465503568596	0.9754163362410785	0.9368832354290763
LKAP-GUTHK2_E10_072_2017_1	1261	None	None	HF955040	1416	Vibrionaceae	Vibrio cortegadensis	5777.0	1241	36	37	1191	0.989202657807309	0.9709677419354839	0.959709911361805	0.9048478725760478
LKAP-GUTHK2_E10_072_2017_1	1261	None	None	AJ515230	1321	Vibrionaceae	Vibrio splendidus	5497.0	1191	34	34	1138	0.9835782195332757	0.9714525608732157	0.9554995801847187	0.9024596034887507
LKAP-GUTHK2_E10_072_2017_1	1261	None	None	KJ807108	1155	Vibrionaceae	Vibrio cidicii	5053.0	1098	32	32	1048	0.9831144465290806	0.970856102003643	0.9544626593806922	0.900404597256476
LKAP-GUTHK2_E10_072_2017_1	1261	None	None	HF541973	1467	Vibrionaceae	Vibrio thalassae	5767.0	1243	44	36	1192	0.9875724937862469	0.9710378117457763	0.9589702333065165	0.8993605839945341

LKAP-GUTHK2_D12_090_2017_1	648	None	None	X74689	1427	Vibrionaceae	Vibrio aestuarianus	3186.0	648	15	1	644	0.9953632148377125	0.9984567901234568	0.9938271604938271	0.969843397947973
LKAP-GUTHK2_D12_090_2017_1	648	None	None	GU929924	1328	Vibrionaceae	Vibrio variabilis	2314.0	488	5	6	473	0.9813278008298755	0.9897330595482546	0.9692622950819673	0.9476357530010309
LKAP-GUTHK2_D12_090_2017_1	648	None	None	KC762315	1521	Vibrionaceae	Vibrio salilacus	3129.0	648	31	2	640	0.9907120743034056	0.9969135802469136	0.9876543209876543	0.9396534482445136
LKAP-GUTHK2_D12_090_2017_1	648	None	None	AJ515230	1321	Vibrionaceae	Vibrio splendidus	2710.0	578	8	9	557	0.9789103690685413	0.9861351819757366	0.9636678200692042	0.9357115863811897
LKAP-GUTHK2_D12_090_2017_1	648	None	None	KT732014	1193	Vibrionaceae	Vibrio sonorensis	2283.0	485	7	10	468	0.9852631578947368	0.9854771784232366	0.9649484536082474	0.9316067387477999

LKAP-GUTHK2_F04_022_2017_1	1139	None	None	AF500007	1507	Planococcaceae	Planococcus maritimus	5477.0	1138	32	14	1117	0.9937722419928826	0.9876977152899824	0.9815465729349736	0.9429558529734275
LKAP-GUTHK2_F04_022_2017_1	1139	None	None	JF775504	1449	Planococcaceae	Planococcus plakortidis	5415.0	1139	32	15	1110	0.9875444839857651	0.9868305531167691	0.974539069359087	0.9354243500936069
LKAP-GUTHK2_F04_022_2017_1	1139	None	None	AJ493659	1531	Planococcaceae	Planococcus rifietoensis	5388.0	1139	36	19	1107	0.9883928571428572	0.9833187006145742	0.9719051799824407	0.9264117460258159
LKAP-GUTHK2_F04_022_2017_1	1139	None	None	AJ314745	1479	Planococcaceae	Planococcus antarcticus	5362.0	1139	35	18	1104	0.9848349687778769	0.9841966637401229	0.9692712906057945	0.9255137280827049
LKAP-GUTHK2_F04_022_2017_1	1139	None	None	AJ544622	1432	Planococcaceae	Planococcus maitriensis	5393.0	1139	38	21	1107	0.9901610017889088	0.9815627743634767	0.9719051799824407	0.9231860588108486

LKAP-GUTHK2_F09_069_2017_1	1228	None	None	X74689	1427	Vibrionaceae	Vibrio aestuarianus	5845.0	1227	48	13	1200	0.9884678747940692	0.9894050529747351	0.9779951100244498	0.9312047557409271
LKAP-GUTHK2_F09_069_2017_1	1228	None	None	U46579	1497	Vibrionaceae	Vibrio scophthalmi	5634.0	1224	70	20	1177	0.9775747508305648	0.9836601307189542	0.9616013071895425	0.8947202270913518
LKAP-GUTHK2_F09_069_2017_1	1228	None	None	AJ421445	1367	Vibrionaceae	Vibrio ichthyoenteri	5655.0	1227	75	19	1182	0.9784768211920529	0.9845150774246129	0.9633251833740831	0.8937763606112845
LKAP-GUTHK2_F09_069_2017_1	1228	None	None	HF541973	1467	Vibrionaceae	Vibrio thalassae	5578.0	1209	62	28	1161	0.983065198983912	0.9768403639371381	0.9602977667493796	0.8922987116687784
LKAP-GUTHK2_F09_069_2017_1	1228	None	None	KJ807108	1155	Vibrionaceae	Vibrio cidicii	4874.0	1065	51	26	1018	0.9797882579403272	0.9755868544600939	0.955868544600939	0.8899170410756054

LKAP-GUTHK2_E12_088_2017_1	840	None	None	X74689	1427	Vibrionaceae	Vibrio aestuarianus	3953.0	839	25	17	812	0.9878345498783455	0.9797377830750894	0.9678188319427891	0.9207720831677924
LKAP-GUTHK2_E12_088_2017_1	840	None	None	GU929924	1328	Vibrionaceae	Vibrio variabilis	3087.0	680	13	21	642	0.9742033383915023	0.9806547619047619	0.9441176470588235	0.8977973007384772
LKAP-GUTHK2_E12_088_2017_1	840	None	None	KC762315	1521	Vibrionaceae	Vibrio salilacus	3887.0	839	41	18	807	0.9829476248477467	0.9785458879618594	0.9618593563766389	0.8973710586195688
LKAP-GUTHK2_E12_088_2017_1	840	None	None	AJ421445	1367	Vibrionaceae	Vibrio ichthyoenteri	3790.0	840	24	23	793	0.9706242350061199	0.9726190476190476	0.944047619047619	0.8926931768077602
LKAP-GUTHK2_E12_088_2017_1	840	None	None	KT732014	1193	Vibrionaceae	Vibrio sonorensis	3055.0	677	14	24	637	0.9754977029096478	0.9790104947526237	0.9409158050221565	0.8891722441092159

LKAP-GUTHK2_G07_051_2017_1	1186	None	None	X76446	1506	Bacillaceae	Bacillus gibsonii	5757.0	1186	31	3	1172	0.9907016060862215	0.9974704890387859	0.9881956155143339	0.9605878497563328
LKAP-GUTHK2_G07_051_2017_1	1186	None	None	AJ880003	1433	Bacillaceae	Bacillus plakortidis	5728.0	1182	33	7	1166	0.9923404255319149	0.994077834179357	0.9864636209813875	0.9539874523894077
LKAP-GUTHK2_G07_051_2017_1	1186	None	None	AJ316316	1505	Bacillaceae	Bacillus murimartini	5734.0	1186	37	8	1169	0.9923599320882852	0.9932546374367622	0.9856661045531198	0.9493987499293337
LKAP-GUTHK2_G07_051_2017_1	1186	None	None	HG934297	1456	Bacillaceae	Bacillus lonarensis	5202.0	1166	56	40	1095	0.9724689165186501	0.9656946826758147	0.9391080617495712	0.8653319783388028
LKAP-GUTHK2_G07_051_2017_1	1186	None	None	LBMN02000007	1329	Bacillaceae	Bacillus paralicheniformis	4439.0	998	51	37	936	0.9739854318418314	0.9629258517034068	0.9378757515030061	0.8591979000899798

LKAP-GUTHK2_G01_003_2017_1	1014	None	None	X74689	1427	Vibrionaceae	Vibrio aestuarianus	4774.0	1014	45	21	984	0.9909365558912386	0.9792899408284024	0.9704142011834319	0.9099351291550027
LKAP-GUTHK2_G01_003_2017_1	1014	None	None	KC762315	1521	Vibrionaceae	Vibrio salilacus	4699.0	1014	61	22	978	0.9858870967741935	0.9783037475345168	0.9644970414201184	0.8900288977569837
LKAP-GUTHK2_G01_003_2017_1	1014	None	None	U46579	1497	Vibrionaceae	Vibrio scophthalmi	4577.0	1009	47	30	958	0.9785495403472931	0.9702675916749257	0.9494549058473737	0.8802238189626693
LKAP-GUTHK2_G01_003_2017_1	1014	None	None	AJ421445	1367	Vibrionaceae	Vibrio ichthyoenteri	4612.0	1013	52	29	965	0.9806910569105691	0.9713721618953604	0.9526159921026653	0.8801635081962654
LKAP-GUTHK2_G01_003_2017_1	1014	None	None	HF955040	1416	Vibrionaceae	Vibrio cortegadensis	4556.0	995	47	36	948	0.9885297184567258	0.963819095477387	0.9527638190954774	0.8768718834093693

LKAP-GUTHK2_D06_042_2017_1	1025	None	None	X74689	1427	Vibrionaceae	Vibrio aestuarianus	4887.0	1024	38	9	1002	0.987192118226601	0.9912109375	0.978515625	0.9352103195621468
LKAP-GUTHK2_D06_042_2017_1	1025	None	None	AJ515230	1321	Vibrionaceae	Vibrio splendidus	4371.0	947	23	19	906	0.9762931034482759	0.9799366420274551	0.9567053854276664	0.9152810285328602
LKAP-GUTHK2_D06_042_2017_1	1025	None	None	HF955040	1416	Vibrionaceae	Vibrio cortegadensis	4652.0	997	27	24	959	0.9856115107913669	0.9759277833500501	0.9618856569709128	0.9139792424147443
LKAP-GUTHK2_D06_042_2017_1	1025	None	None	GU929924	1328	Vibrionaceae	Vibrio variabilis	3969.0	857	22	18	818	0.9749702026221693	0.9789964994165694	0.9544924154025671	0.9110570381373764
LKAP-GUTHK2_D06_042_2017_1	1025	None	None	KJ807108	1155	Vibrionaceae	Vibrio cidicii	3930.0	854	23	19	816	0.9772455089820359	0.977751756440281	0.955503512880562	0.909743937577274

LKAP-GUTHK2_C11_091_2017_1	836	None	None	AY594266	1519	Unclassified Bacillales	Exiguobacterium marinum	4019.0	836	15	8	819	0.9891304347826086	0.9904306220095693	0.9796650717703349	0.9531876373981637
LKAP-GUTHK2_C11_091_2017_1	836	None	None	AY818050	1510	Unclassified Bacillales	Exiguobacterium profundum	3977.0	830	11	12	810	0.9902200488997555	0.9867310012062727	0.9759036144578314	0.9492142171539906
LKAP-GUTHK2_C11_091_2017_1	836	None	None	AY594264	1517	Unclassified Bacillales	Exiguobacterium aestuarii	4013.0	836	16	10	818	0.9903147699757869	0.9880382775119617	0.9784688995215312	0.9486095199586676
LKAP-GUTHK2_C11_091_2017_1	836	None	None	EU379016	1477	Unclassified Bacillales	Exiguobacterium alkaliphilum	3879.0	826	21	22	796	0.9900497512437811	0.9745454545454545	0.9636803874092009	0.9147568258288047
LKAP-GUTHK2_C11_091_2017_1	836	None	None	AM072764	1408	Unclassified Bacillales	Exiguobacterium mexicanum	3926.0	836	26	20	807	0.9889705882352942	0.9760765550239234	0.965311004784689	0.9137978885200768

LKAP-GUTHK2_E09_071_2017_1	1261	None	None	X74689	1427	Vibrionaceae	Vibrio aestuarianus	6011.0	1260	38	18	1230	0.9903381642512077	0.9857142857142858	0.9761904761904762	0.934074400176095
LKAP-GUTHK2_E09_071_2017_1	1261	None	None	HF541973	1467	Vibrionaceae	Vibrio thalassae	5751.0	1243	50	33	1192	0.9851239669421488	0.9734513274336283	0.9589702333065165	0.8974122059558276
LKAP-GUTHK2_E09_071_2017_1	1261	None	None	KJ807108	1155	Vibrionaceae	Vibrio cidicii	5048.0	1099	40	32	1049	0.9831302717900656	0.9708826205641492	0.9545040946314831	0.8941666979559196
LKAP-GUTHK2_E09_071_2017_1	1261	None	None	U46579	1497	Vibrionaceae	Vibrio scophthalmi	5807.0	1256	76	21	1211	0.9805668016194332	0.98328025477707	0.964171974522293	0.8939582496509247
LKAP-GUTHK2_E09_071_2017_1	1261	None	None	AJ421445	1367	Vibrionaceae	Vibrio ichthyoenteri	5838.0	1261	84	22	1218	0.9830508474576272	0.9825535289452815	0.9659000793021412	0.8897770990746118

LKAP-GUTHK2_H03_017_2017_1	1268	None	None	X99761	1441	Vibrionaceae	Vibrio mytili	6100.0	1268	30	16	1243	0.9928115015974441	0.9873817034700315	0.9802839116719243	0.9455434956958777
LKAP-GUTHK2_H03_017_2017_1	1268	None	None	X99762	1376	Vibrionaceae	Vibrio diabolicus	5967.0	1249	28	18	1219	0.9902518277822908	0.9855884707766213	0.9759807846277022	0.9408240766458116
LKAP-GUTHK2_H03_017_2017_1	1268	None	None	AB428909	1298	Vibrionaceae	Vibrio sagamiensis	5707.0	1200	28	20	1168	0.9898305084745763	0.9833333333333333	0.9733333333333334	0.9352877307274701
LKAP-GUTHK2_H03_017_2017_1	1268	None	None	GU018180	1421	Vibrionaceae	Vibrio owensii	5928.0	1249	30	20	1215	0.9886086248982913	0.9839871897518014	0.9727782225780625	0.9347493632122273
LKAP-GUTHK2_H03_017_2017_1	1268	None	None	AB562589	1400	Vibrionaceae	Vibrio jasicida	5918.0	1247	30	20	1213	0.9885900570497147	0.9839615076182838	0.9727345629510826	0.9346478533602023

LKAP-GUTHK2_G05_035_2017_1	1283	None	None	AJ249780	1480	Microbacteriaceae	Microbacterium foliorum	6000.0	1282	66	26	1241	0.9880573248407644	0.9797191887675507	0.96801872074883	0.9019521611725004
LKAP-GUTHK2_G05_035_2017_1	1283	None	None	AJ309929	1345	Microbacteriaceae	Microbacterium aerolatum	5657.0	1220	59	29	1173	0.9848866498740554	0.9762295081967213	0.9614754098360656	0.8953222932875325
LKAP-GUTHK2_G05_035_2017_1	1283	None	None	AJ277840	1478	Microbacteriaceae	Microbacterium phyllosphaerae	5999.0	1282	70	32	1240	0.992	0.9750390015600624	0.9672386895475819	0.8942665398923648
LKAP-GUTHK2_G05_035_2017_1	1283	None	None	Y17227	1466	Microbacteriaceae	Microbacterium oxydans	5940.0	1278	69	36	1230	0.9903381642512077	0.971830985915493	0.9624413145539906	0.8874180494996706
LKAP-GUTHK2_G05_035_2017_1	1283	None	None	AJ698726	1495	Microbacteriaceae	Microbacterium hydrocarbonoxydans	5976.0	1283	77	35	1238	0.9919871794871795	0.9727201870615745	0.9649259547934529	0.885461464398698

LKAP-GUTHK2_B02_014_2017_1	713	None	None	AY594266	1519	Unclassified Bacillales	Exiguobacterium marinum	3223.0	713	60	19	680	0.9798270893371758	0.9733520336605891	0.9537166900420757	0.8562475845914626
LKAP-GUTHK2_B02_014_2017_1	713	None	None	AY818050	1510	Unclassified Bacillales	Exiguobacterium profundum	3182.0	705	58	21	671	0.9809941520467836	0.9702127659574468	0.9517730496453901	0.8532277404422632
LKAP-GUTHK2_B02_014_2017_1	713	None	None	AY594264	1517	Unclassified Bacillales	Exiguobacterium aestuarii	3217.0	713	61	21	679	0.9812138728323699	0.97054698457223	0.9523141654978962	0.8514230006777056
LKAP-GUTHK2_B02_014_2017_1	713	None	None	AM072764	1408	Unclassified Bacillales	Exiguobacterium mexicanum	3130.0	713	71	31	668	0.9794721407624634	0.9565217391304348	0.9368863955119214	0.8149955634427684
LKAP-GUTHK2_B02_014_2017_1	713	None	None	EU379016	1477	Unclassified Bacillales	Exiguobacterium alkaliphilum	3080.0	703	68	33	657	0.9805970149253731	0.9530583214793741	0.9345661450924608	0.8121391922333966

LKAP-GUTHK2_A07_063_2017_1	882	None	None	JF775504	1449	Planococcaceae	Planococcus plakortidis	4266.0	882	11	5	867	0.9885974914481186	0.9943310657596371	0.9829931972789115	0.9653807771708908
LKAP-GUTHK2_A07_063_2017_1	882	None	None	AF500007	1507	Planococcaceae	Planococcus maritimus	4269.0	881	12	5	867	0.9897260273972602	0.9943246311010215	0.9841089670828603	0.9653745298595584
LKAP-GUTHK2_A07_063_2017_1	882	None	None	EF079063	1452	Planococcaceae	Planococcus donghaensis	4217.0	881	15	7	861	0.9851258581235698	0.9920544835414302	0.9772985244040863	0.953302355278093
LKAP-GUTHK2_A07_063_2017_1	882	None	None	JF742665	1555	Planococcaceae	Planococcus halocryophilus	4213.0	882	15	8	861	0.9851258581235698	0.9909297052154195	0.9761904761904762	0.9511599511599511
LKAP-GUTHK2_A07_063_2017_1	882	None	None	KX516729	1538	Planococcaceae	Planococcus versutus	4177.0	882	13	7	857	0.9794285714285714	0.9920634920634921	0.971655328798186	0.9499423605568856

LKAP-GUTHK2_D09_073_2017_1	1036	None	None	X74689	1427	Vibrionaceae	Vibrio aestuarianus	4995.0	1036	24	8	1017	0.9892996108949417	0.9922779922779923	0.9816602316602316	0.9520252057987907
LKAP-GUTHK2_D09_073_2017_1	1036	None	None	HF955040	1416	Vibrionaceae	Vibrio cortegadensis	4778.0	1016	21	21	981	0.985929648241206	0.9793307086614174	0.9655511811023622	0.9264449616170206
LKAP-GUTHK2_D09_073_2017_1	1036	None	None	AJ421445	1367	Vibrionaceae	Vibrio ichthyoenteri	4822.0	1036	25	15	997	0.9764936336924583	0.9855212355212355	0.9623552123552124	0.9260741487414437
LKAP-GUTHK2_D09_073_2017_1	1036	None	None	AJ515230	1321	Vibrionaceae	Vibrio splendidus	4505.0	967	18	18	929	0.9789251844046365	0.9813857290589452	0.9607032057911065	0.9255912104525482
LKAP-GUTHK2_D09_073_2017_1	1036	None	None	U46579	1497	Vibrionaceae	Vibrio scophthalmi	4808.0	1034	21	18	993	0.9773622047244095	0.9825918762088974	0.960348162475822	0.9248471403558627

LKAP-GUTHK2_A03_031_2017_1	1075	None	None	AY594266	1519	Unclassified Bacillales	Exiguobacterium marinum	5074.0	1073	32	14	1044	0.9858356940509915	0.9869524697110904	0.972972972972973	0.9324691207044148
LKAP-GUTHK2_A03_031_2017_1	1075	None	None	AY594264	1517	Unclassified Bacillales	Exiguobacterium aestuarii	5071.0	1073	33	17	1043	0.9876893939393939	0.9841565703634669	0.9720410065237651	0.9280970188870669
LKAP-GUTHK2_A03_031_2017_1	1075	None	None	AY818050	1510	Unclassified Bacillales	Exiguobacterium profundum	5046.0	1073	26	23	1037	0.9876190476190476	0.97856477166822	0.9664492078285182	0.9233591157597307
LKAP-GUTHK2_A03_031_2017_1	1075	None	None	AM072764	1408	Unclassified Bacillales	Exiguobacterium mexicanum	4989.0	1074	42	26	1033	0.9856870229007634	0.9757914338919925	0.9618249534450651	0.9032191319089858
LKAP-GUTHK2_A03_031_2017_1	1075	None	None	DQ019166	1552	Unclassified Bacillales	Exiguobacterium aurantiacum	4978.0	1074	43	27	1032	0.9856733524355301	0.9748603351955307	0.9608938547486033	0.9006766928574643

LKAP-GUTHK2_A02_016_2017_1	882	None	None	AY741342	1491	Burkholderiaceae	Ralstonia pickettii	3713.0	881	68	54	801	0.9685610640870617	0.9387060158910329	0.9091940976163451	0.7923114001356347
LKAP-GUTHK2_A02_016_2017_1	882	None	None	AF488779	1436	Burkholderiaceae	Ralstonia insidiosa	3608.0	879	73	66	786	0.966789667896679	0.9249146757679181	0.89419795221843	0.7636375369260332
LKAP-GUTHK2_A02_016_2017_1	882	None	None	AJ270258	1449	Burkholderiaceae	Ralstonia mannitolilytica	3538.0	874	78	76	774	0.9699248120300752	0.9130434782608695	0.88558352402746	0.7423273657289003
LKAP-GUTHK2_A02_016_2017_1	882	None	None	KC757076	1340	Burkholderiaceae	Ralstonia syzygii subsp. celebesensis	3410.0	846	70	75	746	0.9675745784695201	0.9167657550535078	0.8817966903073287	0.7422109696800768
LKAP-GUTHK2_A02_016_2017_1	882	None	None	U28237	1445	Burkholderiaceae	Ralstonia syzygii subsp. syzygii	3547.0	880	81	79	777	0.9700374531835206	0.9102272727272728	0.8829545454545454	0.7359485857534764

LKAP-GUTHK2_H11_081_2017_1	1241	None	None	AY928901	1480	Micrococcaceae	Nesterenkonia jeotgali	5917.0	1240	28	24	1208	0.993421052631579	0.9806451612903225	0.9741935483870968	0.9342423934059225
LKAP-GUTHK2_H11_081_2017_1	1241	None	None	AY588277	1461	Micrococcaceae	Nesterenkonia sandarakina	5927.0	1240	34	23	1210	0.9942481511914544	0.9814516129032258	0.9758064516129032	0.9321479212032207
LKAP-GUTHK2_H11_081_2017_1	1241	None	None	AY226508	1490	Micrococcaceae	Nesterenkonia halotolerans	5918.0	1240	34	23	1209	0.9934264585045193	0.9814516129032258	0.975	0.9313775510204082
LKAP-GUTHK2_H11_081_2017_1	1241	None	None	HG795012	1481	Micrococcaceae	Nesterenkonia aurantiaca	5862.0	1239	26	24	1200	0.9876543209876543	0.9806295399515739	0.9685230024213075	0.9302414608236274
LKAP-GUTHK2_H11_081_2017_1	1241	None	None	AY588278	1502	Micrococcaceae	Nesterenkonia lutea	5870.0	1240	35	24	1204	0.9901315789473685	0.9806451612903225	0.9709677419354839	0.9260366856419988

LKAP-GUTHK2_D08_058_2017_1	1100	None	None	X74689	1427	Vibrionaceae	Vibrio aestuarianus	4956.0	1100	55	25	1043	0.9702325581395349	0.9772727272727273	0.9481818181818182	0.8825068870523417
LKAP-GUTHK2_D08_058_2017_1	1100	None	None	KC762315	1521	Vibrionaceae	Vibrio salilacus	4890.0	1100	73	28	1038	0.9682835820895522	0.9745454545454545	0.9436363636363636	0.8623854917461055
LKAP-GUTHK2_D08_058_2017_1	1100	None	None	U46579	1497	Vibrionaceae	Vibrio scophthalmi	4780.0	1098	57	34	1021	0.9595864661654135	0.9690346083788707	0.9298724954462659	0.8566098139868632
LKAP-GUTHK2_D08_058_2017_1	1100	None	None	AJ421445	1367	Vibrionaceae	Vibrio ichthyoenteri	4796.0	1100	62	32	1025	0.9597378277153558	0.9709090909090909	0.9318181818181818	0.8564387419809106
LKAP-GUTHK2_D08_058_2017_1	1100	None	None	HF955040	1416	Vibrionaceae	Vibrio cortegadensis	4743.0	1081	57	38	1008	0.9664429530201343	0.9648473635522664	0.9324699352451434	0.8546275417053467

LKAP-GUTHK2_C07_059_2017_1	1182	None	None	AY588277	1461	Micrococcaceae	Nesterenkonia sandarakina	5736.0	1181	24	15	1163	0.9974271012006861	0.9872988992379339	0.9847586790855207	0.952886821422172
LKAP-GUTHK2_C07_059_2017_1	1182	None	None	AY928901	1480	Micrococcaceae	Nesterenkonia jeotgali	5728.0	1181	23	15	1162	0.9965694682675815	0.9872988992379339	0.9839119390347163	0.9528582399621921
LKAP-GUTHK2_C07_059_2017_1	1182	None	None	AY226508	1490	Micrococcaceae	Nesterenkonia halotolerans	5727.0	1181	24	15	1162	0.9965694682675815	0.9872988992379339	0.9839119390347163	0.9520674862360824
LKAP-GUTHK2_C07_059_2017_1	1182	None	None	HG795012	1481	Micrococcaceae	Nesterenkonia aurantiaca	5673.0	1180	21	15	1154	0.9905579399141631	0.9872881355932204	0.9779661016949153	0.9486515474392809
LKAP-GUTHK2_C07_059_2017_1	1182	None	None	AY588278	1502	Micrococcaceae	Nesterenkonia lutea	5679.0	1182	24	16	1157	0.9922813036020584	0.9864636209813875	0.9788494077834179	0.9463834241090094

LKAP-GUTHK2_F01_005_2017_1	1236	None	None	X74689	1427	Vibrionaceae	Vibrio aestuarianus	5893.0	1236	35	18	1206	0.9901477832512315	0.9854368932038835	0.9757281553398058	0.9350408286419225
LKAP-GUTHK2_F01_005_2017_1	1236	None	None	AJ421445	1367	Vibrionaceae	Vibrio ichthyoenteri	5718.0	1236	64	21	1190	0.9794238683127572	0.9830097087378641	0.9627831715210357	0.8998319641523526
LKAP-GUTHK2_F01_005_2017_1	1236	None	None	U46579	1497	Vibrionaceae	Vibrio scophthalmi	5695.0	1233	65	21	1186	0.9785478547854786	0.9829683698296837	0.9618815896188159	0.8981513764391409
LKAP-GUTHK2_F01_005_2017_1	1236	None	None	HF541973	1467	Vibrionaceae	Vibrio thalassae	5624.0	1217	49	34	1166	0.9856297548605241	0.9720624486442071	0.9580936729663106	0.8952802647070659
LKAP-GUTHK2_F01_005_2017_1	1236	None	None	HF955040	1416	Vibrionaceae	Vibrio cortegadensis	5658.0	1215	73	25	1175	0.9873949579831933	0.9794238683127572	0.9670781893004116	0.8934961531579889

LKAP-GUTHK2_A08_064_2017_1	879	None	None	AY594266	1519	Unclassified Bacillales	Exiguobacterium marinum	4204.0	877	19	4	859	0.983963344788087	0.9954389965792474	0.9794754846066135	0.9543326987294348
LKAP-GUTHK2_A08_064_2017_1	879	None	None	AY594264	1517	Unclassified Bacillales	Exiguobacterium aestuarii	4208.0	877	22	8	859	0.9884925201380897	0.9908779931584949	0.9794754846066135	0.9467899845641236
LKAP-GUTHK2_A08_064_2017_1	879	None	None	AY818050	1510	Unclassified Bacillales	Exiguobacterium profundum	4174.0	873	20	8	853	0.9861271676300578	0.9908361970217641	0.97709049255441	0.9464538365728609
LKAP-GUTHK2_A08_064_2017_1	879	None	None	AM072764	1408	Unclassified Bacillales	Exiguobacterium mexicanum	4128.0	877	30	16	849	0.9860627177700348	0.9817559863169898	0.9680729760547321	0.9189755594080754
LKAP-GUTHK2_A08_064_2017_1	879	None	None	JF775503	1480	Unclassified Bacillales	Exiguobacterium aquaticum	4101.0	877	30	16	846	0.9825783972125436	0.9817559863169898	0.9646522234891676	0.9157282959472693

LKAP-GUTHK2_A01_015_2017_1	956	None	None	AY594266	1519	Unclassified Bacillales	Exiguobacterium marinum	4150.0	952	49	40	883	0.9682017543859649	0.957983193277311	0.9275210084033614	0.8450541055583073
LKAP-GUTHK2_A01_015_2017_1	956	None	None	AY594264	1517	Unclassified Bacillales	Exiguobacterium aestuarii	4148.0	952	51	44	882	0.9713656387665198	0.9537815126050421	0.9264705882352942	0.8387191367075245
LKAP-GUTHK2_A01_015_2017_1	956	None	None	AY818050	1510	Unclassified Bacillales	Exiguobacterium profundum	4126.0	951	46	48	877	0.9712070874861573	0.9515279241306639	0.9221871713985279	0.8352407379868312
LKAP-GUTHK2_A01_015_2017_1	956	None	None	AM072764	1408	Unclassified Bacillales	Exiguobacterium mexicanum	4068.0	954	66	52	874	0.9689578713968958	0.9454926624737946	0.9161425576519916	0.8101574382373494
LKAP-GUTHK2_A01_015_2017_1	956	None	None	JF775503	1480	Unclassified Bacillales	Exiguobacterium aquaticum	4041.0	954	66	52	871	0.9656319290465631	0.9454926624737946	0.9129979035639413	0.8073765774653676

LKAP-GUTHK2_H07_049_2017_1	1155	None	None	X74689	1427	Vibrionaceae	Vibrio aestuarianus	5506.0	1154	37	15	1127	0.9894644424934153	0.987001733102253	0.9766031195840554	0.9339638565963385
LKAP-GUTHK2_H07_049_2017_1	1155	None	None	AJ421445	1367	Vibrionaceae	Vibrio ichthyoenteri	5352.0	1154	43	21	1110	0.9796999117387467	0.9818024263431543	0.9618717504332756	0.9104433527492909
LKAP-GUTHK2_H07_049_2017_1	1155	None	None	U46579	1497	Vibrionaceae	Vibrio scophthalmi	5304.0	1151	38	22	1102	0.9760850310008857	0.9808861859252823	0.9574283231972198	0.9091140259795301
LKAP-GUTHK2_H07_049_2017_1	1155	None	None	KC762315	1521	Vibrionaceae	Vibrio salilacus	5405.0	1154	58	21	1118	0.9867608120035305	0.9818024263431543	0.9688041594454073	0.9056560335409625
LKAP-GUTHK2_H07_049_2017_1	1155	None	None	HF955040	1416	Vibrionaceae	Vibrio cortegadensis	5294.0	1133	42	29	1092	0.9891304347826086	0.9744042365401588	0.9638128861429832	0.9055739798313646

LKAP-GUTHK2_F03_021_2017_1	1045	None	None	AY594266	1519	Unclassified Bacillales	Exiguobacterium marinum	4934.0	1043	30	10	1015	0.9825750242013552	0.9904122722914669	0.9731543624161074	0.9368764737892255
LKAP-GUTHK2_F03_021_2017_1	1045	None	None	AY594264	1517	Unclassified Bacillales	Exiguobacterium aestuarii	4947.0	1043	30	12	1016	0.98545101842871	0.9884947267497604	0.9741131351869607	0.935983823278431
LKAP-GUTHK2_F03_021_2017_1	1045	None	None	AY818050	1510	Unclassified Bacillales	Exiguobacterium profundum	4927.0	1043	21	16	1011	0.9844206426484907	0.9846596356663471	0.9693192713326941	0.9356117402807114
LKAP-GUTHK2_F03_021_2017_1	1045	None	None	AM072764	1408	Unclassified Bacillales	Exiguobacterium mexicanum	4875.0	1045	41	21	1008	0.984375	0.9799043062200957	0.9645933014354067	0.9095244389225198
LKAP-GUTHK2_F03_021_2017_1	1045	None	None	DQ019166	1552	Unclassified Bacillales	Exiguobacterium aurantiacum	4855.0	1045	41	21	1006	0.982421875	0.9799043062200957	0.9626794258373206	0.9077198269405307

LKAP-GUTHK2_A05_047_2017_1	921	None	None	AY741342	1491	Burkholderiaceae	Ralstonia pickettii	3965.0	921	56	52	845	0.9723820483314154	0.9435396308360477	0.9174809989142236	0.8160603767210444
LKAP-GUTHK2_A05_047_2017_1	921	None	None	AF488779	1436	Burkholderiaceae	Ralstonia insidiosa	3848.0	917	61	60	829	0.9673278879813302	0.9345692475463467	0.9040348964013086	0.7921859981757888
LKAP-GUTHK2_A05_047_2017_1	921	None	None	AJ270258	1449	Burkholderiaceae	Ralstonia mannitolilytica	3804.0	913	57	62	821	0.9647473560517039	0.9372246696035242	0.8992332968236583	0.7889149851514775
LKAP-GUTHK2_A05_047_2017_1	921	None	None	KC757076	1340	Burkholderiaceae	Ralstonia syzygii subsp. celebesensis	3676.0	886	51	64	793	0.9647201946472019	0.9415807560137457	0.8950338600451467	0.7851844535294671
LKAP-GUTHK2_A05_047_2017_1	921	None	None	U28237	1445	Burkholderiaceae	Ralstonia syzygii subsp. syzygii	3802.0	918	65	69	822	0.9681978798586572	0.9288840262582057	0.8954248366013072	0.7733628548062155

LKAP-GUTHK2_E08_056_2017_1	1196	None	None	X74689	1427	Vibrionaceae	Vibrio aestuarianus	5788.0	1195	25	10	1176	0.9924050632911392	0.9916317991631799	0.9841004184100418	0.9558680293572946
LKAP-GUTHK2_E08_056_2017_1	1196	None	None	HF955040	1416	Vibrionaceae	Vibrio cortegadensis	5574.0	1178	25	23	1142	0.9887445887445887	0.9804753820033956	0.969439728353141	0.9307588414363074
LKAP-GUTHK2_E08_056_2017_1	1196	None	None	AJ515230	1321	Vibrionaceae	Vibrio splendidus	5301.0	1129	22	20	1090	0.9828674481514879	0.9822852081488043	0.9654561558901683	0.930226652373759
LKAP-GUTHK2_E08_056_2017_1	1196	None	None	KC762315	1521	Vibrionaceae	Vibrio salilacus	5688.0	1195	47	17	1167	0.9906621392190152	0.9857740585774059	0.9765690376569037	0.9262466395811856
LKAP-GUTHK2_E08_056_2017_1	1196	None	None	KJ807108	1155	Vibrionaceae	Vibrio cidicii	4834.0	1036	23	21	997	0.9822660098522168	0.9797297297297297	0.9623552123552124	0.9223706709542403

LKAP-GUTHK2_B07_061_2017_1	1202	None	None	AB105164	1514	Unclassified Bacillales	Exiguobacterium oxidotolerans	5622.0	1201	62	29	1163	0.992320819112628	0.9758534554537885	0.9683597002497918	0.8985887321399494
LKAP-GUTHK2_B07_061_2017_1	1202	None	None	AM072763	1450	Unclassified Bacillales	Exiguobacterium artemiae	5557.0	1201	63	30	1156	0.9871904355251921	0.9750208159866778	0.9625312239800167	0.8917120753802211
LKAP-GUTHK2_B07_061_2017_1	1202	None	None	CP001022	1555	Unclassified Bacillales	Exiguobacterium sibiricum	5539.0	1201	63	30	1154	0.9854824935952178	0.9750208159866778	0.9608659450457951	0.890169320924546
LKAP-GUTHK2_B07_061_2017_1	1202	None	None	DQ019165	1550	Unclassified Bacillales	Exiguobacterium undae	5526.0	1201	66	33	1152	0.9863013698630136	0.9725228975853455	0.9592006661115737	0.8842512849394776
LKAP-GUTHK2_B07_061_2017_1	1202	None	None	DQ019164	1550	Unclassified Bacillales	Exiguobacterium antarcticum	5520.0	1201	67	34	1151	0.9862896315338475	0.9716902581182348	0.958368026644463	0.8820311412413946

LKAP-GUTHK2_E01_007_2017_1	1033	None	None	X74689	1427	Vibrionaceae	Vibrio aestuarianus	4856.0	1032	28	22	997	0.9871287128712871	0.9786821705426356	0.9660852713178295	0.9205152113500074
LKAP-GUTHK2_E01_007_2017_1	1033	None	None	KC762315	1521	Vibrionaceae	Vibrio salilacus	4775.0	1032	51	30	990	0.9880239520958084	0.9709302325581395	0.9593023255813954	0.8875539521999614
LKAP-GUTHK2_E01_007_2017_1	1033	None	None	AJ421445	1367	Vibrionaceae	Vibrio ichthyoenteri	4687.0	1032	34	34	977	0.9789579158316634	0.9670542635658915	0.9467054263565892	0.8863152115420975
LKAP-GUTHK2_E01_007_2017_1	1033	None	None	U46579	1497	Vibrionaceae	Vibrio scophthalmi	4663.0	1030	29	36	972	0.9778672032193159	0.9716520039100685	0.9436893203883495	0.8857669352842488
LKAP-GUTHK2_E01_007_2017_1	1033	None	None	KJ807108	1155	Vibrionaceae	Vibrio cidicii	3930.0	871	21	32	820	0.9773539928486293	0.9755813953488373	0.9414466130884042	0.8855086416829273

LKAP-GUTHK2_B05_045_2017_1	882	None	None	AY818050	1510	Unclassified Bacillales	Exiguobacterium profundum	4076.0	870	17	11	840	0.9778812572759022	0.9873563218390805	0.9655172413793104	0.9350386813357696
LKAP-GUTHK2_B05_045_2017_1	882	None	None	AY594266	1519	Unclassified Bacillales	Exiguobacterium marinum	4111.0	881	21	12	849	0.9769850402761795	0.9863791146424518	0.963677639046538	0.9284211400570305
LKAP-GUTHK2_B05_045_2017_1	882	None	None	AY594264	1517	Unclassified Bacillales	Exiguobacterium aestuarii	4105.0	881	22	14	848	0.9780853517877739	0.9841089670828603	0.9625425652667423	0.9241687752893306
LKAP-GUTHK2_B05_045_2017_1	882	None	None	EU379016	1477	Unclassified Bacillales	Exiguobacterium alkaliphilum	3978.0	868	28	24	826	0.9786729857819905	0.9723502304147466	0.9516129032258065	0.8963853686635945
LKAP-GUTHK2_B05_045_2017_1	882	None	None	JF775503	1480	Unclassified Bacillales	Exiguobacterium aquaticum	3998.0	882	34	26	835	0.9754672897196262	0.9705215419501134	0.9467120181405896	0.8847003138955728

LKAP-GUTHK2_F02_006_2017_1	1235	None	None	X74689	1427	Vibrionaceae	Vibrio aestuarianus	5944.0	1235	63	10	1218	0.9942857142857143	0.9919028340080972	0.9862348178137652	0.9307686069505874
LKAP-GUTHK2_F02_006_2017_1	1235	None	None	HF955040	1416	Vibrionaceae	Vibrio cortegadensis	5725.0	1217	65	24	1183	0.991617770326907	0.9802793755135579	0.9720624486442071	0.9045791741283455
LKAP-GUTHK2_F02_006_2017_1	1235	None	None	AJ515230	1321	Vibrionaceae	Vibrio splendidus	5452.0	1168	62	21	1131	0.986050566695728	0.9820205479452054	0.9683219178082192	0.9029798696959573
LKAP-GUTHK2_F02_006_2017_1	1235	None	None	AJ421445	1367	Vibrionaceae	Vibrio ichthyoenteri	5749.0	1235	71	18	1196	0.9827444535743632	0.9854251012145749	0.968421052631579	0.9024260498105907
LKAP-GUTHK2_F02_006_2017_1	1235	None	None	U46579	1497	Vibrionaceae	Vibrio scophthalmi	5726.0	1235	64	22	1191	0.9818631492168178	0.9821862348178138	0.9643724696356275	0.9005264092902356

LKAP-GUTHK2_G12_084_2017_1	1021	None	None	AJ249780	1480	Microbacteriaceae	Microbacterium foliorum	4836.0	1021	22	14	992	0.9851042701092354	0.9862879529872673	0.9715964740450539	0.9380610252764806
LKAP-GUTHK2_G12_084_2017_1	1021	None	None	AJ309929	1345	Microbacteriaceae	Microbacterium aerolatum	4515.0	961	12	16	927	0.9809523809523809	0.987460815047022	0.9646201873048907	0.9368613329939587
LKAP-GUTHK2_G12_084_2017_1	1021	None	None	AJ277840	1478	Microbacteriaceae	Microbacterium phyllosphaerae	4835.0	1021	26	20	991	0.99000999000999	0.980411361410382	0.970617042115573	0.9279729313827015
LKAP-GUTHK2_G12_084_2017_1	1021	None	None	Y17227	1466	Microbacteriaceae	Microbacterium oxydans	4779.0	1020	23	25	982	0.9869346733668342	0.9774066797642437	0.9627450980392157	0.9184385163461358
LKAP-GUTHK2_G12_084_2017_1	1021	None	None	AJ698726	1495	Microbacteriaceae	Microbacterium hydrocarbonoxydans	4809.0	1021	31	23	988	0.9899799599198397	0.9774730656219393	0.9676787463271302	0.9180070236069164

LKAP-GUTHK2_G11_083_2017_1	1019	None	None	AJ277840	1478	Microbacteriaceae	Microbacterium phyllosphaerae	4975.0	1018	14	1	1008	0.9911504424778761	0.9990176817288802	0.9901768172888016	0.9757847123863481
LKAP-GUTHK2_G11_083_2017_1	1019	None	None	AJ309929	1345	Microbacteriaceae	Microbacterium aerolatum	4603.0	956	7	2	937	0.9821802935010482	0.997907949790795	0.9801255230125523	0.9709654713956126
LKAP-GUTHK2_G11_083_2017_1	1019	None	None	AJ249780	1480	Microbacteriaceae	Microbacterium foliorum	4894.0	1018	20	5	999	0.9861796643632774	0.9950884086444007	0.981335952848723	0.9577006938687441
LKAP-GUTHK2_G11_083_2017_1	1019	None	None	EU912487	1373	Microbacteriaceae	Microbacterium azadirachtae	4768.0	1007	15	8	978	0.978978978978979	0.9920556107249255	0.971201588877855	0.9493448016526195
LKAP-GUTHK2_G11_083_2017_1	1019	None	None	HE585693	1356	Microbacteriaceae	Microbacterium murale	4646.0	974	18	13	949	0.9875130072840791	0.9866529774127311	0.9743326488706365	0.9438847535934292

LKAP-GUTHK2_A04_032_2017_1	926	None	None	AY741342	1491	Burkholderiaceae	Ralstonia pickettii	4560.0	923	6	5	917	0.9989106753812637	0.9945828819068255	0.9934994582881906	0.9817357402675555
LKAP-GUTHK2_A04_032_2017_1	926	None	None	AF488779	1436	Burkholderiaceae	Ralstonia insidiosa	4445.0	923	13	14	903	0.9933993399339934	0.9859002169197397	0.9783315276273022	0.9501104258688223
LKAP-GUTHK2_A04_032_2017_1	926	None	None	KC757076	1340	Burkholderiaceae	Ralstonia syzygii subsp. celebesensis	4201.0	879	13	15	856	0.9907407407407407	0.9851767388825542	0.9738339021615472	0.9432651249636511
LKAP-GUTHK2_A04_032_2017_1	926	None	None	AJ270258	1449	Burkholderiaceae	Ralstonia mannitolilytica	4367.0	912	16	16	889	0.9921875	0.9824561403508771	0.9747807017543859	0.9411675741076829
LKAP-GUTHK2_A04_032_2017_1	926	None	None	KC757037	1394	Burkholderiaceae	Ralstonia pseudosolanacearum	4258.0	902	9	24	869	0.989749430523918	0.9898534385569335	0.9634146341463414	0.9285159701212818

LKAP-GUTHK2_H08_050_2017_1	1152	None	None	DQ168584	1531	Sporolactobacillaceae	Sinobaca qinghaiensis	5167.0	1151	77	29	1085	0.9670231729055259	0.9748045178105995	0.9426585577758471	0.8612890080004074
LKAP-GUTHK2_H08_050_2017_1	1152	None	None	FN597064	1254	Bacillaceae	Ornithinibacillus contaminans	3908.0	930	71	52	846	0.9635535307517085	0.9440860215053763	0.9096774193548387	0.7978988753182302
LKAP-GUTHK2_H08_050_2017_1	1152	None	None	KM066107	1530	Bacillaceae	Bacillus urumqiensis	4762.0	1151	101	68	1041	0.961218836565097	0.9409209383145091	0.9044309296264118	0.7823472019052747
LKAP-GUTHK2_H08_050_2017_1	1152	None	None	HE996968	1406	Bacillaceae	Bacillus luteus	4552.0	1112	91	69	998	0.9568552253116012	0.9379496402877698	0.8974820143884892	0.778116160438233
LKAP-GUTHK2_H08_050_2017_1	1152	None	None	LLZC01000010	1235	Bacillaceae	Bacillus velezensis	3954.0	965	70	68	863	0.9620958751393534	0.9295336787564766	0.894300518134715	0.7750604490500863

LKAP-GUTHK2_H01_001_2017_1	1184	None	None	AJ249780	1480	Microbacteriaceae	Microbacterium foliorum	5663.0	1184	31	15	1158	0.9905902480752781	0.987331081081081	0.9780405405405406	0.9410118451785119
LKAP-GUTHK2_H01_001_2017_1	1184	None	None	AJ309929	1345	Microbacteriaceae	Microbacterium aerolatum	5333.0	1120	29	15	1092	0.9882352941176471	0.9866071428571429	0.975	0.9376631853785901
LKAP-GUTHK2_H01_001_2017_1	1184	None	None	AJ277840	1478	Microbacteriaceae	Microbacterium phyllosphaerae	5662.0	1184	35	21	1157	0.9948409286328461	0.9822635135135135	0.9771959459459459	0.9323042535973217
LKAP-GUTHK2_H01_001_2017_1	1184	None	None	AY566291	1429	Microbacteriaceae	Microbacterium natoriense	5553.0	1175	35	21	1141	0.988734835355286	0.9821276595744681	0.971063829787234	0.9261220327061719
LKAP-GUTHK2_H01_001_2017_1	1184	None	None	Y17227	1466	Microbacteriaceae	Microbacterium oxydans	5602.0	1179	36	24	1147	0.9930735930735931	0.9796437659033079	0.9728583545377438	0.9248159666593366

LKAP-GUTHK2_F06_038_2017_1	1205	None	None	AY594266	1519	Unclassified Bacillales	Exiguobacterium marinum	5597.0	1204	61	21	1163	0.9830938292476754	0.9825581395348837	0.9659468438538206	0.9033321077304899
LKAP-GUTHK2_F06_038_2017_1	1205	None	None	AY818050	1510	Unclassified Bacillales	Exiguobacterium profundum	5558.0	1198	56	25	1154	0.9838022165387894	0.9791318864774624	0.9632721202003339	0.9010511937759104
LKAP-GUTHK2_F06_038_2017_1	1205	None	None	AY594264	1517	Unclassified Bacillales	Exiguobacterium aestuarii	5593.0	1204	62	24	1162	0.9847457627118644	0.9800664451827242	0.9651162790697675	0.8995554575847754
LKAP-GUTHK2_F06_038_2017_1	1205	None	None	EU379016	1477	Unclassified Bacillales	Exiguobacterium alkaliphilum	5455.0	1193	65	33	1139	0.9818965517241379	0.972338642078793	0.9547359597652976	0.8803606624226908
LKAP-GUTHK2_F06_038_2017_1	1205	None	None	AM072764	1408	Unclassified Bacillales	Exiguobacterium mexicanum	5518.0	1205	70	32	1153	0.9829497016197783	0.9734439834024896	0.9568464730290457	0.880298755186722

LKAP-GUTHK2_B06_046_2017_1	1213	None	None	AY594266	1519	Unclassified Bacillales	Exiguobacterium marinum	5671.0	1211	47	29	1170	0.9898477157360406	0.9760528488852188	0.9661436829066887	0.9077757020633593
LKAP-GUTHK2_B06_046_2017_1	1213	None	None	AY818050	1510	Unclassified Bacillales	Exiguobacterium profundum	5632.0	1205	41	32	1161	0.989769820971867	0.9734439834024896	0.9634854771784233	0.9070372911158029
LKAP-GUTHK2_B06_046_2017_1	1213	None	None	AY594264	1517	Unclassified Bacillales	Exiguobacterium aestuarii	5666.0	1211	47	31	1169	0.9906779661016949	0.9744013212221305	0.9653179190751445	0.9054651387191339
LKAP-GUTHK2_B06_046_2017_1	1213	None	None	AM072764	1408	Unclassified Bacillales	Exiguobacterium mexicanum	5590.0	1213	61	43	1160	0.9914529914529915	0.964550700741962	0.9563066776586975	0.8782408264212529
LKAP-GUTHK2_B06_046_2017_1	1213	None	None	DQ019166	1552	Unclassified Bacillales	Exiguobacterium aurantiacum	5579.0	1213	62	44	1159	0.9914456800684346	0.9637262984336357	0.955482275350371	0.8760461018702618

LKAP-GUTHK2_C09_075_2017_1	1103	None	None	X74689	1427	Vibrionaceae	Vibrio aestuarianus	5364.0	1103	17	8	1087	0.9926940639269406	0.9927470534904805	0.985494106980961	0.9634964706644216
LKAP-GUTHK2_C09_075_2017_1	1103	None	None	AJ421445	1367	Vibrionaceae	Vibrio ichthyoenteri	5192.0	1103	23	14	1068	0.9807162534435262	0.9873073436083409	0.9682683590208522	0.936451370314128
LKAP-GUTHK2_C09_075_2017_1	1103	None	None	KC762315	1521	Vibrionaceae	Vibrio salilacus	5272.0	1103	37	13	1079	0.9899082568807339	0.9882139619220308	0.9782411604714415	0.9353358464156765
LKAP-GUTHK2_C09_075_2017_1	1103	None	None	U46579	1497	Vibrionaceae	Vibrio scophthalmi	5170.0	1101	22	15	1064	0.9797421731123389	0.9863760217983651	0.9663941871026339	0.9345539511963139
LKAP-GUTHK2_C09_075_2017_1	1103	None	None	HF955040	1416	Vibrionaceae	Vibrio cortegadensis	5139.0	1084	24	21	1052	0.9896519285042333	0.9806273062730627	0.9704797047970479	0.9310649153422942

LKAP-GUTHK2_C01_011_2017_1	959	None	None	AY594266	1519	Unclassified Bacillales	Exiguobacterium marinum	4628.0	957	14	9	940	0.9915611814345991	0.9905956112852664	0.9822361546499477	0.958970004745778
LKAP-GUTHK2_C01_011_2017_1	959	None	None	AY818050	1510	Unclassified Bacillales	Exiguobacterium profundum	4568.0	952	7	12	929	0.9882978723404255	0.9926082365364308	0.9758403361344538	0.9565066902673478
LKAP-GUTHK2_C01_011_2017_1	959	None	None	AY594264	1517	Unclassified Bacillales	Exiguobacterium aestuarii	4579.0	957	14	11	934	0.9873150105708245	0.9885057471264368	0.9759665621734587	0.9508386898208979
LKAP-GUTHK2_C01_011_2017_1	959	None	None	EU379016	1477	Unclassified Bacillales	Exiguobacterium alkaliphilum	4454.0	946	19	21	913	0.987027027027027	0.9798728813559322	0.9651162790697675	0.9251114592119533
LKAP-GUTHK2_C01_011_2017_1	959	None	None	JF775503	1480	Unclassified Bacillales	Exiguobacterium aquaticum	4493.0	958	27	21	924	0.9861259338313767	0.9780793319415448	0.964509394572025	0.917507921537043

LKAP-GUTHK2_G03_019_2017_1	1282	None	None	AM940158	1484	Microbacteriaceae	Leucobacter tardus	6090.0	1282	75	19	1255	0.9936658749010293	0.985179407176287	0.9789391575663027	0.9111276020679736
LKAP-GUTHK2_G03_019_2017_1	1282	None	None	FN597581	1391	Microbacteriaceae	Leucobacter aerolatus	5764.0	1259	84	37	1204	0.9852700490998363	0.9706115965051628	0.9563145353455124	0.8701536576263708
LKAP-GUTHK2_G03_019_2017_1	1282	None	None	AB514037	1499	Microbacteriaceae	Leucobacter exalbidus	5867.0	1282	95	36	1229	0.9863563402889246	0.9719188767550702	0.9586583463338534	0.8674570076484976
LKAP-GUTHK2_G03_019_2017_1	1282	None	None	GQ352403	1448	Microbacteriaceae	Leucobacter salsicius	5869.0	1282	92	39	1228	0.9879324215607401	0.9695787831513261	0.9578783151326054	0.8665522166738199
LKAP-GUTHK2_G03_019_2017_1	1282	None	None	JX669524	1498	Microbacteriaceae	Leucobacter zeae	5819.0	1282	103	40	1224	0.9855072463768116	0.968798751950078	0.9547581903276131	0.8561802688714047

LKAP-GUTHK2_C02_012_2017_1	1056	None	None	JF775504	1449	Planococcaceae	Planococcus plakortidis	4695.0	1056	65	32	995	0.9716796875	0.9696969696969697	0.9422348484848485	0.8607033763144379
LKAP-GUTHK2_C02_012_2017_1	1056	None	None	AF500007	1507	Planococcaceae	Planococcus maritimus	4709.0	1055	101	26	1002	0.9737609329446064	0.9753554502369668	0.9497630331753555	0.8454205546171633
LKAP-GUTHK2_C02_012_2017_1	1056	None	None	AJ493659	1531	Planococcaceae	Planococcus rifietoensis	4640.0	1056	108	34	994	0.9726027397260274	0.9678030303030303	0.9412878787878788	0.8264572269082578
LKAP-GUTHK2_C02_012_2017_1	1056	None	None	AJ544622	1432	Planococcaceae	Planococcus maitriensis	4634.0	1056	109	35	993	0.9725759059745348	0.9668560606060606	0.9403409090909091	0.824109929769801
LKAP-GUTHK2_C02_012_2017_1	1056	None	None	JF742665	1555	Planococcaceae	Planococcus halocryophilus	4618.0	1056	111	36	991	0.9715686274509804	0.9659090909090909	0.9384469696969697	0.8202364259562204

LKAP-GUTHK2_H04_018_2017_1	1267	None	None	JF751044	1509	Shewanellaceae	Shewanella aestuarii	5931.0	1266	49	27	1224	0.9878934624697336	0.9786729857819905	0.966824644549763	0.9109473266898528
LKAP-GUTHK2_H04_018_2017_1	1267	None	None	AJ000214	1531	Shewanellaceae	Shewanella baltica	5861.0	1266	53	31	1216	0.9846153846153847	0.9755134281200631	0.9605055292259084	0.8993361096239552
LKAP-GUTHK2_H04_018_2017_1	1267	None	None	FJ903681	1459	Shewanellaceae	Shewanella algicola	5752.0	1248	46	33	1194	0.9827160493827161	0.9735576923076923	0.9567307692307693	0.8983213946023066
LKAP-GUTHK2_H04_018_2017_1	1267	None	None	EU143361	1415	Shewanellaceae	Shewanella basaltis	5757.0	1248	50	38	1193	0.9859504132231405	0.969551282051282	0.9559294871794872	0.8911207083876576
LKAP-GUTHK2_H04_018_2017_1	1267	None	None	AF005251	1389	Shewanellaceae	Shewanella oneidensis	5343.0	1171	48	35	1114	0.9806338028169014	0.9701110162254484	0.9513236549957301	0.8865493618335926

LKAP-GUTHK2_E07_055_2017_1	1246	None	None	X74689	1427	Vibrionaceae	Vibrio aestuarianus	5964.0	1246	43	20	1219	0.9942903752039152	0.9839486356340289	0.978330658105939	0.9305146523179839
LKAP-GUTHK2_E07_055_2017_1	1246	None	None	HE978310	1507	Vibrionaceae	Vibrio toranzoniae	5742.0	1234	61	32	1189	0.9891846921797005	0.9740680713128039	0.9635332252836305	0.8943374029273544
LKAP-GUTHK2_E07_055_2017_1	1246	None	None	AJ316199	1435	Vibrionaceae	Vibrio chagasii	5751.0	1246	61	30	1195	0.9827302631578947	0.9759229534510433	0.9590690208667737	0.8922937485646495
LKAP-GUTHK2_E07_055_2017_1	1246	None	None	AJ421445	1367	Vibrionaceae	Vibrio ichthyoenteri	5782.0	1246	90	17	1207	0.9820992676973149	0.9863563402889246	0.9686998394863563	0.8911168433598292
LKAP-GUTHK2_E07_055_2017_1	1246	None	None	HF541973	1467	Vibrionaceae	Vibrio thalassae	5701.0	1229	62	34	1182	0.9891213389121339	0.9723352318958502	0.9617575264442636	0.8902403130138614

LKAP-GUTHK2_G06_036_Q_2017_1	1275	None	None	AM940158	1484	Microbacteriaceae	Leucobacter tardus	6114.0	1273	57	14	1252	0.9944400317712471	0.9890023566378633	0.983503534956795	0.9310007146696279
LKAP-GUTHK2_G06_036_Q_2017_1	1275	None	None	FN597581	1391	Microbacteriaceae	Leucobacter aerolatus	5807.0	1256	63	33	1205	0.9852820932134096	0.9737261146496815	0.9593949044585988	0.8895678302902701
LKAP-GUTHK2_G06_036_Q_2017_1	1275	None	None	AB514037	1499	Microbacteriaceae	Leucobacter exalbidus	5896.0	1275	76	32	1227	0.9871279163314561	0.9749019607843137	0.9623529411764706	0.8854216919928594
LKAP-GUTHK2_G06_036_Q_2017_1	1275	None	None	GQ352403	1448	Microbacteriaceae	Leucobacter salsicius	5894.0	1273	75	35	1225	0.9894991922455574	0.9725058915946583	0.9622937941869599	0.8837683362043445
LKAP-GUTHK2_G06_036_Q_2017_1	1275	None	None	JX669524	1498	Microbacteriaceae	Leucobacter zeae	5855.0	1275	83	35	1223	0.9862903225806452	0.9725490196078431	0.9592156862745098	0.8758670478500679

LKAP-GUTHK2_B11_093_2017_1	559	None	None	AY741342	1491	Burkholderiaceae	Ralstonia pickettii	2310.0	559	41	34	503	0.9580952380952381	0.9391771019677997	0.8998211091234347	0.7873434704830053
LKAP-GUTHK2_B11_093_2017_1	559	None	None	AJ270258	1449	Burkholderiaceae	Ralstonia mannitolilytica	2195.0	549	39	41	484	0.952755905511811	0.9287020109689214	0.8816029143897997	0.7616569396428882
LKAP-GUTHK2_B11_093_2017_1	559	None	None	AF488779	1436	Burkholderiaceae	Ralstonia insidiosa	2203.0	556	44	43	488	0.9512670565302144	0.9226618705035972	0.8776978417266187	0.7504316546762589
LKAP-GUTHK2_B11_093_2017_1	559	None	None	KC757076	1340	Burkholderiaceae	Ralstonia syzygii subsp. celebesensis	2037.0	523	33	45	452	0.9456066945606695	0.9354207436399217	0.864244741873805	0.7430017744886309
LKAP-GUTHK2_B11_093_2017_1	559	None	None	EU024165	1315	Burkholderiaceae	Cupriavidus pauculus	1978.0	507	35	44	439	0.9481641468682506	0.929718875502008	0.8658777120315582	0.7396704440417186

LKAP-GUTHK2_H02_002_2017_1	1231	None	None	AJ249780	1480	Microbacteriaceae	Microbacterium foliorum	5933.0	1229	46	5	1213	0.9910130718954249	0.9959316517493898	0.9869812855980472	0.9475020341741254
LKAP-GUTHK2_H02_002_2017_1	1231	None	None	AJ309929	1345	Microbacteriaceae	Microbacterium aerolatum	5596.0	1169	37	8	1146	0.9870801033591732	0.9931565440547476	0.9803250641573995	0.9437457707186906
LKAP-GUTHK2_H02_002_2017_1	1231	None	None	AJ277840	1478	Microbacteriaceae	Microbacterium phyllosphaerae	5932.0	1229	50	11	1212	0.9950738916256158	0.9910496338486574	0.9861676159479251	0.9391338203475941
LKAP-GUTHK2_H02_002_2017_1	1231	None	None	Y17227	1466	Microbacteriaceae	Microbacterium oxydans	5873.0	1225	49	15	1202	0.9933884297520661	0.9877551020408163	0.9812244897959184	0.931932207733957
LKAP-GUTHK2_H02_002_2017_1	1231	None	None	AJ698726	1495	Microbacteriaceae	Microbacterium hydrocarbonoxydans	5911.0	1230	55	14	1210	0.9950657894736842	0.9886178861788618	0.983739837398374	0.930916453133403

LKAP-GUTHK2_D01_009_2017_1	1176	None	None	X74689	1427	Vibrionaceae	Vibrio aestuarianus	5467.0	1176	55	29	1132	0.986922406277245	0.9753401360544217	0.9625850340136054	0.8969009212133268
LKAP-GUTHK2_D01_009_2017_1	1176	None	None	KC762315	1521	Vibrionaceae	Vibrio salilacus	5387.0	1176	76	35	1125	0.985977212971078	0.9702380952380952	0.9566326530612245	0.8718193747147421
LKAP-GUTHK2_D01_009_2017_1	1176	None	None	AJ421445	1367	Vibrionaceae	Vibrio ichthyoenteri	5309.0	1176	64	38	1114	0.9789103690685413	0.967687074829932	0.9472789115646258	0.8693575817423743
LKAP-GUTHK2_D01_009_2017_1	1176	None	None	U46579	1497	Vibrionaceae	Vibrio scophthalmi	5265.0	1173	58	40	1106	0.9761694616063548	0.9658994032395567	0.9428815004262575	0.8678186352420388
LKAP-GUTHK2_D01_009_2017_1	1176	None	None	HF955040	1416	Vibrionaceae	Vibrio cortegadensis	5256.0	1157	61	46	1097	0.9873987398739874	0.9602420051858254	0.9481417458945549	0.864848505491667

LKAP-GUTHK2_E11_087_2017_1	951	None	None	X74689	1427	Vibrionaceae	Vibrio aestuarianus	4562.0	951	23	15	930	0.9935897435897436	0.9842271293375394	0.9779179810725552	0.9397651234947759
LKAP-GUTHK2_E11_087_2017_1	951	None	None	KC762315	1521	Vibrionaceae	Vibrio salilacus	4497.0	951	39	16	925	0.9893048128342246	0.9831756046267087	0.9726603575184016	0.9186236709896015
LKAP-GUTHK2_E11_087_2017_1	951	None	None	GU929924	1328	Vibrionaceae	Vibrio variabilis	3691.0	793	20	19	761	0.9832041343669251	0.9760403530895334	0.9596469104665826	0.9136121878242742
LKAP-GUTHK2_E11_087_2017_1	951	None	None	AJ421445	1367	Vibrionaceae	Vibrio ichthyoenteri	4403.0	951	28	20	912	0.9795918367346939	0.9789695057833859	0.9589905362776026	0.9119715927216017
LKAP-GUTHK2_E11_087_2017_1	951	None	None	U46579	1497	Vibrionaceae	Vibrio scophthalmi	4363.0	948	26	22	905	0.9773218142548596	0.9767932489451476	0.9546413502109705	0.9075953699130993

LKAP-GUTHK2_G08_052_2017_1	1153	None	None	AY741342	1491	Burkholderiaceae	Ralstonia pickettii	5531.0	1148	15	16	1124	0.9929328621908127	0.986922406277245	0.9790940766550522	0.95299612620251
LKAP-GUTHK2_G08_052_2017_1	1153	None	None	AF488779	1436	Burkholderiaceae	Ralstonia insidiosa	5415.0	1148	21	24	1110	0.9875444839857651	0.9816593886462882	0.9668989547038328	0.9296787212036852
LKAP-GUTHK2_G08_052_2017_1	1153	None	None	KC757076	1340	Burkholderiaceae	Ralstonia syzygii subsp. celebesensis	5177.0	1106	22	28	1064	0.987012987012987	0.98	0.9620253164556962	0.9193823503007452
LKAP-GUTHK2_G08_052_2017_1	1153	None	None	AJ270258	1449	Burkholderiaceae	Ralstonia mannitolilytica	5339.0	1142	25	32	1097	0.9882882882882883	0.9779735682819384	0.9605954465849387	0.913676902921407
LKAP-GUTHK2_G08_052_2017_1	1153	None	None	KC757037	1394	Burkholderiaceae	Ralstonia pseudosolanacearum	5234.0	1129	18	37	1077	0.9862637362637363	0.9837837837837838	0.953941541186891	0.9081989215135876

LKAP-GUTHK2_G09_067_2017_1	1107	None	None	AY741342	1491	Burkholderiaceae	Ralstonia pickettii	5425.0	1102	23	2	1096	0.9963636363636363	0.9981851179673321	0.9945553539019963	0.9724541238152853
LKAP-GUTHK2_G09_067_2017_1	1107	None	None	AF488779	1436	Burkholderiaceae	Ralstonia insidiosa	5308.0	1101	24	12	1080	0.9917355371900827	0.989100817438692	0.9809264305177112	0.9495367847411446
LKAP-GUTHK2_G09_067_2017_1	1107	None	None	KC757076	1340	Burkholderiaceae	Ralstonia syzygii subsp. celebesensis	5074.0	1059	23	13	1035	0.9894837476099426	0.987724268177526	0.9773371104815864	0.9448194247354338
LKAP-GUTHK2_G09_067_2017_1	1107	None	None	AJ270258	1449	Burkholderiaceae	Ralstonia mannitolilytica	5240.0	1092	26	14	1068	0.9907235621521335	0.9871794871794872	0.978021978021978	0.9430301362322829
LKAP-GUTHK2_G09_067_2017_1	1107	None	None	KC757037	1394	Burkholderiaceae	Ralstonia pseudosolanacearum	5131.0	1082	19	22	1048	0.9886792452830189	0.9823911028730306	0.9685767097966729	0.9325080039822646

LKAP-GUTHK2_F12_086_2017_1	793	None	None	AF500007	1507	Planococcaceae	Planococcus maritimus	3864.0	792	15	5	783	0.9949174078780177	0.9936868686868687	0.9886363636363636	0.9641348428523151
LKAP-GUTHK2_F12_086_2017_1	793	None	None	JF775504	1449	Planococcaceae	Planococcus plakortidis	3853.0	793	21	5	783	0.9936548223350253	0.9936948297604036	0.987389659520807	0.9558514148678082
LKAP-GUTHK2_F12_086_2017_1	793	None	None	FJ765415	1506	Planococcaceae	Planococcus salinarum	3777.0	792	16	7	773	0.9847133757961783	0.9911616161616161	0.976010101010101	0.9482276352635264
LKAP-GUTHK2_F12_086_2017_1	793	None	None	EF079063	1452	Planococcaceae	Planococcus donghaensis	3805.0	792	19	9	776	0.9910600255427842	0.9886363636363636	0.9797979797979798	0.9459701827149422
LKAP-GUTHK2_F12_086_2017_1	793	None	None	AJ314745	1479	Planococcaceae	Planococcus antarcticus	3787.0	792	18	9	774	0.9885057471264368	0.9886363636363636	0.9772727272727273	0.9446969696969697

LKAP-GUTHK2_F05_037_2017_1	954	None	None	AY818050	1510	Unclassified Bacillales	Exiguobacterium profundum	4441.0	945	72	20	919	0.9935135135135135	0.9788359788359788	0.9724867724867725	0.8845135344643703
LKAP-GUTHK2_F05_037_2017_1	954	None	None	AY594266	1519	Unclassified Bacillales	Exiguobacterium marinum	4497.0	954	79	21	930	0.9967845659163987	0.9779874213836478	0.9748427672955975	0.8804727026977661
LKAP-GUTHK2_F05_037_2017_1	954	None	None	AY594264	1517	Unclassified Bacillales	Exiguobacterium aestuarii	4473.0	954	79	23	927	0.9957035445757251	0.9758909853249476	0.9716981132075472	0.8757511552722425
LKAP-GUTHK2_F05_037_2017_1	954	None	None	EU379016	1477	Unclassified Bacillales	Exiguobacterium alkaliphilum	4333.0	943	84	34	904	0.9944994499449945	0.9639448568398727	0.95864262990456	0.8484967386399659
LKAP-GUTHK2_F05_037_2017_1	954	None	None	AM072764	1408	Unclassified Bacillales	Exiguobacterium mexicanum	4396.0	954	90	34	917	0.9967391304347826	0.9643605870020965	0.9612159329140462	0.8470485232575886

LKAP-GUTHK2_D11_089_2017_1	951	None	None	X74689	1427	Vibrionaceae	Vibrio aestuarianus	4661.0	951	19	3	943	0.9947257383966245	0.9968454258675079	0.9915878023133544	0.969098182054701
LKAP-GUTHK2_D11_089_2017_1	951	None	None	GU929924	1328	Vibrionaceae	Vibrio variabilis	3797.0	791	8	7	773	0.985969387755102	0.9911504424778761	0.97724399494311	0.9588977372157675
LKAP-GUTHK2_D11_089_2017_1	951	None	None	KT732014	1193	Vibrionaceae	Vibrio sonorensis	3765.0	788	9	10	768	0.987146529562982	0.98856416772554	0.9746192893401016	0.9513849524549548
LKAP-GUTHK2_D11_089_2017_1	951	None	None	KC762315	1521	Vibrionaceae	Vibrio salilacus	4602.0	951	35	4	939	0.9915522703273495	0.9957939011566772	0.9873817034700315	0.9483270519129005
LKAP-GUTHK2_D11_089_2017_1	951	None	None	U46579	1497	Vibrionaceae	Vibrio scophthalmi	4473.0	947	14	10	918	0.9797225186766275	0.989440337909187	0.9693769799366421	0.9451677733617416

LKAP-GUTHK2_F11_085_2017_1	1154	None	None	X74689	1427	Vibrionaceae	Vibrio aestuarianus	5505.0	1154	44	11	1129	0.9877515310586177	0.9904679376083189	0.9783362218370883	0.9334209528879733
LKAP-GUTHK2_F11_085_2017_1	1154	None	None	U46579	1497	Vibrionaceae	Vibrio scophthalmi	5300.0	1149	45	17	1103	0.9743816254416962	0.9852045256744996	0.9599651871192341	0.9101177485921047
LKAP-GUTHK2_F11_085_2017_1	1154	None	None	KC762315	1521	Vibrionaceae	Vibrio salilacus	5417.0	1154	63	15	1122	0.9850746268656716	0.987001733102253	0.9722703639514731	0.9099555830244271
LKAP-GUTHK2_F11_085_2017_1	1154	None	None	AJ421445	1367	Vibrionaceae	Vibrio ichthyoenteri	5332.0	1154	49	16	1110	0.9753954305799648	0.9861351819757366	0.9618717504332756	0.9099002925960662
LKAP-GUTHK2_F11_085_2017_1	1154	None	None	HF955040	1416	Vibrionaceae	Vibrio cortegadensis	5277.0	1135	47	24	1093	0.9837983798379838	0.9788546255506608	0.9629955947136564	0.9051506816640206

LKAP-GUTHK2_F08_054_2017_1	1244	None	None	X74689	1427	Vibrionaceae	Vibrio aestuarianus	6025.0	1244	42	8	1228	0.9935275080906149	0.9935691318327974	0.9871382636655949	0.948758082341116
LKAP-GUTHK2_F08_054_2017_1	1244	None	None	U46579	1497	Vibrionaceae	Vibrio scophthalmi	5798.0	1241	48	19	1200	0.9819967266775778	0.984689766317486	0.9669621273166801	0.9167011013040985
LKAP-GUTHK2_F08_054_2017_1	1244	None	None	AJ421445	1367	Vibrionaceae	Vibrio ichthyoenteri	5821.0	1244	52	18	1205	0.9828711256117455	0.9855305466237942	0.9686495176848875	0.9163304850938828
LKAP-GUTHK2_F08_054_2017_1	1244	None	None	HF955040	1416	Vibrionaceae	Vibrio cortegadensis	5772.0	1225	49	25	1189	0.9908333333333333	0.9795918367346939	0.9706122448979592	0.9142344535930542
LKAP-GUTHK2_F08_054_2017_1	1244	None	None	AJ515230	1321	Vibrionaceae	Vibrio splendidus	5499.0	1176	46	22	1137	0.9852686308492201	0.9812925170068028	0.9668367346938775	0.9130356725341527

LKAP-GUTHK2_F07_053_2017_1	1254	None	None	X74689	1427	Vibrionaceae	Vibrio aestuarianus	6039.0	1253	58	11	1235	0.9943639291465378	0.99122106943336	0.985634477254589	0.9337589784517158
LKAP-GUTHK2_F07_053_2017_1	1254	None	None	HF955040	1416	Vibrionaceae	Vibrio cortegadensis	5822.0	1234	56	26	1199	0.9925496688741722	0.9789303079416531	0.9716369529983793	0.909873983893056
LKAP-GUTHK2_F07_053_2017_1	1254	None	None	AJ515230	1321	Vibrionaceae	Vibrio splendidus	5549.0	1185	53	23	1147	0.9870912220309811	0.980590717299578	0.9679324894514768	0.9085117550425009
LKAP-GUTHK2_F07_053_2017_1	1254	None	None	AJ421445	1367	Vibrionaceae	Vibrio ichthyoenteri	5840.0	1253	58	21	1211	0.9829545454545454	0.9832402234636871	0.9664804469273743	0.9082409691949087
LKAP-GUTHK2_F07_053_2017_1	1254	None	None	U46579	1497	Vibrionaceae	Vibrio scophthalmi	5819.0	1251	56	22	1207	0.9820992676973149	0.982414068745004	0.964828137490008	0.9072484934775974

LKAP-GUTHK2_B04_030_2017_1	966	None	None	AY594266	1519	Unclassified Bacillales	Exiguobacterium marinum	4660.0	966	18	6	949	0.9885416666666667	0.9937888198757764	0.9824016563146998	0.9584406403070241
LKAP-GUTHK2_B04_030_2017_1	966	None	None	AY818050	1510	Unclassified Bacillales	Exiguobacterium profundum	4623.0	959	14	10	940	0.9905163329820864	0.9895724713242962	0.9801876955161627	0.9560104039515297
LKAP-GUTHK2_B04_030_2017_1	966	None	None	AY594264	1517	Unclassified Bacillales	Exiguobacterium aestuarii	4657.0	966	20	10	948	0.9916317991631799	0.989648033126294	0.9813664596273292	0.9515074395575321
LKAP-GUTHK2_B04_030_2017_1	966	None	None	EU379016	1477	Unclassified Bacillales	Exiguobacterium alkaliphilum	4525.0	954	24	19	926	0.9903743315508021	0.980083857442348	0.9706498951781971	0.9279730592961292
LKAP-GUTHK2_B04_030_2017_1	966	None	None	AM072764	1408	Unclassified Bacillales	Exiguobacterium mexicanum	4577.0	966	28	18	938	0.989451476793249	0.9813664596273292	0.9710144927536232	0.9260782083807191

LKAP-GUTHK2_D04_026_2017_1	1255	None	None	X74689	1427	Vibrionaceae	Vibrio aestuarianus	5968.0	1255	58	19	1226	0.9919093851132686	0.9848605577689243	0.9768924302788845	0.9196032321589499
LKAP-GUTHK2_D04_026_2017_1	1255	None	None	U46579	1497	Vibrionaceae	Vibrio scophthalmi	5759.0	1253	64	28	1201	0.9804081632653061	0.9776536312849162	0.9584996009577015	0.891542909015326
LKAP-GUTHK2_D04_026_2017_1	1255	None	None	AJ421445	1367	Vibrionaceae	Vibrio ichthyoenteri	5780.0	1255	67	28	1205	0.9820700896495518	0.9776892430278884	0.9601593625498008	0.8911615263605186
LKAP-GUTHK2_D04_026_2017_1	1255	None	None	HF955040	1416	Vibrionaceae	Vibrio cortegadensis	5737.0	1236	65	33	1190	0.9891936824605154	0.9733009708737864	0.9627831715210357	0.8902599195540398
LKAP-GUTHK2_D04_026_2017_1	1255	None	None	AJ515230	1321	Vibrionaceae	Vibrio splendidus	5456.0	1186	62	29	1137	0.982713915298185	0.975548060708263	0.9586846543001686	0.8887805649241147

LKAP-GUTHK2_C08_060_2017_1	1199	None	None	X74689	1427	Vibrionaceae	Vibrio aestuarianus	5779.0	1199	30	15	1176	0.9932432432432432	0.987489574645538	0.9808173477898249	0.9449045889203845
LKAP-GUTHK2_C08_060_2017_1	1199	None	None	U46579	1497	Vibrionaceae	Vibrio scophthalmi	5585.0	1195	33	21	1152	0.9812606473594548	0.9824267782426779	0.9640167364016736	0.9216251209573004
LKAP-GUTHK2_C08_060_2017_1	1199	None	None	KC762315	1521	Vibrionaceae	Vibrio salilacus	5686.0	1199	50	20	1168	0.9906700593723494	0.9833194328607172	0.9741451209341118	0.9195493175190694
LKAP-GUTHK2_C08_060_2017_1	1199	None	None	AJ421445	1367	Vibrionaceae	Vibrio ichthyoenteri	5608.0	1199	38	23	1157	0.983843537414966	0.9808173477898249	0.9649708090075062	0.9173853446991328
LKAP-GUTHK2_C08_060_2017_1	1199	None	None	AJ515230	1321	Vibrionaceae	Vibrio splendidus	5289.0	1132	32	25	1090	0.9846431797651309	0.9779151943462897	0.9628975265017667	0.9157453280390514

LKAP-GUTHK2_C04_028_2017_1	1145	None	None	AY818050	1510	Unclassified Bacillales	Exiguobacterium profundum	5288.0	1139	62	22	1100	0.9847806624888094	0.9806848112379281	0.9657594381035997	0.8982125664960208
LKAP-GUTHK2_C04_028_2017_1	1145	None	None	AY594266	1519	Unclassified Bacillales	Exiguobacterium marinum	5316.0	1145	66	20	1107	0.984	0.982532751091703	0.9668122270742358	0.8981533901391537
LKAP-GUTHK2_C04_028_2017_1	1145	None	None	AY594264	1517	Unclassified Bacillales	Exiguobacterium aestuarii	5320.0	1145	67	23	1107	0.9866310160427807	0.9799126637554585	0.9668122270742358	0.8950192399152579
LKAP-GUTHK2_C04_028_2017_1	1145	None	None	AM072764	1408	Unclassified Bacillales	Exiguobacterium mexicanum	5233.0	1145	76	32	1096	0.9847259658580413	0.9720524017467249	0.9572052401746725	0.8725384376039398
LKAP-GUTHK2_C04_028_2017_1	1145	None	None	DQ019166	1552	Unclassified Bacillales	Exiguobacterium aurantiacum	5222.0	1145	77	33	1095	0.9847122302158273	0.97117903930131	0.9563318777292577	0.870246356820732

LKAP-GUTHK2_E03_023_2017_1	1078	None	None	X74689	1427	Vibrionaceae	Vibrio aestuarianus	5244.0	1078	20	7	1063	0.992530345471522	0.9935064935064936	0.9860853432282004	0.961837342984884
LKAP-GUTHK2_E03_023_2017_1	1078	None	None	HF955040	1416	Vibrionaceae	Vibrio cortegadensis	5024.0	1056	19	20	1026	0.9903474903474904	0.9819905213270143	0.9715909090909091	0.9363424947145876
LKAP-GUTHK2_E03_023_2017_1	1078	None	None	AJ515230	1321	Vibrionaceae	Vibrio splendidus	4751.0	1007	16	17	974	0.9838383838383838	0.9840954274353877	0.9672293942403177	0.9360284460390171
LKAP-GUTHK2_E03_023_2017_1	1078	None	None	KJ807108	1155	Vibrionaceae	Vibrio cidicii	4300.0	914	15	16	883	0.9832962138084632	0.9835706462212487	0.9660831509846827	0.9338457153759365
LKAP-GUTHK2_E03_023_2017_1	1078	None	None	U46579	1497	Vibrionaceae	Vibrio scophthalmi	5044.0	1075	18	17	1037	0.9801512287334594	0.9841860465116279	0.9646511627906976	0.9337611438541245

LKAP-GUTHK2_A10_080_2017_1	708	None	None	AY594266	1519	Unclassified Bacillales	Exiguobacterium marinum	2861.0	708	97	34	640	0.9495548961424333	0.9519774011299436	0.903954802259887	0.7568515984138681
LKAP-GUTHK2_A10_080_2017_1	708	None	None	AY818050	1510	Unclassified Bacillales	Exiguobacterium profundum	2836.0	699	95	37	632	0.9546827794561934	0.9470672389127325	0.9041487839771102	0.7538368954569862
LKAP-GUTHK2_A10_080_2017_1	708	None	None	AY594264	1517	Unclassified Bacillales	Exiguobacterium aestuarii	2865.0	708	98	36	640	0.9523809523809523	0.9491525423728814	0.903954802259887	0.7536695125541489
LKAP-GUTHK2_A10_080_2017_1	708	None	None	AM072764	1408	Unclassified Bacillales	Exiguobacterium mexicanum	2795.0	708	107	45	631	0.951734539969834	0.9364406779661016	0.8912429378531074	0.7250233960694604
LKAP-GUTHK2_A10_080_2017_1	708	None	None	EU379016	1477	Unclassified Bacillales	Exiguobacterium alkaliphilum	2742.0	697	102	46	619	0.9508448540706606	0.9340028694404591	0.8880918220946915	0.7235892067379777

LKAP-GUTHK2_F10_070_2017_1	1216	None	None	X74689	1427	Vibrionaceae	Vibrio aestuarianus	5843.0	1216	40	14	1193	0.9925124792013311	0.9884868421052632	0.9810855263157895	0.9389050976366075
LKAP-GUTHK2_F10_070_2017_1	1216	None	None	U46579	1497	Vibrionaceae	Vibrio scophthalmi	5623.0	1210	50	20	1166	0.9798319327731092	0.9834710743801653	0.9636363636363636	0.9101010101010101
LKAP-GUTHK2_F10_070_2017_1	1216	None	None	AJ421445	1367	Vibrionaceae	Vibrio ichthyoenteri	5653.0	1216	54	20	1173	0.9807692307692307	0.9835526315789473	0.9646381578947368	0.908430895151264
LKAP-GUTHK2_F10_070_2017_1	1216	None	None	HF955040	1416	Vibrionaceae	Vibrio cortegadensis	5614.0	1197	51	27	1158	0.9897435897435898	0.9774436090225563	0.9674185463659147	0.9069548872180451
LKAP-GUTHK2_F10_070_2017_1	1216	None	None	AJ515230	1321	Vibrionaceae	Vibrio splendidus	5341.0	1148	48	24	1106	0.9839857651245552	0.9790940766550522	0.9634146341463414	0.9054164287462272

LKAP-GUTHK2_C10_076_2017_1	1214	None	None	X74689	1427	Vibrionaceae	Vibrio aestuarianus	5862.0	1214	28	14	1192	0.9933333333333333	0.9884678747940692	0.9818780889621087	0.9486744820889939
LKAP-GUTHK2_C10_076_2017_1	1214	None	None	AJ421445	1367	Vibrionaceae	Vibrio ichthyoenteri	5690.0	1213	44	17	1175	0.9824414715719063	0.9859851607584501	0.9686727122835944	0.9216647286326005
LKAP-GUTHK2_C10_076_2017_1	1214	None	None	U46579	1497	Vibrionaceae	Vibrio scophthalmi	5670.0	1212	45	18	1172	0.981574539363484	0.9851485148514851	0.966996699669967	0.9185314712855535
LKAP-GUTHK2_C10_076_2017_1	1214	None	None	KC762315	1521	Vibrionaceae	Vibrio salilacus	5768.0	1214	60	17	1186	0.9908103592314118	0.985996705107084	0.9769357495881383	0.9178901823053388
LKAP-GUTHK2_C10_076_2017_1	1214	None	None	HE978310	1507	Vibrionaceae	Vibrio toranzoniae	5654.0	1202	47	26	1164	0.9897959183673469	0.978369384359401	0.9683860232945092	0.9117870003157269

LKAP-GUTHK2_D10_074_2017_1	1227	None	None	X74689	1427	Vibrionaceae	Vibrio aestuarianus	5943.0	1227	54	9	1213	0.9958949096880131	0.9926650366748166	0.9885900570497147	0.9399708739161221
LKAP-GUTHK2_D10_074_2017_1	1227	None	None	AJ421445	1367	Vibrionaceae	Vibrio ichthyoenteri	5750.0	1227	63	18	1191	0.9851116625310173	0.9853300733496333	0.9706601466992665	0.9097117188832661
LKAP-GUTHK2_D10_074_2017_1	1227	None	None	U46579	1497	Vibrionaceae	Vibrio scophthalmi	5724.0	1225	63	18	1187	0.9834299917149959	0.9853061224489796	0.9689795918367347	0.908042210673089
LKAP-GUTHK2_D10_074_2017_1	1227	None	None	HF955040	1416	Vibrionaceae	Vibrio cortegadensis	5699.0	1208	64	23	1176	0.9924050632911392	0.9809602649006622	0.9735099337748344	0.9069255279270273
LKAP-GUTHK2_D10_074_2017_1	1227	None	None	AJ515230	1321	Vibrionaceae	Vibrio splendidus	5418.0	1158	61	19	1123	0.9859525899912204	0.9835924006908463	0.9697754749568221	0.9061314733189667

LKAP-GUTHK2_C12_092_2017_1	649	None	None	X74689	1427	Vibrionaceae	Vibrio aestuarianus	3176.0	648	19	3	643	0.9968992248062015	0.9953703703703703	0.9922839506172839	0.9595549447498473
LKAP-GUTHK2_C12_092_2017_1	649	None	None	GU929924	1328	Vibrionaceae	Vibrio variabilis	2312.0	489	12	6	474	0.9813664596273292	0.9877300613496932	0.9693251533742331	0.93449909995959
LKAP-GUTHK2_C12_092_2017_1	649	None	None	KC762315	1521	Vibrionaceae	Vibrio salilacus	3119.0	648	35	4	639	0.9922360248447205	0.9938271604938271	0.9861111111111112	0.9298031560110623
LKAP-GUTHK2_C12_092_2017_1	649	None	None	KT732014	1193	Vibrionaceae	Vibrio sonorensis	2287.0	486	12	8	470	0.9832635983263598	0.9835390946502057	0.9670781893004116	0.9282397078024031
LKAP-GUTHK2_C12_092_2017_1	649	None	None	AJ515230	1321	Vibrionaceae	Vibrio splendidus	2715.0	579	15	9	559	0.980701754385965	0.9844559585492227	0.9654576856649395	0.926449294324942

LKAP-GUTHK2_G10_068_2017_1	1255	None	None	AM940158	1484	Microbacteriaceae	Leucobacter tardus	5991.0	1254	70	15	1232	0.9943502824858758	0.9880382775119617	0.9824561403508771	0.9193830497694387
LKAP-GUTHK2_G10_068_2017_1	1255	None	None	FN597581	1391	Microbacteriaceae	Leucobacter aerolatus	5688.0	1233	56	39	1180	0.9882747068676717	0.9683698296836983	0.9570154095701541	0.8864828541712676
LKAP-GUTHK2_G10_068_2017_1	1255	None	None	AB514037	1499	Microbacteriaceae	Leucobacter exalbidus	5780.0	1255	84	32	1207	0.9869174161896974	0.9745019920318725	0.9617529880478087	0.8784345813162584
LKAP-GUTHK2_G10_068_2017_1	1255	None	None	GQ352403	1448	Microbacteriaceae	Leucobacter salsicius	5778.0	1254	87	35	1206	0.9893355209187858	0.9720893141945773	0.9617224880382775	0.8742279738394186
LKAP-GUTHK2_G10_068_2017_1	1255	None	None	JX669524	1498	Microbacteriaceae	Leucobacter zeae	5724.0	1255	93	37	1201	0.9860426929392446	0.9705179282868526	0.9569721115537848	0.8646825162258976

LKAP-GUTHK2_D03_025_2017_1	1208	None	None	X74689	1427	Vibrionaceae	Vibrio aestuarianus	5737.0	1207	34	24	1173	0.9915469146238377	0.980115990057995	0.971830985915493	0.9264110043013927
LKAP-GUTHK2_D03_025_2017_1	1208	None	None	HF955040	1416	Vibrionaceae	Vibrio cortegadensis	5537.0	1186	29	34	1139	0.9887152777777778	0.9754445385266723	0.9603709949409781	0.9105739803884829
LKAP-GUTHK2_D03_025_2017_1	1208	None	None	AJ515230	1321	Vibrionaceae	Vibrio splendidus	5254.0	1136	28	32	1086	0.9836956521739131	0.9752650176678446	0.9559859154929577	0.9067082909830114
LKAP-GUTHK2_D03_025_2017_1	1208	None	None	U46579	1497	Vibrionaceae	Vibrio scophthalmi	5550.0	1205	30	33	1149	0.9803754266211604	0.9750415973377704	0.9535269709543569	0.9048855141364424
LKAP-GUTHK2_D03_025_2017_1	1208	None	None	AJ421445	1367	Vibrionaceae	Vibrio ichthyoenteri	5572.0	1208	36	33	1154	0.9821276595744681	0.972682119205298	0.9552980132450332	0.9023112263367477

LKAP-GUTHK2_H10_066_2017_1	1057	None	None	KT732014	1193	Vibrionaceae	Vibrio sonorensis	3685.0	893	50	57	800	0.9569377990430622	0.9435665914221218	0.8958566629339306	0.7942059069064327
LKAP-GUTHK2_H10_066_2017_1	1057	None	None	AB562589	1400	Vibrionaceae	Vibrio jasicida	4268.0	1040	70	70	930	0.9587628865979382	0.9326923076923077	0.8942307692307693	0.7814449064449065
LKAP-GUTHK2_H10_066_2017_1	1057	None	None	X74714	1466	Vibrionaceae	Vibrio natriegens	4335.0	1057	75	70	946	0.9584599797365755	0.9337748344370861	0.8949858088930936	0.7803454005101443
LKAP-GUTHK2_H10_066_2017_1	1057	None	None	GU018180	1421	Vibrionaceae	Vibrio owensii	4261.0	1042	70	70	930	0.9567901234567902	0.9328214971209213	0.8925143953934741	0.7801474751101231
LKAP-GUTHK2_H10_066_2017_1	1057	None	None	AF388386	1514	Vibrionaceae	Vibrio parahaemolyticus	4332.0	1057	76	71	946	0.9594320486815415	0.9328287606433302	0.8949858088930936	0.7788667321876349

LKAP-GUTHK2_G02_004_2017_1	1200	None	None	X74689	1427	Vibrionaceae	Vibrio aestuarianus	5670.0	1200	53	19	1167	0.9881456392887383	0.9841666666666666	0.9725	0.9166181165203512
LKAP-GUTHK2_G02_004_2017_1	1200	None	None	HF955040	1416	Vibrionaceae	Vibrio cortegadensis	5527.0	1178	42	22	1139	0.9852941176470589	0.9813242784380306	0.966893039049236	0.9161707812630466
LKAP-GUTHK2_G02_004_2017_1	1200	None	None	AJ515230	1321	Vibrionaceae	Vibrio splendidus	5246.0	1130	39	20	1087	0.9792792792792793	0.9823008849557522	0.9619469026548673	0.913396973436187
LKAP-GUTHK2_G02_004_2017_1	1200	None	None	U46579	1497	Vibrionaceae	Vibrio scophthalmi	5507.0	1198	44	23	1146	0.9753191489361702	0.9808013355592654	0.9565943238731218	0.9049906043083077
LKAP-GUTHK2_G02_004_2017_1	1200	None	None	AM162657	1392	Vibrionaceae	Vibrio kanaloae	5292.0	1150	39	28	1098	0.9786096256684492	0.9756521739130435	0.9547826086956521	0.9009807291476212

LKAP-GUTHK2_D07_057_2017_1	1265	None	None	X74689	1427	Vibrionaceae	Vibrio aestuarianus	6030.0	1265	38	23	1233	0.9927536231884058	0.9818181818181818	0.974703557312253	0.929072769134166
LKAP-GUTHK2_D07_057_2017_1	1265	None	None	HF955040	1416	Vibrionaceae	Vibrio cortegadensis	5818.0	1246	46	35	1200	0.990916597853014	0.9719101123595506	0.9630818619582665	0.9027028907364247
LKAP-GUTHK2_D07_057_2017_1	1265	None	None	AJ515230	1321	Vibrionaceae	Vibrio splendidus	5545.0	1197	43	32	1148	0.9854077253218884	0.9732664995822891	0.9590643274853801	0.9010564044519902
LKAP-GUTHK2_D07_057_2017_1	1265	None	None	AJ421445	1367	Vibrionaceae	Vibrio ichthyoenteri	5843.0	1265	47	32	1212	0.9829683698296837	0.974703557312253	0.958102766798419	0.900412127639063
LKAP-GUTHK2_D07_057_2017_1	1265	None	None	U46579	1497	Vibrionaceae	Vibrio scophthalmi	5818.0	1263	48	33	1208	0.9821138211382113	0.9738717339667459	0.9564528899445764	0.8973585466299229

LKAP-GUTHK2_B03_029_2017_1	1040	None	None	AY818050	1510	Unclassified Bacillales	Exiguobacterium profundum	5032.0	1030	12	6	1018	0.994140625	0.9941747572815534	0.9883495145631068	0.9712762983806348
LKAP-GUTHK2_B03_029_2017_1	1040	None	None	AY594264	1517	Unclassified Bacillales	Exiguobacterium aestuarii	5071.0	1039	17	7	1027	0.9951550387596899	0.9932627526467758	0.9884504331087585	0.9659856505381048
LKAP-GUTHK2_B03_029_2017_1	1040	None	None	AY594266	1519	Unclassified Bacillales	Exiguobacterium marinum	5057.0	1039	18	6	1026	0.9932236205227493	0.9942252165543792	0.987487969201155	0.965066293457704
LKAP-GUTHK2_B03_029_2017_1	1040	None	None	AM072764	1408	Unclassified Bacillales	Exiguobacterium mexicanum	4996.0	1040	26	16	1018	0.994140625	0.9846153846153847	0.9788461538461538	0.9402799826814836
LKAP-GUTHK2_B03_029_2017_1	1040	None	None	EU379016	1477	Unclassified Bacillales	Exiguobacterium alkaliphilum	4915.0	1029	21	18	1002	0.9910979228486647	0.9825072886297376	0.9737609329446064	0.9375926697209497

LKAP-GUTHK2_E04_024_2017_1	1061	None	None	X74689	1427	Vibrionaceae	Vibrio aestuarianus	5109.0	1060	45	6	1044	0.9905123339658444	0.9943396226415094	0.9849056603773585	0.9394484760522497
LKAP-GUTHK2_E04_024_2017_1	1061	None	None	AJ421445	1367	Vibrionaceae	Vibrio ichthyoenteri	4954.0	1060	48	15	1026	0.9818181818181818	0.9858490566037735	0.9679245283018868	0.9128891083713644
LKAP-GUTHK2_E04_024_2017_1	1061	None	None	HF955040	1416	Vibrionaceae	Vibrio cortegadensis	4916.0	1042	43	22	1011	0.9911764705882353	0.9788867562380038	0.9702495201535508	0.912123972863246
LKAP-GUTHK2_E04_024_2017_1	1061	None	None	AJ515230	1321	Vibrionaceae	Vibrio splendidus	4634.0	993	40	19	958	0.9835728952772074	0.9808660624370594	0.9647532729103726	0.9096511982717357
LKAP-GUTHK2_E04_024_2017_1	1061	None	None	U46579	1497	Vibrionaceae	Vibrio scophthalmi	4917.0	1060	42	20	1019	0.9798076923076923	0.9811320754716981	0.9613207547169811	0.9072355579906173

LKAP-GUTHK2_E06_040_2017_1	1183	None	None	X74689	1427	Vibrionaceae	Vibrio aestuarianus	5645.0	1182	33	21	1153	0.9931093884582257	0.9822335025380711	0.9754653130287648	0.9321112991163752
LKAP-GUTHK2_E06_040_2017_1	1183	None	None	HF955040	1416	Vibrionaceae	Vibrio cortegadensis	5443.0	1161	29	32	1118	0.9902568644818424	0.9749568221070811	0.9629629629629629	0.9136009959539372
LKAP-GUTHK2_E06_040_2017_1	1183	None	None	AJ515230	1321	Vibrionaceae	Vibrio splendidus	5175.0	1113	26	30	1067	0.9852262234533703	0.9765554553651938	0.958670260557053	0.9115363408106131
LKAP-GUTHK2_E06_040_2017_1	1183	None	None	AJ421445	1367	Vibrionaceae	Vibrio ichthyoenteri	5481.0	1182	34	28	1134	0.9826689774696707	0.9763113367174281	0.9593908629441624	0.9104745524979961
LKAP-GUTHK2_E06_040_2017_1	1183	None	None	U46579	1497	Vibrionaceae	Vibrio scophthalmi	5449.0	1178	29	30	1127	0.9817073170731707	0.9753610875106202	0.9567062818336163	0.9099410203355356

LKAP-GUTHK2_C03_027_2017_1	1143	None	None	X74689	1427	Vibrionaceae	Vibrio aestuarianus	5522.0	1143	27	6	1124	0.9885664028144239	0.994750656167979	0.9833770778652668	0.9556408013100927
LKAP-GUTHK2_C03_027_2017_1	1143	None	None	AJ421445	1367	Vibrionaceae	Vibrio ichthyoenteri	5347.0	1143	27	12	1104	0.9761273209549072	0.989501312335958	0.9658792650918635	0.9336832895888013
LKAP-GUTHK2_C03_027_2017_1	1143	None	None	HF955040	1416	Vibrionaceae	Vibrio cortegadensis	5310.0	1124	23	19	1089	0.9855203619909503	0.9830960854092526	0.9688612099644128	0.9333841647869887
LKAP-GUTHK2_C03_027_2017_1	1143	None	None	AJ515230	1321	Vibrionaceae	Vibrio splendidus	5037.0	1075	20	16	1037	0.9792256846081209	0.9851162790697674	0.9646511627906976	0.9329366040140171
LKAP-GUTHK2_C03_027_2017_1	1143	None	None	U46579	1497	Vibrionaceae	Vibrio scophthalmi	5327.0	1143	21	17	1099	0.9760213143872114	0.9851268591426072	0.9615048118985127	0.9301154795513105

LKAP-GUTHK2_E02_008_Q_2017_1	1245	None	None	X74689	1427	Vibrionaceae	Vibrio aestuarianus	5968.0	1245	46	14	1221	0.991876523151909	0.9887550200803212	0.980722891566265	0.9351432064431233
LKAP-GUTHK2_E02_008_Q_2017_1	1245	None	None	AJ421445	1367	Vibrionaceae	Vibrio ichthyoenteri	5783.0	1244	44	20	1199	0.9795751633986928	0.9839228295819936	0.9638263665594855	0.9159343731900701
LKAP-GUTHK2_E02_008_Q_2017_1	1245	None	None	U46579	1497	Vibrionaceae	Vibrio scophthalmi	5763.0	1245	38	24	1195	0.9787059787059788	0.980722891566265	0.9598393574297188	0.9134558498999896
LKAP-GUTHK2_E02_008_Q_2017_1	1245	None	None	HF955040	1416	Vibrionaceae	Vibrio cortegadensis	5746.0	1225	42	29	1184	0.9899665551839465	0.976326530612245	0.966530612244898	0.9123682811719795
LKAP-GUTHK2_E02_008_Q_2017_1	1245	None	None	AJ515230	1321	Vibrionaceae	Vibrio splendidus	5473.0	1176	39	26	1132	0.9843478260869565	0.9778911564625851	0.9625850340136054	0.9110887153215196

LKAP-GUTHK2_H06_034_2017_1	1200	None	None	X74689	1427	Vibrionaceae	Vibrio aestuarianus	5817.0	1200	39	11	1184	0.9957947855340622	0.9908333333333333	0.9866666666666667	0.9468496099004574
LKAP-GUTHK2_H06_034_2017_1	1200	None	None	KC762315	1521	Vibrionaceae	Vibrio salilacus	5717.0	1200	62	15	1176	0.9924050632911392	0.9875	0.98	0.9202060221870048
LKAP-GUTHK2_H06_034_2017_1	1200	None	None	AJ515230	1321	Vibrionaceae	Vibrio splendidus	5332.0	1133	43	20	1099	0.9874213836477987	0.9823477493380406	0.969991173874669	0.9180273609885261
LKAP-GUTHK2_H06_034_2017_1	1200	None	None	HF955040	1416	Vibrionaceae	Vibrio cortegadensis	5606.0	1182	47	24	1151	0.9939550949913645	0.9796954314720813	0.9737732656514383	0.9175178532338207
LKAP-GUTHK2_H06_034_2017_1	1200	None	None	AJ421445	1367	Vibrionaceae	Vibrio ichthyoenteri	5638.0	1200	54	18	1165	0.9856175972927242	0.985	0.9708333333333333	0.915091706539075

LKAP-GUTHK2_D02_010_2017_1	1247	None	None	X74689	1427	Vibrionaceae	Vibrio aestuarianus	6028.0	1247	33	12	1227	0.9935222672064777	0.9903769045709703	0.9839615076182838	0.9493691108660786
LKAP-GUTHK2_D02_010_2017_1	1247	None	None	HF955040	1416	Vibrionaceae	Vibrio cortegadensis	5786.0	1228	39	25	1190	0.9891936824605154	0.9796416938110749	0.9690553745928339	0.9201054582755952
LKAP-GUTHK2_D02_010_2017_1	1247	None	None	AJ515230	1321	Vibrionaceae	Vibrio splendidus	5513.0	1179	36	22	1138	0.9835782195332757	0.981340118744699	0.9652247667514843	0.9191481935238414
LKAP-GUTHK2_D02_010_2017_1	1247	None	None	AJ421445	1367	Vibrionaceae	Vibrio ichthyoenteri	5815.0	1247	42	21	1203	0.9812398042414355	0.983159582999198	0.9647153167602245	0.9175647621008807
LKAP-GUTHK2_D02_010_2017_1	1247	None	None	U46579	1497	Vibrionaceae	Vibrio scophthalmi	5794.0	1245	40	22	1199	0.9803761242845462	0.9823293172690764	0.9630522088353414	0.9165858765802509

LKAP-GUTHK2_H05_033_2017_1	1253	None	None	EF094888	1498	Vibrionaceae	Vibrio gigantis	6031.0	1253	51	14	1232	0.9943502824858758	0.9888268156424581	0.9832402234636871	0.934229016005758
LKAP-GUTHK2_H05_033_2017_1	1253	None	None	EF094887	1496	Vibrionaceae	Vibrio crassostreae	6025.0	1253	51	14	1231	0.993543179983858	0.9888268156424581	0.9824421388667198	0.933470713233026
LKAP-GUTHK2_H05_033_2017_1	1253	None	None	EF599164	1544	Vibrionaceae	Vibrio artabrorum	6007.0	1253	52	14	1229	0.9919289749798225	0.9888268156424581	0.9808459696727854	0.9312399666088744
LKAP-GUTHK2_H05_033_2017_1	1253	None	None	AM162656	1365	Vibrionaceae	Vibrio cyclitrophicus	5688.0	1191	40	18	1163	0.9914748508098892	0.9848866498740554	0.9764903442485307	0.9304818633659842
LKAP-GUTHK2_H05_033_2017_1	1253	None	None	AM162657	1392	Vibrionaceae	Vibrio kanaloae	5661.0	1187	40	18	1159	0.9914456800684346	0.9848357203032856	0.9764111204717776	0.9302563975806911

LKAP-GUTHK2_A06_048_2017_1	801	None	None	X74689	1427	Vibrionaceae	Vibrio aestuarianus	3913.0	801	13	4	792	0.9937264742785445	0.9950062421972534	0.9887640449438202	0.9681141815973276
LKAP-GUTHK2_A06_048_2017_1	801	None	None	GU929924	1328	Vibrionaceae	Vibrio variabilis	3052.0	644	5	8	624	0.9811320754716981	0.9921996879875195	0.968944099378882	0.9495353577888582
LKAP-GUTHK2_A06_048_2017_1	801	None	None	KC762315	1521	Vibrionaceae	Vibrio salilacus	3847.0	801	29	5	787	0.9886934673366834	0.9937578027465668	0.982521847690387	0.9422739647729494
LKAP-GUTHK2_A06_048_2017_1	801	None	None	KT732014	1193	Vibrionaceae	Vibrio sonorensis	3020.0	641	6	11	619	0.9825396825396825	0.9905660377358491	0.9656786271450858	0.9403053092757404
LKAP-GUTHK2_A06_048_2017_1	801	None	None	U46579	1497	Vibrionaceae	Vibrio scophthalmi	3737.0	798	14	11	770	0.9783989834815756	0.9862155388471178	0.9649122807017544	0.93520439028606

