LKAP-TSAKG2_E02_008_2018_2	220	None	None	AF036922	1541	Bacillaceae	Gracilibacillus halotolerans	606.0	180	79	21	154	0.9685534591194969	0.8833333333333333	0.8555555555555555	0.5252252252252252
LKAP-TSAKG2_E02_008_2018_2	220	None	None	KX516729	1538	Planococcaceae	Planococcus versutus	627.0	187	79	26	158	0.9813664596273292	0.8609625668449198	0.8449197860962567	0.5113988179003659
LKAP-TSAKG2_E02_008_2018_2	220	None	None	AB021189	1535	Bacillaceae	Bacillus lentus	615.0	186	76	27	155	0.9748427672955975	0.8548387096774194	0.8333333333333334	0.5057251908396947
LKAP-TSAKG2_E02_008_2018_2	220	None	None	FJ557241	1539	Listeriaceae	Listeria rocourtiae	617.0	187	80	27	157	0.98125	0.8556149732620321	0.839572192513369	0.5031144224799216
LKAP-TSAKG2_E02_008_2018_2	220	None	None	KU877326	1545	Streptococcaceae	Streptococcus pantholopis	611.0	187	79	27	156	0.975	0.8556149732620321	0.8342245989304813	0.5017892324393872

LKAP-TSAKG2_F10_070_2018_2	565	None	None	AY513645	1494	Moraxellaceae	Psychrobacter alimentarius	2687.0	562	6	2	548	0.9785714285714285	0.99644128113879	0.9750889679715302	0.9613553205353115
LKAP-TSAKG2_F10_070_2018_2	565	None	None	AJ609556	1528	Moraxellaceae	Psychrobacter frigidicola	2637.0	562	10	6	542	0.9748201438848921	0.9893238434163701	0.9644128113879004	0.9374362292511758
LKAP-TSAKG2_F10_070_2018_2	565	None	None	HE654007	1526	Moraxellaceae	Psychrobacter adeliensis	2645.0	562	11	7	543	0.9783783783783784	0.9875444839857651	0.9661921708185054	0.9358405843006466
LKAP-TSAKG2_F10_070_2018_2	565	None	None	KT444699	1405	Moraxellaceae	Psychrobacter pocilloporae	2494.0	531	11	11	512	0.9846153846153847	0.9792843691148776	0.9642184557438794	0.9250804372450504
LKAP-TSAKG2_F10_070_2018_2	565	None	None	AJ312213	1515	Moraxellaceae	Psychrobacter glacincola	2603.0	562	13	9	538	0.972875226039783	0.9839857651245552	0.9572953736654805	0.9206684202382796

LKAP-TSAKG2_B10_078_2018_2	276	None	None	AF041791	1481	Planococcaceae	Planomicrobium mcmeekinii	782.0	275	126	54	215	0.9728506787330317	0.8036363636363636	0.7818181818181819	0.43087735207435957
LKAP-TSAKG2_B10_078_2018_2	276	None	None	DQ073394	1505	Planococcaceae	Sporosarcina soli	778.0	276	129	55	216	0.9773755656108597	0.8007246376811594	0.782608695652174	0.4270531400966184
LKAP-TSAKG2_B10_078_2018_2	276	None	None	JX293295	1455	Bacillaceae	Bacillus qingshengii	781.0	274	123	57	214	0.9861751152073732	0.791970802919708	0.781021897810219	0.4269061758811525
LKAP-TSAKG2_B10_078_2018_2	276	None	None	AJ314745	1479	Planococcaceae	Planococcus antarcticus	781.0	276	130	55	216	0.9773755656108597	0.8007246376811594	0.782608695652174	0.42600128507174984
LKAP-TSAKG2_B10_078_2018_2	276	None	None	EF079063	1452	Planococcaceae	Planococcus donghaensis	778.0	276	131	55	216	0.9773755656108597	0.8007246376811594	0.782608695652174	0.42495459886764236

LKAP-TSAKG2_D08_058_2018_2	966	None	None	AF500007	1507	Planococcaceae	Planococcus maritimus	4715.0	961	5	2	950	0.9906152241918665	0.9979188345473465	0.9885535900104059	0.9813901581987363
LKAP-TSAKG2_D08_058_2018_2	966	None	None	JF775504	1449	Planococcaceae	Planococcus plakortidis	4700.0	961	5	3	948	0.9895615866388309	0.9968782518210197	0.9864724245577523	0.9783028806690753
LKAP-TSAKG2_D08_058_2018_2	966	None	None	EF079063	1452	Planococcaceae	Planococcus donghaensis	4662.0	961	7	3	944	0.9853862212943633	0.9968782518210197	0.9823100936524454	0.9721622621064491
LKAP-TSAKG2_D08_058_2018_2	966	None	None	FJ765415	1506	Planococcaceae	Planococcus salinarum	4628.0	961	5	3	940	0.9812108559498957	0.9968782518210197	0.9781477627471384	0.9700471601571
LKAP-TSAKG2_D08_058_2018_2	966	None	None	JF742665	1555	Planococcaceae	Planococcus halocryophilus	4654.0	961	8	5	943	0.9864016736401674	0.9947970863683663	0.9812695109261186	0.9681049044843852

LKAP-TSAKG2_B11_093_2018_2	947	None	None	KT444699	1405	Moraxellaceae	Psychrobacter pocilloporae	4412.0	913	3	8	894	0.9878453038674033	0.9966960352422908	0.9791894852135816	0.9674306595177853
LKAP-TSAKG2_B11_093_2018_2	947	None	None	AB453700	1510	Moraxellaceae	Psychrobacter piscatorii	4547.0	941	6	9	921	0.9881974248927039	0.9936034115138592	0.9787460148777896	0.9632431740930305
LKAP-TSAKG2_B11_093_2018_2	947	None	None	HE654007	1526	Moraxellaceae	Psychrobacter adeliensis	4529.0	941	5	8	919	0.984994640943194	0.9946695095948828	0.9766206163655685	0.9631998256544139
LKAP-TSAKG2_B11_093_2018_2	947	None	None	AY513645	1494	Moraxellaceae	Psychrobacter alimentarius	4518.0	941	5	8	918	0.9839228295819936	0.9946695095948828	0.975557917109458	0.9621517300878693
LKAP-TSAKG2_B11_093_2018_2	947	None	None	AJ584832	1481	Moraxellaceae	Psychrobacter vallis	4511.0	941	8	11	917	0.986021505376344	0.9914712153518124	0.9744952178533475	0.9549847761892657

LKAP-TSAKG2_E06_040_2018_2	918	None	None	AY513645	1494	Moraxellaceae	Psychrobacter alimentarius	4401.0	910	10	3	894	0.9856670341786108	0.9967032967032967	0.9824175824175824	0.9685355948399426
LKAP-TSAKG2_E06_040_2018_2	918	None	None	HE654007	1526	Moraxellaceae	Psychrobacter adeliensis	4407.0	909	11	4	894	0.9878453038674033	0.9955995599559956	0.9834983498349835	0.9674630506528914
LKAP-TSAKG2_E06_040_2018_2	918	None	None	AB453700	1510	Moraxellaceae	Psychrobacter piscatorii	4382.0	910	16	9	891	0.9889012208657048	0.9901098901098901	0.9791208791208791	0.9526867301165357
LKAP-TSAKG2_E06_040_2018_2	918	None	None	AJ584832	1481	Moraxellaceae	Psychrobacter vallis	4346.0	910	18	11	887	0.9866518353726362	0.987912087912088	0.9747252747252747	0.9442651098901098
LKAP-TSAKG2_E06_040_2018_2	918	None	None	AJ584833	1481	Moraxellaceae	Psychrobacter aquaticus	4346.0	910	18	11	887	0.9866518353726362	0.987912087912088	0.9747252747252747	0.9442651098901098

LKAP-TSAKG2_E09_071_2018_2	835	None	None	AF202056	1508	Planococcaceae	Sporosarcina aquimarina	4001.0	828	8	6	812	0.9878345498783455	0.9927536231884058	0.9806763285024155	0.9642535191734276
LKAP-TSAKG2_E09_071_2018_2	835	None	None	FN298444	1463	Planococcaceae	Sporosarcina contaminans	3957.0	828	6	5	807	0.9805589307411907	0.9939613526570048	0.9746376811594203	0.9617827477148716
LKAP-TSAKG2_E09_071_2018_2	835	None	None	DQ073393	1498	Planococcaceae	Sporosarcina koreensis	3960.0	828	11	10	807	0.9865525672371638	0.9879227053140096	0.9746376811594203	0.9502426974832011
LKAP-TSAKG2_E09_071_2018_2	835	None	None	AB473560	1507	Planococcaceae	Sporosarcina luteola	3950.0	828	11	10	806	0.9853300733496333	0.9879227053140096	0.9734299516908212	0.9490651972384885
LKAP-TSAKG2_E09_071_2018_2	835	None	None	AB243859	1504	Planococcaceae	Sporosarcina saromensis	3925.0	828	11	10	803	0.9816625916870416	0.9879227053140096	0.9698067632850241	0.9455326965043501

LKAP-TSAKG2_D03_025_2018_2	722	None	None	KJ956929	1306	Bacillaceae	Psychrobacillus soli	2744.0	574	1	0	560	0.975609756097561	1.0	0.975609756097561	0.9739130434782609
LKAP-TSAKG2_D03_025_2018_2	722	None	None	AJ277984	1486	Bacillaceae	Psychrobacillus psychrodurans	3477.0	716	7	3	704	0.9873772791023843	0.9958100558659218	0.9832402234636871	0.9696407736232489
LKAP-TSAKG2_D03_025_2018_2	722	None	None	AJ277983	1488	Bacillaceae	Psychrobacillus psychrotolerans	3466.0	716	5	4	702	0.9859550561797753	0.994413407821229	0.9804469273743017	0.9682083388217793
LKAP-TSAKG2_D03_025_2018_2	722	None	None	AM980508	1502	Bacillaceae	Psychrobacillus insolitus	3442.0	716	5	2	700	0.9803921568627451	0.9972067039106145	0.9776536312849162	0.9681618484569073
LKAP-TSAKG2_D03_025_2018_2	722	None	None	GQ927308	1430	Planococcaceae	Chryseomicrobium imtechense	3269.0	701	11	9	674	0.9739884393063584	0.9871611982881597	0.9614835948644793	0.9344756287166007

LKAP-TSAKG2_D09_073_2018_2	949	None	None	AY513645	1494	Moraxellaceae	Psychrobacter alimentarius	4542.0	941	13	2	924	0.9840255591054313	0.997874601487779	0.9819341126461212	0.9664948970384778
LKAP-TSAKG2_D09_073_2018_2	949	None	None	HE654007	1526	Moraxellaceae	Psychrobacter adeliensis	4544.0	941	14	3	924	0.9850746268656716	0.9968119022316685	0.9819341126461212	0.9644546572377609
LKAP-TSAKG2_D09_073_2018_2	949	None	None	KT444699	1405	Moraxellaceae	Psychrobacter pocilloporae	4393.0	916	13	8	895	0.98568281938326	0.9912663755458515	0.9770742358078602	0.9549875200361002
LKAP-TSAKG2_D09_073_2018_2	949	None	None	AB453700	1510	Moraxellaceae	Psychrobacter piscatorii	4523.0	941	19	8	921	0.9871382636655949	0.9914984059511158	0.9787460148777896	0.9512187832093517
LKAP-TSAKG2_D09_073_2018_2	949	None	None	AJ584832	1481	Moraxellaceae	Psychrobacter vallis	4487.0	941	21	10	917	0.9849624060150376	0.9893730074388948	0.9744952178533475	0.9430925653029798

LKAP-TSAKG2_G08_052_2018_2	838	None	None	AY513645	1494	Moraxellaceae	Psychrobacter alimentarius	3924.0	831	7	6	802	0.9721212121212122	0.9927797833935018	0.9651022864019254	0.9501305325555948
LKAP-TSAKG2_G08_052_2018_2	838	None	None	KT444699	1405	Moraxellaceae	Psychrobacter pocilloporae	3809.0	802	8	8	777	0.9785894206549118	0.9900249376558603	0.9688279301745636	0.9496905883439549
LKAP-TSAKG2_G08_052_2018_2	838	None	None	HE654007	1526	Moraxellaceae	Psychrobacter adeliensis	3935.0	831	8	7	803	0.9745145631067961	0.9915764139590855	0.9663056558363418	0.9490296310001736
LKAP-TSAKG2_G08_052_2018_2	838	None	None	AJ272303	1426	Moraxellaceae	Psychrobacter proteolyticus	3838.0	816	13	11	786	0.9763975155279503	0.9865196078431373	0.9632352941176471	0.9353491094869794
LKAP-TSAKG2_G08_052_2018_2	838	None	None	AB453700	1510	Moraxellaceae	Psychrobacter piscatorii	3905.0	831	13	12	799	0.9755799755799756	0.9855595667870036	0.9614921780986763	0.9330119595530993

LKAP-TSAKG2_F01_005_2018_2	230	None	None	AY818050	1510	Unclassified Bacillales	Exiguobacterium profundum	800.0	215	24	22	183	0.9481865284974094	0.8976744186046511	0.8511627906976744	0.6873406636177873
LKAP-TSAKG2_F01_005_2018_2	230	None	None	AY594264	1517	Unclassified Bacillales	Exiguobacterium aestuarii	820.0	224	30	23	190	0.945273631840796	0.8973214285714286	0.8482142857142857	0.671224690663667
LKAP-TSAKG2_F01_005_2018_2	230	None	None	AY594266	1519	Unclassified Bacillales	Exiguobacterium marinum	820.0	224	31	23	190	0.945273631840796	0.8973214285714286	0.8482142857142857	0.6685924369747899
LKAP-TSAKG2_F01_005_2018_2	230	None	None	EU379016	1477	Unclassified Bacillales	Exiguobacterium alkaliphilum	725.0	213	33	32	172	0.9502762430939227	0.8497652582159625	0.8075117370892019	0.5941448146875835
LKAP-TSAKG2_F01_005_2018_2	230	None	None	JF893462	1415	Unclassified Bacillales	Exiguobacterium enclense	686.0	208	34	32	166	0.9431818181818182	0.8461538461538461	0.7980769230769231	0.5804195804195805

LKAP-TSAKG2_F09_069_2018_2	322	None	None	AY513645	1494	Moraxellaceae	Psychrobacter alimentarius	1555.0	322	9	3	317	0.9937304075235109	0.9906832298136646	0.984472049689441	0.9487812200934492
LKAP-TSAKG2_F09_069_2018_2	322	None	None	AJ609556	1528	Moraxellaceae	Psychrobacter frigidicola	1555.0	322	9	3	317	0.9937304075235109	0.9906832298136646	0.984472049689441	0.9487812200934492
LKAP-TSAKG2_F09_069_2018_2	322	None	None	HE654007	1526	Moraxellaceae	Psychrobacter adeliensis	1521.0	322	12	6	313	0.990506329113924	0.9813664596273292	0.9720496894409938	0.919663778033994
LKAP-TSAKG2_F09_069_2018_2	322	None	None	AJ312213	1515	Moraxellaceae	Psychrobacter glacincola	1512.0	322	12	6	312	0.9873417721518988	0.9813664596273292	0.968944099378882	0.9167255551009782
LKAP-TSAKG2_F09_069_2018_2	322	None	None	U39399	1477	Moraxellaceae	Psychrobacter immobilis	1436.0	309	6	8	296	0.9833887043189369	0.9804560260586319	0.9579288025889967	0.9153541891405967

LKAP-TSAKG2_A07_063_2018_2	1000	None	None	AY594266	1519	Unclassified Bacillales	Exiguobacterium marinum	4907.0	988	6	2	985	0.9989858012170385	0.9979757085020243	0.9969635627530364	0.988939711141342
LKAP-TSAKG2_A07_063_2018_2	1000	None	None	AY818050	1510	Unclassified Bacillales	Exiguobacterium profundum	4873.0	988	7	4	981	0.9969512195121951	0.9959514170040485	0.992914979757085	0.9819380302321322
LKAP-TSAKG2_A07_063_2018_2	1000	None	None	AY594264	1517	Unclassified Bacillales	Exiguobacterium aestuarii	4857.0	988	6	4	979	0.9949186991869918	0.9959514170040485	0.9908906882591093	0.9809219690613316
LKAP-TSAKG2_A07_063_2018_2	1000	None	None	AM072764	1408	Unclassified Bacillales	Exiguobacterium mexicanum	4778.0	988	18	16	969	0.9969135802469136	0.9838056680161943	0.9807692307692307	0.9476219605444257
LKAP-TSAKG2_A07_063_2018_2	1000	None	None	DQ019166	1552	Unclassified Bacillales	Exiguobacterium aurantiacum	4761.0	988	17	15	967	0.9938335046248715	0.9848178137651822	0.978744939271255	0.9475809213044092

LKAP-TSAKG2_A11_095_2018_2	912	None	None	AY513645	1494	Moraxellaceae	Psychrobacter alimentarius	4436.0	907	5	3	896	0.9911504424778761	0.9966923925027563	0.9878721058434399	0.9792065610553394
LKAP-TSAKG2_A11_095_2018_2	912	None	None	HE654007	1526	Moraxellaceae	Psychrobacter adeliensis	4447.0	907	6	4	897	0.9933554817275747	0.9955898566703418	0.9889746416758545	0.97814249883165
LKAP-TSAKG2_A11_095_2018_2	912	None	None	AB453700	1510	Moraxellaceae	Psychrobacter piscatorii	4417.0	907	11	9	893	0.9944320712694877	0.9900771775082691	0.9845644983461963	0.9631142914105493
LKAP-TSAKG2_A11_095_2018_2	912	None	None	AJ609556	1528	Moraxellaceae	Psychrobacter frigidicola	4350.0	907	11	9	886	0.9866369710467706	0.9900771775082691	0.9768467475192943	0.9555646833031877
LKAP-TSAKG2_A11_095_2018_2	912	None	None	AJ584832	1481	Moraxellaceae	Psychrobacter vallis	4381.0	907	13	11	889	0.9921875	0.9878721058434399	0.980154355016538	0.9545851109726284

LKAP-TSAKG2_D11_089_2018_2	241	None	None	AY513645	1494	Moraxellaceae	Psychrobacter alimentarius	739.0	235	40	35	184	0.92	0.851063829787234	0.7829787234042553	0.5694390715667311
LKAP-TSAKG2_D11_089_2018_2	241	None	None	U39399	1477	Moraxellaceae	Psychrobacter immobilis	716.0	227	29	39	175	0.9308510638297872	0.8663594470046083	0.7709251101321586	0.5661481277533039
LKAP-TSAKG2_D11_089_2018_2	241	None	None	AJ609556	1528	Moraxellaceae	Psychrobacter frigidicola	745.0	238	47	35	187	0.9211822660098522	0.8529411764705882	0.7857142857142857	0.5596491228070175
LKAP-TSAKG2_D11_089_2018_2	241	None	None	AB453700	1510	Moraxellaceae	Psychrobacter piscatorii	725.0	234	41	39	181	0.9282051282051282	0.8333333333333334	0.7735042735042735	0.5484848484848485
LKAP-TSAKG2_D11_089_2018_2	241	None	None	HE654007	1526	Moraxellaceae	Psychrobacter adeliensis	740.0	238	49	37	186	0.9253731343283582	0.8445378151260504	0.7815126050420168	0.5473311275729804

LKAP-TSAKG2_G01_003_2018_2	697	None	None	AY818050	1510	Unclassified Bacillales	Exiguobacterium profundum	3344.0	687	5	4	676	0.9897510980966325	0.9941775836972343	0.9839883551673945	0.9711908187562579
LKAP-TSAKG2_G01_003_2018_2	697	None	None	AY594264	1517	Unclassified Bacillales	Exiguobacterium aestuarii	3345.0	691	5	7	677	0.9897660818713451	0.9927431059506531	0.9797395079594791	0.962847447477419
LKAP-TSAKG2_G01_003_2018_2	697	None	None	AY594266	1519	Unclassified Bacillales	Exiguobacterium marinum	3335.0	691	5	6	676	0.9868613138686131	0.9927536231884058	0.9782923299565847	0.9628308132475007
LKAP-TSAKG2_G01_003_2018_2	697	None	None	EU379016	1477	Unclassified Bacillales	Exiguobacterium alkaliphilum	3241.0	684	16	14	662	0.9880597014925373	0.97953216374269	0.9678362573099415	0.9263575605680868
LKAP-TSAKG2_G01_003_2018_2	697	None	None	AM072764	1408	Unclassified Bacillales	Exiguobacterium mexicanum	3264.0	691	15	17	667	0.9896142433234422	0.9782293178519593	0.9652677279305355	0.9215162161829757

LKAP-TSAKG2_G03_019_2018_2	674	None	None	Y18098	1469	Enterococcaceae	Vagococcus fluvialis	3227.0	668	8	10	654	0.993920972644377	0.987987987987988	0.9790419161676647	0.9529727527194133
LKAP-TSAKG2_G03_019_2018_2	674	None	None	AY179329	1513	Enterococcaceae	Vagococcus carniphilus	3152.0	668	9	11	645	0.9817351598173516	0.9864864864864865	0.9655688622754491	0.9370439328138406
LKAP-TSAKG2_G03_019_2018_2	674	None	None	FJ211190	1450	Enterococcaceae	Vagococcus acidifermentans	2906.0	643	18	19	606	0.9711538461538461	0.9719626168224299	0.942457231726283	0.8897024396326786
LKAP-TSAKG2_G03_019_2018_2	674	None	None	FJ360897	1550	Enterococcaceae	Vagococcus penaei	3029.0	668	23	26	630	0.9813084112149533	0.9654135338345865	0.9431137724550899	0.8762359506746277
LKAP-TSAKG2_G03_019_2018_2	674	None	None	Y17152	1463	Enterococcaceae	Vagococcus lutrae	2993.0	668	25	25	627	0.9751166407465007	0.9625748502994012	0.938622754491018	0.8709010550327916

LKAP-TSAKG2_B05_045_2018_2	990	None	None	AY513645	1494	Moraxellaceae	Psychrobacter alimentarius	4772.0	981	5	2	966	0.9867211440245148	0.9979612640163099	0.9847094801223242	0.9777186420281494
LKAP-TSAKG2_B05_045_2018_2	990	None	None	HE654007	1526	Moraxellaceae	Psychrobacter adeliensis	4774.0	981	6	3	966	0.9877300613496932	0.9969418960244648	0.9847094801223242	0.9757303663218166
LKAP-TSAKG2_B05_045_2018_2	990	None	None	AB453700	1510	Moraxellaceae	Psychrobacter piscatorii	4753.0	981	11	8	963	0.9897225077081192	0.9918450560652395	0.981651376146789	0.9628495856762356
LKAP-TSAKG2_B05_045_2018_2	990	None	None	AJ609556	1528	Moraxellaceae	Psychrobacter frigidicola	4686.0	981	11	8	956	0.9825282631038027	0.9918450560652395	0.9745158002038736	0.9558506790306139
LKAP-TSAKG2_B05_045_2018_2	990	None	None	AJ584832	1481	Moraxellaceae	Psychrobacter vallis	4717.0	981	13	10	959	0.9876416065911432	0.9898063200815495	0.9775739041794088	0.9549539848674105

LKAP-TSAKG2_A02_016_2018_2	953	None	None	AB205570	1413	Shewanellaceae	Shewanella algidipiscicola	4633.0	933	2	1	929	0.9967811158798283	0.9989281886387996	0.9957127545551983	0.9925179542732029
LKAP-TSAKG2_A02_016_2018_2	953	None	None	AY653177	1498	Shewanellaceae	Shewanella colwelliana	4633.0	947	3	2	934	0.9883597883597883	0.9978880675818373	0.986272439281943	0.9810815317067748
LKAP-TSAKG2_A02_016_2018_2	953	None	None	AY485224	1500	Shewanellaceae	Shewanella marisflavi	4536.0	947	9	6	923	0.9808714133900106	0.9936642027455121	0.9746568109820486	0.9593640785921629
LKAP-TSAKG2_A02_016_2018_2	953	None	None	AY170366	1540	Shewanellaceae	Shewanella waksmanii	4483.0	947	15	12	917	0.9807486631016042	0.9873284054910243	0.9683210137275607	0.9411436048183672
LKAP-TSAKG2_A02_016_2018_2	953	None	None	AB201475	1487	Shewanellaceae	Shewanella abyssi	4409.0	947	13	10	909	0.9701173959445037	0.989440337909187	0.9598732840549102	0.9368763199577613

LKAP-TSAKG2_A05_047_2018_2	987	None	None	AY513645	1494	Moraxellaceae	Psychrobacter alimentarius	4753.0	973	8	2	961	0.9897013388259527	0.9979445015416238	0.987667009249743	0.9775990478914378
LKAP-TSAKG2_A05_047_2018_2	987	None	None	HE654007	1526	Moraxellaceae	Psychrobacter adeliensis	4755.0	973	9	3	961	0.9907216494845361	0.9969167523124358	0.987667009249743	0.9755977586275466
LKAP-TSAKG2_A05_047_2018_2	987	None	None	AB453700	1510	Moraxellaceae	Psychrobacter piscatorii	4734.0	973	14	8	958	0.9927461139896373	0.9917780061664954	0.9845837615621789	0.9626376189539033
LKAP-TSAKG2_A05_047_2018_2	987	None	None	AJ609556	1528	Moraxellaceae	Psychrobacter frigidicola	4667.0	973	14	8	951	0.9854922279792746	0.9917780061664954	0.9773895169578622	0.9556037323853466
LKAP-TSAKG2_A05_047_2018_2	987	None	None	AJ584832	1481	Moraxellaceae	Psychrobacter vallis	4698.0	973	16	10	954	0.9906542056074766	0.9897225077081192	0.9804727646454265	0.954696938679015

LKAP-TSAKG2_F12_086_2018_2	5	None	None	DQ139839	1564	Bacillaceae	Virgibacillus olivae	0.0	0	0	0	0	NaN	NaN	NaN	NaN
LKAP-TSAKG2_F12_086_2018_2	5	None	None	EU874389	1507	Planococcaceae	Jeotgalibacillus salarius	0.0	0	0	0	0	NaN	NaN	NaN	NaN
LKAP-TSAKG2_F12_086_2018_2	5	None	None	AY701758	1404	Thermoanaerobacteraceae	Thermoanaerobacter mathranii subsp. alimentarius	0.0	0	0	0	0	NaN	NaN	NaN	NaN
LKAP-TSAKG2_F12_086_2018_2	5	None	None	HF562219	1469	Chromatiaceae	Imhoffiella purpurea	0.0	0	0	0	0	NaN	NaN	NaN	NaN
LKAP-TSAKG2_F12_086_2018_2	5	None	None	FJ815191	1570	Clostridiaceae	Cellulosibacter alkalithermophilus	0.0	0	0	0	0	NaN	NaN	NaN	NaN

LKAP-TSAKG2_B02_014_2018_2	276	None	None	AM980508	1502	Bacillaceae	Psychrobacillus insolitus	800.0	276	55	60	204	0.9444444444444444	0.7970479704797048	0.7391304347826086	0.4823328517010377
LKAP-TSAKG2_B02_014_2018_2	276	None	None	AJ542509	1430	Bacillaceae	Bacillus vireti	785.0	276	53	60	201	0.9305555555555556	0.8029739776951673	0.7282608695652174	0.47812871679661695
LKAP-TSAKG2_B02_014_2018_2	276	None	None	KT895286	1474	Bacillaceae	Bacillus cucumis	795.0	276	55	62	203	0.9485981308411215	0.7955390334572491	0.7355072463768116	0.47552432243092957
LKAP-TSAKG2_B02_014_2018_2	276	None	None	AF202057	1507	Planococcaceae	Sporosarcina ureae	785.0	276	55	62	202	0.9439252336448598	0.7955390334572491	0.7318840579710145	0.4731818380839791
LKAP-TSAKG2_B02_014_2018_2	276	None	None	KP317497	1515	Bacillaceae	Bacillus maritimus	777.0	276	55	62	201	0.9392523364485982	0.7955390334572491	0.7282608695652174	0.4708393537370288

LKAP-TSAKG2_H04_018_2018_2	848	None	None	AY513645	1494	Moraxellaceae	Psychrobacter alimentarius	4023.0	844	7	3	821	0.976218787158145	0.9964454976303317	0.9727488151658767	0.961318159288487
LKAP-TSAKG2_H04_018_2018_2	848	None	None	HE654007	1526	Moraxellaceae	Psychrobacter adeliensis	4034.0	844	8	4	822	0.9785714285714285	0.995260663507109	0.9739336492890995	0.9602162739469995
LKAP-TSAKG2_H04_018_2018_2	848	None	None	AB453700	1510	Moraxellaceae	Psychrobacter piscatorii	4004.0	844	13	9	818	0.9796407185628743	0.9893364928909952	0.9691943127962085	0.9443141787454307
LKAP-TSAKG2_H04_018_2018_2	848	None	None	AJ584832	1481	Moraxellaceae	Psychrobacter vallis	3968.0	844	15	11	814	0.9771908763505402	0.9869668246445498	0.9644549763033176	0.9352630911067096
LKAP-TSAKG2_H04_018_2018_2	848	None	None	AJ584833	1481	Moraxellaceae	Psychrobacter aquaticus	3968.0	844	15	11	814	0.9771908763505402	0.9869668246445498	0.9644549763033176	0.9352630911067096

LKAP-TSAKG2_H08_050_2018_2	823	None	None	X68415	1554	Planococcaceae	Sporosarcina globispora	3863.0	808	12	15	786	0.9911727616645649	0.9850931677018634	0.9727722772277227	0.9407419705385172
LKAP-TSAKG2_H08_050_2018_2	823	None	None	D16277	1485	Planococcaceae	Sporosarcina psychrophila	3854.0	808	12	15	785	0.9899117276166457	0.9850931677018634	0.9715346534653465	0.9395450978024632
LKAP-TSAKG2_H08_050_2018_2	823	None	None	AJ292316	1517	Planococcaceae	Filibacter limicola	3834.0	808	10	15	783	0.987389659520807	0.987546699875467	0.969059405940594	0.9394426759301846
LKAP-TSAKG2_H08_050_2018_2	823	None	None	FN597064	1254	Bacillaceae	Ornithinibacillus contaminans	2768.0	605	7	7	576	0.9632107023411371	0.9884297520661157	0.9520661157024793	0.9302868254739912
LKAP-TSAKG2_H08_050_2018_2	823	None	None	FN298444	1463	Planococcaceae	Sporosarcina contaminans	3803.0	808	12	17	779	0.9848293299620733	0.9850560398505604	0.9641089108910891	0.9300123762376238

LKAP-TSAKG2_F05_037_2018_2	551	None	None	KT444699	1405	Moraxellaceae	Psychrobacter pocilloporae	1773.0	515	93	76	420	0.9567198177676538	0.8524271844660194	0.8155339805825242	0.5888477261113949
LKAP-TSAKG2_F05_037_2018_2	551	None	None	AJ313425	1498	Moraxellaceae	Psychrobacter nivimaris	1923.0	551	112	80	455	0.9660297239915074	0.8548094373865699	0.8257713248638838	0.5866339276182343
LKAP-TSAKG2_F05_037_2018_2	551	None	None	AJ272303	1426	Moraxellaceae	Psychrobacter proteolyticus	1855.0	540	92	84	437	0.9583333333333334	0.8444444444444444	0.8092592592592592	0.5838959212376933
LKAP-TSAKG2_F05_037_2018_2	551	None	None	AB453700	1510	Moraxellaceae	Psychrobacter piscatorii	1888.0	551	101	86	447	0.9612903225806452	0.8439201451905626	0.8112522686025408	0.5785771547548796
LKAP-TSAKG2_F05_037_2018_2	551	None	None	AJ584832	1481	Moraxellaceae	Psychrobacter vallis	1902.0	551	114	82	452	0.9637526652452025	0.8511796733212341	0.8203266787658802	0.5785461839717261

LKAP-TSAKG2_B04_030_2018_2	926	None	None	AJ313425	1498	Moraxellaceae	Psychrobacter nivimaris	4497.0	917	5	3	906	0.9912472647702407	0.9967284623773174	0.9880043620501636	0.9794316560887739
LKAP-TSAKG2_B04_030_2018_2	926	None	None	AJ272303	1426	Moraxellaceae	Psychrobacter proteolyticus	4439.0	910	5	3	896	0.9878721058434399	0.9967032967032967	0.9846153846153847	0.9760067255149223
LKAP-TSAKG2_B04_030_2018_2	926	None	None	AB453700	1510	Moraxellaceae	Psychrobacter piscatorii	4445.0	917	8	6	900	0.9879253567508233	0.9934569247546347	0.9814612868047983	0.966606737599104
LKAP-TSAKG2_B04_030_2018_2	926	None	None	KT444699	1405	Moraxellaceae	Psychrobacter pocilloporae	4272.0	892	5	4	870	0.9797297297297297	0.9955156950672646	0.9753363228699552	0.965550339697347
LKAP-TSAKG2_B04_030_2018_2	926	None	None	AY722804	1494	Moraxellaceae	Psychrobacter aquimaris	4429.0	917	9	7	898	0.9868131868131869	0.9923664122137404	0.9792802617230099	0.9623596524491782

LKAP-TSAKG2_H06_034_2018_2	844	None	None	AF500007	1507	Planococcaceae	Planococcus maritimus	4099.0	837	9	3	828	0.9928057553956835	0.996415770609319	0.989247311827957	0.9752154350644399
LKAP-TSAKG2_H06_034_2018_2	844	None	None	JF775504	1449	Planococcaceae	Planococcus plakortidis	4082.0	837	8	3	826	0.9904076738609112	0.996415770609319	0.986857825567503	0.9740111556488728
LKAP-TSAKG2_H06_034_2018_2	844	None	None	EF079063	1452	Planococcaceae	Planococcus donghaensis	4046.0	837	11	4	822	0.9867947178871549	0.995221027479092	0.982078853046595	0.9647071752214784
LKAP-TSAKG2_H06_034_2018_2	844	None	None	JF742665	1555	Planococcaceae	Planococcus halocryophilus	4038.0	837	12	6	821	0.9879663056558363	0.992831541218638	0.980884109916368	0.9600879803775051
LKAP-TSAKG2_H06_034_2018_2	844	None	None	KX516729	1538	Planococcaceae	Planococcus versutus	3993.0	837	10	5	816	0.9807692307692307	0.994026284348865	0.974910394265233	0.9576451570586468

LKAP-TSAKG2_E05_039_2018_2	536	None	None	FM999971	1338	Aeromonadaceae	Aeromonas piscicola	2453.0	492	0	0	491	0.9979674796747967	1.0	0.9979674796747967	0.9979674796747967
LKAP-TSAKG2_E05_039_2018_2	536	None	None	AB027542	1467	Aeromonadaceae	Aeromonas salmonicida subsp. masoucida	2569.0	530	3	2	519	0.9829545454545454	0.9962264150943396	0.9792452830188679	0.9700591171368897
LKAP-TSAKG2_E05_039_2018_2	536	None	None	AF134065	1431	Aeromonadaceae	Aeromonas salmonicida subsp. pectinolytica	2569.0	530	3	2	519	0.9829545454545454	0.9962264150943396	0.9792452830188679	0.9700591171368897
LKAP-TSAKG2_E05_039_2018_2	536	None	None	X60406	1503	Aeromonadaceae	Aeromonas bestiarum	2569.0	530	3	2	519	0.9829545454545454	0.9962264150943396	0.9792452830188679	0.9700591171368897
LKAP-TSAKG2_E05_039_2018_2	536	None	None	AY987751	1510	Aeromonadaceae	Aeromonas salmonicida subsp. salmonicida	2569.0	530	3	2	519	0.9829545454545454	0.9962264150943396	0.9792452830188679	0.9700591171368897

LKAP-TSAKG2_D12_090_2018_2	278	None	None	X68415	1554	Planococcaceae	Sporosarcina globispora	1031.0	278	48	21	241	0.9377431906614786	0.9244604316546763	0.8669064748201439	0.6834201350575981
LKAP-TSAKG2_D12_090_2018_2	278	None	None	D16277	1485	Planococcaceae	Sporosarcina psychrophila	1023.0	278	49	22	240	0.9375	0.920863309352518	0.8633093525179856	0.6758629793412976
LKAP-TSAKG2_D12_090_2018_2	278	None	None	AJ292316	1517	Planococcaceae	Filibacter limicola	1000.0	278	52	25	237	0.9367588932806324	0.9100719424460432	0.8525179856115108	0.6535971223021583
LKAP-TSAKG2_D12_090_2018_2	278	None	None	DQ073393	1498	Planococcaceae	Sporosarcina koreensis	983.0	278	54	27	235	0.9362549800796812	0.9028776978417267	0.8453237410071942	0.6390851174482101
LKAP-TSAKG2_D12_090_2018_2	278	None	None	AB473560	1507	Planococcaceae	Sporosarcina luteola	965.0	278	55	28	233	0.932	0.8992805755395683	0.8381294964028777	0.6292263486508092

LKAP-TSAKG2_F04_022_2018_2	891	None	None	AJ493659	1531	Planococcaceae	Planococcus rifietoensis	4377.0	884	3	1	879	0.9954699886749717	0.998868778280543	0.994343891402715	0.9898598152295348
LKAP-TSAKG2_F04_022_2018_2	891	None	None	X62172	1432	Planococcaceae	Planococcus citreus	4315.0	884	5	3	871	0.9886492622020431	0.996606334841629	0.9852941176470589	0.9764275789055781
LKAP-TSAKG2_F04_022_2018_2	891	None	None	AJ966515	1481	Planococcaceae	Planococcus columbae	4307.0	884	8	7	871	0.9931584948688712	0.9920814479638009	0.9852941176470589	0.9687252703772092
LKAP-TSAKG2_F04_022_2018_2	891	None	None	JF775504	1449	Planococcaceae	Planococcus plakortidis	4292.0	884	9	7	869	0.9908779931584949	0.9920814479638009	0.9830316742081447	0.9654185647038556
LKAP-TSAKG2_F04_022_2018_2	891	None	None	AJ544622	1432	Planococcaceae	Planococcus maitriensis	4302.0	884	10	8	870	0.9931506849315068	0.9909502262443439	0.9841628959276018	0.9643475356069118

LKAP-TSAKG2_G05_035_2018_2	646	None	None	AY513645	1494	Moraxellaceae	Psychrobacter alimentarius	2715.0	645	178	27	608	0.9838187702265372	0.958139534883721	0.9426356589147287	0.707835768176552
LKAP-TSAKG2_G05_035_2018_2	646	None	None	HE654007	1526	Moraxellaceae	Psychrobacter adeliensis	2681.0	646	185	32	604	0.9837133550488599	0.9504643962848297	0.934984520123839	0.6908309210060616
LKAP-TSAKG2_G05_035_2018_2	646	None	None	AJ609556	1528	Moraxellaceae	Psychrobacter frigidicola	2675.0	646	187	34	603	0.9852941176470589	0.9473684210526315	0.93343653250774	0.6857901055158906
LKAP-TSAKG2_G05_035_2018_2	646	None	None	AF441201	1494	Moraxellaceae	Psychrobacter jeotgali	2600.0	645	162	40	589	0.9735537190082645	0.937984496124031	0.9131782945736434	0.6846008280260896
LKAP-TSAKG2_G05_035_2018_2	646	None	None	AJ584832	1481	Moraxellaceae	Psychrobacter vallis	2655.0	646	188	35	601	0.983633387888707	0.9458204334365325	0.9303405572755418	0.6815804322486284

LKAP-TSAKG2_A01_015_2018_2	954	None	None	DQ073394	1505	Planococcaceae	Sporosarcina soli	4554.0	949	4	5	926	0.9809322033898306	0.9957805907172996	0.9757639620653319	0.9665489823606226
LKAP-TSAKG2_A01_015_2018_2	954	None	None	FN298444	1463	Planococcaceae	Sporosarcina contaminans	4556.0	949	6	7	926	0.9830148619957537	0.9936708860759493	0.9757639620653319	0.9624813112728194
LKAP-TSAKG2_A01_015_2018_2	954	None	None	X68415	1554	Planococcaceae	Sporosarcina globispora	4538.0	949	7	8	924	0.9819341126461212	0.9926160337552743	0.9736564805057956	0.9583794436777757
LKAP-TSAKG2_A01_015_2018_2	954	None	None	AJ292316	1517	Planococcaceae	Filibacter limicola	4520.0	949	6	7	922	0.9787685774946921	0.9936708860759493	0.9715489989462592	0.9583237246150537
LKAP-TSAKG2_A01_015_2018_2	954	None	None	D16277	1485	Planococcaceae	Sporosarcina psychrophila	4528.0	949	7	8	923	0.9808714133900106	0.9926160337552743	0.9726027397260274	0.9573422364876483

LKAP-TSAKG2_B09_077_2018_2	970	None	None	KT240114	1435	Bacillaceae	Bacillus gossypii	4592.0	956	6	3	935	0.9811122770199371	0.9968619246861925	0.9780334728033473	0.9688834714985343
LKAP-TSAKG2_B09_077_2018_2	970	None	None	AJ316309	1504	Bacillaceae	Bacillus muralis	4676.0	967	9	5	949	0.9864864864864865	0.9948293691830403	0.9813857290589452	0.9673084747486734
LKAP-TSAKG2_B09_077_2018_2	970	None	None	AJ439078	1522	Bacillaceae	Bacillus simplex	4671.0	967	8	6	948	0.9864724245577523	0.9937952430196484	0.9803516028955532	0.9662747593667966
LKAP-TSAKG2_B09_077_2018_2	970	None	None	EF206294	1471	Bacillaceae	Bacillus butanolivorans	4648.0	967	8	5	944	0.9812889812889813	0.9948293691830403	0.9762150982419855	0.9631988969320924
LKAP-TSAKG2_B09_077_2018_2	970	None	None	KT362910	1416	Bacillaceae	Bacillus loiseleuriae	4536.0	948	7	6	924	0.9808917197452229	0.9936708860759493	0.9746835443037974	0.9614156007687719

LKAP-TSAKG2_C03_027_2018_2	621	None	None	AJ277983	1488	Bacillaceae	Psychrobacillus psychrotolerans	2869.0	614	8	5	592	0.9720853858784894	0.99185667752443	0.9641693811074918	0.9440179310200363
LKAP-TSAKG2_C03_027_2018_2	621	None	None	AM980508	1502	Bacillaceae	Psychrobacillus insolitus	2868.0	621	10	6	595	0.967479674796748	0.9903381642512077	0.9581320450885669	0.933837096243215
LKAP-TSAKG2_C03_027_2018_2	621	None	None	AJ277984	1486	Bacillaceae	Psychrobacillus psychrodurans	2885.0	621	12	7	597	0.9723127035830619	0.9887278582930756	0.961352657004831	0.9324968900489198
LKAP-TSAKG2_C03_027_2018_2	621	None	None	KJ956929	1306	Bacillaceae	Psychrobacillus soli	2152.0	475	5	5	450	0.9574468085106383	0.9894736842105263	0.9473684210526315	0.9276315789473684
LKAP-TSAKG2_C03_027_2018_2	621	None	None	GQ927308	1430	Planococcaceae	Chryseomicrobium imtechense	2665.0	602	16	14	563	0.9574829931972789	0.9767441860465116	0.9352159468438538	0.889817114472793

LKAP-TSAKG2_C06_044_2018_2	686	None	None	AJ609556	1528	Moraxellaceae	Psychrobacter frigidicola	3205.0	681	10	8	657	0.9762258543833581	0.9882525697503671	0.9647577092511013	0.9396265388219843
LKAP-TSAKG2_C06_044_2018_2	686	None	None	HE654007	1526	Moraxellaceae	Psychrobacter adeliensis	3201.0	681	11	9	656	0.9761904761904762	0.986784140969163	0.9632892804698973	0.9354485498204782
LKAP-TSAKG2_C06_044_2018_2	686	None	None	AY513645	1494	Moraxellaceae	Psychrobacter alimentarius	3210.0	681	13	11	657	0.9805970149253731	0.9838472834067548	0.9647577092511013	0.9313943302568269
LKAP-TSAKG2_C06_044_2018_2	686	None	None	U39399	1477	Moraxellaceae	Psychrobacter immobilis	3121.0	672	9	12	643	0.9742424242424242	0.9865470852017937	0.9568452380952381	0.9273389972729181
LKAP-TSAKG2_C06_044_2018_2	686	None	None	AJ312213	1515	Moraxellaceae	Psychrobacter glacincola	3153.0	681	12	10	651	0.970193740685544	0.9853157121879589	0.9559471365638766	0.9255996084189917

LKAP-TSAKG2_F08_054_2018_2	905	None	None	AJ277984	1486	Bacillaceae	Psychrobacillus psychrodurans	4402.0	895	4	1	887	0.9921700223713646	0.9988826815642458	0.9910614525139665	0.9855494310873038
LKAP-TSAKG2_F08_054_2018_2	905	None	None	KJ956929	1306	Bacillaceae	Psychrobacillus soli	3680.0	759	0	0	746	0.9828722002635046	1.0	0.9828722002635046	0.9828722002635046
LKAP-TSAKG2_F08_054_2018_2	905	None	None	AJ277983	1488	Bacillaceae	Psychrobacillus psychrotolerans	4393.0	895	5	2	886	0.9921612541993281	0.9977653631284916	0.9899441340782122	0.9822445685909372
LKAP-TSAKG2_F08_054_2018_2	905	None	None	AM980508	1502	Bacillaceae	Psychrobacillus insolitus	4377.0	895	4	2	884	0.9899216125419933	0.9977653631284916	0.9877094972067039	0.9811174427203411
LKAP-TSAKG2_F08_054_2018_2	905	None	None	DQ333897	1460	Planococcaceae	Paenisporosarcina quisquiliarum	4266.0	895	11	7	872	0.9819819819819819	0.9921787709497206	0.9743016759776536	0.9549446890377002

LKAP-TSAKG2_D04_026_2018_2	879	None	None	AF500007	1507	Planococcaceae	Planococcus maritimus	4272.0	874	6	4	862	0.9908045977011494	0.9954233409610984	0.9862700228832952	0.9750624089868942
LKAP-TSAKG2_D04_026_2018_2	879	None	None	JF775504	1449	Planococcaceae	Planococcus plakortidis	4264.0	874	5	4	861	0.9896551724137931	0.9954233409610984	0.9851258581235698	0.9750392452417584
LKAP-TSAKG2_D04_026_2018_2	879	None	None	EF079063	1452	Planococcaceae	Planococcus donghaensis	4219.0	874	8	5	856	0.9850402761795167	0.994279176201373	0.9794050343249427	0.964969359215845
LKAP-TSAKG2_D04_026_2018_2	879	None	None	JF742665	1555	Planococcaceae	Planococcus halocryophilus	4211.0	874	9	7	855	0.986159169550173	0.9919908466819222	0.9782608695652174	0.9605347382933674
LKAP-TSAKG2_D04_026_2018_2	879	None	None	FJ765415	1506	Planococcaceae	Planococcus salinarum	4184.0	874	7	6	852	0.9815668202764977	0.9931350114416476	0.9748283752860412	0.9604438476143969

LKAP-TSAKG2_C04_028_2018_2	828	None	None	AF500007	1507	Planococcaceae	Planococcus maritimus	4002.0	824	6	2	810	0.9854014598540146	0.9975728155339806	0.9830097087378641	0.9735349163644871
LKAP-TSAKG2_C04_028_2018_2	828	None	None	JF775504	1449	Planococcaceae	Planococcus plakortidis	3994.0	824	5	2	809	0.9841849148418491	0.9975728155339806	0.9817961165048543	0.973505920104934
LKAP-TSAKG2_C04_028_2018_2	828	None	None	EF079063	1452	Planococcaceae	Planococcus donghaensis	3950.0	824	9	4	804	0.9804878048780488	0.9951456310679612	0.9757281553398058	0.9605007051364236
LKAP-TSAKG2_C04_028_2018_2	828	None	None	JF742665	1555	Planococcaceae	Planococcus halocryophilus	3941.0	824	9	5	803	0.9804639804639804	0.9939320388349514	0.9745145631067961	0.9581361670881945
LKAP-TSAKG2_C04_028_2018_2	828	None	None	KX516729	1538	Planococcaceae	Planococcus versutus	3905.0	824	7	4	799	0.974390243902439	0.9951456310679612	0.9696601941747572	0.9568247403409157

LKAP-TSAKG2_A06_048_2018_2	996	None	None	AJ313425	1498	Moraxellaceae	Psychrobacter nivimaris	4886.0	988	4	1	982	0.9949341438703141	0.9989878542510121	0.9939271255060729	0.9889174121718689
LKAP-TSAKG2_A06_048_2018_2	996	None	None	AJ272303	1426	Moraxellaceae	Psychrobacter proteolyticus	4805.0	980	3	3	968	0.9907881269191402	0.996938775510204	0.9877551020408163	0.9817260780202213
LKAP-TSAKG2_A06_048_2018_2	996	None	None	AY722804	1494	Moraxellaceae	Psychrobacter aquimaris	4843.0	988	6	3	977	0.9918781725888325	0.9969635627530364	0.9888663967611336	0.9799128780781858
LKAP-TSAKG2_A06_048_2018_2	996	None	None	AB453700	1510	Moraxellaceae	Psychrobacter piscatorii	4834.0	988	7	4	976	0.991869918699187	0.9959514170040485	0.9878542510121457	0.9769332492421622
LKAP-TSAKG2_A06_048_2018_2	996	None	None	AY444822	1504	Moraxellaceae	Psychrobacter arcticus	4805.0	988	7	4	973	0.9888211382113821	0.9959514170040485	0.9848178137651822	0.9739303806481802

LKAP-TSAKG2_C09_075_2018_2	935	None	None	HG764746	1419	Pseudomonadaceae	Pseudomonas granadensis	4345.0	874	0	0	871	0.9965675057208238	1.0	0.9965675057208238	0.9965675057208238
LKAP-TSAKG2_C09_075_2018_2	935	None	None	AF468452	1455	Pseudomonadaceae	Pseudomonas koreensis	4568.0	926	1	0	918	0.9913606911447084	1.0	0.9913606911447084	0.9902912621359223
LKAP-TSAKG2_C09_075_2018_2	935	None	None	AM293565	1492	Pseudomonadaceae	Pseudomonas reinekei	4528.0	926	1	0	913	0.9859611231101512	1.0	0.9859611231101512	0.9848975188781014
LKAP-TSAKG2_C09_075_2018_2	935	None	None	AY970952	1524	Pseudomonadaceae	Pseudomonas moraviensis	4549.0	926	4	2	916	0.9913419913419913	0.9978401727861771	0.9892008639308856	0.9828189228732669
LKAP-TSAKG2_C09_075_2018_2	935	None	None	AJ011507	1492	Pseudomonadaceae	Pseudomonas vancouverensis	4523.0	926	3	2	913	0.9880952380952381	0.9978401727861771	0.9859611231101512	0.9806545508652096

LKAP-TSAKG2_C10_076_2018_2	962	None	None	JQ776649	1382	Nocardiaceae	Rhodococcus degradans	4651.0	932	1	0	931	0.9989270386266095	1.0	0.9989270386266095	0.9978563772775991
LKAP-TSAKG2_C10_076_2018_2	962	None	None	DQ185597	1489	Nocardiaceae	Rhodococcus jialingiae	4721.0	953	5	0	948	0.9947534102833159	1.0	0.9947534102833159	0.9895615866388309
LKAP-TSAKG2_C10_076_2018_2	962	None	None	DQ090961	1484	Nocardiaceae	Rhodococcus qingshengii	4721.0	953	5	0	948	0.9947534102833159	1.0	0.9947534102833159	0.9895615866388309
LKAP-TSAKG2_C10_076_2018_2	962	None	None	AB071951	1348	Nocardiaceae	Rhodococcus baikonurensis	4703.0	953	6	1	946	0.9936974789915967	0.9989506820566632	0.9926547743966422	0.9854091191090755
LKAP-TSAKG2_C10_076_2018_2	962	None	None	X79289	1476	Nocardiaceae	Rhodococcus erythropolis	4673.0	953	10	5	942	0.9936708860759493	0.9947534102833159	0.9884575026232949	0.9730609683145208

LKAP-TSAKG2_F03_021_2018_2	179	None	None	KJ150596	1479	Flavobacteriaceae	Chryseobacterium xixisoli	533.0	178	153	17	158	0.9813664596273292	0.9044943820224719	0.8876404494382022	0.43175260531586274
LKAP-TSAKG2_F03_021_2018_2	179	None	None	AB078059	1481	Bernardetiaceae	Garritya polymorpha	515.0	179	149	17	156	0.9629629629629629	0.9050279329608939	0.8715083798882681	0.43044011445701047
LKAP-TSAKG2_F03_021_2018_2	179	None	None	AF493696	1305	Flavobacteriaceae	Chryseobacterium tenax	536.0	179	152	18	158	0.9813664596273292	0.8994413407821229	0.88268156424581	0.4293405795878411
LKAP-TSAKG2_F03_021_2018_2	179	None	None	DQ173014	1375	Flavobacteriaceae	Chryseobacterium psychrotolerans	536.0	179	152	18	158	0.9813664596273292	0.8994413407821229	0.88268156424581	0.4293405795878411
LKAP-TSAKG2_F03_021_2018_2	179	None	None	JX827729	1439	Flavobacteriaceae	Chryseobacterium ginsengiterrae	537.0	179	152	18	158	0.9813664596273292	0.8994413407821229	0.88268156424581	0.4293405795878411

LKAP-TSAKG2_F07_053_2018_2	215	None	None	U62937	1455	Mycoplasmataceae	Ureaplasma gallorale	606.0	214	155	31	178	0.9726775956284153	0.8551401869158879	0.8317757009345794	0.4125066484309703
LKAP-TSAKG2_F07_053_2018_2	215	None	None	AY531655	1511	Mycoplasmataceae	Mycoplasma amphoriforme	595.0	214	140	37	174	0.9830508474576272	0.8271028037383178	0.8130841121495327	0.4065420560747664
LKAP-TSAKG2_F07_053_2018_2	215	None	None	KC169794	1494	Flavobacteriaceae	Gramella planctonica	583.0	214	195	21	184	0.9533678756476683	0.9018691588785047	0.8598130841121495	0.4057308685419189
LKAP-TSAKG2_F07_053_2018_2	215	None	None	GU143096	1429	Flammeovirgaceae	Reichenbachiella faecimaris	588.0	215	165	30	179	0.9675675675675676	0.8604651162790697	0.8325581395348837	0.4053243574051407
LKAP-TSAKG2_F07_053_2018_2	215	None	None	M23940	1465	Mycoplasmataceae	Mycoplasma pirum	594.0	214	166	31	179	0.9781420765027322	0.8551401869158879	0.8364485981308412	0.4028160354156419

LKAP-TSAKG2_B08_062_2018_2	1008	None	None	AB009939	1494	Staphylococcaceae	Staphylococcus equorum subsp. equorum	4914.0	1000	10	2	991	0.9929859719438878	0.998	0.991	0.9792257425742574
LKAP-TSAKG2_B08_062_2018_2	1008	None	None	AF527483	1535	Staphylococcaceae	Staphylococcus equorum subsp. linens	4906.0	1000	11	3	990	0.9929789368104313	0.997	0.99	0.9762908011869436
LKAP-TSAKG2_B08_062_2018_2	1008	None	None	AB009936	1494	Staphylococcaceae	Staphylococcus cohnii subsp. urealyticus	4815.0	1000	10	2	980	0.9819639278557114	0.998	0.98	0.9683564356435643
LKAP-TSAKG2_B08_062_2018_2	1008	None	None	D83374	1477	Staphylococcaceae	Staphylococcus xylosus	4815.0	1000	10	2	980	0.9819639278557114	0.998	0.98	0.9683564356435643
LKAP-TSAKG2_B08_062_2018_2	1008	None	None	D83361	1477	Staphylococcaceae	Staphylococcus cohnii subsp. cohnii	4806.0	1000	10	2	979	0.9809619238476954	0.998	0.979	0.9673683168316832

LKAP-TSAKG2_G11_083_2018_2	196	None	None	FR733689	1539	Bacillaceae	Bacillus subterraneus	550.0	193	114	29	157	0.9573170731707317	0.8497409326424871	0.8134715025906736	0.4345580665305227
LKAP-TSAKG2_G11_083_2018_2	196	None	None	KM368342	1511	Thermoactinomycetaceae	Desmospora profundinema	541.0	196	124	27	160	0.9467455621301775	0.8622448979591837	0.8163265306122449	0.43112244897959184
LKAP-TSAKG2_G11_083_2018_2	196	None	None	AB370882	1483	Lactobacillaceae	Lactobacillus siliginis	567.0	195	167	19	172	0.9772727272727273	0.9025641025641026	0.882051282051282	0.4288426122680266
LKAP-TSAKG2_G11_083_2018_2	196	None	None	AJ564009	1368	Lactobacillaceae	Lactobacillus rossiae	566.0	195	168	19	172	0.9772727272727273	0.9025641025641026	0.882051282051282	0.4276612276612276
LKAP-TSAKG2_G11_083_2018_2	196	None	None	AB198719	1500	Bacillaceae	Bacillus boroniphilus	553.0	196	124	29	160	0.9580838323353293	0.8520408163265306	0.8163265306122449	0.42602040816326536

LKAP-TSAKG2_E12_088_2018_2	199	None	None	U39399	1477	Moraxellaceae	Psychrobacter immobilis	626.0	177	22	22	146	0.9419354838709677	0.8757062146892656	0.8248587570621468	0.6424779263549385
LKAP-TSAKG2_E12_088_2018_2	199	None	None	AJ539104	1454	Moraxellaceae	Psychrobacter salsus	590.0	181	28	25	144	0.9230769230769231	0.861878453038674	0.7955801104972375	0.5938301303232969
LKAP-TSAKG2_E12_088_2018_2	199	None	None	AJ609556	1528	Moraxellaceae	Psychrobacter frigidicola	685.0	199	37	28	163	0.9532163742690059	0.8592964824120602	0.8190954773869347	0.5934971467507026
LKAP-TSAKG2_E12_088_2018_2	199	None	None	AJ437696	1363	Moraxellaceae	Psychrobacter pulmonis	555.0	166	18	28	131	0.9492753623188406	0.8846153846153846	0.7891566265060241	0.5918674698795181
LKAP-TSAKG2_E12_088_2018_2	199	None	None	AY513645	1494	Moraxellaceae	Psychrobacter alimentarius	677.0	199	30	31	160	0.9523809523809523	0.8484848484848485	0.8040201005025126	0.5898488073555551

LKAP-TSAKG2_H10_066_2018_2	640	None	None	AY513645	1494	Moraxellaceae	Psychrobacter alimentarius	3058.0	633	6	2	621	0.9841521394611727	0.9968404423380727	0.981042654028436	0.9687604298778453
LKAP-TSAKG2_H10_066_2018_2	640	None	None	HE654007	1526	Moraxellaceae	Psychrobacter adeliensis	3049.0	633	8	3	620	0.9841269841269841	0.995260663507109	0.9794628751974723	0.9626546199288729
LKAP-TSAKG2_H10_066_2018_2	640	None	None	KT444699	1405	Moraxellaceae	Psychrobacter pocilloporae	2903.0	606	8	8	591	0.9882943143812709	0.9867986798679867	0.9752475247524752	0.9498339084722804
LKAP-TSAKG2_H10_066_2018_2	640	None	None	AB453700	1510	Moraxellaceae	Psychrobacter piscatorii	3019.0	633	13	8	616	0.9856	0.9873617693522907	0.9731437598736177	0.9415090556052802
LKAP-TSAKG2_H10_066_2018_2	640	None	None	AJ609556	1528	Moraxellaceae	Psychrobacter frigidicola	3008.0	633	12	8	615	0.984	0.9873617693522907	0.9715639810426541	0.9414379661266028

LKAP-TSAKG2_G04_020_2018_2	629	None	None	AY513645	1494	Moraxellaceae	Psychrobacter alimentarius	3040.0	626	8	4	616	0.9903536977491961	0.9936102236421726	0.9840255591054313	0.9654004696586409
LKAP-TSAKG2_G04_020_2018_2	629	None	None	HE654007	1526	Moraxellaceae	Psychrobacter adeliensis	3021.0	626	7	7	613	0.9903069466882067	0.9888178913738019	0.9792332268370607	0.9575756199243927
LKAP-TSAKG2_G04_020_2018_2	629	None	None	AB453700	1510	Moraxellaceae	Psychrobacter piscatorii	2991.0	626	12	12	609	0.99185667752443	0.9808306709265175	0.9728434504792333	0.936247458611676
LKAP-TSAKG2_G04_020_2018_2	629	None	None	AJ609556	1528	Moraxellaceae	Psychrobacter frigidicola	2972.0	626	14	10	608	0.987012987012987	0.9840255591054313	0.9712460063897763	0.9348242811501597
LKAP-TSAKG2_G04_020_2018_2	629	None	None	AJ584832	1481	Moraxellaceae	Psychrobacter vallis	2985.0	626	16	12	609	0.99185667752443	0.9808306709265175	0.9728434504792333	0.9304141411125378

LKAP-TSAKG2_D02_010_2018_2	98	None	None	EF368008	1381	Paenibacillaceae	Cohnella yongneupensis	288.0	77	15	7	67	0.9571428571428572	0.9090909090909091	0.8701298701298701	0.6620553359683794
LKAP-TSAKG2_D02_010_2018_2	98	None	None	AJ314745	1479	Planococcaceae	Planococcus antarcticus	328.0	96	23	12	80	0.9523809523809523	0.875	0.8333333333333334	0.5882352941176471
LKAP-TSAKG2_D02_010_2018_2	98	None	None	JF775504	1449	Planococcaceae	Planococcus plakortidis	334.0	98	26	12	82	0.9534883720930233	0.8775510204081632	0.8367346938775511	0.5803159973666887
LKAP-TSAKG2_D02_010_2018_2	98	None	None	KX516729	1538	Planococcaceae	Planococcus versutus	334.0	98	26	12	82	0.9534883720930233	0.8775510204081632	0.8367346938775511	0.5803159973666887
LKAP-TSAKG2_D02_010_2018_2	98	None	None	AJ314746	1480	Planococcaceae	Planomicrobium psychrophilum	320.0	96	24	13	79	0.9518072289156626	0.8645833333333334	0.8229166666666666	0.5691840277777778

LKAP-TSAKG2_D05_041_2018_2	257	None	None	AJ609556	1528	Moraxellaceae	Psychrobacter frigidicola	695.0	257	96	59	191	0.9646464646464646	0.7704280155642024	0.7431906614785992	0.4168604843421038
LKAP-TSAKG2_D05_041_2018_2	257	None	None	AY513645	1494	Moraxellaceae	Psychrobacter alimentarius	687.0	257	84	63	187	0.9639175257731959	0.754863813229572	0.7276264591439688	0.4139575749968621
LKAP-TSAKG2_D05_041_2018_2	257	None	None	HE654007	1526	Moraxellaceae	Psychrobacter adeliensis	688.0	257	98	61	190	0.9693877551020408	0.7626459143968871	0.7392996108949417	0.40817668657861567
LKAP-TSAKG2_D05_041_2018_2	257	None	None	AF132740	1487	Mycoplasmataceae	Mycoplasma pneumoniae	701.0	257	227	28	220	0.9606986899563319	0.8910505836575876	0.8560311284046692	0.4050229925716307
LKAP-TSAKG2_D05_041_2018_2	257	None	None	AJ312213	1515	Moraxellaceae	Psychrobacter glacincola	679.0	256	96	62	188	0.9690721649484536	0.7578125	0.734375	0.40474076704545453

LKAP-TSAKG2_C11_091_2018_2	792	None	None	HE654007	1526	Moraxellaceae	Psychrobacter adeliensis	3721.0	786	10	6	761	0.9756410256410256	0.9923664122137404	0.9681933842239185	0.948732210671679
LKAP-TSAKG2_C11_091_2018_2	792	None	None	AY513645	1494	Moraxellaceae	Psychrobacter alimentarius	3711.0	786	11	7	760	0.975609756097561	0.9910941475826972	0.9669211195928753	0.9450835033410915
LKAP-TSAKG2_C11_091_2018_2	792	None	None	KT444699	1405	Moraxellaceae	Psychrobacter pocilloporae	3562.0	756	12	11	730	0.9798657718120806	0.9854497354497355	0.9656084656084656	0.9366905037477954
LKAP-TSAKG2_C11_091_2018_2	792	None	None	AB453700	1510	Moraxellaceae	Psychrobacter piscatorii	3691.0	786	15	11	757	0.9767741935483871	0.9860050890585241	0.9631043256997456	0.9318425123811521
LKAP-TSAKG2_C11_091_2018_2	792	None	None	AJ313425	1498	Moraxellaceae	Psychrobacter nivimaris	3657.0	786	18	14	753	0.9753886010362695	0.9821882951653944	0.9580152671755725	0.9198853062929627

LKAP-TSAKG2_B01_013_2018_2	959	None	None	KJ956929	1306	Bacillaceae	Psychrobacillus soli	4026.0	816	0	0	810	0.9926470588235294	1.0	0.9926470588235294	0.9926470588235294
LKAP-TSAKG2_B01_013_2018_2	959	None	None	AJ277984	1486	Bacillaceae	Psychrobacillus psychrodurans	4666.0	955	4	1	943	0.9884696016771488	0.9989528795811519	0.987434554973822	0.9822863039051368
LKAP-TSAKG2_B01_013_2018_2	959	None	None	AJ277983	1488	Bacillaceae	Psychrobacillus psychrotolerans	4666.0	955	5	2	943	0.9895068205666316	0.9979057591623036	0.987434554973822	0.9802345113438046
LKAP-TSAKG2_B01_013_2018_2	959	None	None	AM980508	1502	Bacillaceae	Psychrobacillus insolitus	4623.0	955	4	2	938	0.9842602308499475	0.9979057591623036	0.9821989528795811	0.9760538082317423
LKAP-TSAKG2_B01_013_2018_2	959	None	None	FN555708	1502	Planococcaceae	Chryseomicrobium palamuruense	4585.0	955	11	9	933	0.9862579281183932	0.9905759162303664	0.9769633507853404	0.956736366297031

LKAP-TSAKG2_G06_036_2018_2	779	None	None	AJ609556	1528	Moraxellaceae	Psychrobacter frigidicola	3695.0	774	13	4	755	0.9805194805194806	0.9948320413436692	0.975452196382429	0.9543814373754387
LKAP-TSAKG2_G06_036_2018_2	779	None	None	HE654007	1526	Moraxellaceae	Psychrobacter adeliensis	3710.0	774	16	7	756	0.9856584093872229	0.9909560723514211	0.9767441860465116	0.9483073299970561
LKAP-TSAKG2_G06_036_2018_2	779	None	None	AY513645	1494	Moraxellaceae	Psychrobacter alimentarius	3700.0	774	16	7	755	0.984354628422425	0.9909560723514211	0.975452196382429	0.9470529552219279
LKAP-TSAKG2_G06_036_2018_2	779	None	None	U39399	1477	Moraxellaceae	Psychrobacter immobilis	3594.0	763	7	9	737	0.9774535809018567	0.9908015768725361	0.9659239842726082	0.9458528365474631
LKAP-TSAKG2_G06_036_2018_2	779	None	None	KT444699	1405	Moraxellaceae	Psychrobacter pocilloporae	3546.0	742	12	12	722	0.989041095890411	0.9838274932614556	0.9730458221024259	0.9420735412927995

LKAP-TSAKG2_H03_017_2018_2	624	None	None	AJ313425	1498	Moraxellaceae	Psychrobacter nivimaris	3038.0	613	2	0	610	0.9951060358890701	1.0	0.9951060358890701	0.991869918699187
LKAP-TSAKG2_H03_017_2018_2	624	None	None	AJ272303	1426	Moraxellaceae	Psychrobacter proteolyticus	2993.0	609	2	2	602	0.9917627677100495	0.9967159277504105	0.9885057471264368	0.9820343510732358
LKAP-TSAKG2_H03_017_2018_2	624	None	None	AY660685	1500	Moraxellaceae	Psychrobacter cryohalolentis	2975.0	613	3	1	603	0.9852941176470589	0.99836867862969	0.9836867862969005	0.9772992097625051
LKAP-TSAKG2_H03_017_2018_2	624	None	None	AB453700	1510	Moraxellaceae	Psychrobacter piscatorii	2986.0	613	5	3	604	0.9901639344262295	0.9951060358890701	0.9853181076672104	0.9725631807071171
LKAP-TSAKG2_H03_017_2018_2	624	None	None	AY722804	1494	Moraxellaceae	Psychrobacter aquimaris	2988.0	613	6	4	604	0.9917898193760263	0.9934747145187602	0.9853181076672104	0.9694002060893879

LKAP-TSAKG2_B12_094_2018_2	215	None	None	AJ551329	1485	Bacillaceae	Fictibacillus gelatini	727.0	215	77	24	182	0.9528795811518325	0.8883720930232558	0.8465116279069768	0.5537113730487416
LKAP-TSAKG2_B12_094_2018_2	215	None	None	X76449	1518	Bacillaceae	Bacillus pseudalcaliphilus	689.0	215	53	34	171	0.9447513812154696	0.8418604651162791	0.7953488372093023	0.5371572370704616
LKAP-TSAKG2_B12_094_2018_2	215	None	None	Y16329	1539	Lactobacillaceae	Lactobacillus iners	709.0	214	113	15	188	0.9447236180904522	0.9299065420560748	0.8785046728971962	0.5346251679099145
LKAP-TSAKG2_B12_094_2018_2	215	None	None	AJ514408	1483	Planococcaceae	Paenisporosarcina macmurdoensis	683.0	208	106	18	180	0.9473684210526315	0.9134615384615384	0.8653846153846154	0.5236403723664871
LKAP-TSAKG2_B12_094_2018_2	215	None	None	JX993821	1515	Bacillaceae	Lysinibacillus manganicus	708.0	214	88	28	180	0.967741935483871	0.8691588785046729	0.8411214953271028	0.5180417156650368

LKAP-TSAKG2_B03_029_2018_2	259	None	None	DQ092757	1482	Sphingomonadaceae	Sphingobium fuliginis	708.0	257	176	41	210	0.9722222222222222	0.8404669260700389	0.8171206225680934	0.4076167539831597
LKAP-TSAKG2_B03_029_2018_2	259	None	None	KF551123	1411	Sphingomonadaceae	Sphingobium endophyticum	704.0	257	176	41	210	0.9722222222222222	0.8404669260700389	0.8171206225680934	0.4076167539831597
LKAP-TSAKG2_B03_029_2018_2	259	None	None	HQ830159	1481	Sphingomonadaceae	Sphingobium barthaii	708.0	257	176	41	210	0.9722222222222222	0.8404669260700389	0.8171206225680934	0.4076167539831597
LKAP-TSAKG2_B03_029_2018_2	259	None	None	AY327251	1529	Peptococcaceae	Cryptanaerobacter phenolicus	699.0	259	178	41	211	0.9678899082568807	0.8416988416988417	0.8146718146718147	0.40640378855481835
LKAP-TSAKG2_B03_029_2018_2	259	None	None	KT383844	1477	Erythrobacteraceae	Croceicoccus pelagius	694.0	257	176	41	208	0.9629629629629629	0.8404669260700389	0.8093385214007782	0.4037346896595106

LKAP-TSAKG2_A03_031_2018_2	338	None	None	AY444822	1504	Moraxellaceae	Psychrobacter arcticus	1181.0	335	46	39	277	0.9358108108108109	0.8835820895522388	0.826865671641791	0.6423943275747248
LKAP-TSAKG2_A03_031_2018_2	338	None	None	AJ313425	1498	Moraxellaceae	Psychrobacter nivimaris	1182.0	336	49	39	278	0.936026936026936	0.8839285714285714	0.8273809523809523	0.6382653061224489
LKAP-TSAKG2_A03_031_2018_2	338	None	None	AJ430827	1491	Moraxellaceae	Psychrobacter fozii	1165.0	335	47	40	275	0.9322033898305084	0.8805970149253731	0.8208955223880597	0.6339376416347582
LKAP-TSAKG2_A03_031_2018_2	338	None	None	AY722804	1494	Moraxellaceae	Psychrobacter aquimaris	1165.0	335	47	40	275	0.9322033898305084	0.8805970149253731	0.8208955223880597	0.6339376416347582
LKAP-TSAKG2_A03_031_2018_2	338	None	None	AY660685	1500	Moraxellaceae	Psychrobacter cryohalolentis	1165.0	335	47	40	275	0.9322033898305084	0.8805970149253731	0.8208955223880597	0.6339376416347582

LKAP-TSAKG2_B07_061_2018_2	629	None	None	AY513645	1494	Moraxellaceae	Psychrobacter alimentarius	2989.0	618	3	1	606	0.9821717990275527	0.9983818770226537	0.9805825242718447	0.9742663727467441
LKAP-TSAKG2_B07_061_2018_2	629	None	None	HE654007	1526	Moraxellaceae	Psychrobacter adeliensis	2971.0	618	6	3	604	0.9821138211382113	0.9951456310679612	0.9773462783171522	0.963249937764501
LKAP-TSAKG2_B07_061_2018_2	629	None	None	KT444699	1405	Moraxellaceae	Psychrobacter pocilloporae	2862.0	596	8	8	582	0.9897959183673469	0.9865771812080537	0.9765100671140939	0.9506422507667007
LKAP-TSAKG2_B07_061_2018_2	629	None	None	AJ609556	1528	Moraxellaceae	Psychrobacter frigidicola	2939.0	618	9	7	600	0.9819967266775778	0.988673139158576	0.970873786407767	0.9460986977594029
LKAP-TSAKG2_B07_061_2018_2	629	None	None	AB453700	1510	Moraxellaceae	Psychrobacter piscatorii	2941.0	618	11	8	600	0.9836065573770492	0.9870550161812298	0.970873786407767	0.9415469152762128

LKAP-TSAKG2_H09_065_2018_2	872	None	None	X68415	1554	Planococcaceae	Sporosarcina globispora	4209.0	865	3	4	851	0.9883855981416957	0.9965277777777778	0.9838150289017341	0.9758810367331717
LKAP-TSAKG2_H09_065_2018_2	872	None	None	D16277	1485	Planococcaceae	Sporosarcina psychrophila	4200.0	865	3	4	850	0.9872241579558653	0.9965277777777778	0.9826589595375722	0.9747342905090434
LKAP-TSAKG2_H09_065_2018_2	872	None	None	AJ292316	1517	Planococcaceae	Filibacter limicola	4104.0	865	8	9	839	0.9801401869158879	0.9907407407407407	0.9699421965317919	0.9510544332545406
LKAP-TSAKG2_H09_065_2018_2	872	None	None	DQ073393	1498	Planococcaceae	Sporosarcina koreensis	4063.0	865	12	13	834	0.9788732394366197	0.9861111111111112	0.9641618497109826	0.9366771903691645
LKAP-TSAKG2_H09_065_2018_2	872	None	None	AB243859	1504	Planococcaceae	Sporosarcina saromensis	4044.0	865	11	12	832	0.9753810082063306	0.9872685185185185	0.9618497109826589	0.9365956660595983

LKAP-TSAKG2_D01_009_2018_2	333	None	None	KF258678	1514	Planococcaceae	Sporosarcina siberiensis	1190.0	333	152	23	297	0.9580645161290322	0.9309309309309309	0.8918918918918919	0.5700752298690444
LKAP-TSAKG2_D01_009_2018_2	333	None	None	AB473560	1507	Planococcaceae	Sporosarcina luteola	1169.0	333	154	25	294	0.9545454545454546	0.924924924924925	0.8828828828828829	0.558373568640509
LKAP-TSAKG2_D01_009_2018_2	333	None	None	AJ292316	1517	Planococcaceae	Filibacter limicola	1187.0	333	156	27	296	0.9673202614379085	0.918918918918919	0.8888888888888888	0.556237218813906
LKAP-TSAKG2_D01_009_2018_2	333	None	None	AF202057	1507	Planococcaceae	Sporosarcina ureae	1154.0	333	150	28	292	0.9573770491803278	0.9159159159159159	0.8768768768768769	0.5537214232866408
LKAP-TSAKG2_D01_009_2018_2	333	None	None	X68415	1554	Planococcaceae	Sporosarcina globispora	1178.0	333	152	29	294	0.9671052631578947	0.9129129129129129	0.8828828828828829	0.5533946317451471

LKAP-TSAKG2_E10_072_2018_2	325	None	None	AY513645	1494	Moraxellaceae	Psychrobacter alimentarius	1410.0	323	17	13	300	0.967741935483871	0.9597523219814241	0.9287925696594427	0.8468402841012566
LKAP-TSAKG2_E10_072_2018_2	325	None	None	AJ609556	1528	Moraxellaceae	Psychrobacter frigidicola	1411.0	324	20	13	301	0.9678456591639871	0.9598765432098766	0.9290123456790124	0.839891975308642
LKAP-TSAKG2_E10_072_2018_2	325	None	None	KT444699	1405	Moraxellaceae	Psychrobacter pocilloporae	1233.0	290	12	15	264	0.96	0.9581881533101045	0.9103448275862069	0.8289563827357845
LKAP-TSAKG2_E10_072_2018_2	325	None	None	AB453700	1510	Moraxellaceae	Psychrobacter piscatorii	1357.0	323	17	17	293	0.9575163398692811	0.9473684210526315	0.9071207430340558	0.8164086687306501
LKAP-TSAKG2_E10_072_2018_2	325	None	None	HE654007	1526	Moraxellaceae	Psychrobacter adeliensis	1377.0	324	23	16	297	0.9642857142857143	0.9506172839506173	0.9166666666666666	0.813640730067243

LKAP-TSAKG2_A04_032_2018_2	1004	None	None	AJ313425	1498	Moraxellaceae	Psychrobacter nivimaris	4972.0	997	3	0	996	0.9989969909729187	1.0	0.9989969909729187	0.996
LKAP-TSAKG2_A04_032_2018_2	1004	None	None	AJ272303	1426	Moraxellaceae	Psychrobacter proteolyticus	4886.0	988	2	2	981	0.9949290060851927	0.9979757085020243	0.992914979757085	0.9889032020610967
LKAP-TSAKG2_A04_032_2018_2	1004	None	None	AB453700	1510	Moraxellaceae	Psychrobacter piscatorii	4920.0	997	6	3	990	0.9959758551307847	0.9969909729187563	0.9929789368104313	0.9840688566197094
LKAP-TSAKG2_A04_032_2018_2	1004	None	None	AY722804	1494	Moraxellaceae	Psychrobacter aquimaris	4904.0	997	7	4	988	0.9949647532729103	0.995987963891675	0.9909729187562688	0.9801156457420069
LKAP-TSAKG2_A04_032_2018_2	1004	None	None	AY660685	1500	Moraxellaceae	Psychrobacter cryohalolentis	4855.0	997	6	3	983	0.9889336016096579	0.9969909729187563	0.9859578736208626	0.9771107939971461

LKAP-TSAKG2_H05_033_2018_2	768	None	None	AY513645	1494	Moraxellaceae	Psychrobacter alimentarius	3685.0	762	5	5	748	0.988110964332893	0.9934383202099738	0.9816272965879265	0.9688290267497527
LKAP-TSAKG2_H05_033_2018_2	768	None	None	HE654007	1526	Moraxellaceae	Psychrobacter adeliensis	3696.0	762	6	6	749	0.9907407407407407	0.9921259842519685	0.9829396325459318	0.9675812007874015
LKAP-TSAKG2_H05_033_2018_2	768	None	None	AB453700	1510	Moraxellaceae	Psychrobacter piscatorii	3666.0	762	11	11	745	0.9920106524633822	0.9855643044619422	0.9776902887139107	0.9498646918811733
LKAP-TSAKG2_H05_033_2018_2	768	None	None	AJ584832	1481	Moraxellaceae	Psychrobacter vallis	3630.0	762	13	13	741	0.9893190921228304	0.9829396325459318	0.9724409448818898	0.9398171196342393
LKAP-TSAKG2_H05_033_2018_2	768	None	None	AJ584833	1481	Moraxellaceae	Psychrobacter aquaticus	3630.0	762	13	13	741	0.9893190921228304	0.9829396325459318	0.9724409448818898	0.9398171196342393

LKAP-TSAKG2_A10_080_2018_2	880	None	None	AY594266	1519	Unclassified Bacillales	Exiguobacterium marinum	4320.0	874	5	1	869	0.995418098510882	0.9988558352402745	0.994279176201373	0.9874922876266196
LKAP-TSAKG2_A10_080_2018_2	880	None	None	AY818050	1510	Unclassified Bacillales	Exiguobacterium profundum	4299.0	869	4	2	864	0.9965397923875432	0.997698504027618	0.9942462600690449	0.9874129524397044
LKAP-TSAKG2_A10_080_2018_2	880	None	None	AY594264	1517	Unclassified Bacillales	Exiguobacterium aestuarii	4314.0	874	6	3	868	0.9965556831228473	0.9965675057208238	0.9931350114416476	0.9829779488246307
LKAP-TSAKG2_A10_080_2018_2	880	None	None	EU379016	1477	Unclassified Bacillales	Exiguobacterium alkaliphilum	4205.0	867	14	14	851	0.9976553341148886	0.9838523644752019	0.9815455594002307	0.9503500138120281
LKAP-TSAKG2_A10_080_2018_2	880	None	None	AM072764	1408	Unclassified Bacillales	Exiguobacterium mexicanum	4227.0	874	16	13	857	0.9953542392566783	0.9851258581235698	0.9805491990846682	0.9485987195639318

LKAP-TSAKG2_C12_092_2018_2	784	None	None	X68415	1554	Planococcaceae	Sporosarcina globispora	3614.0	776	14	11	746	0.9751633986928104	0.9858247422680413	0.961340206185567	0.9309180477619732
LKAP-TSAKG2_C12_092_2018_2	784	None	None	D16277	1485	Planococcaceae	Sporosarcina psychrophila	3605.0	776	14	11	745	0.9738562091503268	0.9858247422680413	0.9600515463917526	0.9296701683413807
LKAP-TSAKG2_C12_092_2018_2	784	None	None	DQ073394	1505	Planococcaceae	Sporosarcina soli	3604.0	776	15	12	745	0.975130890052356	0.9845360824742269	0.9600515463917526	0.9272811396249039
LKAP-TSAKG2_C12_092_2018_2	784	None	None	FN298444	1463	Planococcaceae	Sporosarcina contaminans	3586.0	776	14	11	743	0.9712418300653595	0.9858247422680413	0.9574742268041238	0.9271744095001958
LKAP-TSAKG2_C12_092_2018_2	784	None	None	AJ292316	1517	Planococcaceae	Filibacter limicola	3576.0	776	14	11	742	0.9699346405228758	0.9858247422680413	0.9561855670103093	0.9259265300796033

LKAP-TSAKG2_D07_057_2018_2	918	None	None	AJ242986	1414	Alcaligenaceae	Alcaligenes faecalis subsp. parafaecalis	4332.0	888	4	5	875	0.9909399773499433	0.9954904171364148	0.9853603603603603	0.975418383630267
LKAP-TSAKG2_D07_057_2018_2	918	None	None	AB920828	1412	Alcaligenaceae	Alcaligenes pakistanensis	4311.0	896	11	10	876	0.9887133182844243	0.9888392857142857	0.9776785714285714	0.95504213261931
LKAP-TSAKG2_D07_057_2018_2	918	None	None	D88008	1470	Alcaligenaceae	Alcaligenes faecalis subsp. faecalis	4316.0	911	8	10	881	0.9778024417314095	0.9911991199119912	0.9670691547749726	0.948127647934984
LKAP-TSAKG2_D07_057_2018_2	918	None	None	KR967368	1560	Alcaligenaceae	Alcaligenes endophyticus	4311.0	911	12	11	881	0.9788888888888889	0.9879253567508233	0.9670691547749726	0.9429710068228335
LKAP-TSAKG2_D07_057_2018_2	918	None	None	AY296718	1503	Alcaligenaceae	Alcaligenes faecalis subsp. phenolicus	4222.0	911	22	13	872	0.9710467706013363	0.9857299670691547	0.9571899012074643	0.9212824558245476

LKAP-TSAKG2_C08_060_2018_2	1030	None	None	AJ242986	1414	Alcaligenaceae	Alcaligenes faecalis subsp. parafaecalis	4871.0	1000	11	3	986	0.9889669007021064	0.997	0.986	0.9723461918892187
LKAP-TSAKG2_C08_060_2018_2	1030	None	None	AB920828	1412	Alcaligenaceae	Alcaligenes pakistanensis	4822.0	1008	20	9	984	0.984984984984985	0.9910714285714286	0.9761904761904762	0.9486520289049472
LKAP-TSAKG2_C08_060_2018_2	1030	None	None	D88008	1470	Alcaligenaceae	Alcaligenes faecalis subsp. faecalis	4874.0	1024	18	12	995	0.983201581027668	0.98828125	0.9716796875	0.9437042646353166
LKAP-TSAKG2_C08_060_2018_2	1030	None	None	KR967368	1560	Alcaligenaceae	Alcaligenes endophyticus	4844.0	1024	23	14	992	0.9821782178217822	0.986328125	0.96875	0.9345152817574021
LKAP-TSAKG2_C08_060_2018_2	1030	None	None	AY296718	1503	Alcaligenaceae	Alcaligenes faecalis subsp. phenolicus	4786.0	1024	31	13	987	0.9762611275964391	0.9873046875	0.9638671875	0.9236679872630332

LKAP-TSAKG2_G09_067_2018_2	810	None	None	AB105164	1514	Unclassified Bacillales	Exiguobacterium oxidotolerans	3958.0	804	3	2	796	0.9925187032418953	0.9975124378109452	0.9900497512437811	0.9839156139993959
LKAP-TSAKG2_G09_067_2018_2	810	None	None	CP001022	1555	Unclassified Bacillales	Exiguobacterium sibiricum	3859.0	804	6	5	785	0.9824780976220275	0.9937810945273632	0.9763681592039801	0.9631088385234322
LKAP-TSAKG2_G09_067_2018_2	810	None	None	AM072763	1450	Unclassified Bacillales	Exiguobacterium artemiae	3859.0	804	6	5	785	0.9824780976220275	0.9937810945273632	0.9763681592039801	0.9631088385234322
LKAP-TSAKG2_G09_067_2018_2	810	None	None	JF893462	1415	Unclassified Bacillales	Exiguobacterium enclense	3794.0	792	6	8	772	0.9846938775510204	0.9924050632911392	0.9747474747474747	0.9576466418571682
LKAP-TSAKG2_G09_067_2018_2	810	None	None	AJ846291	1503	Unclassified Bacillales	Exiguobacterium indicum	3832.0	804	7	6	782	0.9799498746867168	0.9925373134328358	0.972636815920398	0.9570458435320316

LKAP-TSAKG2_C07_059_2018_2	847	None	None	AY513645	1494	Moraxellaceae	Psychrobacter alimentarius	4045.0	838	4	2	821	0.9820574162679426	0.9976133651551312	0.9797136038186157	0.9727322717248963
LKAP-TSAKG2_C07_059_2018_2	847	None	None	HE654007	1526	Moraxellaceae	Psychrobacter adeliensis	4056.0	838	5	3	822	0.9844311377245509	0.9964200477326969	0.9809069212410502	0.9715981960098184
LKAP-TSAKG2_C07_059_2018_2	847	None	None	AB453700	1510	Moraxellaceae	Psychrobacter piscatorii	4026.0	838	10	8	818	0.9855421686746988	0.9904534606205251	0.9761336515513126	0.9554138334759309
LKAP-TSAKG2_C07_059_2018_2	847	None	None	AJ609556	1528	Moraxellaceae	Psychrobacter frigidicola	3968.0	838	10	8	812	0.9783132530120482	0.9904534606205251	0.9689737470167065	0.9484059080470122
LKAP-TSAKG2_C07_059_2018_2	847	None	None	AJ584832	1481	Moraxellaceae	Psychrobacter vallis	3990.0	838	12	10	814	0.9830917874396136	0.9880668257756563	0.9713603818615751	0.9462192896251579

LKAP-TSAKG2_E04_024_2018_2	275	None	None	AB176674	1504	Crocinitomicaceae	Lishizhenia caseinilytica	740.0	272	209	38	225	0.9615384615384616	0.8602941176470589	0.8272058823529411	0.4024244833068362
LKAP-TSAKG2_E04_024_2018_2	275	None	None	AY314753	1410	Campylobacteraceae	Arcobacter thereius	733.0	275	193	44	222	0.961038961038961	0.84	0.8072727272727273	0.3984615384615384
LKAP-TSAKG2_E04_024_2018_2	275	None	None	EU183317	1423	Crocinitomicaceae	Lishizhenia tianjinensis	733.0	272	210	39	224	0.9613733905579399	0.8566176470588235	0.8235294117647058	0.398096167927752
LKAP-TSAKG2_E04_024_2018_2	275	None	None	AY576749	1467	Balneolaceae	Balneola vulgaris	742.0	275	230	36	231	0.9665271966527197	0.8690909090909091	0.84	0.3975445544554455
LKAP-TSAKG2_E04_024_2018_2	275	None	None	KF694750	1481	Flavobacteriaceae	Moheibacter sediminis	746.0	273	224	38	229	0.9744680851063829	0.8608058608058609	0.8388278388278388	0.39662885739344494

LKAP-TSAKG2_D10_074_2018_2	830	None	None	HG764746	1419	Pseudomonadaceae	Pseudomonas granadensis	3463.0	773	20	23	726	0.968	0.974025974025974	0.9391979301423027	0.8882704257335776
LKAP-TSAKG2_D10_074_2018_2	830	None	None	AF468452	1455	Pseudomonadaceae	Pseudomonas koreensis	3702.0	830	26	27	778	0.9688667496886675	0.9686369119420989	0.9373493975903614	0.8793125774124536
LKAP-TSAKG2_D10_074_2018_2	830	None	None	AY970952	1524	Pseudomonadaceae	Pseudomonas moraviensis	3687.0	830	34	26	778	0.9676616915422885	0.9686746987951808	0.9373493975903614	0.872255689424364
LKAP-TSAKG2_D10_074_2018_2	830	None	None	AJ011507	1492	Pseudomonadaceae	Pseudomonas vancouverensis	3669.0	830	30	27	775	0.9651307596513076	0.9674698795180723	0.9337349397590361	0.8718478565424489
LKAP-TSAKG2_D10_074_2018_2	830	None	None	AM293565	1492	Pseudomonadaceae	Pseudomonas reinekei	3674.0	830	30	27	775	0.9651307596513076	0.9674698795180723	0.9337349397590361	0.8718478565424489

LKAP-TSAKG2_E01_007_2018_2	408	None	None	D16277	1485	Planococcaceae	Sporosarcina psychrophila	1296.0	408	253	37	353	0.9514824797843666	0.9093137254901961	0.8651960784313726	0.48560929666874314
LKAP-TSAKG2_E01_007_2018_2	408	None	None	X68415	1554	Planococcaceae	Sporosarcina globispora	1287.0	408	253	37	352	0.9487870619946092	0.9093137254901961	0.8627450980392157	0.48423363293880345
LKAP-TSAKG2_E01_007_2018_2	408	None	None	AJ292316	1517	Planococcaceae	Filibacter limicola	1279.0	408	254	39	351	0.9512195121951219	0.9044117647058824	0.8602941176470589	0.4795295006220011
LKAP-TSAKG2_E01_007_2018_2	408	None	None	KF258678	1514	Planococcaceae	Sporosarcina siberiensis	1256.0	407	250	42	347	0.9506849315068493	0.8968058968058968	0.8525798525798526	0.47365547365547367
LKAP-TSAKG2_E01_007_2018_2	408	None	None	AB243859	1504	Planococcaceae	Sporosarcina saromensis	1259.0	408	257	41	349	0.9509536784741145	0.8995098039215687	0.8553921568627451	0.47207356626861274

LKAP-TSAKG2_C02_012_2018_2	676	None	None	AM773821	1517	Bacillaceae	Bacillus cecembensis	3100.0	676	15	7	646	0.9656203288490284	0.9896449704142012	0.9556213017751479	0.9251963109805701
LKAP-TSAKG2_C02_012_2018_2	676	None	None	KT763359	1494	Unclassified Bacillales	Solibacillus kalamii	2962.0	676	27	18	630	0.9574468085106383	0.9733727810650887	0.9319526627218935	0.8722970868719856
LKAP-TSAKG2_C02_012_2018_2	676	None	None	AJ006086	1507	Unclassified Bacillales	Solibacillus silvestris	2938.0	672	26	19	625	0.9571209800918836	0.9717261904761905	0.9300595238095238	0.8700986662573339
LKAP-TSAKG2_C02_012_2018_2	676	None	None	EF114311	1541	Unclassified Bacillales	Solibacillus isronensis	2954.0	676	28	19	629	0.9573820395738204	0.9718934911242604	0.9304733727810651	0.8683537015868747
LKAP-TSAKG2_C02_012_2018_2	676	None	None	HG937791	1405	Bacillaceae	Lysinibacillus louembei	2806.0	660	27	23	604	0.9481946624803768	0.9651515151515152	0.9151515151515152	0.8485466013850294

LKAP-TSAKG2_F02_006_2018_2	5	None	None	DQ139839	1564	Bacillaceae	Virgibacillus olivae	0.0	0	0	0	0	NaN	NaN	NaN	NaN
LKAP-TSAKG2_F02_006_2018_2	5	None	None	EU874389	1507	Planococcaceae	Jeotgalibacillus salarius	0.0	0	0	0	0	NaN	NaN	NaN	NaN
LKAP-TSAKG2_F02_006_2018_2	5	None	None	AY701758	1404	Thermoanaerobacteraceae	Thermoanaerobacter mathranii subsp. alimentarius	0.0	0	0	0	0	NaN	NaN	NaN	NaN
LKAP-TSAKG2_F02_006_2018_2	5	None	None	HF562219	1469	Chromatiaceae	Imhoffiella purpurea	0.0	0	0	0	0	NaN	NaN	NaN	NaN
LKAP-TSAKG2_F02_006_2018_2	5	None	None	FJ815191	1570	Clostridiaceae	Cellulosibacter alkalithermophilus	0.0	0	0	0	0	NaN	NaN	NaN	NaN

LKAP-TSAKG2_C05_043_2018_2	913	None	None	FM999971	1338	Aeromonadaceae	Aeromonas piscicola	4345.0	873	3	1	871	0.9988532110091743	0.9988545246277205	0.997709049255441	0.9931533001720828
LKAP-TSAKG2_C05_043_2018_2	913	None	None	AB027542	1467	Aeromonadaceae	Aeromonas salmonicida subsp. masoucida	4462.0	909	8	3	899	0.9922737306843267	0.9966996699669967	0.988998899889989	0.9771352271541222
LKAP-TSAKG2_C05_043_2018_2	913	None	None	X60406	1503	Aeromonadaceae	Aeromonas bestiarum	4462.0	909	8	3	899	0.9922737306843267	0.9966996699669967	0.988998899889989	0.9771352271541222
LKAP-TSAKG2_C05_043_2018_2	913	None	None	AY987751	1510	Aeromonadaceae	Aeromonas salmonicida subsp. salmonicida	4462.0	909	8	3	899	0.9922737306843267	0.9966996699669967	0.988998899889989	0.9771352271541222
LKAP-TSAKG2_C05_043_2018_2	913	None	None	AF134065	1431	Aeromonadaceae	Aeromonas salmonicida subsp. pectinolytica	4455.0	909	8	4	898	0.9922651933701657	0.9955995599559956	0.9878987898789879	0.9749709976450208

LKAP-TSAKG2_E08_056_2018_2	436	None	None	D16277	1485	Planococcaceae	Sporosarcina psychrophila	2002.0	427	5	7	411	0.9785714285714285	0.9882352941176471	0.9625292740046838	0.9357923497267758
LKAP-TSAKG2_E08_056_2018_2	436	None	None	X68415	1554	Planococcaceae	Sporosarcina globispora	1993.0	427	5	7	410	0.9761904761904762	0.9882352941176471	0.9601873536299765	0.9335154826958105
LKAP-TSAKG2_E08_056_2018_2	436	None	None	AJ292316	1517	Planococcaceae	Filibacter limicola	1978.0	426	6	8	408	0.9760765550239234	0.9858490566037735	0.9577464788732394	0.9267083985393845
LKAP-TSAKG2_E08_056_2018_2	436	None	None	FN298444	1463	Planococcaceae	Sporosarcina contaminans	1918.0	427	10	12	401	0.9662650602409638	0.9764705882352941	0.9391100702576113	0.8918322177503631
LKAP-TSAKG2_E08_056_2018_2	436	None	None	AB473560	1507	Planococcaceae	Sporosarcina luteola	1925.0	427	11	13	402	0.9710144927536232	0.9741176470588235	0.9414519906323185	0.889865580186712

LKAP-TSAKG2_E03_023_2018_2	365	None	None	Y18098	1469	Enterococcaceae	Vagococcus fluvialis	1296.0	365	224	27	331	0.9792899408284024	0.9260273972602739	0.9068493150684932	0.5203990976114613
LKAP-TSAKG2_E03_023_2018_2	365	None	None	AY179329	1513	Enterococcaceae	Vagococcus carniphilus	1274.0	365	225	28	328	0.973293768545994	0.9232876712328767	0.8986301369863013	0.5132853494311586
LKAP-TSAKG2_E03_023_2018_2	365	None	None	FJ360897	1550	Enterococcaceae	Vagococcus penaei	1208.0	365	233	37	320	0.975609756097561	0.8986301369863013	0.8767123287671232	0.48087231410638204
LKAP-TSAKG2_E03_023_2018_2	365	None	None	AY028437	1479	Enterococcaceae	Enterococcus phoeniculicola	1189.0	365	237	38	319	0.9755351681957186	0.8958904109589041	0.873972602739726	0.4747326264051336
LKAP-TSAKG2_E03_023_2018_2	365	None	None	Y17302	1535	Enterococcaceae	Enterococcus hirae	1166.0	365	237	38	317	0.9694189602446484	0.8958904109589041	0.8684931506849315	0.47175624630228

LKAP-TSAKG2_A09_079_2018_2	997	None	None	AM773821	1517	Bacillaceae	Bacillus cecembensis	4819.0	989	5	0	975	0.9858442871587462	1.0	0.9858442871587462	0.9808853118712274
LKAP-TSAKG2_A09_079_2018_2	997	None	None	AJ006086	1507	Unclassified Bacillales	Solibacillus silvestris	4650.0	987	24	14	955	0.9815005138746146	0.9858156028368794	0.9675785207700102	0.9312105842821166
LKAP-TSAKG2_A09_079_2018_2	997	None	None	KT763359	1494	Unclassified Bacillales	Solibacillus kalamii	4637.0	988	26	16	954	0.9814814814814815	0.9838056680161943	0.9655870445344129	0.9255923148791414
LKAP-TSAKG2_A09_079_2018_2	997	None	None	EF114311	1541	Unclassified Bacillales	Solibacillus isronensis	4643.0	988	28	16	955	0.9825102880658436	0.9838056680161943	0.9665991902834008	0.9247385954286078
LKAP-TSAKG2_A09_079_2018_2	997	None	None	AF526913	1516	Bacillaceae	Lysinibacillus odysseyi	4610.0	989	23	16	951	0.9773895169578622	0.9838220424671386	0.961577350859454	0.9245205161919453

LKAP-TSAKG2_D06_042_2018_2	871	None	None	AY513645	1494	Moraxellaceae	Psychrobacter alimentarius	4158.0	865	7	5	845	0.9825581395348837	0.9942196531791907	0.976878612716763	0.9634353290555231
LKAP-TSAKG2_D06_042_2018_2	871	None	None	HE654007	1526	Moraxellaceae	Psychrobacter adeliensis	4169.0	865	8	6	846	0.9848661233993015	0.9930635838150289	0.9780346820809248	0.9623502770991001
LKAP-TSAKG2_D06_042_2018_2	871	None	None	KT444699	1405	Moraxellaceae	Psychrobacter pocilloporae	4023.0	837	10	9	818	0.9879227053140096	0.989247311827957	0.977299880525687	0.9553769788373893
LKAP-TSAKG2_D06_042_2018_2	871	None	None	AB453700	1510	Moraxellaceae	Psychrobacter piscatorii	4139.0	865	13	11	842	0.9859484777517564	0.9872832369942196	0.9734104046242774	0.9468023753406981
LKAP-TSAKG2_D06_042_2018_2	871	None	None	AJ272303	1426	Moraxellaceae	Psychrobacter proteolyticus	4061.0	851	15	12	828	0.9868891537544696	0.9858989424206815	0.972972972972973	0.9426377879033769

LKAP-TSAKG2_E07_055_2018_2	1000	None	None	AB205570	1413	Shewanellaceae	Shewanella algidipiscicola	4815.0	984	1	6	970	0.9918200408997955	0.9989785495403473	0.9857723577235772	0.9787668688869628
LKAP-TSAKG2_E07_055_2018_2	1000	None	None	AY653177	1498	Shewanellaceae	Shewanella colwelliana	4812.0	993	5	5	974	0.9858299595141701	0.9949647532729103	0.9808660624370594	0.9710377451781711
LKAP-TSAKG2_E07_055_2018_2	1000	None	None	AY485224	1500	Shewanellaceae	Shewanella marisflavi	4715.0	993	11	9	963	0.9786585365853658	0.9909365558912386	0.9697885196374623	0.9504700232303416
LKAP-TSAKG2_E07_055_2018_2	1000	None	None	AB201475	1487	Shewanellaceae	Shewanella abyssi	4588.0	993	15	13	949	0.9683673469387755	0.9869083585095669	0.9556898288016112	0.9291428891126776
LKAP-TSAKG2_E07_055_2018_2	1000	None	None	AY579752	1295	Shewanellaceae	Shewanella atlantica	4433.0	950	15	17	912	0.977491961414791	0.9841772151898734	0.96	0.9281658031088083

LKAP-TSAKG2_A08_064_2018_2	990	None	None	AJ242986	1414	Alcaligenaceae	Alcaligenes faecalis subsp. parafaecalis	4770.0	958	2	1	956	0.9989550679205852	0.9989561586638831	0.9979123173277662	0.9947938413361169
LKAP-TSAKG2_A08_064_2018_2	990	None	None	D88008	1470	Alcaligenaceae	Alcaligenes faecalis subsp. faecalis	4766.0	981	8	9	964	0.9917695473251029	0.9918367346938776	0.9826707441386341	0.9657795382232076
LKAP-TSAKG2_A08_064_2018_2	990	None	None	AB920828	1412	Alcaligenaceae	Alcaligenes pakistanensis	4702.0	965	12	9	951	0.9947698744769874	0.9906735751295337	0.9854922279792746	0.9643096928845308
LKAP-TSAKG2_A08_064_2018_2	990	None	None	KR967368	1560	Alcaligenaceae	Alcaligenes endophyticus	4751.0	981	21	10	964	0.9927909371781668	0.9898063200815495	0.9826707441386341	0.9522687550485167
LKAP-TSAKG2_A08_064_2018_2	990	None	None	AY296718	1503	Alcaligenaceae	Alcaligenes faecalis subsp. phenolicus	4680.0	981	20	10	956	0.984552008238929	0.9898063200815495	0.9745158002038736	0.9453095324654958

LKAP-TSAKG2_B06_046_2018_2	966	None	None	AY513645	1494	Moraxellaceae	Psychrobacter alimentarius	4653.0	960	8	2	943	0.9843423799582464	0.9979166666666667	0.9822916666666667	0.9721440254820937
LKAP-TSAKG2_B06_046_2018_2	966	None	None	HE654007	1526	Moraxellaceae	Psychrobacter adeliensis	4655.0	960	9	3	943	0.9853709508881923	0.996875	0.9822916666666667	0.9701270639834881
LKAP-TSAKG2_B06_046_2018_2	966	None	None	AB453700	1510	Moraxellaceae	Psychrobacter piscatorii	4634.0	960	14	8	940	0.9873949579831933	0.9916666666666667	0.9791666666666666	0.9570499657768651
LKAP-TSAKG2_B06_046_2018_2	966	None	None	AJ609556	1528	Moraxellaceae	Psychrobacter frigidicola	4567.0	960	14	8	933	0.9800420168067226	0.9916666666666667	0.971875	0.949922997946612
LKAP-TSAKG2_B06_046_2018_2	966	None	None	AJ584832	1481	Moraxellaceae	Psychrobacter vallis	4598.0	960	16	10	936	0.9852631578947368	0.9895833333333334	0.975	0.9490266393442623

LKAP-TSAKG2_C01_011_2018_2	866	None	None	AB105164	1514	Unclassified Bacillales	Exiguobacterium oxidotolerans	4212.0	866	5	1	852	0.9849710982658959	0.9988452655889145	0.9838337182448037	0.9770564480846787
LKAP-TSAKG2_C01_011_2018_2	866	None	None	CP001022	1555	Unclassified Bacillales	Exiguobacterium sibiricum	4122.0	866	9	5	842	0.9779326364692218	0.9942263279445728	0.9722863741339491	0.956729792147806
LKAP-TSAKG2_C01_011_2018_2	866	None	None	AM072763	1450	Unclassified Bacillales	Exiguobacterium artemiae	4122.0	866	9	5	842	0.9779326364692218	0.9942263279445728	0.9722863741339491	0.956729792147806
LKAP-TSAKG2_C01_011_2018_2	866	None	None	AJ846291	1503	Unclassified Bacillales	Exiguobacterium indicum	4096.0	866	10	6	839	0.9755813953488373	0.9930715935334873	0.9688221709006929	0.9511267887837852
LKAP-TSAKG2_C01_011_2018_2	866	None	None	JF893462	1415	Unclassified Bacillales	Exiguobacterium enclense	4053.0	850	10	11	827	0.9856972586412396	0.9882214369846879	0.9729411764705882	0.9491833105335157

LKAP-TSAKG2_G07_051_2018_2	435	None	None	GU929924	1328	Vibrionaceae	Vibrio variabilis	1330.0	275	1	1	270	0.9854014598540146	0.9963636363636363	0.9818181818181818	0.9747035573122529
LKAP-TSAKG2_G07_051_2018_2	435	None	None	KT732014	1193	Vibrionaceae	Vibrio sonorensis	1301.0	272	0	2	265	0.9814814814814815	1.0	0.9742647058823529	0.9671009948096886
LKAP-TSAKG2_G07_051_2018_2	435	None	None	AM235737	1455	Vibrionaceae	Vibrio anguillarum	2130.0	434	7	4	430	1.0	0.9907834101382489	0.9907834101382489	0.9660699917447778
LKAP-TSAKG2_G07_051_2018_2	435	None	None	AJ515230	1321	Vibrionaceae	Vibrio splendidus	1745.0	365	2	2	356	0.9807162534435262	0.9945205479452055	0.9753424657534246	0.9647120301593819
LKAP-TSAKG2_G07_051_2018_2	435	None	None	GQ352641	1338	Vibrionaceae	Vibrio plantisponsor	1827.0	381	3	4	372	0.986737400530504	0.9921052631578947	0.9763779527559056	0.9585793963254594

LKAP-TSAKG2_H07_049_2018_2	921	None	None	AJ242986	1414	Alcaligenaceae	Alcaligenes faecalis subsp. parafaecalis	4433.0	892	1	1	889	0.9977553310886644	0.9988789237668162	0.9966367713004485	0.9944046620702124
LKAP-TSAKG2_H07_049_2018_2	921	None	None	AB920828	1412	Alcaligenaceae	Alcaligenes pakistanensis	4398.0	899	8	6	888	0.9944008958566629	0.9933259176863182	0.9877641824249166	0.9725175467535286
LKAP-TSAKG2_H07_049_2018_2	921	None	None	KR967368	1560	Alcaligenaceae	Alcaligenes endophyticus	4419.0	911	10	7	895	0.9900442477876106	0.9923161361141603	0.9824368825466521	0.9643028684279843
LKAP-TSAKG2_H07_049_2018_2	921	None	None	D88008	1470	Alcaligenaceae	Alcaligenes faecalis subsp. faecalis	4416.0	911	8	8	894	0.9900332225913622	0.991218441273326	0.9813391877058177	0.9642538482027784
LKAP-TSAKG2_H07_049_2018_2	921	None	None	AY296718	1503	Alcaligenaceae	Alcaligenes faecalis subsp. phenolicus	4330.0	911	20	9	886	0.9822616407982262	0.9901207464324918	0.9725576289791438	0.9422631378508998

