LKAP-TSA1KG_D12_090_2018_1	259	None	None	AY818050	1510	Unclassified Bacillales	Exiguobacterium profundum	1171.0	252	6	2	243	0.972	0.9920634920634921	0.9642857142857143	0.9343853820598007
LKAP-TSA1KG_D12_090_2018_1	259	None	None	AY594266	1519	Unclassified Bacillales	Exiguobacterium marinum	1191.0	259	10	3	249	0.97265625	0.9884169884169884	0.9613899613899614	0.9149287364900748
LKAP-TSA1KG_D12_090_2018_1	259	None	None	AY594264	1517	Unclassified Bacillales	Exiguobacterium aestuarii	1185.0	259	10	4	248	0.9725490196078431	0.9845559845559846	0.9575289575289575	0.9076947366910192
LKAP-TSA1KG_D12_090_2018_1	259	None	None	EU379016	1477	Unclassified Bacillales	Exiguobacterium alkaliphilum	1089.0	250	16	12	232	0.9747899159663865	0.952	0.928	0.8303157894736842
LKAP-TSA1KG_D12_090_2018_1	259	None	None	DQ019166	1552	Unclassified Bacillales	Exiguobacterium aurantiacum	1105.0	259	20	14	238	0.9714285714285714	0.9459459459459459	0.918918918918919	0.8069359682262909

LKAP-TSA1KG_E11_087_2018_1	395	None	None	X68415	1554	Planococcaceae	Sporosarcina globispora	1942.0	395	8	0	393	0.9949367088607595	1.0	0.9949367088607595	0.9751861042183623
LKAP-TSA1KG_E11_087_2018_1	395	None	None	D16277	1485	Planococcaceae	Sporosarcina psychrophila	1924.0	395	8	0	391	0.9898734177215189	1.0	0.9898734177215189	0.9702233250620348
LKAP-TSA1KG_E11_087_2018_1	395	None	None	AJ292316	1517	Planococcaceae	Filibacter limicola	1882.0	395	12	4	386	0.9872122762148338	0.9898734177215189	0.9772151898734177	0.938798867912792
LKAP-TSA1KG_E11_087_2018_1	395	None	None	DQ073393	1498	Planococcaceae	Sporosarcina koreensis	1848.0	395	12	4	382	0.9769820971867008	0.9898734177215189	0.9670886075949368	0.9290703822349392
LKAP-TSA1KG_E11_087_2018_1	395	None	None	AB243859	1504	Planococcaceae	Sporosarcina saromensis	1839.0	395	12	4	381	0.9744245524296675	0.9898734177215189	0.9645569620253165	0.9266382608154761

LKAP-TSA1KG_E10_072_2018_1	410	None	None	AF500007	1507	Planococcaceae	Planococcus maritimus	2004.0	410	10	3	406	0.9975429975429976	0.9926829268292683	0.9902439024390244	0.9595934959349592
LKAP-TSA1KG_E10_072_2018_1	410	None	None	JF775504	1449	Planococcaceae	Planococcus plakortidis	1987.0	410	9	3	404	0.9926289926289926	0.9926829268292683	0.9853658536585366	0.9571453518831131
LKAP-TSA1KG_E10_072_2018_1	410	None	None	AJ314745	1479	Planococcaceae	Planococcus antarcticus	1978.0	410	9	3	403	0.9901719901719902	0.9926829268292683	0.9829268292682927	0.9547761802200361
LKAP-TSA1KG_E10_072_2018_1	410	None	None	KX516729	1538	Planococcaceae	Planococcus versutus	1960.0	410	9	3	401	0.9852579852579852	0.9926829268292683	0.9780487804878049	0.9500378368938821
LKAP-TSA1KG_E10_072_2018_1	410	None	None	JF742665	1555	Planococcaceae	Planococcus halocryophilus	1969.0	410	11	4	402	0.9901477832512315	0.9902439024390244	0.9804878048780488	0.9455535600486645

LKAP-TSA1KG_C04_028_2018_1	501	None	None	AB205570	1413	Shewanellaceae	Shewanella algidipiscicola	2397.0	492	0	7	483	0.9958762886597938	1.0	0.9817073170731707	0.9677399365457069
LKAP-TSA1KG_C04_028_2018_1	501	None	None	AY653177	1498	Shewanellaceae	Shewanella colwelliana	2421.0	501	3	4	490	0.9859154929577465	0.994	0.9780439121756487	0.964459968950987
LKAP-TSA1KG_C04_028_2018_1	501	None	None	AY485224	1500	Shewanellaceae	Shewanella marisflavi	2333.0	501	10	9	480	0.975609756097561	0.9820359281437125	0.9580838323353293	0.922460363031276
LKAP-TSA1KG_C04_028_2018_1	501	None	None	AB094597	1499	Shewanellaceae	Shewanella surugensis	2227.0	501	11	12	468	0.9570552147239264	0.978	0.9341317365269461	0.8921687874251497
LKAP-TSA1KG_C04_028_2018_1	501	None	None	AY485225	1499	Shewanellaceae	Shewanella aquimarina	2285.0	501	16	15	474	0.9753086419753086	0.9700598802395209	0.9461077844311377	0.8893779172795608

LKAP-TSA1KG_B02_014_2018_1	367	None	None	AJ272303	1426	Moraxellaceae	Psychrobacter proteolyticus	1730.0	354	3	2	349	0.9914772727272727	0.9943502824858758	0.9858757062146892	0.9720679232144834
LKAP-TSA1KG_B02_014_2018_1	367	None	None	AY444822	1504	Moraxellaceae	Psychrobacter arcticus	1809.0	367	10	0	366	0.997275204359673	1.0	0.997275204359673	0.9708222811671088
LKAP-TSA1KG_B02_014_2018_1	367	None	None	AJ313425	1498	Moraxellaceae	Psychrobacter nivimaris	1809.0	367	10	0	366	0.997275204359673	1.0	0.997275204359673	0.9708222811671088
LKAP-TSA1KG_B02_014_2018_1	367	None	None	AJ430827	1491	Moraxellaceae	Psychrobacter fozii	1791.0	367	10	0	364	0.9918256130790191	1.0	0.9918256130790191	0.9655172413793104
LKAP-TSA1KG_B02_014_2018_1	367	None	None	AY722804	1494	Moraxellaceae	Psychrobacter aquimaris	1791.0	367	10	0	364	0.9918256130790191	1.0	0.9918256130790191	0.9655172413793104

LKAP-TSA1KG_H07_049_2018_1	1106	None	None	AY513645	1494	Moraxellaceae	Psychrobacter alimentarius	5396.0	1103	9	3	1090	0.990909090909091	0.9972801450589301	0.9882139619220308	0.9775497824768291
LKAP-TSA1KG_H07_049_2018_1	1106	None	None	HE654007	1526	Moraxellaceae	Psychrobacter adeliensis	5398.0	1103	10	4	1090	0.991810737033667	0.9963735267452403	0.9882139619220308	0.9757835976211248
LKAP-TSA1KG_H07_049_2018_1	1106	None	None	AB453700	1510	Moraxellaceae	Psychrobacter piscatorii	5377.0	1103	15	9	1087	0.993601462522852	0.9918404351767905	0.985494106980961	0.9643385984232301
LKAP-TSA1KG_H07_049_2018_1	1106	None	None	AJ609556	1528	Moraxellaceae	Psychrobacter frigidicola	5310.0	1103	15	9	1080	0.9872029250457038	0.9918404351767905	0.9791477787851315	0.9581285062530716
LKAP-TSA1KG_H07_049_2018_1	1106	None	None	AJ584832	1481	Moraxellaceae	Psychrobacter vallis	5341.0	1103	17	11	1083	0.9917582417582418	0.9900271985494107	0.9818676337262012	0.9573209428830463

LKAP-TSA1KG_D05_041_2018_1	359	None	None	AY444822	1504	Moraxellaceae	Psychrobacter arcticus	1708.0	359	13	3	351	0.9859550561797753	0.9916434540389972	0.9777158774373259	0.9356635816335699
LKAP-TSA1KG_D05_041_2018_1	359	None	None	AJ313425	1498	Moraxellaceae	Psychrobacter nivimaris	1708.0	359	13	3	351	0.9859550561797753	0.9916434540389972	0.9777158774373259	0.9356635816335699
LKAP-TSA1KG_D05_041_2018_1	359	None	None	AB094794	1492	Moraxellaceae	Psychrobacter okhotskensis	1690.0	359	13	3	349	0.9803370786516854	0.9916434540389972	0.9721448467966574	0.9303321652140055
LKAP-TSA1KG_D05_041_2018_1	359	None	None	AJ272303	1426	Moraxellaceae	Psychrobacter proteolyticus	1641.0	348	9	6	337	0.9853801169590644	0.9827586206896551	0.9683908045977011	0.9277021153288901
LKAP-TSA1KG_D05_041_2018_1	359	None	None	AY842259	1495	Moraxellaceae	Psychrobacter celer	1683.0	359	15	5	348	0.9830508474576272	0.9860724233983287	0.9693593314763231	0.9175219340711721

LKAP-TSA1KG_C06_044_2018_1	233	None	None	AJ009859	1505	Aeromonadaceae	Aeromonas salmonicida subsp. smithia	737.0	232	26	47	177	0.9567567567567568	0.8767772511848341	0.7629310344827587	0.5470629510825983
LKAP-TSA1KG_C06_044_2018_1	233	None	None	AB027542	1467	Aeromonadaceae	Aeromonas salmonicida subsp. masoucida	731.0	232	17	52	174	0.9666666666666667	0.9137055837563451	0.75	0.5421686746987951
LKAP-TSA1KG_C06_044_2018_1	233	None	None	AF134065	1431	Aeromonadaceae	Aeromonas salmonicida subsp. pectinolytica	731.0	232	17	52	174	0.9666666666666667	0.9137055837563451	0.75	0.5421686746987951
LKAP-TSA1KG_C06_044_2018_1	233	None	None	AY987751	1510	Aeromonadaceae	Aeromonas salmonicida subsp. salmonicida	732.0	233	20	52	175	0.9668508287292817	0.900497512437811	0.7510729613733905	0.5373288775042833
LKAP-TSA1KG_C06_044_2018_1	233	None	None	DQ504429	1506	Aeromonadaceae	Aeromonas bivalvium	734.0	233	25	51	176	0.967032967032967	0.8792270531400966	0.7553648068669528	0.5328542436038194

LKAP-TSA1KG_C01_011_2018_1	355	None	None	AY444822	1504	Moraxellaceae	Psychrobacter arcticus	1739.0	355	13	2	353	1.0	0.9943661971830986	0.9943661971830986	0.953834966319657
LKAP-TSA1KG_C01_011_2018_1	355	None	None	AJ313425	1498	Moraxellaceae	Psychrobacter nivimaris	1739.0	355	13	2	353	1.0	0.9943661971830986	0.9943661971830986	0.953834966319657
LKAP-TSA1KG_C01_011_2018_1	355	None	None	AJ272303	1426	Moraxellaceae	Psychrobacter proteolyticus	1665.0	343	9	3	338	0.9941176470588236	0.9912536443148688	0.9854227405247813	0.9518287834614365
LKAP-TSA1KG_C01_011_2018_1	355	None	None	AJ430827	1491	Moraxellaceae	Psychrobacter fozii	1721.0	355	13	2	351	0.9943342776203966	0.9943661971830986	0.9887323943661972	0.9484308022045316
LKAP-TSA1KG_C01_011_2018_1	355	None	None	AY722804	1494	Moraxellaceae	Psychrobacter aquimaris	1721.0	355	13	2	351	0.9943342776203966	0.9943661971830986	0.9887323943661972	0.9484308022045316

LKAP-TSA1KG_B12_094_2018_1	315	None	None	AY513645	1494	Moraxellaceae	Psychrobacter alimentarius	1547.0	315	5	0	313	0.9936507936507937	1.0	0.9936507936507937	0.978125
LKAP-TSA1KG_B12_094_2018_1	315	None	None	AJ609556	1528	Moraxellaceae	Psychrobacter frigidicola	1547.0	315	5	0	313	0.9936507936507937	1.0	0.9936507936507937	0.978125
LKAP-TSA1KG_B12_094_2018_1	315	None	None	HE654007	1526	Moraxellaceae	Psychrobacter adeliensis	1513.0	315	8	3	309	0.9903846153846154	0.9904761904761905	0.9809523809523809	0.9475453339230427
LKAP-TSA1KG_B12_094_2018_1	315	None	None	AJ312213	1515	Moraxellaceae	Psychrobacter glacincola	1504.0	315	8	3	308	0.9871794871794872	0.9904761904761905	0.9777777777777777	0.9444788441692467
LKAP-TSA1KG_B12_094_2018_1	315	None	None	U39399	1477	Moraxellaceae	Psychrobacter immobilis	1433.0	305	4	6	294	0.9832775919732442	0.9867986798679867	0.9639344262295082	0.9327391373547669

LKAP-TSA1KG_G01_003_2018_1	928	None	None	AY818050	1510	Unclassified Bacillales	Exiguobacterium profundum	4536.0	916	4	0	912	0.9956331877729258	1.0	0.9956331877729258	0.991304347826087
LKAP-TSA1KG_G01_003_2018_1	928	None	None	AY594264	1517	Unclassified Bacillales	Exiguobacterium aestuarii	4570.0	925	3	4	918	0.996742671009772	0.9967532467532467	0.9924324324324324	0.9849464119291704
LKAP-TSA1KG_G01_003_2018_1	928	None	None	AY594266	1519	Unclassified Bacillales	Exiguobacterium marinum	4522.0	925	6	5	913	0.9923913043478261	0.9945945945945946	0.987027027027027	0.9753650535605423
LKAP-TSA1KG_G01_003_2018_1	928	None	None	EU379016	1477	Unclassified Bacillales	Exiguobacterium alkaliphilum	4451.0	916	17	13	901	0.9977851605758582	0.9858078602620087	0.9836244541484717	0.9519966581951447
LKAP-TSA1KG_G01_003_2018_1	928	None	None	AM072764	1408	Unclassified Bacillales	Exiguobacterium mexicanum	4473.0	925	14	15	906	0.9956043956043956	0.9848484848484849	0.9794594594594594	0.9492099127881874

LKAP-TSA1KG_F04_022_2018_1	412	None	None	AB205570	1413	Shewanellaceae	Shewanella algidipiscicola	1989.0	403	4	3	400	1.0	0.9925558312655087	0.9925558312655087	0.9754848464525885
LKAP-TSA1KG_F04_022_2018_1	412	None	None	AY653177	1498	Shewanellaceae	Shewanella colwelliana	2022.0	409	15	0	409	1.0	1.0	1.0	0.964622641509434
LKAP-TSA1KG_F04_022_2018_1	412	None	None	AF005251	1389	Shewanellaceae	Shewanella oneidensis	1525.0	322	9	5	313	0.9873817034700315	0.984472049689441	0.9720496894409938	0.9309358052954533
LKAP-TSA1KG_F04_022_2018_1	412	None	None	AY485224	1500	Shewanellaceae	Shewanella marisflavi	1970.0	409	21	4	403	0.9950617283950617	0.9902200488997555	0.9853300733496333	0.928043441178143
LKAP-TSA1KG_F04_022_2018_1	412	None	None	AY579752	1295	Shewanellaceae	Shewanella atlantica	1712.0	368	10	6	354	0.9779005524861878	0.9836956521739131	0.9619565217391305	0.9212387853692202

LKAP-TSA1KG_F01_005_2018_1	343	None	None	KT444699	1405	Moraxellaceae	Psychrobacter pocilloporae	1547.0	313	1	1	311	0.9967948717948718	0.9968051118210862	0.9936102236421726	0.9872814961030504
LKAP-TSA1KG_F01_005_2018_1	343	None	None	AB453700	1510	Moraxellaceae	Psychrobacter piscatorii	1660.0	342	9	1	338	0.9912023460410557	0.9970760233918129	0.9883040935672515	0.9601472817847087
LKAP-TSA1KG_F01_005_2018_1	343	None	None	AJ584832	1481	Moraxellaceae	Psychrobacter vallis	1671.0	343	11	1	340	0.9941520467836257	0.9970845481049563	0.9912536443148688	0.9576518258635174
LKAP-TSA1KG_F01_005_2018_1	343	None	None	AJ584833	1481	Moraxellaceae	Psychrobacter aquaticus	1671.0	343	11	1	340	0.9941520467836257	0.9970845481049563	0.9912536443148688	0.9576518258635174
LKAP-TSA1KG_F01_005_2018_1	343	None	None	AJ609272	1476	Moraxellaceae	Psychrobacter maritimus	1671.0	343	12	2	340	0.9970674486803519	0.9941690962099126	0.9912536443148688	0.9521619512996345

LKAP-TSA1KG_F10_070_2018_1	271	None	None	AM931709	1519	Micrococcaceae	Paeniglutamicibacter antarcticus	1161.0	271	21	11	250	0.9615384615384616	0.959409594095941	0.922509225092251	0.8214123237122782
LKAP-TSA1KG_F10_070_2018_1	271	None	None	X83409	1478	Micrococcaceae	Paeniglutamicibacter sulfureus	1126.0	271	20	11	246	0.9461538461538461	0.959409594095941	0.9077490774907749	0.8110472857305894
LKAP-TSA1KG_F10_070_2018_1	271	None	None	AJ606061	1454	Micrococcaceae	Paeniglutamicibacter gangotriensis	1104.0	271	20	17	242	0.952755905511811	0.9372693726937269	0.8929889298892989	0.779447382102687
LKAP-TSA1KG_F10_070_2018_1	271	None	None	AJ606062	1482	Micrococcaceae	Paeniglutamicibacter kerguelensis	1111.0	271	24	16	243	0.9529411764705882	0.940959409594096	0.8966789667896679	0.7750953780724248
LKAP-TSA1KG_F10_070_2018_1	271	None	None	KC251736	1302	Microbacteriaceae	Amnibacterium soli	843.0	209	17	17	185	0.9635416666666666	0.9186602870813397	0.8851674641148325	0.7520006774780879

LKAP-TSA1KG_D07_057_2018_1	356	None	None	AF500007	1507	Planococcaceae	Planococcus maritimus	1738.0	356	10	1	353	0.9943661971830986	0.9971910112359551	0.9915730337078652	0.9617716583778473
LKAP-TSA1KG_D07_057_2018_1	356	None	None	AJ314745	1479	Planococcaceae	Planococcus antarcticus	1721.0	356	9	1	351	0.9887323943661972	0.9971910112359551	0.9859550561797753	0.9589425888871788
LKAP-TSA1KG_D07_057_2018_1	356	None	None	JF775504	1449	Planococcaceae	Planococcus plakortidis	1721.0	356	9	1	351	0.9887323943661972	0.9971910112359551	0.9859550561797753	0.9589425888871788
LKAP-TSA1KG_D07_057_2018_1	356	None	None	KX516729	1538	Planococcaceae	Planococcus versutus	1703.0	356	9	1	349	0.9830985915492958	0.9971910112359551	0.9803370786516854	0.9534785285516392
LKAP-TSA1KG_D07_057_2018_1	356	None	None	JF742665	1555	Planococcaceae	Planococcus halocryophilus	1712.0	356	11	2	350	0.9887005649717514	0.9943820224719101	0.9831460674157303	0.9483207298778434

LKAP-TSA1KG_G09_067_2018_1	1013	None	None	AJ242986	1414	Alcaligenaceae	Alcaligenes faecalis subsp. parafaecalis	4930.0	990	0	1	987	0.9979777553083923	1.0	0.996969696969697	0.9959626568717478
LKAP-TSA1KG_G09_067_2018_1	1013	None	None	AB920828	1412	Alcaligenaceae	Alcaligenes pakistanensis	4853.0	997	10	8	982	0.9929221435793731	0.9919759277833501	0.9849548645937813	0.967348918652681
LKAP-TSA1KG_G09_067_2018_1	1013	None	None	D88008	1470	Alcaligenaceae	Alcaligenes faecalis subsp. faecalis	4896.0	1010	8	8	991	0.9890219560878244	0.9920792079207921	0.9811881188118812	0.9657666945476473
LKAP-TSA1KG_G09_067_2018_1	1013	None	None	KR967368	1560	Alcaligenaceae	Alcaligenes endophyticus	4858.0	1010	15	12	987	0.9889779559118237	0.9881188118811881	0.9772277227722772	0.9514861144651051
LKAP-TSA1KG_G09_067_2018_1	1013	None	None	AY296718	1503	Alcaligenaceae	Alcaligenes faecalis subsp. phenolicus	4808.0	1010	21	9	983	0.9820179820179821	0.9910891089108911	0.9732673267326732	0.9449472299315286

LKAP-TSA1KG_H10_066_2018_1	1016	None	None	AB243859	1504	Planococcaceae	Sporosarcina saromensis	5005.0	1013	4	2	1006	0.9950544015825915	0.998025666337611	0.9930898321816387	0.9872308951186202
LKAP-TSA1KG_H10_066_2018_1	1016	None	None	AB473560	1507	Planococcaceae	Sporosarcina luteola	4946.0	1013	18	5	1001	0.9930555555555556	0.9950641658440277	0.9881539980256664	0.966109825421796
LKAP-TSA1KG_H10_066_2018_1	1016	None	None	DQ073393	1498	Planococcaceae	Sporosarcina koreensis	4912.0	1013	23	10	997	0.9940179461615155	0.9901283316880553	0.9842053307008884	0.9528551609005705
LKAP-TSA1KG_H10_066_2018_1	1016	None	None	AF202056	1508	Planococcaceae	Sporosarcina aquimarina	4772.0	1013	15	11	980	0.9780439121756487	0.9891411648568608	0.9674234945705824	0.9429555851748285
LKAP-TSA1KG_H10_066_2018_1	1016	None	None	DQ073394	1505	Planococcaceae	Sporosarcina soli	4832.0	1013	24	11	988	0.9860279441117764	0.9891411648568608	0.9753208292201382	0.9424025755820429

LKAP-TSA1KG_G02_004_2018_1	1191	None	None	X68415	1554	Planococcaceae	Sporosarcina globispora	3759.0	1187	456	123	958	0.900375939849624	0.8963774220724515	0.8070766638584668	0.5226595072096218
LKAP-TSA1KG_G02_004_2018_1	1191	None	None	D16277	1485	Planococcaceae	Sporosarcina psychrophila	3725.0	1190	415	136	946	0.8975332068311196	0.8857142857142857	0.7949579831932773	0.5220471740097908
LKAP-TSA1KG_G02_004_2018_1	1191	None	None	AJ292316	1517	Planococcaceae	Filibacter limicola	3702.0	1189	457	139	951	0.9057142857142857	0.8830950378469302	0.7998317914213625	0.5102207660950369
LKAP-TSA1KG_G02_004_2018_1	1191	None	None	FN298444	1463	Planococcaceae	Sporosarcina contaminans	3656.0	1186	420	148	935	0.9007707129094412	0.8752107925801011	0.7883642495784149	0.5095405299267712
LKAP-TSA1KG_G02_004_2018_1	1191	None	None	DQ073393	1498	Planococcaceae	Sporosarcina koreensis	3664.0	1191	426	146	939	0.8985645933014355	0.8774139378673383	0.7884130982367759	0.5095186689285286

LKAP-TSA1KG_E09_071_2018_1	375	None	None	GU929924	1328	Vibrionaceae	Vibrio variabilis	1078.0	221	0	0	218	0.9864253393665159	1.0	0.9864253393665159	0.9864253393665159
LKAP-TSA1KG_E09_071_2018_1	375	None	None	AJ515230	1321	Vibrionaceae	Vibrio splendidus	1492.0	311	0	0	304	0.977491961414791	1.0	0.977491961414791	0.977491961414791
LKAP-TSA1KG_E09_071_2018_1	375	None	None	KT732014	1193	Vibrionaceae	Vibrio sonorensis	1047.0	218	0	1	213	0.9815668202764977	1.0	0.9770642201834863	0.9725822742193418
LKAP-TSA1KG_E09_071_2018_1	375	None	None	AB428909	1298	Vibrionaceae	Vibrio sagamiensis	1545.0	321	1	2	314	0.9843260188087775	0.996875	0.9781931464174455	0.9690795456744258
LKAP-TSA1KG_E09_071_2018_1	375	None	None	X74718	1425	Vibrionaceae	Vibrio ordalii	1838.0	375	8	2	372	0.9973190348525469	0.9946666666666667	0.992	0.9660992167101828

LKAP-TSA1KG_B10_078_2018_1	477	None	None	AY594264	1517	Unclassified Bacillales	Exiguobacterium aestuarii	2355.0	477	6	0	475	0.9958071278825996	1.0	0.9958071278825996	0.9834368530020704
LKAP-TSA1KG_B10_078_2018_1	477	None	None	AY818050	1510	Unclassified Bacillales	Exiguobacterium profundum	2295.0	472	5	3	465	0.9914712153518124	0.9936440677966102	0.9851694915254238	0.9686467327577017
LKAP-TSA1KG_B10_078_2018_1	477	None	None	AY594266	1519	Unclassified Bacillales	Exiguobacterium marinum	2309.0	477	8	1	470	0.9873949579831933	0.9979035639412998	0.9853249475890985	0.9670405671183729
LKAP-TSA1KG_B10_078_2018_1	477	None	None	AM072764	1408	Unclassified Bacillales	Exiguobacterium mexicanum	2250.0	477	17	11	462	0.9914163090128756	0.9769392033542977	0.9685534591194969	0.9136556922058412
LKAP-TSA1KG_B10_078_2018_1	477	None	None	DQ019166	1552	Unclassified Bacillales	Exiguobacterium aurantiacum	2240.0	477	17	11	461	0.9892703862660944	0.9769392033542977	0.9664570230607966	0.9116780824824519

LKAP-TSA1KG_H08_050_2018_1	1010	None	None	X68415	1554	Planococcaceae	Sporosarcina globispora	4798.0	1005	15	18	977	0.9898682877406282	0.9850299401197605	0.972139303482587	0.9406877377816798
LKAP-TSA1KG_H08_050_2018_1	1010	None	None	D16277	1485	Planococcaceae	Sporosarcina psychrophila	4789.0	1005	15	18	976	0.9888551165146909	0.9850299401197605	0.9711442786069652	0.9397249048873281
LKAP-TSA1KG_H08_050_2018_1	1010	None	None	AJ292316	1517	Planococcaceae	Filibacter limicola	4750.0	1005	13	16	972	0.9828109201213346	0.9870259481037924	0.9671641791044776	0.939612350819576
LKAP-TSA1KG_H08_050_2018_1	1010	None	None	FN298444	1463	Planococcaceae	Sporosarcina contaminans	4728.0	1005	15	18	969	0.9817629179331308	0.9850299401197605	0.9641791044776119	0.9329850746268656
LKAP-TSA1KG_H08_050_2018_1	1010	None	None	DQ073394	1505	Planococcaceae	Sporosarcina soli	4706.0	1005	18	21	966	0.9817073170731707	0.9820359281437125	0.9611940298507463	0.9245502691819495

LKAP-TSA1KG_B03_029_2018_1	414	None	None	AJ314745	1479	Planococcaceae	Planococcus antarcticus	1989.0	412	16	0	407	0.9878640776699029	1.0	0.9878640776699029	0.9509345794392523
LKAP-TSA1KG_B03_029_2018_1	414	None	None	JF775504	1449	Planococcaceae	Planococcus plakortidis	2004.0	414	19	0	410	0.9903381642512077	1.0	0.9903381642512077	0.9468822170900693
LKAP-TSA1KG_B03_029_2018_1	414	None	None	AF500007	1507	Planococcaceae	Planococcus maritimus	2013.0	414	17	3	410	0.9975669099756691	0.9927536231884058	0.9903381642512077	0.9443827970005716
LKAP-TSA1KG_B03_029_2018_1	414	None	None	KX516729	1538	Planococcaceae	Planococcus versutus	1977.0	414	19	0	407	0.9830917874396136	1.0	0.9830917874396136	0.9399538106235565
LKAP-TSA1KG_B03_029_2018_1	414	None	None	JF742665	1555	Planococcaceae	Planococcus halocryophilus	1979.0	414	23	3	407	0.9902676399026764	0.9927536231884058	0.9830917874396136	0.9246012005438928

LKAP-TSA1KG_G05_035_2018_1	1327	None	None	AY513645	1494	Moraxellaceae	Psychrobacter alimentarius	5992.0	1325	79	36	1253	0.9720713731574864	0.9728301886792453	0.9456603773584905	0.8682024404665913
LKAP-TSA1KG_G05_035_2018_1	1327	None	None	HE654007	1526	Moraxellaceae	Psychrobacter adeliensis	5994.0	1325	80	37	1253	0.9728260869565217	0.9720754716981133	0.9456603773584905	0.866911434902303
LKAP-TSA1KG_G05_035_2018_1	1327	None	None	AB453700	1510	Moraxellaceae	Psychrobacter piscatorii	5973.0	1325	85	42	1250	0.9742790335151987	0.9683018867924529	0.9433962264150944	0.8584236585039476
LKAP-TSA1KG_G05_035_2018_1	1327	None	None	AJ609556	1528	Moraxellaceae	Psychrobacter frigidicola	5906.0	1325	85	42	1243	0.9688230709275136	0.9683018867924529	0.9381132075471698	0.8536164860163253
LKAP-TSA1KG_G05_035_2018_1	1327	None	None	AJ584832	1481	Moraxellaceae	Psychrobacter vallis	5937.0	1325	87	44	1246	0.9726775956284153	0.9667924528301887	0.940377358490566	0.8531327168742316

LKAP-TSA1KG_C07_059_2018_1	520	None	None	AF500007	1507	Planococcaceae	Planococcus maritimus	2493.0	516	3	3	505	0.9844054580896686	0.9941860465116279	0.9786821705426356	0.967367925796478
LKAP-TSA1KG_C07_059_2018_1	520	None	None	JF775504	1449	Planococcaceae	Planococcus plakortidis	2476.0	516	2	3	503	0.9805068226120858	0.996116504854369	0.9748062015503876	0.9653968752805961
LKAP-TSA1KG_C07_059_2018_1	520	None	None	AJ314745	1479	Planococcaceae	Planococcus antarcticus	2449.0	516	2	3	500	0.9746588693957114	0.996116504854369	0.9689922480620154	0.9596390410343898
LKAP-TSA1KG_C07_059_2018_1	520	None	None	JF742665	1555	Planococcaceae	Planococcus halocryophilus	2467.0	516	4	4	502	0.98046875	0.9922480620155039	0.9728682170542635	0.9579010137149672
LKAP-TSA1KG_C07_059_2018_1	520	None	None	EF079063	1452	Planococcaceae	Planococcus donghaensis	2460.0	516	4	4	501	0.978515625	0.9922480620155039	0.9709302325581395	0.9559928443649374

LKAP-TSA1KG_F02_006_2018_1	399	None	None	D16277	1485	Planococcaceae	Sporosarcina psychrophila	1923.0	399	7	1	392	0.9849246231155779	0.9974937343358395	0.9824561403508771	0.9630973986690864
LKAP-TSA1KG_F02_006_2018_1	399	None	None	X68415	1554	Planococcaceae	Sporosarcina globispora	1943.0	399	25	0	397	0.9949874686716792	1.0	0.9949874686716792	0.9363207547169812
LKAP-TSA1KG_F02_006_2018_1	399	None	None	AJ292316	1517	Planococcaceae	Filibacter limicola	1898.0	399	12	6	389	0.989821882951654	0.9849624060150376	0.974937343358396	0.9322393575178823
LKAP-TSA1KG_F02_006_2018_1	399	None	None	DQ073393	1498	Planococcaceae	Sporosarcina koreensis	1841.0	399	15	9	382	0.9794871794871794	0.9774436090225563	0.9573934837092731	0.901892412189895
LKAP-TSA1KG_F02_006_2018_1	399	None	None	AB243859	1504	Planococcaceae	Sporosarcina saromensis	1841.0	399	15	9	382	0.9794871794871794	0.9774436090225563	0.9573934837092731	0.901892412189895

LKAP-TSA1KG_H04_018_2018_1	244	None	None	HE654007	1526	Moraxellaceae	Psychrobacter adeliensis	988.0	244	86	14	228	0.991304347826087	0.9426229508196722	0.9344262295081968	0.6512667660208644
LKAP-TSA1KG_H04_018_2018_1	244	None	None	AJ312213	1515	Moraxellaceae	Psychrobacter glacincola	979.0	244	86	14	227	0.9869565217391304	0.9426229508196722	0.930327868852459	0.6484103328365624
LKAP-TSA1KG_H04_018_2018_1	244	None	None	U39399	1477	Moraxellaceae	Psychrobacter immobilis	931.0	234	77	16	215	0.9862385321100917	0.9316239316239316	0.9188034188034188	0.6440486987110782
LKAP-TSA1KG_H04_018_2018_1	244	None	None	AY513645	1494	Moraxellaceae	Psychrobacter alimentarius	982.0	244	88	16	227	0.9956140350877193	0.9344262295081968	0.930327868852459	0.6388998617420502
LKAP-TSA1KG_H04_018_2018_1	244	None	None	AJ609556	1528	Moraxellaceae	Psychrobacter frigidicola	982.0	244	88	16	227	0.9956140350877193	0.9344262295081968	0.930327868852459	0.6388998617420502

LKAP-TSA1KG_E06_040_2018_1	398	None	None	EU558281	1514	Paenibacillaceae	Paenibacillus xylanexedens	1944.0	398	7	1	394	0.9924433249370277	0.9974874371859297	0.9899497487437185	0.9703951858055709
LKAP-TSA1KG_E06_040_2018_1	398	None	None	KU573975	1453	Paenibacillaceae	Paenibacillus intestini	1804.0	376	5	2	368	0.983957219251337	0.9946808510638298	0.9787234042553191	0.9607416094264812
LKAP-TSA1KG_E06_040_2018_1	398	None	None	AB045094	1500	Paenibacillaceae	Paenibacillus pabuli	1936.0	398	10	4	393	0.9974619289340102	0.9899497487437185	0.9874371859296482	0.9535545373928466
LKAP-TSA1KG_E06_040_2018_1	398	None	None	KF425513	1369	Paenibacillaceae	Paenibacillus dongdonensis	1757.0	368	6	3	359	0.9835616438356164	0.9918478260869565	0.9755434782608695	0.9520678330620785
LKAP-TSA1KG_E06_040_2018_1	398	None	None	D85396	1508	Paenibacillaceae	Paenibacillus amylolyticus	1914.0	398	9	3	390	0.9873417721518988	0.992462311557789	0.9798994974874372	0.951008111812132

LKAP-TSA1KG_G08_052_2018_1	762	None	None	HE654007	1526	Moraxellaceae	Psychrobacter adeliensis	2974.0	762	83	79	661	0.9677891654465594	0.8963254593175853	0.8674540682414699	0.7011492646259454
LKAP-TSA1KG_G08_052_2018_1	762	None	None	AB453700	1510	Moraxellaceae	Psychrobacter piscatorii	2977.0	760	82	84	659	0.9748520710059172	0.8918205804749341	0.8671052631578947	0.696155769471184
LKAP-TSA1KG_G08_052_2018_1	762	None	None	AJ313425	1498	Moraxellaceae	Psychrobacter nivimaris	2978.0	762	88	84	661	0.9749262536873157	0.889763779527559	0.8674540682414699	0.6919221861973137
LKAP-TSA1KG_G08_052_2018_1	762	None	None	AB910522	1465	Moraxellaceae	Psychrobacter oceani	2952.0	761	85	82	656	0.9661266568483063	0.8922470433639947	0.8620236530880421	0.6918605915446578
LKAP-TSA1KG_G08_052_2018_1	762	None	None	AJ272303	1426	Moraxellaceae	Psychrobacter proteolyticus	2903.0	745	80	84	643	0.972768532526475	0.8920377867746289	0.8630872483221477	0.6915159650193208

LKAP-TSA1KG_B06_046_2018_1	459	None	None	AF500007	1507	Planococcaceae	Planococcus maritimus	2138.0	458	14	2	443	0.9714912280701754	0.9956331877729258	0.9672489082969432	0.9344608097106062
LKAP-TSA1KG_B06_046_2018_1	459	None	None	JF775504	1449	Planococcaceae	Planococcus plakortidis	2127.0	459	16	4	442	0.9714285714285714	0.9912854030501089	0.9629629629629629	0.9224171539961012
LKAP-TSA1KG_B06_046_2018_1	459	None	None	AJ314745	1479	Planococcaceae	Planococcus antarcticus	2107.0	458	17	6	439	0.9712389380530974	0.9868995633187773	0.9585152838427947	0.91210296483567
LKAP-TSA1KG_B06_046_2018_1	459	None	None	JF742665	1555	Planococcaceae	Planococcus halocryophilus	2112.0	459	20	7	440	0.9734513274336283	0.9847494553376906	0.9586056644880174	0.9045715247360832
LKAP-TSA1KG_B06_046_2018_1	459	None	None	EF079063	1452	Planococcaceae	Planococcus donghaensis	2100.0	458	19	7	438	0.9711751662971175	0.9847161572052402	0.9563318777292577	0.9042047732827992

LKAP-TSA1KG_C08_060_2018_1	478	None	None	AF500007	1507	Planococcaceae	Planococcus maritimus	2360.0	478	8	1	476	0.9979035639412998	0.997907949790795	0.99581589958159	0.9773748644041532
LKAP-TSA1KG_C08_060_2018_1	478	None	None	JF775504	1449	Planococcaceae	Planococcus plakortidis	2325.0	478	6	0	472	0.9874476987447699	1.0	0.9874476987447699	0.9752066115702479
LKAP-TSA1KG_C08_060_2018_1	478	None	None	AJ314745	1479	Planococcaceae	Planococcus antarcticus	2298.0	478	6	0	469	0.9811715481171548	1.0	0.9811715481171548	0.96900826446281
LKAP-TSA1KG_C08_060_2018_1	478	None	None	KX516729	1538	Planococcaceae	Planococcus versutus	2280.0	478	6	0	467	0.9769874476987448	1.0	0.9769874476987448	0.9648760330578512
LKAP-TSA1KG_C08_060_2018_1	478	None	None	JF742665	1555	Planococcaceae	Planococcus halocryophilus	2309.0	478	10	3	470	0.9894736842105263	0.9937238493723849	0.9832635983263598	0.9570701008299609

LKAP-TSA1KG_B09_077_2018_1	393	None	None	AF527483	1535	Staphylococcaceae	Staphylococcus equorum subsp. linens	1943.0	393	8	1	392	1.0	0.9974554707379135	0.9974554707379135	0.9750686895991573
LKAP-TSA1KG_B09_077_2018_1	393	None	None	AB009939	1494	Staphylococcaceae	Staphylococcus equorum subsp. equorum	1943.0	393	8	1	392	1.0	0.9974554707379135	0.9974554707379135	0.9750686895991573
LKAP-TSA1KG_B09_077_2018_1	393	None	None	AF004220	1548	Staphylococcaceae	Staphylococcus succinus subsp. succinus	1872.0	393	10	3	384	0.9846153846153847	0.9923664122137404	0.9770992366412213	0.9455799064269884
LKAP-TSA1KG_B09_077_2018_1	393	None	None	AP008934	1555	Staphylococcaceae	Staphylococcus saprophyticus subsp. saprophyticus	1864.0	393	13	1	384	0.9795918367346939	0.9974554707379135	0.9770992366412213	0.9434061595156621
LKAP-TSA1KG_B09_077_2018_1	393	None	None	AB009936	1494	Staphylococcaceae	Staphylococcus cohnii subsp. urealyticus	1864.0	393	13	1	384	0.9795918367346939	0.9974554707379135	0.9770992366412213	0.9434061595156621

LKAP-TSA1KG_D11_089_2018_1	404	None	None	AF500007	1507	Planococcaceae	Planococcus maritimus	1979.0	404	9	1	401	0.9950372208436724	0.9975247524752475	0.9925742574257426	0.9685409824275405
LKAP-TSA1KG_D11_089_2018_1	404	None	None	JF775504	1449	Planococcaceae	Planococcus plakortidis	1962.0	404	8	1	399	0.9900744416873449	0.9975247524752475	0.9876237623762376	0.9660494568874363
LKAP-TSA1KG_D11_089_2018_1	404	None	None	AJ314745	1479	Planococcaceae	Planococcus antarcticus	1953.0	404	8	1	398	0.9875930521091811	0.9975247524752475	0.9851485148514851	0.9636282803037585
LKAP-TSA1KG_D11_089_2018_1	404	None	None	KX516729	1538	Planococcaceae	Planococcus versutus	1935.0	404	8	1	396	0.9826302729528535	0.9975247524752475	0.9801980198019802	0.9587859271364029
LKAP-TSA1KG_D11_089_2018_1	404	None	None	JF742665	1555	Planococcaceae	Planococcus halocryophilus	1944.0	404	10	2	397	0.9875621890547264	0.995049504950495	0.9826732673267327	0.9541899842158129

LKAP-TSA1KG_E12_088_2018_1	358	None	None	AF527483	1535	Staphylococcaceae	Staphylococcus equorum subsp. linens	1734.0	358	10	3	353	0.9943661971830986	0.9916201117318436	0.9860335195530726	0.9512008136992955
LKAP-TSA1KG_E12_088_2018_1	358	None	None	AB009939	1494	Staphylococcaceae	Staphylococcus equorum subsp. equorum	1734.0	358	10	3	353	0.9943661971830986	0.9916201117318436	0.9860335195530726	0.9512008136992955
LKAP-TSA1KG_E12_088_2018_1	358	None	None	AP008934	1555	Staphylococcaceae	Staphylococcus saprophyticus subsp. saprophyticus	1663.0	358	27	2	348	0.9775280898876404	0.994413407821229	0.9720670391061452	0.8988464049916564
LKAP-TSA1KG_E12_088_2018_1	358	None	None	AB009936	1494	Staphylococcaceae	Staphylococcus cohnii subsp. urealyticus	1663.0	358	27	2	348	0.9775280898876404	0.994413407821229	0.9720670391061452	0.8988464049916564
LKAP-TSA1KG_E12_088_2018_1	358	None	None	D83374	1477	Staphylococcaceae	Staphylococcus xylosus	1663.0	358	27	2	348	0.9775280898876404	0.994413407821229	0.9720670391061452	0.8988464049916564

LKAP-TSA1KG_F05_037_2018_1	396	None	None	JF742665	1555	Planococcaceae	Planococcus halocryophilus	1873.0	396	19	7	386	0.9922879177377892	0.9823232323232324	0.9747474747474747	0.9136789582572715
LKAP-TSA1KG_F05_037_2018_1	396	None	None	EF079063	1452	Planococcaceae	Planococcus donghaensis	1866.0	396	19	7	385	0.9897172236503856	0.9823232323232324	0.9722222222222222	0.9113119143239625
LKAP-TSA1KG_F05_037_2018_1	396	None	None	AJ314745	1479	Planococcaceae	Planococcus antarcticus	1850.0	396	21	10	383	0.9922279792746114	0.9747474747474747	0.9671717171717171	0.8952716614587117
LKAP-TSA1KG_F05_037_2018_1	396	None	None	KX516729	1538	Planococcaceae	Planococcus versutus	1832.0	396	21	10	381	0.9870466321243523	0.9747474747474747	0.9621212121212122	0.8905966136181963
LKAP-TSA1KG_F05_037_2018_1	396	None	None	AF500007	1507	Planococcaceae	Planococcus maritimus	1830.0	396	22	10	381	0.9870466321243523	0.9747474747474747	0.9621212121212122	0.8884659997100188

LKAP-TSA1KG_A12_096_2018_1	622	None	None	AF500007	1507	Planococcaceae	Planococcus maritimus	3032.0	616	6	2	611	0.995114006514658	0.9967532467532467	0.9918831168831169	0.9791257777592183
LKAP-TSA1KG_A12_096_2018_1	622	None	None	JF775504	1449	Planococcaceae	Planococcus plakortidis	3015.0	616	5	2	609	0.99185667752443	0.9967532467532467	0.9886363636363636	0.9774923144488361
LKAP-TSA1KG_A12_096_2018_1	622	None	None	EF079063	1452	Planococcaceae	Planococcus donghaensis	2995.0	616	9	2	607	0.988599348534202	0.9967532467532467	0.9853896103896104	0.9680467532467532
LKAP-TSA1KG_A12_096_2018_1	622	None	None	JF742665	1555	Planococcaceae	Planococcus halocryophilus	2980.0	616	9	5	605	0.9901800327332242	0.9918831168831169	0.9821428571428571	0.9601428571428571
LKAP-TSA1KG_A12_096_2018_1	622	None	None	KX516729	1538	Planococcaceae	Planococcus versutus	2944.0	616	7	4	601	0.9820261437908496	0.9935064935064936	0.9756493506493507	0.9584227971065853

LKAP-TSA1KG_E07_055_2018_1	217	None	None	AY513645	1494	Moraxellaceae	Psychrobacter alimentarius	1052.0	215	9	0	214	0.9953488372093023	1.0	0.9953488372093023	0.9553571428571429
LKAP-TSA1KG_E07_055_2018_1	217	None	None	AJ609556	1528	Moraxellaceae	Psychrobacter frigidicola	1052.0	215	9	0	214	0.9953488372093023	1.0	0.9953488372093023	0.9553571428571429
LKAP-TSA1KG_E07_055_2018_1	217	None	None	U39399	1477	Moraxellaceae	Psychrobacter immobilis	972.0	206	5	5	199	0.9900497512437811	0.9757281553398058	0.9660194174757282	0.9202365066948879
LKAP-TSA1KG_E07_055_2018_1	217	None	None	HE654007	1526	Moraxellaceae	Psychrobacter adeliensis	1018.0	215	12	3	210	0.9905660377358491	0.986046511627907	0.9767441860465116	0.9122016186866099
LKAP-TSA1KG_E07_055_2018_1	217	None	None	AJ312213	1515	Moraxellaceae	Psychrobacter glacincola	1009.0	215	12	3	209	0.9858490566037735	0.986046511627907	0.9720930232558139	0.9078578014547689

LKAP-TSA1KG_H11_081_2018_1	1127	None	None	AF202056	1508	Planococcaceae	Sporosarcina aquimarina	5302.0	1126	34	20	1089	0.984629294755877	0.9822380106571936	0.9671403197158082	0.9221182703497275
LKAP-TSA1KG_H11_081_2018_1	1127	None	None	AB243859	1504	Planococcaceae	Sporosarcina saromensis	5186.0	1126	19	28	1072	0.97632058287796	0.9829901521933752	0.9520426287744227	0.912963149689359
LKAP-TSA1KG_H11_081_2018_1	1127	None	None	AB473560	1507	Planococcaceae	Sporosarcina luteola	5217.0	1126	36	25	1079	0.9800181653042689	0.977797513321492	0.9582593250444049	0.9079548337985281
LKAP-TSA1KG_H11_081_2018_1	1127	None	None	FN298444	1463	Planococcaceae	Sporosarcina contaminans	5192.0	1126	36	25	1076	0.9772933696639419	0.977797513321492	0.955595026642984	0.905430399598903
LKAP-TSA1KG_H11_081_2018_1	1127	None	None	DQ073393	1498	Planococcaceae	Sporosarcina koreensis	5186.0	1126	40	29	1075	0.9799453053783045	0.9742451154529307	0.9547069271758437	0.8982105481234137

LKAP-TSA1KG_H09_065_2018_1	1026	None	None	X68415	1554	Planococcaceae	Sporosarcina globispora	4886.0	1023	20	18	996	0.991044776119403	0.9824046920821115	0.9736070381231672	0.9381352572519492
LKAP-TSA1KG_H09_065_2018_1	1026	None	None	D16277	1485	Planococcaceae	Sporosarcina psychrophila	4877.0	1023	20	18	995	0.9900497512437811	0.9824046920821115	0.9726295210166178	0.9371933543832224
LKAP-TSA1KG_H09_065_2018_1	1026	None	None	AJ292316	1517	Planococcaceae	Filibacter limicola	4831.0	1023	17	18	990	0.9850746268656716	0.9833659491193738	0.967741935483871	0.9351736972704715
LKAP-TSA1KG_H09_065_2018_1	1026	None	None	FN298444	1463	Planococcaceae	Sporosarcina contaminans	4809.0	1023	19	20	987	0.9840478564307079	0.9814090019569471	0.9648093841642229	0.9286984763116273
LKAP-TSA1KG_H09_065_2018_1	1026	None	None	DQ073394	1505	Planococcaceae	Sporosarcina soli	4787.0	1023	22	23	984	0.984	0.9784735812133072	0.9618768328445748	0.9204562993727988

LKAP-TSA1KG_H06_034_2018_1	633	None	None	AY818050	1510	Unclassified Bacillales	Exiguobacterium profundum	2897.0	628	14	14	600	0.9771986970684039	0.9777070063694268	0.9554140127388535	0.9137448657658194
LKAP-TSA1KG_H06_034_2018_1	633	None	None	AY594266	1519	Unclassified Bacillales	Exiguobacterium marinum	2913.0	633	18	13	605	0.9758064516129032	0.9794628751974723	0.9557661927330173	0.9102535168885879
LKAP-TSA1KG_H06_034_2018_1	633	None	None	AY594264	1517	Unclassified Bacillales	Exiguobacterium aestuarii	2924.0	633	19	15	606	0.9805825242718447	0.976303317535545	0.957345971563981	0.9074230221265955
LKAP-TSA1KG_H06_034_2018_1	633	None	None	AM072764	1408	Unclassified Bacillales	Exiguobacterium mexicanum	2845.0	633	28	24	596	0.9786535303776683	0.9620853080568721	0.9415481832543444	0.8674778269317636
LKAP-TSA1KG_H06_034_2018_1	633	None	None	DQ019166	1552	Unclassified Bacillales	Exiguobacterium aurantiacum	2825.0	633	28	24	594	0.9753694581280788	0.9620853080568721	0.9383886255924171	0.8645668275125296

LKAP-TSA1KG_G03_019_2018_1	803	None	None	AY513645	1494	Moraxellaceae	Psychrobacter alimentarius	2771.0	800	144	101	660	0.944206008583691	0.87375	0.825	0.610884533898305
LKAP-TSA1KG_G03_019_2018_1	803	None	None	HE654007	1526	Moraxellaceae	Psychrobacter adeliensis	2773.0	803	162	106	663	0.9512195121951219	0.8679950186799502	0.825653798256538	0.596353054284774
LKAP-TSA1KG_G03_019_2018_1	803	None	None	AB453700	1510	Moraxellaceae	Psychrobacter piscatorii	2724.0	800	150	107	654	0.9437229437229437	0.86625	0.8175	0.5963447368421053
LKAP-TSA1KG_G03_019_2018_1	803	None	None	AJ584832	1481	Moraxellaceae	Psychrobacter vallis	2716.0	800	150	107	653	0.9422799422799423	0.86625	0.81625	0.5954328947368421
LKAP-TSA1KG_G03_019_2018_1	803	None	None	AJ584833	1481	Moraxellaceae	Psychrobacter aquaticus	2716.0	800	150	107	653	0.9422799422799423	0.86625	0.81625	0.5954328947368421

LKAP-TSA1KG_E04_024_2018_1	255	None	None	X87755	1480	Dermacoccaceae	Kytococcus sedentarius	1177.0	255	49	2	251	0.9920948616600791	0.9921568627450981	0.984313725490196	0.8191821465428276
LKAP-TSA1KG_E04_024_2018_1	255	None	None	AJ297722	1475	Dermacoccaceae	Kytococcus schroeteri	1150.0	255	50	3	248	0.9841269841269841	0.9882352941176471	0.9725490196078431	0.8035486981677917
LKAP-TSA1KG_E04_024_2018_1	255	None	None	FM992368	1348	Dermacoccaceae	Kytococcus aerolatus	931.0	203	42	3	199	0.995	0.9852216748768473	0.9802955665024631	0.8002412787775208
LKAP-TSA1KG_E04_024_2018_1	255	None	None	AF064702	1378	Cellulomonadaceae	Cellulomonas iranensis	1025.0	255	23	17	227	0.9537815126050421	0.9333333333333333	0.8901960784313725	0.7621103117505994
LKAP-TSA1KG_E04_024_2018_1	255	None	None	JX669524	1498	Microbacteriaceae	Leucobacter zeae	1044.0	255	27	17	230	0.9663865546218487	0.9333333333333333	0.9019607843137255	0.7612293144208038

LKAP-TSA1KG_E05_039_2018_1	399	None	None	GU295939	1326	Staphylococcaceae	Jeotgalicoccus aerolatus	1565.0	313	0	0	313	1.0	1.0	1.0	1.0
LKAP-TSA1KG_E05_039_2018_1	399	None	None	FJ386517	1457	Staphylococcaceae	Jeotgalicoccus halophilus	1955.0	396	5	0	394	0.9949494949494949	1.0	0.9949494949494949	0.9825436408977556
LKAP-TSA1KG_E05_039_2018_1	399	None	None	GU295938	1325	Staphylococcaceae	Jeotgalicoccus coquinae	1510.0	312	5	5	306	0.996742671009772	0.9839743589743589	0.9807692307692307	0.9498301383159427
LKAP-TSA1KG_E05_039_2018_1	399	None	None	AY028926	1507	Staphylococcaceae	Jeotgalicoccus psychrophilus	1893.0	399	13	5	389	0.9873096446700508	0.9874686716791979	0.974937343358396	0.9323429934058447
LKAP-TSA1KG_E05_039_2018_1	399	None	None	AY028925	1506	Staphylococcaceae	Jeotgalicoccus halotolerans	1869.0	399	17	9	386	0.9897435897435898	0.9774436090225563	0.9674185463659147	0.9069548872180451

LKAP-TSA1KG_D01_009_2018_1	320	None	None	AY444822	1504	Moraxellaceae	Psychrobacter arcticus	1458.0	319	30	7	307	0.9839743589743589	0.9780564263322884	0.9623824451410659	0.8603533606991763
LKAP-TSA1KG_D01_009_2018_1	320	None	None	AJ430827	1491	Moraxellaceae	Psychrobacter fozii	1440.0	319	30	7	305	0.9775641025641025	0.9780564263322884	0.9561128526645768	0.8547484528118853
LKAP-TSA1KG_D01_009_2018_1	320	None	None	AY722804	1494	Moraxellaceae	Psychrobacter aquimaris	1440.0	319	30	7	305	0.9775641025641025	0.9780564263322884	0.9561128526645768	0.8547484528118853
LKAP-TSA1KG_D01_009_2018_1	320	None	None	AY660685	1500	Moraxellaceae	Psychrobacter cryohalolentis	1440.0	319	30	7	305	0.9775641025641025	0.9780564263322884	0.9561128526645768	0.8547484528118853
LKAP-TSA1KG_D01_009_2018_1	320	None	None	AB094794	1492	Moraxellaceae	Psychrobacter okhotskensis	1441.0	320	33	7	306	0.9776357827476039	0.978125	0.95625	0.8478930594900851

LKAP-TSA1KG_D08_058_2018_1	476	None	None	AF500007	1507	Planococcaceae	Planococcus maritimus	2296.0	473	4	1	465	0.9851694915254238	0.9978858350951374	0.9830866807610994	0.9727817889292221
LKAP-TSA1KG_D08_058_2018_1	476	None	None	JF775504	1449	Planococcaceae	Planococcus plakortidis	2270.0	473	2	0	462	0.9767441860465116	1.0	0.9767441860465116	0.9726315789473684
LKAP-TSA1KG_D08_058_2018_1	476	None	None	KX516729	1538	Planococcaceae	Planococcus versutus	2225.0	473	2	0	457	0.9661733615221987	1.0	0.9661733615221987	0.9621052631578947
LKAP-TSA1KG_D08_058_2018_1	476	None	None	AJ314745	1479	Planococcaceae	Planococcus antarcticus	2236.0	473	4	2	458	0.9723991507430998	0.9957716701902748	0.9682875264270613	0.9561078091135133
LKAP-TSA1KG_D08_058_2018_1	476	None	None	JF742665	1555	Planococcaceae	Planococcus halocryophilus	2245.0	473	6	3	459	0.9765957446808511	0.9936575052854123	0.9704016913319239	0.9521686741670234

LKAP-TSA1KG_F11_085_2018_1	241	None	None	AJ277983	1488	Bacillaceae	Psychrobacillus psychrotolerans	999.0	239	29	16	218	0.9775784753363229	0.9330543933054394	0.9121338912133892	0.7589770811215888
LKAP-TSA1KG_F11_085_2018_1	241	None	None	AJ277984	1486	Bacillaceae	Psychrobacillus psychrodurans	1006.0	240	32	15	220	0.9777777777777777	0.9375	0.9166666666666666	0.7582720588235294
LKAP-TSA1KG_F11_085_2018_1	241	None	None	AM980508	1502	Bacillaceae	Psychrobacillus insolitus	994.0	240	35	19	218	0.9864253393665159	0.9208333333333333	0.9083333333333333	0.729969696969697
LKAP-TSA1KG_F11_085_2018_1	241	None	None	FN397659	1518	Planococcaceae	Paenisporosarcina indica	989.0	241	40	18	219	0.9820627802690582	0.9253112033195021	0.9087136929460581	0.7211500125514981
LKAP-TSA1KG_F11_085_2018_1	241	None	None	DQ333897	1460	Planococcaceae	Paenisporosarcina quisquiliarum	971.0	240	37	19	216	0.9773755656108597	0.9208333333333333	0.9	0.7180505415162455

LKAP-TSA1KG_B01_013_2018_1	415	None	None	AF500007	1507	Planococcaceae	Planococcus maritimus	2042.0	415	10	1	413	0.9975845410628019	0.9975903614457832	0.9951807228915662	0.9694231041814316
LKAP-TSA1KG_B01_013_2018_1	415	None	None	JF775504	1449	Planococcaceae	Planococcus plakortidis	2025.0	415	9	1	411	0.9927536231884058	0.9975903614457832	0.9903614457831326	0.9670038645146625
LKAP-TSA1KG_B01_013_2018_1	415	None	None	AJ314745	1479	Planococcaceae	Planococcus antarcticus	2016.0	415	9	1	410	0.9903381642512077	0.9975903614457832	0.9879518072289156	0.9646510570584224
LKAP-TSA1KG_B01_013_2018_1	415	None	None	KX516729	1538	Planococcaceae	Planococcus versutus	1998.0	415	9	1	408	0.9855072463768116	0.9975903614457832	0.983132530120482	0.9599454421459422
LKAP-TSA1KG_B01_013_2018_1	415	None	None	JF742665	1555	Planococcaceae	Planococcus halocryophilus	2007.0	415	11	2	409	0.9903147699757869	0.9951807228915662	0.9855421686746988	0.9554669381752362

LKAP-TSA1KG_F03_021_2018_1	397	None	None	AY513645	1494	Moraxellaceae	Psychrobacter alimentarius	1878.0	397	8	3	386	0.9796954314720813	0.9924433249370277	0.9722921914357683	0.9458842553720808
LKAP-TSA1KG_F03_021_2018_1	397	None	None	AJ609556	1528	Moraxellaceae	Psychrobacter frigidicola	1871.0	397	9	4	385	0.9796437659033079	0.9899244332493703	0.9697732997481109	0.9387214453226786
LKAP-TSA1KG_F03_021_2018_1	397	None	None	AJ312213	1515	Moraxellaceae	Psychrobacter glacincola	1835.0	397	11	6	381	0.9744245524296675	0.9848866498740554	0.9596977329974811	0.9197103274559194
LKAP-TSA1KG_F03_021_2018_1	397	None	None	U39399	1477	Moraxellaceae	Psychrobacter immobilis	1763.0	387	7	9	367	0.9708994708994709	0.9818181818181818	0.9483204134366925	0.9098099397945933
LKAP-TSA1KG_F03_021_2018_1	397	None	None	HE654007	1526	Moraxellaceae	Psychrobacter adeliensis	1838.0	397	14	9	381	0.9819587628865979	0.9773299748110831	0.9596977329974811	0.9059920204453106

LKAP-TSA1KG_D09_073_2018_1	365	None	None	AY513645	1494	Moraxellaceae	Psychrobacter alimentarius	1758.0	365	12	3	359	0.9917127071823204	0.9917808219178083	0.9835616438356164	0.9444278914283637
LKAP-TSA1KG_D09_073_2018_1	365	None	None	AJ609556	1528	Moraxellaceae	Psychrobacter frigidicola	1758.0	365	13	4	359	0.9944598337950139	0.989041095890411	0.9835616438356164	0.9393273900123216
LKAP-TSA1KG_D09_073_2018_1	365	None	None	U39399	1477	Moraxellaceae	Psychrobacter immobilis	1650.0	355	6	8	340	0.9798270893371758	0.9830028328611898	0.9577464788732394	0.9206039561468534
LKAP-TSA1KG_D09_073_2018_1	365	None	None	HE654007	1526	Moraxellaceae	Psychrobacter adeliensis	1724.0	365	15	6	355	0.9888579387186629	0.9835616438356164	0.9726027397260274	0.9188536409516943
LKAP-TSA1KG_D09_073_2018_1	365	None	None	AJ312213	1515	Moraxellaceae	Psychrobacter glacincola	1715.0	365	15	6	354	0.9860724233983287	0.9835616438356164	0.9698630136986301	0.9162653208363374

LKAP-TSA1KG_C09_075_2018_1	351	None	None	AY513645	1494	Moraxellaceae	Psychrobacter alimentarius	1727.0	351	11	0	350	0.9971509971509972	1.0	0.9971509971509972	0.9668508287292817
LKAP-TSA1KG_C09_075_2018_1	351	None	None	AJ609556	1528	Moraxellaceae	Psychrobacter frigidicola	1718.0	351	11	0	349	0.9943019943019943	1.0	0.9943019943019943	0.9640883977900553
LKAP-TSA1KG_C09_075_2018_1	351	None	None	HE654007	1526	Moraxellaceae	Psychrobacter adeliensis	1693.0	351	14	3	346	0.9942528735632183	0.9914529914529915	0.9857549857549858	0.9398431097061234
LKAP-TSA1KG_C09_075_2018_1	351	None	None	AJ312213	1515	Moraxellaceae	Psychrobacter glacincola	1684.0	351	14	3	345	0.9913793103448276	0.9914529914529915	0.9829059829059829	0.9371268001404988
LKAP-TSA1KG_C09_075_2018_1	351	None	None	U39399	1477	Moraxellaceae	Psychrobacter immobilis	1619.0	341	6	6	331	0.9880597014925373	0.9824046920821115	0.9706744868035191	0.9371064930235703

LKAP-TSA1KG_B11_093_2018_1	446	None	None	AF500007	1507	Planococcaceae	Planococcus maritimus	2199.0	446	7	0	444	0.9955156950672646	1.0	0.9955156950672646	0.9801324503311258
LKAP-TSA1KG_B11_093_2018_1	446	None	None	JF775504	1449	Planococcaceae	Planococcus plakortidis	2192.0	446	6	0	443	0.9932735426008968	1.0	0.9932735426008968	0.9800884955752213
LKAP-TSA1KG_B11_093_2018_1	446	None	None	JF742665	1555	Planococcaceae	Planococcus halocryophilus	2165.0	446	9	2	440	0.990990990990991	0.9955156950672646	0.9865470852017937	0.9626964963287833
LKAP-TSA1KG_B11_093_2018_1	446	None	None	EF079063	1452	Planococcaceae	Planococcus donghaensis	2158.0	446	9	2	439	0.9887387387387387	0.9955156950672646	0.984304932735426	0.9605085497462179
LKAP-TSA1KG_B11_093_2018_1	446	None	None	KX516729	1538	Planococcaceae	Planococcus versutus	2148.0	446	12	0	439	0.984304932735426	1.0	0.984304932735426	0.9585152838427947

LKAP-TSA1KG_F07_053_2018_1	389	None	None	AJ515230	1321	Vibrionaceae	Vibrio splendidus	1499.0	321	2	2	309	0.9686520376175548	0.9937694704049844	0.9626168224299065	0.9506958710685455
LKAP-TSA1KG_F07_053_2018_1	389	None	None	GU929924	1328	Vibrionaceae	Vibrio variabilis	1085.0	231	2	2	223	0.9737991266375546	0.9913419913419913	0.9653679653679653	0.9487951247607899
LKAP-TSA1KG_F07_053_2018_1	389	None	None	AB428909	1298	Vibrionaceae	Vibrio sagamiensis	1552.0	331	3	4	319	0.9755351681957186	0.990909090909091	0.9637462235649547	0.9435479494183838
LKAP-TSA1KG_F07_053_2018_1	389	None	None	AM235737	1455	Vibrionaceae	Vibrio anguillarum	1860.0	389	10	5	380	0.9895833333333334	0.987146529562982	0.9768637532133676	0.9401395519647447
LKAP-TSA1KG_F07_053_2018_1	389	None	None	X74718	1425	Vibrionaceae	Vibrio ordalii	1859.0	389	11	5	380	0.9895833333333334	0.987146529562982	0.9768637532133676	0.9377892030848329

LKAP-TSA1KG_G11_083_2018_1	201	None	None	AB083414	1489	Carnobacteriaceae	Carnobacterium mobile	899.0	194	4	7	185	0.9893048128342246	0.9790575916230366	0.9536082474226805	0.9006300114547537
LKAP-TSA1KG_G11_083_2018_1	201	None	None	AF425608	1465	Carnobacteriaceae	Carnobacterium viridans	770.0	185	13	17	166	0.9880952380952381	0.9281767955801105	0.8972972972972973	0.7613431613431614
LKAP-TSA1KG_G11_083_2018_1	201	None	None	Z73313	1524	Carnobacteriaceae	Carnobacterium inhibens subsp. gilichinskyi	783.0	201	23	23	174	0.9775280898876404	0.8855721393034826	0.8656716417910447	0.6878997867803838
LKAP-TSA1KG_G11_083_2018_1	201	None	None	EU817500	1431	Carnobacteriaceae	Carnobacterium jeotgali	703.0	180	24	20	157	0.98125	0.8888888888888888	0.8722222222222222	0.6840958605664488
LKAP-TSA1KG_G11_083_2018_1	201	None	None	JQIV01000006	1542	Carnobacteriaceae	Carnobacterium inhibens subsp. inhibens	776.0	201	24	24	173	0.9774011299435028	0.8805970149253731	0.8606965174129353	0.6770812603648425

LKAP-TSA1KG_G06_036_2018_1	1408	None	None	AF500007	1507	Planococcaceae	Planococcus maritimus	6542.0	1402	63	26	1350	0.9811046511627907	0.9814550641940085	0.9629101283880172	0.9044125164927724
LKAP-TSA1KG_G06_036_2018_1	1408	None	None	AJ544622	1432	Planococcaceae	Planococcus maitriensis	6391.0	1372	59	30	1320	0.9836065573770492	0.978134110787172	0.9620991253644315	0.902262072843513
LKAP-TSA1KG_G06_036_2018_1	1408	None	None	JF775504	1449	Planococcaceae	Planococcus plakortidis	6449.0	1398	60	27	1337	0.975200583515682	0.98068669527897	0.9563662374821174	0.8992991163154889
LKAP-TSA1KG_G06_036_2018_1	1408	None	None	X62172	1432	Planococcaceae	Planococcus citreus	6309.0	1372	59	30	1310	0.9761549925484352	0.978134110787172	0.9548104956268222	0.89542675410985
LKAP-TSA1KG_G06_036_2018_1	1408	None	None	AJ493659	1531	Planococcaceae	Planococcus rifietoensis	6432.0	1402	69	33	1337	0.9766252739225713	0.9764621968616263	0.9536376604850214	0.8875118675757949

LKAP-TSA1KG_H05_033_2018_1	1117	None	None	AM235737	1455	Vibrionaceae	Vibrio anguillarum	5380.0	1113	15	10	1091	0.9891205802357208	0.9910152740341419	0.9802336028751123	0.9585085673503979
LKAP-TSA1KG_H05_033_2018_1	1117	None	None	X74718	1425	Vibrionaceae	Vibrio ordalii	5351.0	1113	15	10	1088	0.986400725294651	0.9910152740341419	0.977538185085355	0.9558728884300943
LKAP-TSA1KG_H05_033_2018_1	1117	None	None	HF955040	1416	Vibrionaceae	Vibrio cortegadensis	5253.0	1100	18	17	1070	0.9879963065558633	0.9845454545454545	0.9727272727272728	0.9422751666937714
LKAP-TSA1KG_H05_033_2018_1	1117	None	None	AJ515230	1321	Vibrionaceae	Vibrio splendidus	4966.0	1052	15	15	1017	0.9807135969141755	0.9857414448669202	0.9667300380228137	0.9395492496997729
LKAP-TSA1KG_H05_033_2018_1	1117	None	None	AM162657	1392	Vibrionaceae	Vibrio kanaloae	5022.0	1064	15	15	1028	0.9799809342230696	0.9859022556390977	0.9661654135338346	0.9393026124161191

LKAP-TSA1KG_F09_069_2018_1	346	None	None	AJ242986	1414	Alcaligenaceae	Alcaligenes faecalis subsp. parafaecalis	1520.0	318	4	4	310	0.9872611464968153	0.9874213836477987	0.9748427672955975	0.9506230712137193
LKAP-TSA1KG_F09_069_2018_1	346	None	None	KR967368	1560	Alcaligenaceae	Alcaligenes endophyticus	1612.0	346	12	4	334	0.9766081871345029	0.9884393063583815	0.9653179190751445	0.9221752187812833
LKAP-TSA1KG_F09_069_2018_1	346	None	None	AB920828	1412	Alcaligenaceae	Alcaligenes pakistanensis	1506.0	326	7	9	311	0.9810725552050473	0.9783950617283951	0.9539877300613497	0.9081504817701137
LKAP-TSA1KG_F09_069_2018_1	346	None	None	D88008	1470	Alcaligenaceae	Alcaligenes faecalis subsp. faecalis	1581.0	344	12	9	328	0.9791044776119403	0.9738372093023255	0.9534883720930233	0.8972432714920303
LKAP-TSA1KG_F09_069_2018_1	346	None	None	JX217748	1439	Alcaligenaceae	Paenalcaligenes suwonensis	1585.0	346	16	10	330	0.9821428571428571	0.9710982658959537	0.953757225433526	0.8852553252642672

LKAP-TSA1KG_D03_025_2018_1	590	None	None	AJ224308	1407	Aeromonadaceae	Aeromonas popoffii	2481.0	590	54	35	538	0.9693693693693693	0.940677966101695	0.911864406779661	0.7858458785135277
LKAP-TSA1KG_D03_025_2018_1	590	None	None	DQ504429	1506	Aeromonadaceae	Aeromonas bivalvium	2473.0	590	55	36	537	0.9693140794223827	0.9389830508474576	0.9101694915254237	0.7817579818683484
LKAP-TSA1KG_D03_025_2018_1	590	None	None	FM999971	1338	Aeromonadaceae	Aeromonas piscicola	2304.0	552	46	38	499	0.9708171206225681	0.9311594202898551	0.9039855072463768	0.7770042654258156
LKAP-TSA1KG_D03_025_2018_1	590	None	None	AF134065	1431	Aeromonadaceae	Aeromonas salmonicida subsp. pectinolytica	2466.0	590	54	40	535	0.9727272727272728	0.9322033898305084	0.9067796610169492	0.7744236235393199
LKAP-TSA1KG_D03_025_2018_1	590	None	None	AB027542	1467	Aeromonadaceae	Aeromonas salmonicida subsp. masoucida	2467.0	590	58	39	536	0.9727767695099818	0.9338983050847458	0.9084745762711864	0.7724837832182464

LKAP-TSA1KG_E03_023_2018_1	358	None	None	AY513645	1494	Moraxellaceae	Psychrobacter alimentarius	1682.0	356	18	8	346	0.9942528735632183	0.9775280898876404	0.9719101123595506	0.9043441687195818
LKAP-TSA1KG_E03_023_2018_1	358	None	None	AJ609556	1528	Moraxellaceae	Psychrobacter frigidicola	1683.0	357	21	8	347	0.994269340974212	0.9775910364145658	0.9719887955182073	0.8974182265498792
LKAP-TSA1KG_E03_023_2018_1	358	None	None	U39399	1477	Moraxellaceae	Psychrobacter immobilis	1580.0	347	12	14	328	0.984984984984985	0.9652173913043478	0.9452449567723343	0.8767871047498255
LKAP-TSA1KG_E03_023_2018_1	358	None	None	HE654007	1526	Moraxellaceae	Psychrobacter adeliensis	1649.0	357	24	11	343	0.9913294797687862	0.969187675070028	0.9607843137254902	0.8725232875302352
LKAP-TSA1KG_E03_023_2018_1	358	None	None	AJ312213	1515	Moraxellaceae	Psychrobacter glacincola	1640.0	357	24	11	342	0.9884393063583815	0.969187675070028	0.957983193277311	0.8699794878581354

LKAP-TSA1KG_B05_045_2018_1	357	None	None	AY444822	1504	Moraxellaceae	Psychrobacter arcticus	1696.0	357	15	3	349	0.9858757062146892	0.9915966386554622	0.9775910364145658	0.93028824432999
LKAP-TSA1KG_B05_045_2018_1	357	None	None	AJ313425	1498	Moraxellaceae	Psychrobacter nivimaris	1696.0	357	15	3	349	0.9858757062146892	0.9915966386554622	0.9775910364145658	0.93028824432999
LKAP-TSA1KG_B05_045_2018_1	357	None	None	AJ430827	1491	Moraxellaceae	Psychrobacter fozii	1678.0	357	15	3	347	0.980225988700565	0.9915966386554622	0.9719887955182073	0.924957079606036
LKAP-TSA1KG_B05_045_2018_1	357	None	None	AY722804	1494	Moraxellaceae	Psychrobacter aquimaris	1678.0	357	15	3	347	0.980225988700565	0.9915966386554622	0.9719887955182073	0.924957079606036
LKAP-TSA1KG_B05_045_2018_1	357	None	None	AB094794	1492	Moraxellaceae	Psychrobacter okhotskensis	1678.0	357	15	3	347	0.980225988700565	0.9915966386554622	0.9719887955182073	0.924957079606036

LKAP-TSA1KG_G07_051_2018_1	1061	None	None	AY513645	1494	Moraxellaceae	Psychrobacter alimentarius	5189.0	1058	6	3	1047	0.9924170616113744	0.997164461247637	0.9896030245746692	0.9812323222991315
LKAP-TSA1KG_G07_051_2018_1	1061	None	None	HE654007	1526	Moraxellaceae	Psychrobacter adeliensis	5191.0	1058	7	4	1047	0.9933586337760911	0.996219281663516	0.9896030245746692	0.9793817726776539
LKAP-TSA1KG_G07_051_2018_1	1061	None	None	AB453700	1510	Moraxellaceae	Psychrobacter piscatorii	5170.0	1058	12	9	1044	0.9952335557673975	0.9914933837429112	0.9867674858223062	0.967401021147289
LKAP-TSA1KG_G07_051_2018_1	1061	None	None	AJ609556	1528	Moraxellaceae	Psychrobacter frigidicola	5103.0	1058	12	9	1037	0.988560533841754	0.9914933837429112	0.9801512287334594	0.9609146158330831
LKAP-TSA1KG_G07_051_2018_1	1061	None	None	AJ584832	1481	Moraxellaceae	Psychrobacter vallis	5134.0	1058	14	11	1040	0.9933142311365807	0.9896030245746692	0.9829867674858223	0.9600626357813954

LKAP-TSA1KG_G04_020_2018_1	1058	None	None	AY513645	1494	Moraxellaceae	Psychrobacter alimentarius	5164.0	1056	7	3	1043	0.9905033238366572	0.9971590909090909	0.9876893939393939	0.9783978662447618
LKAP-TSA1KG_G04_020_2018_1	1058	None	None	HE654007	1526	Moraxellaceae	Psychrobacter adeliensis	5166.0	1056	8	4	1043	0.9914448669201521	0.9962121212121212	0.9876893939393939	0.9765500398724084
LKAP-TSA1KG_G04_020_2018_1	1058	None	None	AB453700	1510	Moraxellaceae	Psychrobacter piscatorii	5145.0	1056	13	9	1040	0.9933142311365807	0.9914772727272727	0.9848484848484849	0.9645803214559062
LKAP-TSA1KG_G04_020_2018_1	1058	None	None	AJ609556	1528	Moraxellaceae	Psychrobacter frigidicola	5078.0	1056	13	9	1033	0.9866284622731614	0.9914772727272727	0.978219696969697	0.9580879539076452
LKAP-TSA1KG_G04_020_2018_1	1058	None	None	AJ584832	1481	Moraxellaceae	Psychrobacter vallis	5109.0	1056	15	11	1036	0.9913875598086125	0.9895833333333334	0.9810606060606061	0.9572440087145969

LKAP-TSA1KG_H03_017_2018_1	1110	None	None	FM999971	1338	Aeromonadaceae	Aeromonas piscicola	5271.0	1072	11	9	1062	0.9990592662276576	0.9916044776119403	0.9906716417910447	0.9723766899574151
LKAP-TSA1KG_H03_017_2018_1	1110	None	None	HE611955	1322	Aeromonadaceae	Aeromonas australiensis	5234.0	1072	9	7	1058	0.9934272300469483	0.9934701492537313	0.9869402985074627	0.9723324865036519
LKAP-TSA1KG_H03_017_2018_1	1110	None	None	AB027542	1467	Aeromonadaceae	Aeromonas salmonicida subsp. masoucida	5404.0	1107	16	13	1092	0.9981718464351006	0.988256549232159	0.986449864498645	0.9609760923967211
LKAP-TSA1KG_H03_017_2018_1	1110	None	None	X60406	1503	Aeromonadaceae	Aeromonas bestiarum	5404.0	1107	16	13	1092	0.9981718464351006	0.988256549232159	0.986449864498645	0.9609760923967211
LKAP-TSA1KG_H03_017_2018_1	1110	None	None	AJ224308	1407	Aeromonadaceae	Aeromonas popoffii	5404.0	1107	16	13	1092	0.9981718464351006	0.988256549232159	0.986449864498645	0.9609760923967211

LKAP-TSA1KG_D02_010_2018_1	398	None	None	FM999971	1338	Aeromonadaceae	Aeromonas piscicola	1770.0	361	3	3	357	0.9972067039106145	0.9916897506925207	0.9889196675900277	0.9726187939484339
LKAP-TSA1KG_D02_010_2018_1	398	None	None	AB027542	1467	Aeromonadaceae	Aeromonas salmonicida subsp. masoucida	1927.0	398	11	5	392	0.9974554707379135	0.9874371859296482	0.9849246231155779	0.9463945645095896
LKAP-TSA1KG_D02_010_2018_1	398	None	None	AF134065	1431	Aeromonadaceae	Aeromonas salmonicida subsp. pectinolytica	1927.0	398	11	5	392	0.9974554707379135	0.9874371859296482	0.9849246231155779	0.9463945645095896
LKAP-TSA1KG_D02_010_2018_1	398	None	None	X60406	1503	Aeromonadaceae	Aeromonas bestiarum	1927.0	398	11	5	392	0.9974554707379135	0.9874371859296482	0.9849246231155779	0.9463945645095896
LKAP-TSA1KG_D02_010_2018_1	398	None	None	AY987751	1510	Aeromonadaceae	Aeromonas salmonicida subsp. salmonicida	1927.0	398	11	5	392	0.9974554707379135	0.9874371859296482	0.9849246231155779	0.9463945645095896

LKAP-TSA1KG_D04_026_2018_1	560	None	None	D83370	1480	Staphylococcaceae	Staphylococcus lentus	2716.0	558	5	4	549	0.9909747292418772	0.992831541218638	0.9838709677419355	0.9681430126625796
LKAP-TSA1KG_D04_026_2018_1	560	None	None	AJ421446	1528	Staphylococcaceae	Staphylococcus sciuri	2680.0	558	6	5	545	0.9855334538878843	0.9910394265232975	0.9767025089605734	0.9576533465517679
LKAP-TSA1KG_D04_026_2018_1	560	None	None	AB009946	1497	Staphylococcaceae	Staphylococcus vitulinus	2671.0	558	6	5	544	0.9837251356238698	0.9910394265232975	0.974910394265233	0.9558961844480033
LKAP-TSA1KG_D04_026_2018_1	560	None	None	AB233330	1454	Staphylococcaceae	Staphylococcus fleurettii	2627.0	558	9	8	539	0.98	0.985663082437276	0.9659498207885304	0.9369883623169166
LKAP-TSA1KG_D04_026_2018_1	560	None	None	GQ222244	1545	Staphylococcaceae	Staphylococcus stepanovicii	2627.0	558	9	8	539	0.98	0.985663082437276	0.9659498207885304	0.9369883623169166

LKAP-TSA1KG_E01_007_2018_1	287	None	None	AY444822	1504	Moraxellaceae	Psychrobacter arcticus	1372.0	287	10	4	281	0.9929328621908127	0.9860627177700348	0.9790940766550522	0.9329414939171036
LKAP-TSA1KG_E01_007_2018_1	287	None	None	AJ313425	1498	Moraxellaceae	Psychrobacter nivimaris	1372.0	287	10	4	281	0.9929328621908127	0.9860627177700348	0.9790940766550522	0.9329414939171036
LKAP-TSA1KG_E01_007_2018_1	287	None	None	AJ272303	1426	Moraxellaceae	Psychrobacter proteolyticus	1278.0	271	6	5	262	0.9849624060150376	0.981549815498155	0.966789667896679	0.9283972984134172
LKAP-TSA1KG_E01_007_2018_1	287	None	None	AJ430827	1491	Moraxellaceae	Psychrobacter fozii	1354.0	287	10	4	279	0.9858657243816255	0.9860627177700348	0.9721254355400697	0.9263013409354873
LKAP-TSA1KG_E01_007_2018_1	287	None	None	AY722804	1494	Moraxellaceae	Psychrobacter aquimaris	1354.0	287	10	4	279	0.9858657243816255	0.9860627177700348	0.9721254355400697	0.9263013409354873

LKAP-TSA1KG_C11_091_2018_1	462	None	None	AF202056	1508	Planococcaceae	Sporosarcina aquimarina	2197.0	462	10	4	450	0.982532751091703	0.9913419913419913	0.974025974025974	0.9451353731014748
LKAP-TSA1KG_C11_091_2018_1	462	None	None	FN298444	1463	Planococcaceae	Sporosarcina contaminans	2166.0	460	6	5	445	0.978021978021978	0.9891304347826086	0.967391304347826	0.9445558872924054
LKAP-TSA1KG_C11_091_2018_1	462	None	None	DQ073394	1505	Planococcaceae	Sporosarcina soli	2153.0	462	16	5	446	0.975929978118162	0.9891774891774892	0.9653679653679653	0.9229564020358999
LKAP-TSA1KG_C11_091_2018_1	462	None	None	DQ073393	1498	Planococcaceae	Sporosarcina koreensis	2155.0	462	19	8	446	0.9823788546255506	0.9826839826839827	0.9653679653679653	0.9111789111789111
LKAP-TSA1KG_C11_091_2018_1	462	None	None	AB473560	1507	Planococcaceae	Sporosarcina luteola	2131.0	462	14	9	442	0.9757174392935982	0.9805194805194806	0.9567099567099567	0.9104823747680891

LKAP-TSA1KG_B07_061_2018_1	518	None	None	X74718	1425	Vibrionaceae	Vibrio ordalii	2504.0	507	2	0	503	0.9921104536489151	1.0	0.9921104536489151	0.9882121807465619
LKAP-TSA1KG_B07_061_2018_1	518	None	None	AM235737	1455	Vibrionaceae	Vibrio anguillarum	2504.0	507	2	0	503	0.9921104536489151	1.0	0.9921104536489151	0.9882121807465619
LKAP-TSA1KG_B07_061_2018_1	518	None	None	KT732014	1193	Vibrionaceae	Vibrio sonorensis	1713.0	358	0	2	349	0.9803370786516854	1.0	0.9748603351955307	0.9694141880715333
LKAP-TSA1KG_B07_061_2018_1	518	None	None	GU929924	1328	Vibrionaceae	Vibrio variabilis	1738.0	361	2	2	353	0.9832869080779945	0.9944598337950139	0.9778393351800554	0.9670642460871622
LKAP-TSA1KG_B07_061_2018_1	518	None	None	GQ352641	1338	Vibrionaceae	Vibrio plantisponsor	2257.0	467	3	4	458	0.9892008639308856	0.9935622317596566	0.9807280513918629	0.9661214633924097

LKAP-TSA1KG_C12_092_2018_1	396	None	None	KU179044	1444	Sphingobacteriaceae	Pedobacter vanadiisoli	1544.0	396	43	34	346	0.9558011049723757	0.9141414141414141	0.8737373737373737	0.7204850325579254
LKAP-TSA1KG_C12_092_2018_1	396	None	None	AB245371	1430	Sphingobacteriaceae	Pedobacter ginsengisoli	1609.0	396	56	34	355	0.9806629834254144	0.9141414141414141	0.8964646464646465	0.7179650487172611
LKAP-TSA1KG_C12_092_2018_1	396	None	None	FJ816788	1440	Sphingobacteriaceae	Sphingobacterium shayense	1472.0	382	45	32	333	0.9514285714285714	0.9162303664921466	0.8717277486910995	0.7145309415500815
LKAP-TSA1KG_C12_092_2018_1	396	None	None	AM491371	1492	Sphingobacteriaceae	Pedobacter hartonius	1563.0	396	55	33	350	0.9641873278236914	0.9166666666666666	0.8838383838383839	0.7113821138211383
LKAP-TSA1KG_C12_092_2018_1	396	None	None	AM491368	1505	Sphingobacteriaceae	Pedobacter duraquae	1570.0	396	56	34	351	0.9696132596685083	0.9141414141414141	0.8863636363636364	0.709875301689461

LKAP-TSA1KG_C05_043_2018_1	310	None	None	AY513645	1494	Moraxellaceae	Psychrobacter alimentarius	1517.0	310	8	0	308	0.9935483870967742	1.0	0.9935483870967742	0.9685534591194969
LKAP-TSA1KG_C05_043_2018_1	310	None	None	AJ609556	1528	Moraxellaceae	Psychrobacter frigidicola	1517.0	310	8	0	308	0.9935483870967742	1.0	0.9935483870967742	0.9685534591194969
LKAP-TSA1KG_C05_043_2018_1	310	None	None	HE654007	1526	Moraxellaceae	Psychrobacter adeliensis	1483.0	310	11	3	304	0.990228013029316	0.9903225806451613	0.9806451612903225	0.9378755903929253
LKAP-TSA1KG_C05_043_2018_1	310	None	None	AJ312213	1515	Moraxellaceae	Psychrobacter glacincola	1474.0	310	11	3	303	0.9869706840390879	0.9903225806451613	0.9774193548387097	0.9347904733192643
LKAP-TSA1KG_C05_043_2018_1	310	None	None	U39399	1477	Moraxellaceae	Psychrobacter immobilis	1410.0	300	3	6	289	0.9829931972789115	0.98989898989899	0.9633333333333334	0.9347194719471948

LKAP-TSA1KG_D06_042_2018_1	469	None	None	AF500007	1507	Planococcaceae	Planococcus maritimus	2256.0	467	6	4	458	0.9892008639308856	0.9914346895074947	0.9807280513918629	0.9599938431171935
LKAP-TSA1KG_D06_042_2018_1	469	None	None	JF775504	1449	Planococcaceae	Planococcus plakortidis	2221.0	467	5	4	454	0.980561555075594	0.9914346895074947	0.9721627408993576	0.9536257394839038
LKAP-TSA1KG_D06_042_2018_1	469	None	None	AJ314745	1479	Planococcaceae	Planococcus antarcticus	2194.0	467	5	4	451	0.9740820734341252	0.9914346895074947	0.9657387580299786	0.9473242478133052
LKAP-TSA1KG_D06_042_2018_1	469	None	None	JF742665	1555	Planococcaceae	Planococcus halocryophilus	2205.0	467	7	5	452	0.9783549783549783	0.9892933618843683	0.9678800856531049	0.9433767923454314
LKAP-TSA1KG_D06_042_2018_1	469	None	None	KX516729	1538	Planococcaceae	Planococcus versutus	2176.0	467	5	4	449	0.9697624190064795	0.9914346895074947	0.961456102783726	0.9431232533662397

LKAP-TSA1KG_E02_008_2018_1	479	None	None	KF258678	1514	Planococcaceae	Sporosarcina siberiensis	2187.0	479	13	13	455	0.9763948497854077	0.9728601252609603	0.9498956158663883	0.8996978800685711
LKAP-TSA1KG_E02_008_2018_1	479	None	None	DQ073394	1505	Planococcaceae	Sporosarcina soli	2164.0	479	15	15	452	0.9741379310344828	0.9686847599164927	0.9436325678496869	0.8863269463203537
LKAP-TSA1KG_E02_008_2018_1	479	None	None	FN298444	1463	Planococcaceae	Sporosarcina contaminans	2144.0	479	14	14	450	0.967741935483871	0.9707724425887265	0.9394572025052192	0.8861006068254097
LKAP-TSA1KG_E02_008_2018_1	479	None	None	AB243859	1504	Planococcaceae	Sporosarcina saromensis	2125.0	479	16	16	448	0.9676025917926566	0.9665970772442589	0.9352818371607515	0.8748191729402586
LKAP-TSA1KG_E02_008_2018_1	479	None	None	AB473560	1507	Planococcaceae	Sporosarcina luteola	2138.0	479	18	18	449	0.9739696312364425	0.9624217118997912	0.9373695198329853	0.8694715264446806

LKAP-TSA1KG_G10_068_2018_1	640	None	None	AY594264	1517	Unclassified Bacillales	Exiguobacterium aestuarii	2149.0	640	119	115	512	0.9752380952380952	0.8203125	0.8	0.5533596837944664
LKAP-TSA1KG_G10_068_2018_1	640	None	None	AY818050	1510	Unclassified Bacillales	Exiguobacterium profundum	2121.0	634	117	114	506	0.9730769230769231	0.8201892744479495	0.7981072555205048	0.5526175404402962
LKAP-TSA1KG_G10_068_2018_1	640	None	None	AY594266	1519	Unclassified Bacillales	Exiguobacterium marinum	2122.0	640	120	115	509	0.9695238095238096	0.8203125	0.7953125	0.5493935032894737
LKAP-TSA1KG_G10_068_2018_1	640	None	None	JF775503	1480	Unclassified Bacillales	Exiguobacterium aquaticum	2090.0	640	125	121	504	0.9710982658959537	0.8109375	0.7875	0.5342647058823529
LKAP-TSA1KG_G10_068_2018_1	640	None	None	DQ019166	1552	Unclassified Bacillales	Exiguobacterium aurantiacum	2095.0	640	126	122	505	0.974903474903475	0.809375	0.7890625	0.5335957898172323

LKAP-TSA1KG_F08_054_2018_1	317	None	None	AY444822	1504	Moraxellaceae	Psychrobacter arcticus	1524.0	317	15	0	313	0.9873817034700315	1.0	0.9873817034700315	0.9427710843373494
LKAP-TSA1KG_F08_054_2018_1	317	None	None	AJ313425	1498	Moraxellaceae	Psychrobacter nivimaris	1524.0	317	15	0	313	0.9873817034700315	1.0	0.9873817034700315	0.9427710843373494
LKAP-TSA1KG_F08_054_2018_1	317	None	None	AJ430827	1491	Moraxellaceae	Psychrobacter fozii	1506.0	317	15	0	311	0.9810725552050473	1.0	0.9810725552050473	0.9367469879518072
LKAP-TSA1KG_F08_054_2018_1	317	None	None	AY722804	1494	Moraxellaceae	Psychrobacter aquimaris	1506.0	317	15	0	311	0.9810725552050473	1.0	0.9810725552050473	0.9367469879518072
LKAP-TSA1KG_F08_054_2018_1	317	None	None	AB094794	1492	Moraxellaceae	Psychrobacter okhotskensis	1506.0	317	15	0	311	0.9810725552050473	1.0	0.9810725552050473	0.9367469879518072

LKAP-TSA1KG_C10_076_2018_1	436	None	None	AB453700	1510	Moraxellaceae	Psychrobacter piscatorii	2109.0	435	13	5	429	0.9976744186046511	0.9885057471264368	0.9862068965517241	0.946582512315271
LKAP-TSA1KG_C10_076_2018_1	436	None	None	AJ584832	1481	Moraxellaceae	Psychrobacter vallis	2082.0	435	13	5	426	0.9906976744186047	0.9885057471264368	0.9793103448275862	0.9399630541871921
LKAP-TSA1KG_C10_076_2018_1	436	None	None	AJ584833	1481	Moraxellaceae	Psychrobacter aquaticus	2082.0	435	13	5	426	0.9906976744186047	0.9885057471264368	0.9793103448275862	0.9399630541871921
LKAP-TSA1KG_C10_076_2018_1	436	None	None	KT444699	1405	Moraxellaceae	Psychrobacter pocilloporae	1945.0	406	18	1	399	0.9851851851851852	0.9975369458128078	0.9827586206896551	0.9387199089134678
LKAP-TSA1KG_C10_076_2018_1	436	None	None	AY660685	1500	Moraxellaceae	Psychrobacter cryohalolentis	2075.0	435	16	8	425	0.9953161592505855	0.9816091954022989	0.9770114942528736	0.9250197517649158

LKAP-TSA1KG_H02_002_2018_1	1152	None	None	AJ292316	1517	Planococcaceae	Filibacter limicola	5260.0	1147	17	23	1090	0.9697508896797153	0.9851007887817704	0.9503051438535309	0.9176486097004886
LKAP-TSA1KG_H02_002_2018_1	1152	None	None	X68415	1554	Planococcaceae	Sporosarcina globispora	5241.0	1147	19	24	1088	0.968833481745325	0.9833625218914186	0.948561464690497	0.9135802099892179
LKAP-TSA1KG_H02_002_2018_1	1152	None	None	D16277	1485	Planococcaceae	Sporosarcina psychrophila	5243.0	1147	20	25	1088	0.9696969696969697	0.9824868651488616	0.948561464690497	0.9119845444582156
LKAP-TSA1KG_H02_002_2018_1	1152	None	None	FN298444	1463	Planococcaceae	Sporosarcina contaminans	5177.0	1147	22	28	1080	0.9651474530831099	0.9807186678352322	0.941586748038361	0.9013135766081488
LKAP-TSA1KG_H02_002_2018_1	1152	None	None	KF258678	1514	Planococcaceae	Sporosarcina siberiensis	5199.0	1147	28	33	1082	0.9712746858168761	0.9754816112084063	0.9433304272013949	0.8943575284275354

LKAP-TSA1KG_B08_062_2018_1	195	None	None	U39399	1477	Moraxellaceae	Psychrobacter immobilis	594.0	174	10	35	136	0.9784172661870504	0.9328859060402684	0.7816091954022989	0.5904547726136932
LKAP-TSA1KG_B08_062_2018_1	195	None	None	GU289646	1487	Oceanospirillaceae	Amphritea spongicola	602.0	187	20	42	142	0.9793103448275862	0.8787878787878788	0.7593582887700535	0.5319176418920665
LKAP-TSA1KG_B08_062_2018_1	195	None	None	JF748732	1472	Oceanospirillaceae	Neptunomonas concharum	604.0	189	23	41	144	0.972972972972973	0.8654970760233918	0.7619047619047619	0.531895777178796
LKAP-TSA1KG_B08_062_2018_1	195	None	None	AB330881	1463	Oceanospirillaceae	Amphritea japonica	614.0	189	24	42	145	0.9863945578231292	0.8596491228070176	0.7671957671957672	0.5294731351069379
LKAP-TSA1KG_B08_062_2018_1	195	None	None	FN995239	1423	Idiomarinaceae	Aliidiomarina haloalkalitolerans	552.0	179	15	41	133	0.9637681159420289	0.9019607843137255	0.7430167597765364	0.5285376950987732

LKAP-TSA1KG_H01_001_2018_1	1047	None	None	AB205570	1413	Shewanellaceae	Shewanella algidipiscicola	5128.0	1031	1	0	1028	0.997090203685742	1.0	0.997090203685742	0.9961240310077519
LKAP-TSA1KG_H01_001_2018_1	1047	None	None	AY653177	1498	Shewanellaceae	Shewanella colwelliana	5129.0	1040	4	0	1032	0.9923076923076923	1.0	0.9923076923076923	0.9885057471264368
LKAP-TSA1KG_H01_001_2018_1	1047	None	None	AY485224	1500	Shewanellaceae	Shewanella marisflavi	5032.0	1040	10	4	1021	0.9855212355212355	0.9961538461538462	0.9817307692307692	0.9686410256410256
LKAP-TSA1KG_H01_001_2018_1	1047	None	None	AB201475	1487	Shewanellaceae	Shewanella abyssi	4887.0	1040	14	8	1005	0.9738372093023255	0.9923076923076923	0.9663461538461539	0.9461757407677712
LKAP-TSA1KG_H01_001_2018_1	1047	None	None	AY579752	1295	Shewanellaceae	Shewanella atlantica	4742.0	1000	14	14	970	0.9837728194726166	0.986	0.97	0.943214990138067

